#
# There is insufficient memory for the Java Runtime Environment to continue.
# Native memory allocation (malloc) failed to allocate 771536 bytes for Chunk::new
# Possible reasons:
#   The system is out of physical RAM or swap space
#   In 32 bit mode, the process size limit was hit
# Possible solutions:
#   Reduce memory load on the system
#   Increase physical memory or swap space
#   Check if swap backing store is full
#   Use 64 bit Java on a 64 bit OS
#   Decrease Java heap size (-Xmx/-Xms)
#   Decrease number of Java threads
#   Decrease Java thread stack sizes (-Xss)
#   Set larger code cache with -XX:ReservedCodeCacheSize=
# This output file may be truncated or incomplete.
#
#  Out of Memory Error (allocation.cpp:390), pid=11316, tid=0x0000000000000354
#
# JRE version: Java(TM) SE Runtime Environment (8.0_131-b11) (build 1.8.0_131-b11)
# Java VM: Java HotSpot(TM) 64-Bit Server VM (25.131-b11 mixed mode windows-amd64 compressed oops)
# Failed to write core dump. Minidumps are not enabled by default on client versions of Windows
#

---------------  T H R E A D  ---------------

Current thread (0x00000000192dd000):  JavaThread "C2 CompilerThread0" daemon [_thread_in_native, id=852, stack(0x000000001a960000,0x000000001aa60000)]

Stack: [0x000000001a960000,0x000000001aa60000]
[error occurred during error reporting (printing stack bounds), id 0xc0000005]

Native frames: (J=compiled Java code, j=interpreted, Vv=VM code, C=native code)


Current CompileTask:
C2:   4166 4293   !   4       java.net.URLClassLoader$1::run (63 bytes)


---------------  P R O C E S S  ---------------

Java Threads: ( => current thread )
  0x000000001d61d000 JavaThread "background-preinit" [_thread_blocked, id=7176, stack(0x000000001f3f0000,0x000000001f4f0000)]
  0x000000001d61f000 JavaThread "main" [_thread_blocked, id=4568, stack(0x000000001e040000,0x000000001e140000)]
  0x000000001936b000 JavaThread "Service Thread" daemon [_thread_blocked, id=7416, stack(0x000000001ad60000,0x000000001ae60000)]
  0x00000000192e9800 JavaThread "C1 CompilerThread3" daemon [_thread_blocked, id=5740, stack(0x000000001ac60000,0x000000001ad60000)]
  0x00000000192e9000 JavaThread "C2 CompilerThread2" daemon [_thread_in_native, id=10152, stack(0x000000001ab60000,0x000000001ac60000)]
  0x00000000192e4000 JavaThread "C2 CompilerThread1" daemon [_thread_in_native, id=7708, stack(0x000000001aa60000,0x000000001ab60000)]
=>0x00000000192dd000 JavaThread "C2 CompilerThread0" daemon [_thread_in_native, id=852, stack(0x000000001a960000,0x000000001aa60000)]
  0x00000000192d8000 JavaThread "Attach Listener" daemon [_thread_blocked, id=6872, stack(0x000000001a860000,0x000000001a960000)]
  0x0000000017c1e000 JavaThread "Signal Dispatcher" daemon [_thread_blocked, id=11388, stack(0x000000001a760000,0x000000001a860000)]
  0x00000000192d3000 JavaThread "Finalizer" daemon [_thread_blocked, id=7256, stack(0x000000001a560000,0x000000001a660000)]
  0x0000000002af9000 JavaThread "Reference Handler" daemon [_thread_blocked, id=6260, stack(0x000000001a460000,0x000000001a560000)]
  0x0000000000b1d800 JavaThread "main" [_thread_blocked, id=9160, stack(0x0000000002900000,0x0000000002a00000)]

Other Threads:
  0x00000000192b2800 VMThread [stack: 0x000000001a360000,0x000000001a460000] [id=3940]
  0x00000000193a9000 WatcherThread [stack: 0x000000001ae60000,0x000000001af60000] [id=7776]

VM state:at safepoint (normal execution)

VM Mutex/Monitor currently owned by a thread:  ([mutex/lock_event])
[0x0000000000b1cbc0] Threads_lock - owner thread: 0x00000000192b2800
[0x0000000000b1c840] Heap_lock - owner thread: 0x000000001d61d000

Heap:
 PSYoungGen      total 143872K, used 95428K [0x00000000d6180000, 0x00000000e7d80000, 0x0000000100000000)
  eden space 130560K, 73% used [0x00000000d6180000,0x00000000dbeb1318,0x00000000de100000)
  from space 13312K, 0% used [0x00000000de100000,0x00000000de100000,0x00000000dee00000)
  to   space 14848K, 15% used [0x00000000e6f00000,0x00000000e7130010,0x00000000e7d80000)
 ParOldGen       total 82944K, used 24731K [0x0000000082400000, 0x0000000087500000, 0x00000000d6180000)
  object space 82944K, 29% used [0x0000000082400000,0x0000000083c26dc0,0x0000000087500000)
 Metaspace       used 31074K, capacity 32026K, committed 32128K, reserved 1083392K
  class space    used 3887K, capacity 4194K, committed 4224K, reserved 1048576K

Card table byte_map: [0x0000000011ec0000,0x00000000122b0000] byte_map_base: 0x0000000011aae000

Marking Bits: (ParMarkBitMap*) 0x000000006e99c720
 Begin Bits: [0x0000000012f50000, 0x0000000014ec0000)
 End Bits:   [0x0000000014ec0000, 0x0000000016e30000)

Polling page: 0x0000000000ae0000

CodeCache: size=245760Kb used=14671Kb max_used=14671Kb free=231088Kb
 bounds [0x0000000002b00000, 0x0000000003960000, 0x0000000011b00000]
 total_blobs=4652 nmethods=4237 adapters=327
 compilation: enabled

Compilation events (10 events):
Event: 4.142 Thread 0x00000000192e9800 nmethod 4302 0x0000000003955850 code [0x00000000039559e0, 0x0000000003955e68]
Event: 4.146 Thread 0x00000000192e9800 4303       3       java.util.Calendar::internalGet (7 bytes)
Event: 4.147 Thread 0x00000000192e9800 nmethod 4303 0x0000000003946590 code [0x00000000039466e0, 0x0000000003946850]
Event: 4.155 Thread 0x00000000192e9800 4304   !   3       java.lang.Class::newInstance (155 bytes)
Event: 4.157 Thread 0x00000000192e9800 nmethod 4304 0x0000000003955fd0 code [0x00000000039562e0, 0x0000000003957798]
Event: 4.161 Thread 0x00000000192e9800 4305       3       sun.reflect.misc.ReflectUtil::checkPackageAccess (77 bytes)
Event: 4.161 Thread 0x00000000192e9800 nmethod 4305 0x0000000003957f90 code [0x0000000003958180, 0x0000000003958d48]
Event: 4.161 Thread 0x00000000192e9800 4306       3       sun.reflect.misc.ReflectUtil::checkPackageAccess (19 bytes)
Event: 4.162 Thread 0x00000000192e9800 nmethod 4306 0x0000000003959110 code [0x00000000039592a0, 0x0000000003959618]
Event: 4.162 Thread 0x00000000192e9800 4307       3       java.lang.reflect.Method::getExceptionTypes (11 bytes)

GC Heap History (10 events):
Event: 2.081 GC heap before
{Heap before GC invocations=4 (full 0):
 PSYoungGen      total 37888K, used 37856K [0x00000000d6180000, 0x00000000dab80000, 0x0000000100000000)
  eden space 32768K, 100% used [0x00000000d6180000,0x00000000d8180000,0x00000000d8180000)
  from space 5120K, 99% used [0x00000000d8180000,0x00000000d8678040,0x00000000d8680000)
  to   space 5120K, 0% used [0x00000000da680000,0x00000000da680000,0x00000000dab80000)
 ParOldGen       total 86016K, used 5695K [0x0000000082400000, 0x0000000087800000, 0x00000000d6180000)
  object space 86016K, 6% used [0x0000000082400000,0x000000008298fd18,0x0000000087800000)
 Metaspace       used 15702K, capacity 16006K, committed 16128K, reserved 1062912K
  class space    used 1908K, capacity 2013K, committed 2048K, reserved 1048576K
Event: 2.088 GC heap after
Heap after GC invocations=4 (full 0):
 PSYoungGen      total 70656K, used 5104K [0x00000000d6180000, 0x00000000dab80000, 0x0000000100000000)
  eden space 65536K, 0% used [0x00000000d6180000,0x00000000d6180000,0x00000000da180000)
  from space 5120K, 99% used [0x00000000da680000,0x00000000dab7c010,0x00000000dab80000)
  to   space 5120K, 0% used [0x00000000da180000,0x00000000da180000,0x00000000da680000)
 ParOldGen       total 86016K, used 8920K [0x0000000082400000, 0x0000000087800000, 0x00000000d6180000)
  object space 86016K, 10% used [0x0000000082400000,0x0000000082cb6090,0x0000000087800000)
 Metaspace       used 15702K, capacity 16006K, committed 16128K, reserved 1062912K
  class space    used 1908K, capacity 2013K, committed 2048K, reserved 1048576K
}
Event: 2.399 GC heap before
{Heap before GC invocations=5 (full 0):
 PSYoungGen      total 70656K, used 70640K [0x00000000d6180000, 0x00000000dab80000, 0x0000000100000000)
  eden space 65536K, 100% used [0x00000000d6180000,0x00000000da180000,0x00000000da180000)
  from space 5120K, 99% used [0x00000000da680000,0x00000000dab7c010,0x00000000dab80000)
  to   space 5120K, 0% used [0x00000000da180000,0x00000000da180000,0x00000000da680000)
 ParOldGen       total 86016K, used 8920K [0x0000000082400000, 0x0000000087800000, 0x00000000d6180000)
  object space 86016K, 10% used [0x0000000082400000,0x0000000082cb6090,0x0000000087800000)
 Metaspace       used 16043K, capacity 16382K, committed 16768K, reserved 1064960K
  class space    used 1927K, capacity 2049K, committed 2176K, reserved 1048576K
Event: 2.410 GC heap after
Heap after GC invocations=5 (full 0):
 PSYoungGen      total 70656K, used 5104K [0x00000000d6180000, 0x00000000dfa80000, 0x0000000100000000)
  eden space 65536K, 0% used [0x00000000d6180000,0x00000000d6180000,0x00000000da180000)
  from space 5120K, 99% used [0x00000000da180000,0x00000000da67c010,0x00000000da680000)
  to   space 12800K, 0% used [0x00000000dee00000,0x00000000dee00000,0x00000000dfa80000)
 ParOldGen       total 86016K, used 15948K [0x0000000082400000, 0x0000000087800000, 0x00000000d6180000)
  object space 86016K, 18% used [0x0000000082400000,0x00000000833931a8,0x0000000087800000)
 Metaspace       used 16043K, capacity 16382K, committed 16768K, reserved 1064960K
  class space    used 1927K, capacity 2049K, committed 2176K, reserved 1048576K
}
Event: 2.896 GC heap before
{Heap before GC invocations=6 (full 0):
 PSYoungGen      total 70656K, used 70640K [0x00000000d6180000, 0x00000000dfa80000, 0x0000000100000000)
  eden space 65536K, 100% used [0x00000000d6180000,0x00000000da180000,0x00000000da180000)
  from space 5120K, 99% used [0x00000000da180000,0x00000000da67c010,0x00000000da680000)
  to   space 12800K, 0% used [0x00000000dee00000,0x00000000dee00000,0x00000000dfa80000)
 ParOldGen       total 86016K, used 15948K [0x0000000082400000, 0x0000000087800000, 0x00000000d6180000)
  object space 86016K, 18% used [0x0000000082400000,0x00000000833931a8,0x0000000087800000)
 Metaspace       used 17345K, capacity 17838K, committed 18176K, reserved 1064960K
  class space    used 2037K, capacity 2189K, committed 2304K, reserved 1048576K
Event: 2.906 GC heap after
Heap after GC invocations=6 (full 0):
 PSYoungGen      total 143360K, used 10124K [0x00000000d6180000, 0x00000000dfb80000, 0x0000000100000000)
  eden space 130560K, 0% used [0x00000000d6180000,0x00000000d6180000,0x00000000de100000)
  from space 12800K, 79% used [0x00000000dee00000,0x00000000df7e3130,0x00000000dfa80000)
  to   space 13312K, 0% used [0x00000000de100000,0x00000000de100000,0x00000000dee00000)
 ParOldGen       total 86016K, used 15956K [0x0000000082400000, 0x0000000087800000, 0x00000000d6180000)
  object space 86016K, 18% used [0x0000000082400000,0x00000000833951a8,0x0000000087800000)
 Metaspace       used 17345K, capacity 17838K, committed 18176K, reserved 1064960K
  class space    used 2037K, capacity 2189K, committed 2304K, reserved 1048576K
}
Event: 3.593 GC heap before
{Heap before GC invocations=7 (full 0):
 PSYoungGen      total 143360K, used 89050K [0x00000000d6180000, 0x00000000dfb80000, 0x0000000100000000)
  eden space 130560K, 60% used [0x00000000d6180000,0x00000000dae939d8,0x00000000de100000)
  from space 12800K, 79% used [0x00000000dee00000,0x00000000df7e3130,0x00000000dfa80000)
  to   space 13312K, 0% used [0x00000000de100000,0x00000000de100000,0x00000000dee00000)
 ParOldGen       total 86016K, used 15956K [0x0000000082400000, 0x0000000087800000, 0x00000000d6180000)
  object space 86016K, 18% used [0x0000000082400000,0x00000000833951a8,0x0000000087800000)
 Metaspace       used 20532K, capacity 21144K, committed 21296K, reserved 1069056K
  class space    used 2410K, capacity 2658K, committed 2688K, reserved 1048576K
Event: 3.606 GC heap after
Heap after GC invocations=7 (full 0):
 PSYoungGen      total 143872K, used 13214K [0x00000000d6180000, 0x00000000e7d80000, 0x0000000100000000)
  eden space 130560K, 0% used [0x00000000d6180000,0x00000000d6180000,0x00000000de100000)
  from space 13312K, 99% used [0x00000000de100000,0x00000000dede7918,0x00000000dee00000)
  to   space 14848K, 0% used [0x00000000e6f00000,0x00000000e6f00000,0x00000000e7d80000)
 ParOldGen       total 86016K, used 17866K [0x0000000082400000, 0x0000000087800000, 0x00000000d6180000)
  object space 86016K, 20% used [0x0000000082400000,0x0000000083572a78,0x0000000087800000)
 Metaspace       used 20532K, capacity 21144K, committed 21296K, reserved 1069056K
  class space    used 2410K, capacity 2658K, committed 2688K, reserved 1048576K
}
Event: 3.606 GC heap before
{Heap before GC invocations=8 (full 1):
 PSYoungGen      total 143872K, used 13214K [0x00000000d6180000, 0x00000000e7d80000, 0x0000000100000000)
  eden space 130560K, 0% used [0x00000000d6180000,0x00000000d6180000,0x00000000de100000)
  from space 13312K, 99% used [0x00000000de100000,0x00000000dede7918,0x00000000dee00000)
  to   space 14848K, 0% used [0x00000000e6f00000,0x00000000e6f00000,0x00000000e7d80000)
 ParOldGen       total 86016K, used 17866K [0x0000000082400000, 0x0000000087800000, 0x00000000d6180000)
  object space 86016K, 20% used [0x0000000082400000,0x0000000083572a78,0x0000000087800000)
 Metaspace       used 20532K, capacity 21144K, committed 21296K, reserved 1069056K
  class space    used 2410K, capacity 2658K, committed 2688K, reserved 1048576K
Event: 3.688 GC heap after
Heap after GC invocations=8 (full 1):
 PSYoungGen      total 143872K, used 0K [0x00000000d6180000, 0x00000000e7d80000, 0x0000000100000000)
  eden space 130560K, 0% used [0x00000000d6180000,0x00000000d6180000,0x00000000de100000)
  from space 13312K, 0% used [0x00000000de100000,0x00000000de100000,0x00000000dee00000)
  to   space 14848K, 0% used [0x00000000e6f00000,0x00000000e6f00000,0x00000000e7d80000)
 ParOldGen       total 82944K, used 24723K [0x0000000082400000, 0x0000000087500000, 0x00000000d6180000)
  object space 82944K, 29% used [0x0000000082400000,0x0000000083c24dc0,0x0000000087500000)
 Metaspace       used 20532K, capacity 21144K, committed 21296K, reserved 1069056K
  class space    used 2410K, capacity 2658K, committed 2688K, reserved 1048576K
}

Deoptimization events (10 events):
Event: 4.072 Thread 0x000000001d61d000 Uncommon trap: reason=class_check action=maybe_recompile pc=0x000000000354b4cc method=java.util.Collections$UnmodifiableMap.isEmpty()Z @ 4
Event: 4.072 Thread 0x000000001d61d000 Uncommon trap: reason=bimorphic action=maybe_recompile pc=0x0000000003661184 method=java.util.LinkedHashMap.afterNodeInsertion(Z)V @ 15
Event: 4.072 Thread 0x000000001d61d000 Uncommon trap: reason=bimorphic action=maybe_recompile pc=0x0000000003661184 method=java.util.LinkedHashMap.afterNodeInsertion(Z)V @ 15
Event: 4.072 Thread 0x000000001d61d000 Uncommon trap: reason=class_check action=maybe_recompile pc=0x000000000354b4cc method=java.util.Collections$UnmodifiableMap.isEmpty()Z @ 4
Event: 4.072 Thread 0x000000001d61d000 Uncommon trap: reason=bimorphic action=maybe_recompile pc=0x0000000003661184 method=java.util.LinkedHashMap.afterNodeInsertion(Z)V @ 15
Event: 4.098 Thread 0x000000001d61f000 Uncommon trap: reason=bimorphic action=maybe_recompile pc=0x000000000329b97c method=java.util.HashMap.putVal(ILjava/lang/Object;Ljava/lang/Object;ZZ)Ljava/lang/Object; @ 253
Event: 4.098 Thread 0x000000001d61f000 Uncommon trap: reason=bimorphic action=maybe_recompile pc=0x000000000329b97c method=java.util.HashMap.putVal(ILjava/lang/Object;Ljava/lang/Object;ZZ)Ljava/lang/Object; @ 253
Event: 4.098 Thread 0x000000001d61f000 Uncommon trap: reason=bimorphic action=maybe_recompile pc=0x000000000329b97c method=java.util.HashMap.putVal(ILjava/lang/Object;Ljava/lang/Object;ZZ)Ljava/lang/Object; @ 253
Event: 4.098 Thread 0x000000001d61f000 Uncommon trap: reason=bimorphic action=maybe_recompile pc=0x000000000329b97c method=java.util.HashMap.putVal(ILjava/lang/Object;Ljava/lang/Object;ZZ)Ljava/lang/Object; @ 253
Event: 4.103 Thread 0x000000001d61f000 Uncommon trap: reason=unstable_if action=reinterpret pc=0x00000000035b445c method=java.util.StringTokenizer.setMaxDelimCodePoint()V @ 71

Internal exceptions (10 events):
Event: 3.725 Thread 0x000000001d61f000 Exception <a 'java/io/FileNotFoundException'> (0x00000000d64d9510) thrown at [C:\re\workspace\8-2-build-windows-amd64-cygwin\jdk8u131\8869\hotspot\src\share\vm\prims\jni.cpp, line 709]
Event: 3.812 Thread 0x000000001d61f000 Exception <a 'java/io/FileNotFoundException'> (0x00000000d70ac928) thrown at [C:\re\workspace\8-2-build-windows-amd64-cygwin\jdk8u131\8869\hotspot\src\share\vm\prims\jni.cpp, line 709]
Event: 3.872 Thread 0x000000001d61f000 Exception <a 'java/lang/NoSuchMethodError': java.lang.Object.lambda$identity$2(Ljava/lang/Object;)Ljava/lang/Object;> (0x00000000d7e78df8) thrown at [C:\re\workspace\8-2-build-windows-amd64-cygwin\jdk8u131\8869\hotspot\src\share\vm\interpreter\linkResolve
Event: 3.873 Thread 0x000000001d61f000 Exception <a 'java/lang/NoSuchMethodError': java.lang.Object.lambda$static$0(CI)C> (0x00000000d7ea5b50) thrown at [C:\re\workspace\8-2-build-windows-amd64-cygwin\jdk8u131\8869\hotspot\src\share\vm\interpreter\linkResolver.cpp, line 582]
Event: 3.874 Thread 0x000000001d61f000 Exception <a 'java/lang/NoSuchMethodError': java.lang.Object.lambda$static$1(CI)C> (0x00000000d7ea85b8) thrown at [C:\re\workspace\8-2-build-windows-amd64-cygwin\jdk8u131\8869\hotspot\src\share\vm\interpreter\linkResolver.cpp, line 582]
Event: 3.877 Thread 0x000000001d61f000 Implicit null exception at 0x0000000003878ca0 to 0x000000000387bed5
Event: 3.892 Thread 0x000000001d61f000 Exception <a 'java/lang/NoSuchMethodError': java.lang.Object.lambda$chars$0()Ljava/util/Spliterator$OfInt;> (0x00000000d82897e8) thrown at [C:\re\workspace\8-2-build-windows-amd64-cygwin\jdk8u131\8869\hotspot\src\share\vm\interpreter\linkResolver.cpp, lin
Event: 4.058 Thread 0x000000001d61f000 Exception <a 'java/lang/NoSuchMethodError': org.slf4j.impl.StaticMDCBinder.getSingleton()Lorg/slf4j/impl/StaticMDCBinder;> (0x00000000daad9fe8) thrown at [C:\re\workspace\8-2-build-windows-amd64-cygwin\jdk8u131\8869\hotspot\src\share\vm\interpreter\linkRe
Event: 4.158 Thread 0x000000001d61f000 Exception <a 'java/lang/ClassNotFoundException': java/lang/ObjectCustomizer> (0x00000000dbbf8c18) thrown at [C:\re\workspace\8-2-build-windows-amd64-cygwin\jdk8u131\8869\hotspot\src\share\vm\classfile\systemDictionary.cpp, line 210]
Event: 4.161 Thread 0x000000001d61f000 Exception <a 'java/lang/ClassNotFoundException': org/springframework/context/annotation/ConfigurationClassPostProcessorCustomizer> (0x00000000dbcf97b0) thrown at [C:\re\workspace\8-2-build-windows-amd64-cygwin\jdk8u131\8869\hotspot\src\share\vm\classfile\

Events (10 events):
Event: 4.161 loading class com/fasterxml/jackson/core/sym/CharsToNameCanonicalizer
Event: 4.161 loading class com/fasterxml/jackson/core/sym/CharsToNameCanonicalizer done
Event: 4.161 loading class org/springframework/context/annotation/ConfigurationClassPostProcessorCustomizer
Event: 4.161 loading class org/springframework/context/annotation/ConfigurationClassPostProcessorCustomizer done
Event: 4.161 loading class java/beans/PropertyVetoException
Event: 4.161 loading class java/beans/PropertyVetoException done
Event: 4.161 loading class org/springframework/core/BridgeMethodResolver
Event: 4.161 loading class org/springframework/core/BridgeMethodResolver done
Event: 4.162 loading class com/fasterxml/jackson/core/sym/CharsToNameCanonicalizer$TableInfo
Event: 4.162 loading class com/fasterxml/jackson/core/sym/CharsToNameCanonicalizer$TableInfo done


Dynamic libraries:
0x00007ff6b79a0000 - 0x00007ff6b79d7000 	C:\Program Files\Java\jdk1.8.0_131\bin\java.exe
0x00007ffb902b0000 - 0x00007ffb9049d000 	C:\WINDOWS\SYSTEM32\ntdll.dll
0x00007ffb8fc40000 - 0x00007ffb8fcf3000 	C:\WINDOWS\System32\KERNEL32.DLL
0x00007ffb8cb50000 - 0x00007ffb8cde3000 	C:\WINDOWS\System32\KERNELBASE.dll
0x00007ffb8d650000 - 0x00007ffb8d6f3000 	C:\WINDOWS\System32\ADVAPI32.dll
0x00007ffb8e4a0000 - 0x00007ffb8e53e000 	C:\WINDOWS\System32\msvcrt.dll
0x00007ffb8fd00000 - 0x00007ffb8fd9e000 	C:\WINDOWS\System32\sechost.dll
0x00007ffb8e000000 - 0x00007ffb8e122000 	C:\WINDOWS\System32\RPCRT4.dll
0x00007ffb8e300000 - 0x00007ffb8e497000 	C:\WINDOWS\System32\USER32.dll
0x00007ffb8c380000 - 0x00007ffb8c3a0000 	C:\WINDOWS\System32\win32u.dll
0x00007ffb8e130000 - 0x00007ffb8e159000 	C:\WINDOWS\System32\GDI32.dll
0x00007ffb8cdf0000 - 0x00007ffb8cf8a000 	C:\WINDOWS\System32\gdi32full.dll
0x00007ffb8d170000 - 0x00007ffb8d210000 	C:\WINDOWS\System32\msvcp_win.dll
0x00007ffb8d210000 - 0x00007ffb8d30c000 	C:\WINDOWS\System32\ucrtbase.dll
0x00007ffb7b6a0000 - 0x00007ffb7b919000 	C:\WINDOWS\WinSxS\amd64_microsoft.windows.common-controls_6595b64144ccf1df_6.0.17763.316_none_05b53be2071f46b6\COMCTL32.dll
0x00007ffb8dc50000 - 0x00007ffb8df7d000 	C:\WINDOWS\System32\combase.dll
0x00007ffb8d360000 - 0x00007ffb8d3de000 	C:\WINDOWS\System32\bcryptPrimitives.dll
0x00007ffb90250000 - 0x00007ffb9027e000 	C:\WINDOWS\System32\IMM32.DLL
0x000000006ea20000 - 0x000000006eaf2000 	C:\Program Files\Java\jdk1.8.0_131\jre\bin\msvcr100.dll
0x000000006e180000 - 0x000000006ea1c000 	C:\Program Files\Java\jdk1.8.0_131\jre\bin\server\jvm.dll
0x00007ffb90080000 - 0x00007ffb90088000 	C:\WINDOWS\System32\PSAPI.DLL
0x00007ffb89e80000 - 0x00007ffb89e89000 	C:\WINDOWS\SYSTEM32\WSOCK32.dll
0x00007ffb89d80000 - 0x00007ffb89da4000 	C:\WINDOWS\SYSTEM32\WINMM.dll
0x00007ffb825b0000 - 0x00007ffb825ba000 	C:\WINDOWS\SYSTEM32\VERSION.dll
0x00007ffb8e290000 - 0x00007ffb8e2fd000 	C:\WINDOWS\System32\WS2_32.dll
0x00007ffb89db0000 - 0x00007ffb89ddd000 	C:\WINDOWS\SYSTEM32\winmmbase.dll
0x00007ffb8d310000 - 0x00007ffb8d35a000 	C:\WINDOWS\System32\cfgmgr32.dll
0x000000006e170000 - 0x000000006e17f000 	C:\Program Files\Java\jdk1.8.0_131\jre\bin\verify.dll
0x000000006e140000 - 0x000000006e169000 	C:\Program Files\Java\jdk1.8.0_131\jre\bin\java.dll
0x000000006e120000 - 0x000000006e136000 	C:\Program Files\Java\jdk1.8.0_131\jre\bin\zip.dll
0x00007ffb8e6b0000 - 0x00007ffb8fb9f000 	C:\WINDOWS\System32\SHELL32.dll
0x00007ffb8db90000 - 0x00007ffb8dc38000 	C:\WINDOWS\System32\shcore.dll
0x00007ffb8c3a0000 - 0x00007ffb8caea000 	C:\WINDOWS\System32\windows.storage.dll
0x00007ffb8c350000 - 0x00007ffb8c374000 	C:\WINDOWS\System32\profapi.dll
0x00007ffb8c2d0000 - 0x00007ffb8c32d000 	C:\WINDOWS\System32\powrprof.dll
0x00007ffb8e5a0000 - 0x00007ffb8e5f2000 	C:\WINDOWS\System32\shlwapi.dll
0x00007ffb8c330000 - 0x00007ffb8c341000 	C:\WINDOWS\System32\kernel.appcore.dll
0x00007ffb8d4c0000 - 0x00007ffb8d4d7000 	C:\WINDOWS\System32\cryptsp.dll
0x00007ffb8b700000 - 0x00007ffb8b733000 	C:\WINDOWS\system32\rsaenh.dll
0x00007ffb8d490000 - 0x00007ffb8d4b6000 	C:\WINDOWS\System32\bcrypt.dll
0x00007ffb8c1b0000 - 0x00007ffb8c1d8000 	C:\WINDOWS\SYSTEM32\USERENV.dll
0x00007ffb8bd10000 - 0x00007ffb8bd1c000 	C:\WINDOWS\SYSTEM32\CRYPTBASE.dll
0x000000006e100000 - 0x000000006e11a000 	C:\Program Files\Java\jdk1.8.0_131\jre\bin\net.dll
0x00007ffb8bb40000 - 0x00007ffb8bba7000 	C:\WINDOWS\system32\mswsock.dll
0x00007ffb8b8a0000 - 0x00007ffb8b8dd000 	C:\WINDOWS\SYSTEM32\IPHLPAPI.DLL
0x00007ffb8d700000 - 0x00007ffb8d708000 	C:\WINDOWS\System32\NSI.dll
0x00007ffb825d0000 - 0x00007ffb825e6000 	C:\WINDOWS\SYSTEM32\dhcpcsvc6.DLL
0x00007ffb82e30000 - 0x00007ffb82e4c000 	C:\WINDOWS\SYSTEM32\dhcpcsvc.DLL
0x00007ffb8b8e0000 - 0x00007ffb8b9a6000 	C:\WINDOWS\SYSTEM32\DNSAPI.dll
0x000000006e0e0000 - 0x000000006e0f1000 	C:\Program Files\Java\jdk1.8.0_131\jre\bin\nio.dll
0x00007ffb883b0000 - 0x00007ffb883ba000 	Z:\jansi-1.17.1-2878045297477752574.dll
0x00007ffb875f0000 - 0x00007ffb875fa000 	Z:\jansi-1.17.1-1914523683326895979.dll
0x000000006e0d0000 - 0x000000006e0dd000 	C:\Program Files\Java\jdk1.8.0_131\jre\bin\management.dll
0x00007ffb73250000 - 0x00007ffb73266000 	C:\WINDOWS\system32\napinsp.dll
0x00007ffb73230000 - 0x00007ffb7324a000 	C:\WINDOWS\system32\pnrpnsp.dll
0x00007ffb717c0000 - 0x00007ffb717ce000 	C:\WINDOWS\System32\winrnr.dll
0x00007ffb88570000 - 0x00007ffb8858b000 	C:\WINDOWS\system32\NLAapi.dll
0x00007ffb84810000 - 0x00007ffb84825000 	C:\WINDOWS\system32\wshbth.dll
0x00007ffb7b680000 - 0x00007ffb7b68a000 	C:\Windows\System32\rasadhlp.dll
0x00007ffb7d100000 - 0x00007ffb7d179000 	C:\WINDOWS\System32\fwpuclnt.dll

VM Arguments:
jvm_args: -Dmaven.multiModuleProjectDirectory=C:\Users\Asus\Downloads\team05-master\backend 
java_command: org.apache.maven.wrapper.MavenWrapperMain spring-boot:run
java_class_path (initial): C:\Users\Asus\Downloads\team05-master\backend\.mvn\wrapper\maven-wrapper.jar
Launcher Type: SUN_STANDARD

Environment Variables:
JAVA_HOME=C:\Program Files\Java\jdk1.8.0_131
PATH=C:\Program Files\Java\jdk1.8.0_131\bin;C:\ProgramData\Oracle\Java\javapath;C:\Windows\system32;C:\Windows;C:\Windows\System32\Wbem;C:\Windows\System32\WindowsPowerShell\v1.0\;C:\Windows\System32\OpenSSH\;C:\Program Files (x86)\NVIDIA Corporation\PhysX\Common;C:\Program Files\nodejs\;;C:\WINDOWS\system32;C:\WINDOWS;C:\WINDOWS\System32\Wbem;C:\WINDOWS\System32\WindowsPowerShell\v1.0\;C:\WINDOWS\System32\OpenSSH\;C:\Program Files\Java\jdk1.8.0_131\bin;C:\Users\Asus\AppData\Local\Programs\Microsoft VS Code\bin
USERNAME=Asus
OS=Windows_NT
PROCESSOR_IDENTIFIER=Intel64 Family 6 Model 158 Stepping 10, GenuineIntel



---------------  S Y S T E M  ---------------

OS: Windows 10.0 , 64 bit Build 17763 (10.0.17763.292)

CPU:total 12 (initial active 12) (6 cores per cpu, 2 threads per core) family 6 model 158 stepping 10, cmov, cx8, fxsr, mmx, sse, sse2, sse3, ssse3, sse4.1, sse4.2, popcnt, avx, avx2, aes, clmul, erms, 3dnowpref, lzcnt, ht, tsc, tscinvbit, bmi1, bmi2, adx

Memory: 4k page, physical 8239356k(2223848k free), swap 8239356k(5216k free)

vm_info: Java HotSpot(TM) 64-Bit Server VM (25.131-b11) for windows-amd64 JRE (1.8.0_131-b11), built on Mar 15 2017 01:23:53 by "java_re" with MS VC++ 10.0 (VS2010)

time: Thu Mar 07 20:29:27 2019
elapsed time: 4 seconds (0d 0h 0m 4s)

