#
# There is insufficient memory for the Java Runtime Environment to continue.
# Native memory allocation (malloc) failed to allocate 1880384 bytes for Chunk::new
# Possible reasons:
#   The system is out of physical RAM or swap space
#   In 32 bit mode, the process size limit was hit
# Possible solutions:
#   Reduce memory load on the system
#   Increase physical memory or swap space
#   Check if swap backing store is full
#   Use 64 bit Java on a 64 bit OS
#   Decrease Java heap size (-Xmx/-Xms)
#   Decrease number of Java threads
#   Decrease Java thread stack sizes (-Xss)
#   Set larger code cache with -XX:ReservedCodeCacheSize=
# This output file may be truncated or incomplete.
#
#  Out of Memory Error (allocation.cpp:390), pid=3116, tid=0x0000000000000c78
#
# JRE version: Java(TM) SE Runtime Environment (8.0_131-b11) (build 1.8.0_131-b11)
# Java VM: Java HotSpot(TM) 64-Bit Server VM (25.131-b11 mixed mode windows-amd64 compressed oops)
# Failed to write core dump. Minidumps are not enabled by default on client versions of Windows
#

---------------  T H R E A D  ---------------

Current thread (0x00000000191f9800):  JavaThread "C2 CompilerThread2" daemon [_thread_in_native, id=3192, stack(0x000000001aa50000,0x000000001ab50000)]

Stack: [0x000000001aa50000,0x000000001ab50000]
[error occurred during error reporting (printing stack bounds), id 0xc0000005]

Native frames: (J=compiled Java code, j=interpreted, Vv=VM code, C=native code)


Current CompileTask:
C2:   9852 8935       4       org.springframework.transaction.interceptor.TransactionAttributeSourcePointcut::matches (41 bytes)


---------------  P R O C E S S  ---------------

Java Threads: ( => current thread )
  0x000000001c713800 JavaThread "HikariPool-1 connection adder" daemon [_thread_blocked, id=4712, stack(0x0000000024f00000,0x0000000025000000)]
  0x000000001c716800 JavaThread "HikariPool-1 housekeeper" daemon [_thread_blocked, id=8900, stack(0x0000000024e00000,0x0000000024f00000)]
  0x000000001c715000 JavaThread "SimplePauseDetectorThread_0" daemon [_thread_blocked, id=11448, stack(0x0000000024d00000,0x0000000024e00000)]
  0x00000000232aa000 JavaThread "Thread-3" daemon [_thread_blocked, id=8144, stack(0x0000000024a00000,0x0000000024b00000)]
  0x00000000232a9800 JavaThread "container-0" [_thread_blocked, id=4284, stack(0x0000000024900000,0x0000000024a00000)]
  0x00000000232a7000 JavaThread "ContainerBackgroundProcessor[StandardEngine[Tomcat]]" daemon [_thread_blocked, id=2300, stack(0x0000000024800000,0x0000000024900000)]
  0x00000000232a8000 JavaThread "localhost-startStop-1" daemon [_thread_blocked, id=6656, stack(0x0000000024010000,0x0000000024110000)]
  0x00000000231f7000 JavaThread "Tomcat-startStop-1" daemon [_thread_blocked, id=8956, stack(0x0000000023f10000,0x0000000024010000)]
  0x000000001d3eb000 JavaThread "main" [_thread_in_vm, id=7516, stack(0x000000001f100000,0x000000001f200000)]
  0x000000001928f000 JavaThread "Service Thread" daemon [_thread_blocked, id=4196, stack(0x000000001ac50000,0x000000001ad50000)]
  0x00000000191fa000 JavaThread "C1 CompilerThread3" daemon [_thread_blocked, id=2492, stack(0x000000001ab50000,0x000000001ac50000)]
=>0x00000000191f9800 JavaThread "C2 CompilerThread2" daemon [_thread_in_native, id=3192, stack(0x000000001aa50000,0x000000001ab50000)]
  0x00000000191f4800 JavaThread "C2 CompilerThread1" daemon [_thread_in_native, id=11644, stack(0x000000001a950000,0x000000001aa50000)]
  0x00000000191ed800 JavaThread "C2 CompilerThread0" daemon [_thread_in_native, id=11744, stack(0x000000001a850000,0x000000001a950000)]
  0x00000000191e9000 JavaThread "Attach Listener" daemon [_thread_blocked, id=6980, stack(0x000000001a750000,0x000000001a850000)]
  0x00000000191e8000 JavaThread "Signal Dispatcher" daemon [_thread_blocked, id=12100, stack(0x000000001a650000,0x000000001a750000)]
  0x000000000293a000 JavaThread "Finalizer" daemon [_thread_blocked, id=4464, stack(0x000000001a450000,0x000000001a550000)]
  0x0000000002939000 JavaThread "Reference Handler" daemon [_thread_blocked, id=6560, stack(0x000000001a350000,0x000000001a450000)]
  0x00000000029ed800 JavaThread "main" [_thread_blocked, id=10508, stack(0x00000000026a0000,0x00000000027a0000)]

Other Threads:
  0x00000000191c2800 VMThread [stack: 0x000000001a250000,0x000000001a350000] [id=2100]
  0x00000000192bd000 WatcherThread [stack: 0x000000001ad50000,0x000000001ae50000] [id=7192]

VM state:not at safepoint (normal execution)

VM Mutex/Monitor currently owned by a thread: None

Heap:
 PSYoungGen      total 272896K, used 218820K [0x00000000d6180000, 0x00000000ea980000, 0x0000000100000000)
  eden space 249856K, 87% used [0x00000000d6180000,0x00000000e37313e0,0x00000000e5580000)
  from space 23040K, 0% used [0x00000000e5580000,0x00000000e5580000,0x00000000e6c00000)
  to   space 22528K, 0% used [0x00000000e9380000,0x00000000e9380000,0x00000000ea980000)
 ParOldGen       total 196608K, used 55242K [0x0000000082400000, 0x000000008e400000, 0x00000000d6180000)
  object space 196608K, 28% used [0x0000000082400000,0x00000000859f28c0,0x000000008e400000)
 Metaspace       used 69464K, capacity 72618K, committed 72920K, reserved 1112064K
  class space    used 8961K, capacity 9590K, committed 9688K, reserved 1048576K

Card table byte_map: [0x0000000011db0000,0x00000000121a0000] byte_map_base: 0x000000001199e000

Marking Bits: (ParMarkBitMap*) 0x00000000710dc720
 Begin Bits: [0x0000000012e40000, 0x0000000014db0000)
 End Bits:   [0x0000000014db0000, 0x0000000016d20000)

Polling page: 0x00000000005e0000

CodeCache: size=245760Kb used=28801Kb max_used=28801Kb free=216958Kb
 bounds [0x00000000029f0000, 0x0000000004630000, 0x00000000119f0000]
 total_blobs=8544 nmethods=7989 adapters=466
 compilation: enabled

Compilation events (10 events):
Event: 9.838 Thread 0x00000000191fa000 9254       2       org.springframework.beans.factory.annotation.AutowiredAnnotationBeanPostProcessor::postProcessMergedBeanDefinition (16 bytes)
Event: 9.838 Thread 0x00000000191fa000 nmethod 9254 0x0000000004624850 code [0x00000000046249c0, 0x0000000004624b58]
Event: 9.838 Thread 0x00000000191fa000 9255       2       org.springframework.beans.factory.annotation.RequiredAnnotationBeanPostProcessor::postProcessMergedBeanDefinition (1 bytes)
Event: 9.838 Thread 0x00000000191fa000 nmethod 9255 0x0000000004624c50 code [0x0000000004624da0, 0x0000000004624ef0]
Event: 9.838 Thread 0x00000000191fa000 9256   !   2       org.springframework.orm.jpa.support.PersistenceAnnotationBeanPostProcessor::postProcessPropertyValues (43 bytes)
Event: 9.839 Thread 0x00000000191fa000 nmethod 9256 0x0000000004624f90 code [0x0000000004625120, 0x00000000046253c8]
Event: 9.844 Thread 0x00000000191fa000 9257       2       org.springframework.context.annotation.CommonAnnotationBeanPostProcessor::buildResourceMetadata (79 bytes)
Event: 9.845 Thread 0x00000000191fa000 nmethod 9257 0x00000000046255d0 code [0x0000000004625780, 0x0000000004625cd8]
Event: 9.847 Thread 0x00000000191fa000 9258   !   2       org.springframework.beans.factory.support.DefaultSingletonBeanRegistry::addSingleton (65 bytes)
Event: 9.847 Thread 0x00000000191fa000 nmethod 9258 0x0000000004626010 code [0x00000000046261a0, 0x0000000004626558]

GC Heap History (10 events):
Event: 3.334 GC heap before
{Heap before GC invocations=10 (full 2):
 PSYoungGen      total 199168K, used 14835K [0x00000000d6180000, 0x00000000e7d80000, 0x0000000100000000)
  eden space 184320K, 0% used [0x00000000d6180000,0x00000000d6180000,0x00000000e1580000)
  from space 14848K, 99% used [0x00000000e6f00000,0x00000000e7d7cf98,0x00000000e7d80000)
  to   space 16896K, 0% used [0x00000000e5c80000,0x00000000e5c80000,0x00000000e6d00000)
 ParOldGen       total 83968K, used 24993K [0x0000000082400000, 0x0000000087600000, 0x00000000d6180000)
  object space 83968K, 29% used [0x0000000082400000,0x0000000083c686a8,0x0000000087600000)
 Metaspace       used 34253K, capacity 35334K, committed 35456K, reserved 1079296K
  class space    used 4298K, capacity 4622K, committed 4736K, reserved 1048576K
Event: 3.367 GC heap after
Heap after GC invocations=10 (full 2):
 PSYoungGen      total 199168K, used 0K [0x00000000d6180000, 0x00000000e7d80000, 0x0000000100000000)
  eden space 184320K, 0% used [0x00000000d6180000,0x00000000d6180000,0x00000000e1580000)
  from space 14848K, 0% used [0x00000000e6f00000,0x00000000e6f00000,0x00000000e7d80000)
  to   space 16896K, 0% used [0x00000000e5c80000,0x00000000e5c80000,0x00000000e6d00000)
 ParOldGen       total 131072K, used 36598K [0x0000000082400000, 0x000000008a400000, 0x00000000d6180000)
  object space 131072K, 27% used [0x0000000082400000,0x00000000847bd970,0x000000008a400000)
 Metaspace       used 34253K, capacity 35334K, committed 35456K, reserved 1079296K
  class space    used 4298K, capacity 4622K, committed 4736K, reserved 1048576K
}
Event: 4.451 GC heap before
{Heap before GC invocations=11 (full 2):
 PSYoungGen      total 199168K, used 184320K [0x00000000d6180000, 0x00000000e7d80000, 0x0000000100000000)
  eden space 184320K, 100% used [0x00000000d6180000,0x00000000e1580000,0x00000000e1580000)
  from space 14848K, 0% used [0x00000000e6f00000,0x00000000e6f00000,0x00000000e7d80000)
  to   space 16896K, 0% used [0x00000000e5c80000,0x00000000e5c80000,0x00000000e6d00000)
 ParOldGen       total 131072K, used 36598K [0x0000000082400000, 0x000000008a400000, 0x00000000d6180000)
  object space 131072K, 27% used [0x0000000082400000,0x00000000847bd970,0x000000008a400000)
 Metaspace       used 41653K, capacity 43242K, committed 43392K, reserved 1087488K
  class space    used 5310K, capacity 5678K, committed 5760K, reserved 1048576K
Event: 4.464 GC heap after
Heap after GC invocations=11 (full 2):
 PSYoungGen      total 232960K, used 15535K [0x00000000d6180000, 0x00000000e6f80000, 0x0000000100000000)
  eden space 217088K, 0% used [0x00000000d6180000,0x00000000d6180000,0x00000000e3580000)
  from space 15872K, 97% used [0x00000000e5c80000,0x00000000e6babea0,0x00000000e6c00000)
  to   space 3584K, 0% used [0x00000000e6c00000,0x00000000e6c00000,0x00000000e6f80000)
 ParOldGen       total 131072K, used 36670K [0x0000000082400000, 0x000000008a400000, 0x00000000d6180000)
  object space 131072K, 27% used [0x0000000082400000,0x00000000847cf980,0x000000008a400000)
 Metaspace       used 41653K, capacity 43242K, committed 43392K, reserved 1087488K
  class space    used 5310K, capacity 5678K, committed 5760K, reserved 1048576K
}
Event: 6.814 GC heap before
{Heap before GC invocations=12 (full 2):
 PSYoungGen      total 232960K, used 232623K [0x00000000d6180000, 0x00000000e6f80000, 0x0000000100000000)
  eden space 217088K, 100% used [0x00000000d6180000,0x00000000e3580000,0x00000000e3580000)
  from space 15872K, 97% used [0x00000000e5c80000,0x00000000e6babea0,0x00000000e6c00000)
  to   space 3584K, 0% used [0x00000000e6c00000,0x00000000e6c00000,0x00000000e6f80000)
 ParOldGen       total 131072K, used 36670K [0x0000000082400000, 0x000000008a400000, 0x00000000d6180000)
  object space 131072K, 27% used [0x0000000082400000,0x00000000847cf980,0x000000008a400000)
 Metaspace       used 51547K, capacity 53926K, committed 54272K, reserved 1095680K
  class space    used 6565K, capacity 7076K, committed 7168K, reserved 1048576K
Event: 6.831 GC heap after
Heap after GC invocations=12 (full 2):
 PSYoungGen      total 253440K, used 3568K [0x00000000d6180000, 0x00000000e8480000, 0x0000000100000000)
  eden space 249856K, 0% used [0x00000000d6180000,0x00000000d6180000,0x00000000e5580000)
  from space 3584K, 99% used [0x00000000e6c00000,0x00000000e6f7c2b8,0x00000000e6f80000)
  to   space 23040K, 0% used [0x00000000e5580000,0x00000000e5580000,0x00000000e6c00000)
 ParOldGen       total 131072K, used 58701K [0x0000000082400000, 0x000000008a400000, 0x00000000d6180000)
  object space 131072K, 44% used [0x0000000082400000,0x0000000085d53500,0x000000008a400000)
 Metaspace       used 51547K, capacity 53926K, committed 54272K, reserved 1095680K
  class space    used 6565K, capacity 7076K, committed 7168K, reserved 1048576K
}
Event: 7.359 GC heap before
{Heap before GC invocations=13 (full 2):
 PSYoungGen      total 253440K, used 50599K [0x00000000d6180000, 0x00000000e8480000, 0x0000000100000000)
  eden space 249856K, 18% used [0x00000000d6180000,0x00000000d8f6dd38,0x00000000e5580000)
  from space 3584K, 99% used [0x00000000e6c00000,0x00000000e6f7c2b8,0x00000000e6f80000)
  to   space 23040K, 0% used [0x00000000e5580000,0x00000000e5580000,0x00000000e6c00000)
 ParOldGen       total 131072K, used 58701K [0x0000000082400000, 0x000000008a400000, 0x00000000d6180000)
  object space 131072K, 44% used [0x0000000082400000,0x0000000085d53500,0x000000008a400000)
 Metaspace       used 56537K, capacity 58962K, committed 59096K, reserved 1099776K
  class space    used 7311K, capacity 7848K, committed 7896K, reserved 1048576K
Event: 7.369 GC heap after
Heap after GC invocations=13 (full 2):
 PSYoungGen      total 272896K, used 8758K [0x00000000d6180000, 0x00000000ea980000, 0x0000000100000000)
  eden space 249856K, 0% used [0x00000000d6180000,0x00000000d6180000,0x00000000e5580000)
  from space 23040K, 38% used [0x00000000e5580000,0x00000000e5e0db80,0x00000000e6c00000)
  to   space 22528K, 0% used [0x00000000e9380000,0x00000000e9380000,0x00000000ea980000)
 ParOldGen       total 131072K, used 58709K [0x0000000082400000, 0x000000008a400000, 0x00000000d6180000)
  object space 131072K, 44% used [0x0000000082400000,0x0000000085d55500,0x000000008a400000)
 Metaspace       used 56537K, capacity 58962K, committed 59096K, reserved 1099776K
  class space    used 7311K, capacity 7848K, committed 7896K, reserved 1048576K
}
Event: 7.369 GC heap before
{Heap before GC invocations=14 (full 3):
 PSYoungGen      total 272896K, used 8758K [0x00000000d6180000, 0x00000000ea980000, 0x0000000100000000)
  eden space 249856K, 0% used [0x00000000d6180000,0x00000000d6180000,0x00000000e5580000)
  from space 23040K, 38% used [0x00000000e5580000,0x00000000e5e0db80,0x00000000e6c00000)
  to   space 22528K, 0% used [0x00000000e9380000,0x00000000e9380000,0x00000000ea980000)
 ParOldGen       total 131072K, used 58709K [0x0000000082400000, 0x000000008a400000, 0x00000000d6180000)
  object space 131072K, 44% used [0x0000000082400000,0x0000000085d55500,0x000000008a400000)
 Metaspace       used 56537K, capacity 58962K, committed 59096K, reserved 1099776K
  class space    used 7311K, capacity 7848K, committed 7896K, reserved 1048576K
Event: 7.678 GC heap after
Heap after GC invocations=14 (full 3):
 PSYoungGen      total 272896K, used 0K [0x00000000d6180000, 0x00000000ea980000, 0x0000000100000000)
  eden space 249856K, 0% used [0x00000000d6180000,0x00000000d6180000,0x00000000e5580000)
  from space 23040K, 0% used [0x00000000e5580000,0x00000000e5580000,0x00000000e6c00000)
  to   space 22528K, 0% used [0x00000000e9380000,0x00000000e9380000,0x00000000ea980000)
 ParOldGen       total 196608K, used 55242K [0x0000000082400000, 0x000000008e400000, 0x00000000d6180000)
  object space 196608K, 28% used [0x0000000082400000,0x00000000859f28c0,0x000000008e400000)
 Metaspace       used 56537K, capacity 58962K, committed 59096K, reserved 1099776K
  class space    used 7311K, capacity 7848K, committed 7896K, reserved 1048576K
}

Deoptimization events (10 events):
Event: 9.233 Thread 0x000000001d3eb000 Uncommon trap: reason=bimorphic action=maybe_recompile pc=0x0000000002eee18c method=java.util.HashMap.removeNode(ILjava/lang/Object;Ljava/lang/Object;ZZ)Ljava/util/HashMap$Node; @ 68
Event: 9.662 Thread 0x000000001d3eb000 Uncommon trap: reason=class_check action=maybe_recompile pc=0x00000000043f459c method=org.springframework.core.ResolvableType.equals(Ljava/lang/Object;)Z @ 66
Event: 9.753 Thread 0x000000001d3eb000 Uncommon trap: reason=unstable_if action=reinterpret pc=0x0000000003ebb0fc method=org.springframework.util.ConcurrentReferenceHashMap$Segment.findInChain(Lorg/springframework/util/ConcurrentReferenceHashMap$Reference;Ljava/lang/Object;I)Lorg/springframewo
Event: 9.769 Thread 0x000000001d3eb000 Uncommon trap: reason=class_check action=maybe_recompile pc=0x00000000045edefc method=org.springframework.core.annotation.AnnotatedElementUtils.searchWithFindSemantics(Ljava/lang/reflect/AnnotatedElement;Ljava/lang/Class;Ljava/lang/String;Ljava/lang/Class
Event: 9.770 Thread 0x000000001d3eb000 Uncommon trap: reason=class_check action=maybe_recompile pc=0x00000000045edefc method=org.springframework.core.annotation.AnnotatedElementUtils.searchWithFindSemantics(Ljava/lang/reflect/AnnotatedElement;Ljava/lang/Class;Ljava/lang/String;Ljava/lang/Class
Event: 9.770 Thread 0x000000001d3eb000 Uncommon trap: reason=class_check action=maybe_recompile pc=0x00000000045edefc method=org.springframework.core.annotation.AnnotatedElementUtils.searchWithFindSemantics(Ljava/lang/reflect/AnnotatedElement;Ljava/lang/Class;Ljava/lang/String;Ljava/lang/Class
Event: 9.770 Thread 0x000000001d3eb000 Uncommon trap: reason=class_check action=maybe_recompile pc=0x00000000045edefc method=org.springframework.core.annotation.AnnotatedElementUtils.searchWithFindSemantics(Ljava/lang/reflect/AnnotatedElement;Ljava/lang/Class;Ljava/lang/String;Ljava/lang/Class
Event: 9.824 Thread 0x000000001d3eb000 Uncommon trap: reason=class_check action=maybe_recompile pc=0x0000000003f47930 method=sun.reflect.generics.reflectiveObjects.WildcardTypeImpl.getLowerBounds()[Ljava/lang/reflect/Type; @ 37
Event: 9.845 Thread 0x000000001d3eb000 Uncommon trap: reason=unstable_if action=reinterpret pc=0x0000000003eccbc8 method=java.util.concurrent.ConcurrentHashMap.putVal(Ljava/lang/Object;Ljava/lang/Object;Z)Ljava/lang/Object; @ 331
Event: 9.846 Thread 0x000000001d3eb000 Uncommon trap: reason=unstable_if action=reinterpret pc=0x0000000002dfed4c method=java.util.concurrent.ConcurrentHashMap.get(Ljava/lang/Object;)Ljava/lang/Object; @ 86

Internal exceptions (10 events):
Event: 9.823 Thread 0x000000001d3eb000 Exception <a 'java/lang/ClassNotFoundException': java/lang/ObjectCustomizer> (0x00000000e3246b70) thrown at [C:\re\workspace\8-2-build-windows-amd64-cygwin\jdk8u131\8869\hotspot\src\share\vm\classfile\systemDictionary.cpp, line 210]
Event: 9.823 Thread 0x000000001d3eb000 Exception <a 'java/lang/ClassNotFoundException': org/springframework/data/repository/support/RepositoriesCustomizer> (0x00000000e3262b18) thrown at [C:\re\workspace\8-2-build-windows-amd64-cygwin\jdk8u131\8869\hotspot\src\share\vm\classfile\systemDictiona
Event: 9.824 Thread 0x000000001d3eb000 Exception <a 'java/lang/ClassNotFoundException': java/lang/IterableCustomizer> (0x00000000e327e998) thrown at [C:\re\workspace\8-2-build-windows-amd64-cygwin\jdk8u131\8869\hotspot\src\share\vm\classfile\systemDictionary.cpp, line 210]
Event: 9.836 Thread 0x000000001d3eb000 Exception <a 'java/lang/ClassNotFoundException': java/lang/ObjectCustomizer> (0x00000000e3330600) thrown at [C:\re\workspace\8-2-build-windows-amd64-cygwin\jdk8u131\8869\hotspot\src\share\vm\classfile\systemDictionary.cpp, line 210]
Event: 9.837 Thread 0x000000001d3eb000 Exception <a 'java/lang/ClassNotFoundException': org/springframework/data/rest/core/config/MetadataConfigurationCustomizer> (0x00000000e334e290) thrown at [C:\re\workspace\8-2-build-windows-amd64-cygwin\jdk8u131\8869\hotspot\src\share\vm\classfile\systemD
Event: 9.844 Thread 0x000000001d3eb000 Exception <a 'java/lang/ClassNotFoundException': java/lang/ObjectCustomizer> (0x00000000e33ba9a8) thrown at [C:\re\workspace\8-2-build-windows-amd64-cygwin\jdk8u131\8869\hotspot\src\share\vm\classfile\systemDictionary.cpp, line 210]
Event: 9.845 Thread 0x000000001d3eb000 Exception <a 'java/lang/ClassNotFoundException': org/springframework/context/support/MessageSourceAccessorCustomizer> (0x00000000e33d7a98) thrown at [C:\re\workspace\8-2-build-windows-amd64-cygwin\jdk8u131\8869\hotspot\src\share\vm\classfile\systemDiction
Event: 9.847 Thread 0x000000001d3eb000 Exception <a 'java/lang/ClassNotFoundException': java/lang/ObjectCustomizer> (0x00000000e340b340) thrown at [C:\re\workspace\8-2-build-windows-amd64-cygwin\jdk8u131\8869\hotspot\src\share\vm\classfile\systemDictionary.cpp, line 210]
Event: 9.848 Thread 0x000000001d3eb000 Exception <a 'java/lang/ClassNotFoundException': org/springframework/data/rest/webmvc/json/EnumTranslatorCustomizer> (0x00000000e34272e8) thrown at [C:\re\workspace\8-2-build-windows-amd64-cygwin\jdk8u131\8869\hotspot\src\share\vm\classfile\systemDictiona
Event: 9.849 Thread 0x000000001d3eb000 Exception <a 'java/lang/ClassNotFoundException': org/springframework/data/rest/core/config/EnumTranslationConfigurationCustomizer> (0x00000000e344c768) thrown at [C:\re\workspace\8-2-build-windows-amd64-cygwin\jdk8u131\8869\hotspot\src\share\vm\classfile\

Events (10 events):
Event: 9.848 loading class org/springframework/data/rest/webmvc/json/EnumTranslatorCustomizer
Event: 9.848 loading class org/springframework/data/rest/webmvc/json/EnumTranslatorCustomizer done
Event: 9.848 loading class org/springframework/data/rest/webmvc/json/EnumTranslatorCustomizer
Event: 9.848 loading class org/springframework/data/rest/webmvc/json/EnumTranslatorCustomizer done
Event: 9.848 loading class org/springframework/data/rest/core/config/EnumTranslationConfigurationCustomizer
Event: 9.848 loading class org/springframework/data/rest/core/config/EnumTranslationConfigurationCustomizer done
Event: 9.849 loading class org/springframework/data/rest/core/config/EnumTranslationConfigurationCustomizer
Event: 9.849 loading class org/springframework/data/rest/core/config/EnumTranslationConfigurationCustomizer done
Event: 9.849 loading class org/springframework/data/rest/core/config/EnumTranslationConfigurationCustomizer
Event: 9.849 loading class org/springframework/data/rest/core/config/EnumTranslationConfigurationCustomizer done


Dynamic libraries:
0x00007ff7a40c0000 - 0x00007ff7a40f7000 	C:\Program Files\Java\jdk1.8.0_131\bin\java.exe
0x00007ff99d740000 - 0x00007ff99d92d000 	C:\WINDOWS\SYSTEM32\ntdll.dll
0x00007ff99cf70000 - 0x00007ff99d023000 	C:\WINDOWS\System32\KERNEL32.DLL
0x00007ff99a520000 - 0x00007ff99a7b3000 	C:\WINDOWS\System32\KERNELBASE.dll
0x00007ff99d490000 - 0x00007ff99d533000 	C:\WINDOWS\System32\ADVAPI32.dll
0x00007ff99d540000 - 0x00007ff99d5de000 	C:\WINDOWS\System32\msvcrt.dll
0x00007ff99adf0000 - 0x00007ff99ae8e000 	C:\WINDOWS\System32\sechost.dll
0x00007ff99b6f0000 - 0x00007ff99b812000 	C:\WINDOWS\System32\RPCRT4.dll
0x00007ff99b860000 - 0x00007ff99b9f7000 	C:\WINDOWS\System32\USER32.dll
0x00007ff99a500000 - 0x00007ff99a520000 	C:\WINDOWS\System32\win32u.dll
0x00007ff99b420000 - 0x00007ff99b449000 	C:\WINDOWS\System32\GDI32.dll
0x00007ff999af0000 - 0x00007ff999c8a000 	C:\WINDOWS\System32\gdi32full.dll
0x00007ff999810000 - 0x00007ff9998b0000 	C:\WINDOWS\System32\msvcp_win.dll
0x00007ff99a870000 - 0x00007ff99a96c000 	C:\WINDOWS\System32\ucrtbase.dll
0x00007ff9869b0000 - 0x00007ff986c29000 	C:\WINDOWS\WinSxS\amd64_microsoft.windows.common-controls_6595b64144ccf1df_6.0.17763.316_none_05b53be2071f46b6\COMCTL32.dll
0x00007ff99b090000 - 0x00007ff99b3bd000 	C:\WINDOWS\System32\combase.dll
0x00007ff999ce0000 - 0x00007ff999d5e000 	C:\WINDOWS\System32\bcryptPrimitives.dll
0x00007ff99b600000 - 0x00007ff99b62e000 	C:\WINDOWS\System32\IMM32.DLL
0x0000000071160000 - 0x0000000071232000 	C:\Program Files\Java\jdk1.8.0_131\jre\bin\msvcr100.dll
0x00000000708c0000 - 0x000000007115c000 	C:\Program Files\Java\jdk1.8.0_131\jre\bin\server\jvm.dll
0x00007ff99b850000 - 0x00007ff99b858000 	C:\WINDOWS\System32\PSAPI.DLL
0x00007ff98c630000 - 0x00007ff98c639000 	C:\WINDOWS\SYSTEM32\WSOCK32.dll
0x00007ff995e60000 - 0x00007ff995e84000 	C:\WINDOWS\SYSTEM32\WINMM.dll
0x00007ff98f5c0000 - 0x00007ff98f5ca000 	C:\WINDOWS\SYSTEM32\VERSION.dll
0x00007ff99ae90000 - 0x00007ff99aefd000 	C:\WINDOWS\System32\WS2_32.dll
0x00007ff995e30000 - 0x00007ff995e5d000 	C:\WINDOWS\SYSTEM32\WINMMBASE.dll
0x00007ff999c90000 - 0x00007ff999cda000 	C:\WINDOWS\System32\cfgmgr32.dll
0x00000000708b0000 - 0x00000000708bf000 	C:\Program Files\Java\jdk1.8.0_131\jre\bin\verify.dll
0x0000000070880000 - 0x00000000708a9000 	C:\Program Files\Java\jdk1.8.0_131\jre\bin\java.dll
0x0000000070860000 - 0x0000000070876000 	C:\Program Files\Java\jdk1.8.0_131\jre\bin\zip.dll
0x00007ff99ba00000 - 0x00007ff99ceef000 	C:\WINDOWS\System32\SHELL32.dll
0x00007ff99d030000 - 0x00007ff99d0d8000 	C:\WINDOWS\System32\shcore.dll
0x00007ff999db0000 - 0x00007ff99a4fa000 	C:\WINDOWS\System32\windows.storage.dll
0x00007ff9997e0000 - 0x00007ff999804000 	C:\WINDOWS\System32\profapi.dll
0x00007ff999780000 - 0x00007ff9997dd000 	C:\WINDOWS\System32\powrprof.dll
0x00007ff99d2d0000 - 0x00007ff99d322000 	C:\WINDOWS\System32\shlwapi.dll
0x00007ff999760000 - 0x00007ff999771000 	C:\WINDOWS\System32\kernel.appcore.dll
0x00007ff999d60000 - 0x00007ff999d77000 	C:\WINDOWS\System32\cryptsp.dll
0x00007ff998b90000 - 0x00007ff998bc3000 	C:\WINDOWS\system32\rsaenh.dll
0x00007ff999d80000 - 0x00007ff999da6000 	C:\WINDOWS\System32\bcrypt.dll
0x00007ff999670000 - 0x00007ff999698000 	C:\WINDOWS\SYSTEM32\USERENV.dll
0x00007ff9991a0000 - 0x00007ff9991ac000 	C:\WINDOWS\SYSTEM32\CRYPTBASE.dll
0x0000000070840000 - 0x000000007085a000 	C:\Program Files\Java\jdk1.8.0_131\jre\bin\net.dll
0x00007ff998fd0000 - 0x00007ff999037000 	C:\WINDOWS\system32\mswsock.dll
0x00007ff998d30000 - 0x00007ff998d6d000 	C:\WINDOWS\SYSTEM32\IPHLPAPI.DLL
0x00007ff99b840000 - 0x00007ff99b848000 	C:\WINDOWS\System32\NSI.dll
0x00007ff98f660000 - 0x00007ff98f676000 	C:\WINDOWS\SYSTEM32\dhcpcsvc6.DLL
0x00007ff98f710000 - 0x00007ff98f72c000 	C:\WINDOWS\SYSTEM32\dhcpcsvc.DLL
0x00007ff998d70000 - 0x00007ff998e36000 	C:\WINDOWS\SYSTEM32\DNSAPI.dll
0x0000000070820000 - 0x0000000070831000 	C:\Program Files\Java\jdk1.8.0_131\jre\bin\nio.dll
0x00007ff9959e0000 - 0x00007ff9959ea000 	Z:\jansi-1.17.1-8517237132306690956.dll
0x00007ff9959d0000 - 0x00007ff9959da000 	Z:\jansi-1.17.1-628774542307300357.dll
0x0000000070810000 - 0x000000007081d000 	C:\Program Files\Java\jdk1.8.0_131\jre\bin\management.dll
0x00007ff9922d0000 - 0x00007ff9922e6000 	C:\WINDOWS\system32\napinsp.dll
0x00007ff9922b0000 - 0x00007ff9922ca000 	C:\WINDOWS\system32\pnrpnsp.dll
0x00007ff9922a0000 - 0x00007ff9922ae000 	C:\WINDOWS\System32\winrnr.dll
0x00007ff9958c0000 - 0x00007ff9958db000 	C:\WINDOWS\system32\NLAapi.dll
0x00007ff991ac0000 - 0x00007ff991ad5000 	C:\WINDOWS\system32\wshbth.dll
0x00007ff98a2c0000 - 0x00007ff98a2ca000 	C:\Windows\System32\rasadhlp.dll
0x00007ff98b2d0000 - 0x00007ff98b349000 	C:\WINDOWS\System32\fwpuclnt.dll

VM Arguments:
jvm_args: -Dmaven.multiModuleProjectDirectory=C:\Users\Asus\Downloads\team05-master\backend 
java_command: org.apache.maven.wrapper.MavenWrapperMain spring-boot:run
java_class_path (initial): C:\Users\Asus\Downloads\team05-master\backend\.mvn\wrapper\maven-wrapper.jar
Launcher Type: SUN_STANDARD

Environment Variables:
JAVA_HOME=C:\Program Files\Java\jdk1.8.0_131
PATH=C:\Program Files\Java\jdk1.8.0_131\bin;C:\ProgramData\Oracle\Java\javapath;C:\Windows\system32;C:\Windows;C:\Windows\System32\Wbem;C:\Windows\System32\WindowsPowerShell\v1.0\;C:\Windows\System32\OpenSSH\;C:\Program Files (x86)\NVIDIA Corporation\PhysX\Common;C:\Program Files\nodejs\;;C:\WINDOWS\system32;C:\WINDOWS;C:\WINDOWS\System32\Wbem;C:\WINDOWS\System32\WindowsPowerShell\v1.0\;C:\WINDOWS\System32\OpenSSH\;C:\Program Files\Java\jdk1.8.0_131\bin;C:\Users\Asus\AppData\Local\Programs\Microsoft VS Code\bin
USERNAME=Asus
OS=Windows_NT
PROCESSOR_IDENTIFIER=Intel64 Family 6 Model 158 Stepping 10, GenuineIntel



---------------  S Y S T E M  ---------------

OS: Windows 10.0 , 64 bit Build 17763 (10.0.17763.292)

CPU:total 12 (initial active 12) (6 cores per cpu, 2 threads per core) family 6 model 158 stepping 10, cmov, cx8, fxsr, mmx, sse, sse2, sse3, ssse3, sse4.1, sse4.2, popcnt, avx, avx2, aes, clmul, erms, 3dnowpref, lzcnt, ht, tsc, tscinvbit, bmi1, bmi2, adx

Memory: 4k page, physical 8239356k(2466952k free), swap 8239356k(6328k free)

vm_info: Java HotSpot(TM) 64-Bit Server VM (25.131-b11) for windows-amd64 JRE (1.8.0_131-b11), built on Mar 15 2017 01:23:53 by "java_re" with MS VC++ 10.0 (VS2010)

time: Sun Mar 03 00:38:37 2019
elapsed time: 9 seconds (0d 0h 0m 9s)

