#
# There is insufficient memory for the Java Runtime Environment to continue.
# Native memory allocation (malloc) failed to allocate 1048496 bytes for Chunk::new
# Possible reasons:
#   The system is out of physical RAM or swap space
#   In 32 bit mode, the process size limit was hit
# Possible solutions:
#   Reduce memory load on the system
#   Increase physical memory or swap space
#   Check if swap backing store is full
#   Use 64 bit Java on a 64 bit OS
#   Decrease Java heap size (-Xmx/-Xms)
#   Decrease number of Java threads
#   Decrease Java thread stack sizes (-Xss)
#   Set larger code cache with -XX:ReservedCodeCacheSize=
# This output file may be truncated or incomplete.
#
#  Out of Memory Error (allocation.cpp:390), pid=3656, tid=0x0000000000002460
#
# JRE version: Java(TM) SE Runtime Environment (8.0_131-b11) (build 1.8.0_131-b11)
# Java VM: Java HotSpot(TM) 64-Bit Server VM (25.131-b11 mixed mode windows-amd64 compressed oops)
# Failed to write core dump. Minidumps are not enabled by default on client versions of Windows
#

---------------  T H R E A D  ---------------

Current thread (0x0000000019109800):  JavaThread "C2 CompilerThread0" daemon [_thread_in_native, id=9312, stack(0x000000001a7f0000,0x000000001a8f0000)]

Stack: [0x000000001a7f0000,0x000000001a8f0000]
[error occurred during error reporting (printing stack bounds), id 0xc0000005]

Native frames: (J=compiled Java code, j=interpreted, Vv=VM code, C=native code)


Current CompileTask:
C2:   1664 1753   !   4       java.net.URL::<init> (543 bytes)


---------------  P R O C E S S  ---------------

Java Threads: ( => current thread )
  0x000000001bbca000 JavaThread "background-preinit" [_thread_in_vm, id=5512, stack(0x000000001cb00000,0x000000001cc00000)]
  0x00000000191af000 JavaThread "Service Thread" daemon [_thread_blocked, id=6600, stack(0x000000001abf0000,0x000000001acf0000)]
  0x0000000019113000 JavaThread "C1 CompilerThread3" daemon [_thread_in_vm, id=7484, stack(0x000000001aaf0000,0x000000001abf0000)]
  0x0000000019110000 JavaThread "C2 CompilerThread2" daemon [_thread_in_native, id=10020, stack(0x000000001a9f0000,0x000000001aaf0000)]
  0x000000001910f000 JavaThread "C2 CompilerThread1" daemon [_thread_in_native, id=6508, stack(0x000000001a8f0000,0x000000001a9f0000)]
=>0x0000000019109800 JavaThread "C2 CompilerThread0" daemon [_thread_in_native, id=9312, stack(0x000000001a7f0000,0x000000001a8f0000)]
  0x00000000190fd800 JavaThread "Monitor Ctrl-Break" daemon [_thread_in_native, id=7724, stack(0x000000001a6f0000,0x000000001a7f0000)]
  0x0000000019093000 JavaThread "Attach Listener" daemon [_thread_blocked, id=5324, stack(0x000000001a5f0000,0x000000001a6f0000)]
  0x0000000019092000 JavaThread "Signal Dispatcher" daemon [_thread_blocked, id=4052, stack(0x000000001a4f0000,0x000000001a5f0000)]
  0x0000000019083000 JavaThread "Finalizer" daemon [_thread_blocked, id=4328, stack(0x000000001a2f0000,0x000000001a3f0000)]
  0x000000001798c800 JavaThread "Reference Handler" daemon [_thread_blocked, id=3812, stack(0x000000001a1f0000,0x000000001a2f0000)]
  0x00000000025ed800 JavaThread "main" [_thread_in_Java, id=5992, stack(0x0000000002490000,0x0000000002590000)]

Other Threads:
  0x00000000026ec800 VMThread [stack: 0x000000001a0f0000,0x000000001a1f0000] [id=7496]
  0x0000000019200000 WatcherThread [stack: 0x000000001acf0000,0x000000001adf0000] [id=164]

VM state:not at safepoint (normal execution)

VM Mutex/Monitor currently owned by a thread:  ([mutex/lock_event])
[0x00000000025f48a0] CodeCache_lock - owner thread: 0x0000000000000000

Heap:
 PSYoungGen      total 70656K, used 7417K [0x00000000d6180000, 0x00000000dab80000, 0x0000000100000000)
  eden space 65536K, 4% used [0x00000000d6180000,0x00000000d644a650,0x00000000da180000)
  from space 5120K, 89% used [0x00000000da680000,0x00000000daaf40e0,0x00000000dab80000)
  to   space 5120K, 0% used [0x00000000da180000,0x00000000da180000,0x00000000da680000)
 ParOldGen       total 56832K, used 8039K [0x0000000082400000, 0x0000000085b80000, 0x00000000d6180000)
  object space 56832K, 14% used [0x0000000082400000,0x0000000082bd9d78,0x0000000085b80000)
 Metaspace       used 24134K, capacity 24978K, committed 25088K, reserved 1071104K
  class space    used 3112K, capacity 3322K, committed 3328K, reserved 1048576K

Card table byte_map: [0x0000000011c40000,0x0000000012030000] byte_map_base: 0x000000001182e000

Marking Bits: (ParMarkBitMap*) 0x0000000065c7c720
 Begin Bits: [0x0000000012cd0000, 0x0000000014c40000)
 End Bits:   [0x0000000014c40000, 0x0000000016bb0000)

Polling page: 0x0000000000590000

CodeCache: size=245760Kb used=7162Kb max_used=7162Kb free=238597Kb
 bounds [0x0000000002880000, 0x0000000002f90000, 0x0000000011880000]
 total_blobs=2348 nmethods=1965 adapters=295
 compilation: enabled

Compilation events (10 events):
Event: 1.655 Thread 0x0000000019113000 nmethod 1944 0x0000000002f60a50 code [0x0000000002f60ba0, 0x0000000002f60d50]
Event: 1.655 Thread 0x0000000019113000 1945       3       com.sun.org.apache.xerces.internal.impl.XMLDocumentScannerImpl::next (10 bytes)
Event: 1.655 Thread 0x0000000019113000 nmethod 1945 0x0000000002f6d750 code [0x0000000002f6d8c0, 0x0000000002f6dae8]
Event: 1.655 Thread 0x0000000019113000 1968       3       com.sun.org.apache.xerces.internal.util.XMLAttributesImpl::getReportableType (15 bytes)
Event: 1.655 Thread 0x0000000019113000 nmethod 1968 0x0000000002f6db90 code [0x0000000002f6dd20, 0x0000000002f6e0a8]
Event: 1.655 Thread 0x0000000019113000 1969       3       org.xml.sax.helpers.AttributesImpl::getLocalName (25 bytes)
Event: 1.656 Thread 0x0000000019113000 nmethod 1969 0x0000000002f6e250 code [0x0000000002f6e3c0, 0x0000000002f6e5d0]
Event: 1.656 Thread 0x0000000019113000 1970   !   3       com.sun.org.apache.xerces.internal.impl.XMLDocumentFragmentScannerImpl$FragmentContentDriver::next (2346 bytes)
Event: 1.661 Thread 0x0000000019113000 nmethod 1970 0x0000000002f6e6d0 code [0x0000000002f6f0c0, 0x0000000002f76058]
Event: 1.661 Thread 0x0000000019113000 1972       3       com.sun.org.apache.xerces.internal.impl.XMLEntityScanner::scanLiteral (755 bytes)

GC Heap History (10 events):
Event: 1.051 GC heap before
{Heap before GC invocations=3 (full 0):
 PSYoungGen      total 37888K, used 37179K [0x00000000d6180000, 0x00000000dab80000, 0x0000000100000000)
  eden space 32768K, 100% used [0x00000000d6180000,0x00000000d8180000,0x00000000d8180000)
  from space 5120K, 86% used [0x00000000d8680000,0x00000000d8acee10,0x00000000d8b80000)
  to   space 5120K, 0% used [0x00000000d8180000,0x00000000d8180000,0x00000000d8680000)
 ParOldGen       total 86016K, used 24K [0x0000000082400000, 0x0000000087800000, 0x00000000d6180000)
  object space 86016K, 0% used [0x0000000082400000,0x0000000082406000,0x0000000087800000)
 Metaspace       used 15089K, capacity 15564K, committed 15616K, reserved 1062912K
  class space    used 1907K, capacity 2035K, committed 2048K, reserved 1048576K
Event: 1.057 GC heap after
Heap after GC invocations=3 (full 0):
 PSYoungGen      total 37888K, used 5091K [0x00000000d6180000, 0x00000000dab80000, 0x0000000100000000)
  eden space 32768K, 0% used [0x00000000d6180000,0x00000000d6180000,0x00000000d8180000)
  from space 5120K, 99% used [0x00000000d8180000,0x00000000d8678fe0,0x00000000d8680000)
  to   space 5120K, 0% used [0x00000000da680000,0x00000000da680000,0x00000000dab80000)
 ParOldGen       total 86016K, used 461K [0x0000000082400000, 0x0000000087800000, 0x00000000d6180000)
  object space 86016K, 0% used [0x0000000082400000,0x0000000082473480,0x0000000087800000)
 Metaspace       used 15089K, capacity 15564K, committed 15616K, reserved 1062912K
  class space    used 1907K, capacity 2035K, committed 2048K, reserved 1048576K
}
Event: 1.190 GC heap before
{Heap before GC invocations=4 (full 0):
 PSYoungGen      total 37888K, used 37859K [0x00000000d6180000, 0x00000000dab80000, 0x0000000100000000)
  eden space 32768K, 100% used [0x00000000d6180000,0x00000000d8180000,0x00000000d8180000)
  from space 5120K, 99% used [0x00000000d8180000,0x00000000d8678fe0,0x00000000d8680000)
  to   space 5120K, 0% used [0x00000000da680000,0x00000000da680000,0x00000000dab80000)
 ParOldGen       total 86016K, used 461K [0x0000000082400000, 0x0000000087800000, 0x00000000d6180000)
  object space 86016K, 0% used [0x0000000082400000,0x0000000082473508,0x0000000087800000)
 Metaspace       used 16973K, capacity 17520K, committed 17792K, reserved 1064960K
  class space    used 2232K, capacity 2401K, committed 2432K, reserved 1048576K
Event: 1.196 GC heap after
Heap after GC invocations=4 (full 0):
 PSYoungGen      total 70656K, used 5092K [0x00000000d6180000, 0x00000000dab80000, 0x0000000100000000)
  eden space 65536K, 0% used [0x00000000d6180000,0x00000000d6180000,0x00000000da180000)
  from space 5120K, 99% used [0x00000000da680000,0x00000000dab790e0,0x00000000dab80000)
  to   space 5120K, 0% used [0x00000000da180000,0x00000000da180000,0x00000000da680000)
 ParOldGen       total 86016K, used 1387K [0x0000000082400000, 0x0000000087800000, 0x00000000d6180000)
  object space 86016K, 1% used [0x0000000082400000,0x000000008255ac48,0x0000000087800000)
 Metaspace       used 16973K, capacity 17520K, committed 17792K, reserved 1064960K
  class space    used 2232K, capacity 2401K, committed 2432K, reserved 1048576K
}
Event: 1.411 GC heap before
{Heap before GC invocations=5 (full 0):
 PSYoungGen      total 70656K, used 41523K [0x00000000d6180000, 0x00000000dab80000, 0x0000000100000000)
  eden space 65536K, 55% used [0x00000000d6180000,0x00000000d8513d98,0x00000000da180000)
  from space 5120K, 99% used [0x00000000da680000,0x00000000dab790e0,0x00000000dab80000)
  to   space 5120K, 0% used [0x00000000da180000,0x00000000da180000,0x00000000da680000)
 ParOldGen       total 86016K, used 1387K [0x0000000082400000, 0x0000000087800000, 0x00000000d6180000)
  object space 86016K, 1% used [0x0000000082400000,0x000000008255ac48,0x0000000087800000)
 Metaspace       used 20528K, capacity 21216K, committed 21248K, reserved 1067008K
  class space    used 2631K, capacity 2807K, committed 2816K, reserved 1048576K
Event: 1.420 GC heap after
Heap after GC invocations=5 (full 0):
 PSYoungGen      total 70656K, used 5093K [0x00000000d6180000, 0x00000000dab80000, 0x0000000100000000)
  eden space 65536K, 0% used [0x00000000d6180000,0x00000000d6180000,0x00000000da180000)
  from space 5120K, 99% used [0x00000000da180000,0x00000000da679740,0x00000000da680000)
  to   space 5120K, 0% used [0x00000000da680000,0x00000000da680000,0x00000000dab80000)
 ParOldGen       total 86016K, used 4458K [0x0000000082400000, 0x0000000087800000, 0x00000000d6180000)
  object space 86016K, 5% used [0x0000000082400000,0x000000008285a9a8,0x0000000087800000)
 Metaspace       used 20528K, capacity 21216K, committed 21248K, reserved 1067008K
  class space    used 2631K, capacity 2807K, committed 2816K, reserved 1048576K
}
Event: 1.420 GC heap before
{Heap before GC invocations=6 (full 1):
 PSYoungGen      total 70656K, used 5093K [0x00000000d6180000, 0x00000000dab80000, 0x0000000100000000)
  eden space 65536K, 0% used [0x00000000d6180000,0x00000000d6180000,0x00000000da180000)
  from space 5120K, 99% used [0x00000000da180000,0x00000000da679740,0x00000000da680000)
  to   space 5120K, 0% used [0x00000000da680000,0x00000000da680000,0x00000000dab80000)
 ParOldGen       total 86016K, used 4458K [0x0000000082400000, 0x0000000087800000, 0x00000000d6180000)
  object space 86016K, 5% used [0x0000000082400000,0x000000008285a9a8,0x0000000087800000)
 Metaspace       used 20528K, capacity 21216K, committed 21248K, reserved 1067008K
  class space    used 2631K, capacity 2807K, committed 2816K, reserved 1048576K
Event: 1.446 GC heap after
Heap after GC invocations=6 (full 1):
 PSYoungGen      total 70656K, used 0K [0x00000000d6180000, 0x00000000dab80000, 0x0000000100000000)
  eden space 65536K, 0% used [0x00000000d6180000,0x00000000d6180000,0x00000000da180000)
  from space 5120K, 0% used [0x00000000da180000,0x00000000da180000,0x00000000da680000)
  to   space 5120K, 0% used [0x00000000da680000,0x00000000da680000,0x00000000dab80000)
 ParOldGen       total 56832K, used 8028K [0x0000000082400000, 0x0000000085b80000, 0x00000000d6180000)
  object space 56832K, 14% used [0x0000000082400000,0x0000000082bd7348,0x0000000085b80000)
 Metaspace       used 20528K, capacity 21216K, committed 21248K, reserved 1067008K
  class space    used 2631K, capacity 2807K, committed 2816K, reserved 1048576K
}
Event: 1.646 GC heap before
{Heap before GC invocations=7 (full 1):
 PSYoungGen      total 70656K, used 65536K [0x00000000d6180000, 0x00000000dab80000, 0x0000000100000000)
  eden space 65536K, 100% used [0x00000000d6180000,0x00000000da180000,0x00000000da180000)
  from space 5120K, 0% used [0x00000000da180000,0x00000000da180000,0x00000000da680000)
  to   space 5120K, 0% used [0x00000000da680000,0x00000000da680000,0x00000000dab80000)
 ParOldGen       total 56832K, used 8031K [0x0000000082400000, 0x0000000085b80000, 0x00000000d6180000)
  object space 56832K, 14% used [0x0000000082400000,0x0000000082bd7d78,0x0000000085b80000)
 Metaspace       used 24024K, capacity 24852K, committed 25088K, reserved 1071104K
  class space    used 3099K, capacity 3311K, committed 3328K, reserved 1048576K
Event: 1.649 GC heap after
Heap after GC invocations=7 (full 1):
 PSYoungGen      total 70656K, used 4560K [0x00000000d6180000, 0x00000000dab80000, 0x0000000100000000)
  eden space 65536K, 0% used [0x00000000d6180000,0x00000000d6180000,0x00000000da180000)
  from space 5120K, 89% used [0x00000000da680000,0x00000000daaf40e0,0x00000000dab80000)
  to   space 5120K, 0% used [0x00000000da180000,0x00000000da180000,0x00000000da680000)
 ParOldGen       total 56832K, used 8039K [0x0000000082400000, 0x0000000085b80000, 0x00000000d6180000)
  object space 56832K, 14% used [0x0000000082400000,0x0000000082bd9d78,0x0000000085b80000)
 Metaspace       used 24024K, capacity 24852K, committed 25088K, reserved 1071104K
  class space    used 3099K, capacity 3311K, committed 3328K, reserved 1048576K
}

Deoptimization events (10 events):
Event: 1.034 Thread 0x000000001bbca000 Uncommon trap: reason=unstable_if action=reinterpret pc=0x0000000002cc70bc method=java.util.concurrent.ConcurrentHashMap.addCount(JI)V @ 168
Event: 1.074 Thread 0x00000000025ed800 Uncommon trap: reason=unstable_if action=reinterpret pc=0x0000000002ce3054 method=java.net.URL.<init>(Ljava/net/URL;Ljava/lang/String;Ljava/net/URLStreamHandler;)V @ 347
Event: 1.168 Thread 0x00000000025ed800 Uncommon trap: reason=null_assert action=make_not_entrant pc=0x0000000002ceff30 method=java.util.zip.ZipEntry.<init>(Ljava/util/zip/ZipEntry;)V @ 70
Event: 1.183 Thread 0x00000000025ed800 Uncommon trap: reason=unstable_if action=reinterpret pc=0x0000000002b16574 method=java.util.HashMap.hash(Ljava/lang/Object;)I @ 1
Event: 1.184 Thread 0x00000000025ed800 Uncommon trap: reason=unstable_if action=reinterpret pc=0x0000000002d24bd0 method=org.springframework.boot.context.properties.source.ConfigurationPropertyName$ElementValidator.isValidChar(CI)Z @ 21
Event: 1.530 Thread 0x00000000025ed800 Uncommon trap: reason=unstable_if action=reinterpret pc=0x0000000002e8aa20 method=org.springframework.asm.ClassReader.readUTF8(I[C)Ljava/lang/String; @ 7
Event: 1.530 Thread 0x00000000025ed800 Uncommon trap: reason=unstable_if action=reinterpret pc=0x0000000002c0a028 method=org.springframework.asm.ClassReader.readUTF8(I[C)Ljava/lang/String; @ 11
Event: 1.552 Thread 0x000000001bbca000 Uncommon trap: reason=unstable_if action=reinterpret pc=0x0000000002d9aca8 method=jdk.internal.org.objectweb.asm.Type.getArgumentsAndReturnSizes(Ljava/lang/String;)I @ 47
Event: 1.583 Thread 0x00000000025ed800 Uncommon trap: reason=unstable_if action=reinterpret pc=0x0000000002cadacc method=java.util.jar.Manifest$FastInputStream.readLine([BII)I @ 87
Event: 1.655 Thread 0x000000001bbca000 Uncommon trap: reason=unstable_if action=reinterpret pc=0x0000000002f63fcc method=com.sun.org.apache.xerces.internal.impl.XMLEntityScanner.scanLiteral(ILcom/sun/org/apache/xerces/internal/xni/XMLString;Z)I @ 570

Internal exceptions (10 events):
Event: 0.979 Thread 0x00000000025ed800 Exception <a 'java/lang/NoSuchMethodError': java.lang.Object.lambda$chars$0()Ljava/util/Spliterator$OfInt;> (0x00000000d77856f8) thrown at [C:\re\workspace\8-2-build-windows-amd64-cygwin\jdk8u131\8869\hotspot\src\share\vm\interpreter\linkResolver.cpp, lin
Event: 1.183 Thread 0x00000000025ed800 Implicit null exception at 0x0000000002b16395 to 0x0000000002b16565
Event: 1.266 Thread 0x00000000025ed800 Exception <a 'java/lang/ClassNotFoundException': java/lang/ObjectCustomizer> (0x00000000d70715f0) thrown at [C:\re\workspace\8-2-build-windows-amd64-cygwin\jdk8u131\8869\hotspot\src\share\vm\classfile\systemDictionary.cpp, line 210]
Event: 1.268 Thread 0x00000000025ed800 Exception <a 'java/lang/ClassNotFoundException': org/springframework/context/annotation/ConfigurationClassPostProcessorCustomizer> (0x00000000d70a4ee8) thrown at [C:\re\workspace\8-2-build-windows-amd64-cygwin\jdk8u131\8869\hotspot\src\share\vm\classfile\
Event: 1.272 Thread 0x00000000025ed800 Exception <a 'java/lang/ClassNotFoundException': org/springframework/beans/factory/support/BeanDefinitionRegistryPostProcessorCustomizer> (0x00000000d7112820) thrown at [C:\re\workspace\8-2-build-windows-amd64-cygwin\jdk8u131\8869\hotspot\src\share\vm\cla
Event: 1.273 Thread 0x00000000025ed800 Exception <a 'java/lang/ClassNotFoundException': org/springframework/core/PriorityOrderedCustomizer> (0x00000000d712c400) thrown at [C:\re\workspace\8-2-build-windows-amd64-cygwin\jdk8u131\8869\hotspot\src\share\vm\classfile\systemDictionary.cpp, line 210
Event: 1.273 Thread 0x00000000025ed800 Exception <a 'java/lang/ClassNotFoundException': org/springframework/context/ResourceLoaderAwareCustomizer> (0x00000000d71f1b68) thrown at [C:\re\workspace\8-2-build-windows-amd64-cygwin\jdk8u131\8869\hotspot\src\share\vm\classfile\systemDictionary.cpp, l
Event: 1.274 Thread 0x00000000025ed800 Exception <a 'java/lang/ClassNotFoundException': org/springframework/beans/factory/BeanClassLoaderAwareCustomizer> (0x00000000d7210a88) thrown at [C:\re\workspace\8-2-build-windows-amd64-cygwin\jdk8u131\8869\hotspot\src\share\vm\classfile\systemDictionary
Event: 1.274 Thread 0x00000000025ed800 Exception <a 'java/lang/ClassNotFoundException': org/springframework/context/EnvironmentAwareCustomizer> (0x00000000d722c2d0) thrown at [C:\re\workspace\8-2-build-windows-amd64-cygwin\jdk8u131\8869\hotspot\src\share\vm\classfile\systemDictionary.cpp, line
Event: 1.556 Thread 0x000000001bbca000 Exception <a 'java/lang/IncompatibleClassChangeError': Found class java.lang.Object, but interface was expected> (0x00000000d7677580) thrown at [C:\re\workspace\8-2-build-windows-amd64-cygwin\jdk8u131\8869\hotspot\src\share\vm\interpreter\linkResolver.cpp

Events (10 events):
Event: 1.660 loading class org/springframework/context/annotation/ConfigurationClassBeanDefinitionReader$ConfigurationClassBeanDefinition
Event: 1.660 loading class org/springframework/context/annotation/ConfigurationClassBeanDefinitionReader$ConfigurationClassBeanDefinition done
Event: 1.660 Executing VM operation: Deoptimize
Event: 1.661 Executing VM operation: Deoptimize done
Event: 1.661 loading class org/springframework/boot/autoconfigure/AutoConfigurationPackages$PackageImport
Event: 1.661 loading class org/springframework/boot/autoconfigure/AutoConfigurationPackages$PackageImport done
Event: 1.661 loading class org/springframework/boot/autoconfigure/AutoConfigurationPackages
Event: 1.661 loading class org/springframework/boot/autoconfigure/AutoConfigurationPackages done
Event: 1.662 loading class org/springframework/boot/autoconfigure/AutoConfigurationPackages$BasePackages
Event: 1.662 loading class org/springframework/boot/autoconfigure/AutoConfigurationPackages$BasePackages done


Dynamic libraries:
0x00007ff794cb0000 - 0x00007ff794ce7000 	C:\Program Files\Java\jdk1.8.0_131\bin\java.exe
0x00007ff95c9f0000 - 0x00007ff95cbdd000 	C:\WINDOWS\SYSTEM32\ntdll.dll
0x00007ff959c20000 - 0x00007ff959cd3000 	C:\WINDOWS\System32\KERNEL32.DLL
0x00007ff959380000 - 0x00007ff959613000 	C:\WINDOWS\System32\KERNELBASE.dll
0x00007ff95c910000 - 0x00007ff95c9b3000 	C:\WINDOWS\System32\ADVAPI32.dll
0x00007ff959e20000 - 0x00007ff959ebe000 	C:\WINDOWS\System32\msvcrt.dll
0x00007ff95b130000 - 0x00007ff95b1ce000 	C:\WINDOWS\System32\sechost.dll
0x00007ff95b1e0000 - 0x00007ff95b302000 	C:\WINDOWS\System32\RPCRT4.dll
0x00007ff95a120000 - 0x00007ff95a2b7000 	C:\WINDOWS\System32\USER32.dll
0x00007ff959330000 - 0x00007ff959350000 	C:\WINDOWS\System32\win32u.dll
0x00007ff95ae70000 - 0x00007ff95ae99000 	C:\WINDOWS\System32\GDI32.dll
0x00007ff959720000 - 0x00007ff9598ba000 	C:\WINDOWS\System32\gdi32full.dll
0x00007ff958ac0000 - 0x00007ff958b60000 	C:\WINDOWS\System32\msvcp_win.dll
0x00007ff959620000 - 0x00007ff95971c000 	C:\WINDOWS\System32\ucrtbase.dll
0x00007ff946580000 - 0x00007ff9467f9000 	C:\WINDOWS\WinSxS\amd64_microsoft.windows.common-controls_6595b64144ccf1df_6.0.17763.316_none_05b53be2071f46b6\COMCTL32.dll
0x00007ff95aae0000 - 0x00007ff95ae0d000 	C:\WINDOWS\System32\combase.dll
0x00007ff959ba0000 - 0x00007ff959c1e000 	C:\WINDOWS\System32\bcryptPrimitives.dll
0x00007ff95a020000 - 0x00007ff95a04e000 	C:\WINDOWS\System32\IMM32.DLL
0x0000000065d00000 - 0x0000000065dd2000 	C:\Program Files\Java\jdk1.8.0_131\jre\bin\msvcr100.dll
0x0000000065460000 - 0x0000000065cfc000 	C:\Program Files\Java\jdk1.8.0_131\jre\bin\server\jvm.dll
0x00007ff95aa70000 - 0x00007ff95aa78000 	C:\WINDOWS\System32\PSAPI.DLL
0x00007ff9551e0000 - 0x00007ff9551e9000 	C:\WINDOWS\SYSTEM32\WSOCK32.dll
0x00007ff9550f0000 - 0x00007ff955114000 	C:\WINDOWS\SYSTEM32\WINMM.dll
0x00007ff94e950000 - 0x00007ff94e95a000 	C:\WINDOWS\SYSTEM32\VERSION.dll
0x00007ff95aa00000 - 0x00007ff95aa6d000 	C:\WINDOWS\System32\WS2_32.dll
0x00007ff9550c0000 - 0x00007ff9550ed000 	C:\WINDOWS\SYSTEM32\WINMMBASE.dll
0x00007ff959b50000 - 0x00007ff959b9a000 	C:\WINDOWS\System32\cfgmgr32.dll
0x0000000065450000 - 0x000000006545f000 	C:\Program Files\Java\jdk1.8.0_131\jre\bin\verify.dll
0x0000000065420000 - 0x0000000065449000 	C:\Program Files\Java\jdk1.8.0_131\jre\bin\java.dll
0x0000000065380000 - 0x00000000653a3000 	C:\Program Files\Java\jdk1.8.0_131\jre\bin\instrument.dll
0x0000000065400000 - 0x0000000065416000 	C:\Program Files\Java\jdk1.8.0_131\jre\bin\zip.dll
0x00007ff95b370000 - 0x00007ff95c85f000 	C:\WINDOWS\System32\SHELL32.dll
0x00007ff95a950000 - 0x00007ff95a9f8000 	C:\WINDOWS\System32\shcore.dll
0x00007ff958bc0000 - 0x00007ff95930a000 	C:\WINDOWS\System32\windows.storage.dll
0x00007ff958a70000 - 0x00007ff958a94000 	C:\WINDOWS\System32\profapi.dll
0x00007ff9589f0000 - 0x00007ff958a4d000 	C:\WINDOWS\System32\powrprof.dll
0x00007ff95a740000 - 0x00007ff95a792000 	C:\WINDOWS\System32\shlwapi.dll
0x00007ff958a50000 - 0x00007ff958a61000 	C:\WINDOWS\System32\kernel.appcore.dll
0x00007ff959310000 - 0x00007ff959327000 	C:\WINDOWS\System32\cryptsp.dll
0x00007ff941ec0000 - 0x00007ff941eda000 	C:\Program Files\JetBrains\IntelliJ IDEA Community Edition 2018.3.3\bin\breakgen64.dll
0x00000000653e0000 - 0x00000000653fa000 	C:\Program Files\Java\jdk1.8.0_131\jre\bin\net.dll
0x00007ff958280000 - 0x00007ff9582e7000 	C:\WINDOWS\system32\mswsock.dll
0x00000000653c0000 - 0x00000000653d1000 	C:\Program Files\Java\jdk1.8.0_131\jre\bin\nio.dll
0x00000000653b0000 - 0x00000000653bd000 	C:\Program Files\Java\jdk1.8.0_131\jre\bin\management.dll
0x00007ff932b60000 - 0x00007ff932b76000 	C:\WINDOWS\system32\napinsp.dll
0x00007ff932b40000 - 0x00007ff932b5a000 	C:\WINDOWS\system32\pnrpnsp.dll
0x00007ff958020000 - 0x00007ff9580e6000 	C:\WINDOWS\SYSTEM32\DNSAPI.dll
0x00007ff959ce0000 - 0x00007ff959ce8000 	C:\WINDOWS\System32\NSI.dll
0x00007ff957fe0000 - 0x00007ff95801d000 	C:\WINDOWS\SYSTEM32\IPHLPAPI.DLL
0x00007ff93c930000 - 0x00007ff93c93e000 	C:\WINDOWS\System32\winrnr.dll
0x00007ff955080000 - 0x00007ff95509b000 	C:\WINDOWS\system32\NLAapi.dll
0x00007ff94ed20000 - 0x00007ff94ed35000 	C:\WINDOWS\system32\wshbth.dll
0x00007ff948f50000 - 0x00007ff948f5a000 	C:\Windows\System32\rasadhlp.dll
0x00007ff949890000 - 0x00007ff949909000 	C:\WINDOWS\System32\fwpuclnt.dll
0x00007ff959350000 - 0x00007ff959376000 	C:\WINDOWS\System32\bcrypt.dll

VM Arguments:
jvm_args: -ea -Didea.test.cyclic.buffer.size=1048576 -javaagent:C:\Program Files\JetBrains\IntelliJ IDEA Community Edition 2018.3.3\lib\idea_rt.jar=53250:C:\Program Files\JetBrains\IntelliJ IDEA Community Edition 2018.3.3\bin -Dfile.encoding=UTF-8 
java_command: com.intellij.rt.execution.junit.JUnitStarter -ideVersion5 -junit4 com.sut.se.g05.InformationempTest
java_class_path (initial): C:\Program Files\JetBrains\IntelliJ IDEA Community Edition 2018.3.3\lib\idea_rt.jar;C:\Program Files\JetBrains\IntelliJ IDEA Community Edition 2018.3.3\plugins\junit\lib\junit-rt.jar;C:\Program Files\JetBrains\IntelliJ IDEA Community Edition 2018.3.3\plugins\junit\lib\junit5-rt.jar;C:\Program Files\Java\jdk1.8.0_131\jre\lib\charsets.jar;C:\Program Files\Java\jdk1.8.0_131\jre\lib\deploy.jar;C:\Program Files\Java\jdk1.8.0_131\jre\lib\ext\access-bridge-64.jar;C:\Program Files\Java\jdk1.8.0_131\jre\lib\ext\cldrdata.jar;C:\Program Files\Java\jdk1.8.0_131\jre\lib\ext\dnsns.jar;C:\Program Files\Java\jdk1.8.0_131\jre\lib\ext\jaccess.jar;C:\Program Files\Java\jdk1.8.0_131\jre\lib\ext\jfxrt.jar;C:\Program Files\Java\jdk1.8.0_131\jre\lib\ext\localedata.jar;C:\Program Files\Java\jdk1.8.0_131\jre\lib\ext\nashorn.jar;C:\Program Files\Java\jdk1.8.0_131\jre\lib\ext\sunec.jar;C:\Program Files\Java\jdk1.8.0_131\jre\lib\ext\sunjce_provider.jar;C:\Program Files\Java\jdk1.8.0_131\jre\lib\ext\sunmscapi.jar;C:\Program Files\Java\jdk1.8.0_131\jre\lib\ext\sunpkcs11.jar;C:\Program Files\Java\jdk1.8.0_131\jre\lib\ext\zipfs.jar;C:\Program Files\Java\jdk1.8.0_131\jre\lib\javaws.jar;C:\Program Files\Java\jdk1.8.0_131\jre\lib\jce.jar;C:\Program Files\Java\jdk1.8.0_131\jre\lib\jfr.jar;C:\Program Files\Java\jdk1.8.0_131\jre\lib\jfxswt.jar;C:\Program Files\Java\jdk1.8.0_131\jre\lib\jsse.jar;C:\Program Files\Java\jdk1.8.0_131\jre\lib\management-agent.jar;C:\Program Files\Java\jdk1.8.0_131\jre\lib\plugin.jar;C:\Program Files\Java\jdk1.8.0_131\jre\lib\resources.jar;C:\Program Files\Java\jdk1.8.0_131\jre\lib\rt.jar;C:\Users\Asus\Downloads\team05-master\backend\target\test-classes;C:\Users\Asus\Downloads\team05-master\backend\target\classes;C:\Users\Asus\.m2\repository\org\springframework\boot\spring-boot-starter-actuator\2.0.7.RELEASE\spring-boot-starter-actuator-2.0.7.RELEASE.jar;C:\Users\Asus\.m2\repository\org\springframework\boot\spring-boot-starter\2.0.7.RELEASE\spring-
Launcher Type: SUN_STANDARD

Environment Variables:
JAVA_HOME=C:\Program Files\Java\jdk1.8.0_131
PATH=C:\Program Files\Java\jdk1.8.0_131\bin;C:\ProgramData\Oracle\Java\javapath;C:\Windows\system32;C:\Windows;C:\Windows\System32\Wbem;C:\Windows\System32\WindowsPowerShell\v1.0\;C:\Windows\System32\OpenSSH\;C:\Program Files (x86)\NVIDIA Corporation\PhysX\Common;C:\Program Files\nodejs\;;C:\WINDOWS\system32;C:\WINDOWS;C:\WINDOWS\System32\Wbem;C:\WINDOWS\System32\WindowsPowerShell\v1.0\;C:\WINDOWS\System32\OpenSSH\;C:\Program Files\Java\jdk1.8.0_131\bin;C:\Users\Asus\AppData\Local\Programs\Microsoft VS Code\bin
USERNAME=Asus
OS=Windows_NT
PROCESSOR_IDENTIFIER=Intel64 Family 6 Model 158 Stepping 10, GenuineIntel



---------------  S Y S T E M  ---------------

OS: Windows 10.0 , 64 bit Build 17763 (10.0.17763.292)

CPU:total 12 (initial active 12) (6 cores per cpu, 2 threads per core) family 6 model 158 stepping 10, cmov, cx8, fxsr, mmx, sse, sse2, sse3, ssse3, sse4.1, sse4.2, popcnt, avx, avx2, aes, clmul, erms, 3dnowpref, lzcnt, ht, tsc, tscinvbit, bmi1, bmi2, adx

Memory: 4k page, physical 8239356k(2621908k free), swap 8239356k(5156k free)

vm_info: Java HotSpot(TM) 64-Bit Server VM (25.131-b11) for windows-amd64 JRE (1.8.0_131-b11), built on Mar 15 2017 01:23:53 by "java_re" with MS VC++ 10.0 (VS2010)

time: Sat Mar 02 23:41:01 2019
elapsed time: 1 seconds (0d 0h 0m 1s)

