#
# There is insufficient memory for the Java Runtime Environment to continue.
# Native memory allocation (malloc) failed to allocate 1502416 bytes for Chunk::new
# Possible reasons:
#   The system is out of physical RAM or swap space
#   In 32 bit mode, the process size limit was hit
# Possible solutions:
#   Reduce memory load on the system
#   Increase physical memory or swap space
#   Check if swap backing store is full
#   Use 64 bit Java on a 64 bit OS
#   Decrease Java heap size (-Xmx/-Xms)
#   Decrease number of Java threads
#   Decrease Java thread stack sizes (-Xss)
#   Set larger code cache with -XX:ReservedCodeCacheSize=
# This output file may be truncated or incomplete.
#
#  Out of Memory Error (allocation.cpp:390), pid=9648, tid=0x000000000000054c
#
# JRE version: Java(TM) SE Runtime Environment (8.0_131-b11) (build 1.8.0_131-b11)
# Java VM: Java HotSpot(TM) 64-Bit Server VM (25.131-b11 mixed mode windows-amd64 compressed oops)
# Failed to write core dump. Minidumps are not enabled by default on client versions of Windows
#

---------------  T H R E A D  ---------------

Current thread (0x0000000019bd9800):  JavaThread "C2 CompilerThread2" daemon [_thread_in_native, id=1356, stack(0x000000001b420000,0x000000001b520000)]

Stack: [0x000000001b420000,0x000000001b520000]
[error occurred during error reporting (printing stack bounds), id 0xc0000005]

Native frames: (J=compiled Java code, j=interpreted, Vv=VM code, C=native code)


Current CompileTask:
C2:   4367 4845       4       org.springframework.asm.ClassReader::readCode (3619 bytes)


---------------  P R O C E S S  ---------------

Java Threads: ( => current thread )
  0x000000002011c000 JavaThread "main" [_thread_in_Java, id=3612, stack(0x000000001fcd0000,0x000000001fdd0000)]
  0x0000000019c61800 JavaThread "Service Thread" daemon [_thread_blocked, id=10632, stack(0x000000001b620000,0x000000001b720000)]
  0x0000000019bda000 JavaThread "C1 CompilerThread3" daemon [_thread_blocked, id=4312, stack(0x000000001b520000,0x000000001b620000)]
=>0x0000000019bd9800 JavaThread "C2 CompilerThread2" daemon [_thread_in_native, id=1356, stack(0x000000001b420000,0x000000001b520000)]
  0x0000000019bd4800 JavaThread "C2 CompilerThread1" daemon [_thread_in_native, id=11664, stack(0x000000001b320000,0x000000001b420000)]
  0x0000000019bcd800 JavaThread "C2 CompilerThread0" daemon [_thread_in_native, id=2808, stack(0x000000001b220000,0x000000001b320000)]
  0x0000000019bc9000 JavaThread "Attach Listener" daemon [_thread_blocked, id=8604, stack(0x000000001b120000,0x000000001b220000)]
  0x0000000019bc8000 JavaThread "Signal Dispatcher" daemon [_thread_blocked, id=3100, stack(0x000000001b020000,0x000000001b120000)]
  0x0000000019bc3000 JavaThread "Finalizer" daemon [_thread_blocked, id=5776, stack(0x000000001ae20000,0x000000001af20000)]
  0x00000000033e9000 JavaThread "Reference Handler" daemon [_thread_blocked, id=9576, stack(0x000000001ad20000,0x000000001ae20000)]
  0x00000000032ed800 JavaThread "main" [_thread_blocked, id=9624, stack(0x0000000003120000,0x0000000003220000)]

Other Threads:
  0x0000000019ba2800 VMThread [stack: 0x000000001ac20000,0x000000001ad20000] [id=11908]
  0x0000000019c97000 WatcherThread [stack: 0x000000001b720000,0x000000001b820000] [id=10636]

VM state:not at safepoint (normal execution)

VM Mutex/Monitor currently owned by a thread: None

Heap:
 PSYoungGen      total 207360K, used 96349K [0x00000000d6180000, 0x00000000e7e80000, 0x0000000100000000)
  eden space 192512K, 50% used [0x00000000d6180000,0x00000000dbf97480,0x00000000e1d80000)
  from space 14848K, 0% used [0x00000000e7000000,0x00000000e7000000,0x00000000e7e80000)
  to   space 16896K, 0% used [0x00000000e5d80000,0x00000000e5d80000,0x00000000e6e00000)
 ParOldGen       total 81920K, used 36394K [0x0000000082400000, 0x0000000087400000, 0x00000000d6180000)
  object space 81920K, 44% used [0x0000000082400000,0x000000008478a8e8,0x0000000087400000)
 Metaspace       used 37241K, capacity 38424K, committed 38656K, reserved 1083392K
  class space    used 4661K, capacity 5015K, committed 5120K, reserved 1048576K

Card table byte_map: [0x00000000127b0000,0x0000000012ba0000] byte_map_base: 0x000000001239e000

Marking Bits: (ParMarkBitMap*) 0x000000006e99c720
 Begin Bits: [0x0000000013840000, 0x00000000157b0000)
 End Bits:   [0x00000000157b0000, 0x0000000017720000)

Polling page: 0x0000000001300000

CodeCache: size=245760Kb used=16266Kb max_used=16266Kb free=229493Kb
 bounds [0x00000000033f0000, 0x00000000043e0000, 0x00000000123f0000]
 total_blobs=4911 nmethods=4472 adapters=351
 compilation: enabled

Compilation events (10 events):
Event: 4.353 Thread 0x0000000019bda000 4991       3       org.springframework.asm.ClassVisitor::<init> (7 bytes)
Event: 4.354 Thread 0x0000000019bda000 nmethod 4991 0x00000000043d8b90 code [0x00000000043d8d20, 0x00000000043d9088]
Event: 4.354 Thread 0x0000000019bda000 4992       3       org.springframework.asm.ClassVisitor::<init> (35 bytes)
Event: 4.354 Thread 0x0000000019bda000 nmethod 4992 0x00000000043d9210 code [0x00000000043d9380, 0x00000000043d9688]
Event: 4.354 Thread 0x0000000019bda000 4993       3       org.springframework.core.type.classreading.AnnotationMetadataReadingVisitor::visit (14 bytes)
Event: 4.354 Thread 0x0000000019bda000 nmethod 4993 0x00000000043d9790 code [0x00000000043d9900, 0x00000000043d9a88]
Event: 4.359 Thread 0x0000000019bda000 4995       3       org.springframework.core.type.classreading.SimpleMetadataReaderFactory::getMetadataReader (18 bytes)
Event: 4.359 Thread 0x0000000019bda000 nmethod 4995 0x00000000043d9b50 code [0x00000000043d9cc0, 0x00000000043d9f78]
Event: 4.359 Thread 0x0000000019bda000 4996       3       org.springframework.core.type.classreading.AnnotationMetadataReadingVisitor::<init> (58 bytes)
Event: 4.360 Thread 0x0000000019bda000 nmethod 4996 0x00000000043da090 code [0x00000000043da380, 0x00000000043db598]

GC Heap History (10 events):
Event: 2.531 GC heap before
{Heap before GC invocations=6 (full 0):
 PSYoungGen      total 70656K, used 70624K [0x00000000d6180000, 0x00000000dfb80000, 0x0000000100000000)
  eden space 65536K, 100% used [0x00000000d6180000,0x00000000da180000,0x00000000da180000)
  from space 5120K, 99% used [0x00000000da180000,0x00000000da678040,0x00000000da680000)
  to   space 13312K, 0% used [0x00000000dee80000,0x00000000dee80000,0x00000000dfb80000)
 ParOldGen       total 86016K, used 16283K [0x0000000082400000, 0x0000000087800000, 0x00000000d6180000)
  object space 86016K, 18% used [0x0000000082400000,0x00000000833e6eb0,0x0000000087800000)
 Metaspace       used 17511K, capacity 18022K, committed 18176K, reserved 1064960K
  class space    used 2051K, capacity 2229K, committed 2304K, reserved 1048576K
Event: 2.541 GC heap after
Heap after GC invocations=6 (full 0):
 PSYoungGen      total 144384K, used 10381K [0x00000000d6180000, 0x00000000dfb80000, 0x0000000100000000)
  eden space 131072K, 0% used [0x00000000d6180000,0x00000000d6180000,0x00000000de180000)
  from space 13312K, 77% used [0x00000000dee80000,0x00000000df8a35c8,0x00000000dfb80000)
  to   space 13312K, 0% used [0x00000000de180000,0x00000000de180000,0x00000000dee80000)
 ParOldGen       total 86016K, used 16291K [0x0000000082400000, 0x0000000087800000, 0x00000000d6180000)
  object space 86016K, 18% used [0x0000000082400000,0x00000000833e8eb0,0x0000000087800000)
 Metaspace       used 17511K, capacity 18022K, committed 18176K, reserved 1064960K
  class space    used 2051K, capacity 2229K, committed 2304K, reserved 1048576K
}
Event: 3.208 GC heap before
{Heap before GC invocations=7 (full 0):
 PSYoungGen      total 144384K, used 86493K [0x00000000d6180000, 0x00000000dfb80000, 0x0000000100000000)
  eden space 131072K, 58% used [0x00000000d6180000,0x00000000dabd3f50,0x00000000de180000)
  from space 13312K, 77% used [0x00000000dee80000,0x00000000df8a35c8,0x00000000dfb80000)
  to   space 13312K, 0% used [0x00000000de180000,0x00000000de180000,0x00000000dee80000)
 ParOldGen       total 86016K, used 16291K [0x0000000082400000, 0x0000000087800000, 0x00000000d6180000)
  object space 86016K, 18% used [0x0000000082400000,0x00000000833e8eb0,0x0000000087800000)
 Metaspace       used 20523K, capacity 21144K, committed 21296K, reserved 1069056K
  class space    used 2407K, capacity 2658K, committed 2688K, reserved 1048576K
Event: 3.222 GC heap after
Heap after GC invocations=7 (full 0):
 PSYoungGen      total 144384K, used 12859K [0x00000000d6180000, 0x00000000e7e80000, 0x0000000100000000)
  eden space 131072K, 0% used [0x00000000d6180000,0x00000000d6180000,0x00000000de180000)
  from space 13312K, 96% used [0x00000000de180000,0x00000000dee0ee70,0x00000000dee80000)
  to   space 14848K, 0% used [0x00000000e7000000,0x00000000e7000000,0x00000000e7e80000)
 ParOldGen       total 86016K, used 18159K [0x0000000082400000, 0x0000000087800000, 0x00000000d6180000)
  object space 86016K, 21% used [0x0000000082400000,0x00000000835bbf70,0x0000000087800000)
 Metaspace       used 20523K, capacity 21144K, committed 21296K, reserved 1069056K
  class space    used 2407K, capacity 2658K, committed 2688K, reserved 1048576K
}
Event: 3.222 GC heap before
{Heap before GC invocations=8 (full 1):
 PSYoungGen      total 144384K, used 12859K [0x00000000d6180000, 0x00000000e7e80000, 0x0000000100000000)
  eden space 131072K, 0% used [0x00000000d6180000,0x00000000d6180000,0x00000000de180000)
  from space 13312K, 96% used [0x00000000de180000,0x00000000dee0ee70,0x00000000dee80000)
  to   space 14848K, 0% used [0x00000000e7000000,0x00000000e7000000,0x00000000e7e80000)
 ParOldGen       total 86016K, used 18159K [0x0000000082400000, 0x0000000087800000, 0x00000000d6180000)
  object space 86016K, 21% used [0x0000000082400000,0x00000000835bbf70,0x0000000087800000)
 Metaspace       used 20523K, capacity 21144K, committed 21296K, reserved 1069056K
  class space    used 2407K, capacity 2658K, committed 2688K, reserved 1048576K
Event: 3.290 GC heap after
Heap after GC invocations=8 (full 1):
 PSYoungGen      total 144384K, used 0K [0x00000000d6180000, 0x00000000e7e80000, 0x0000000100000000)
  eden space 131072K, 0% used [0x00000000d6180000,0x00000000d6180000,0x00000000de180000)
  from space 13312K, 0% used [0x00000000de180000,0x00000000de180000,0x00000000dee80000)
  to   space 14848K, 0% used [0x00000000e7000000,0x00000000e7000000,0x00000000e7e80000)
 ParOldGen       total 81920K, used 24419K [0x0000000082400000, 0x0000000087400000, 0x00000000d6180000)
  object space 81920K, 29% used [0x0000000082400000,0x0000000083bd8ec8,0x0000000087400000)
 Metaspace       used 20523K, capacity 21144K, committed 21296K, reserved 1069056K
  class space    used 2407K, capacity 2658K, committed 2688K, reserved 1048576K
}
Event: 3.995 GC heap before
{Heap before GC invocations=9 (full 1):
 PSYoungGen      total 144384K, used 120510K [0x00000000d6180000, 0x00000000e7e80000, 0x0000000100000000)
  eden space 131072K, 91% used [0x00000000d6180000,0x00000000dd72fa70,0x00000000de180000)
  from space 13312K, 0% used [0x00000000de180000,0x00000000de180000,0x00000000dee80000)
  to   space 14848K, 0% used [0x00000000e7000000,0x00000000e7000000,0x00000000e7e80000)
 ParOldGen       total 81920K, used 24419K [0x0000000082400000, 0x0000000087400000, 0x00000000d6180000)
  object space 81920K, 29% used [0x0000000082400000,0x0000000083bd8ec8,0x0000000087400000)
 Metaspace       used 34279K, capacity 35322K, committed 35456K, reserved 1079296K
  class space    used 4295K, capacity 4620K, committed 4736K, reserved 1048576K
Event: 4.006 GC heap after
Heap after GC invocations=9 (full 1):
 PSYoungGen      total 207360K, used 14831K [0x00000000d6180000, 0x00000000e7e80000, 0x0000000100000000)
  eden space 192512K, 0% used [0x00000000d6180000,0x00000000d6180000,0x00000000e1d80000)
  from space 14848K, 99% used [0x00000000e7000000,0x00000000e7e7bec0,0x00000000e7e80000)
  to   space 16896K, 0% used [0x00000000e5d80000,0x00000000e5d80000,0x00000000e6e00000)
 ParOldGen       total 81920K, used 24496K [0x0000000082400000, 0x0000000087400000, 0x00000000d6180000)
  object space 81920K, 29% used [0x0000000082400000,0x0000000083bec018,0x0000000087400000)
 Metaspace       used 34279K, capacity 35322K, committed 35456K, reserved 1079296K
  class space    used 4295K, capacity 4620K, committed 4736K, reserved 1048576K
}
Event: 4.006 GC heap before
{Heap before GC invocations=10 (full 2):
 PSYoungGen      total 207360K, used 14831K [0x00000000d6180000, 0x00000000e7e80000, 0x0000000100000000)
  eden space 192512K, 0% used [0x00000000d6180000,0x00000000d6180000,0x00000000e1d80000)
  from space 14848K, 99% used [0x00000000e7000000,0x00000000e7e7bec0,0x00000000e7e80000)
  to   space 16896K, 0% used [0x00000000e5d80000,0x00000000e5d80000,0x00000000e6e00000)
 ParOldGen       total 81920K, used 24496K [0x0000000082400000, 0x0000000087400000, 0x00000000d6180000)
  object space 81920K, 29% used [0x0000000082400000,0x0000000083bec018,0x0000000087400000)
 Metaspace       used 34279K, capacity 35322K, committed 35456K, reserved 1079296K
  class space    used 4295K, capacity 4620K, committed 4736K, reserved 1048576K
Event: 4.046 GC heap after
Heap after GC invocations=10 (full 2):
 PSYoungGen      total 207360K, used 0K [0x00000000d6180000, 0x00000000e7e80000, 0x0000000100000000)
  eden space 192512K, 0% used [0x00000000d6180000,0x00000000d6180000,0x00000000e1d80000)
  from space 14848K, 0% used [0x00000000e7000000,0x00000000e7000000,0x00000000e7e80000)
  to   space 16896K, 0% used [0x00000000e5d80000,0x00000000e5d80000,0x00000000e6e00000)
 ParOldGen       total 81920K, used 36394K [0x0000000082400000, 0x0000000087400000, 0x00000000d6180000)
  object space 81920K, 44% used [0x0000000082400000,0x000000008478a8e8,0x0000000087400000)
 Metaspace       used 34279K, capacity 35322K, committed 35456K, reserved 1079296K
  class space    used 4295K, capacity 4620K, committed 4736K, reserved 1048576K
}

Deoptimization events (10 events):
Event: 4.169 Thread 0x000000001f971800 Uncommon trap: reason=array_check action=maybe_recompile pc=0x0000000004155490 method=java.util.TimSort.binarySort([Ljava/lang/Object;IIILjava/util/Comparator;)V @ 183
Event: 4.170 Thread 0x000000001f971800 Uncommon trap: reason=array_check action=maybe_recompile pc=0x0000000004155490 method=java.util.TimSort.binarySort([Ljava/lang/Object;IIILjava/util/Comparator;)V @ 183
Event: 4.173 Thread 0x000000001f971800 Uncommon trap: reason=bimorphic action=maybe_recompile pc=0x0000000003ee6f3c method=java.util.WeakHashMap.eq(Ljava/lang/Object;Ljava/lang/Object;)Z @ 7
Event: 4.173 Thread 0x000000001f971800 Uncommon trap: reason=bimorphic action=maybe_recompile pc=0x0000000003ee6f3c method=java.util.WeakHashMap.eq(Ljava/lang/Object;Ljava/lang/Object;)Z @ 7
Event: 4.181 Thread 0x000000001f971800 Uncommon trap: reason=bimorphic action=maybe_recompile pc=0x0000000003ee6f3c method=java.util.WeakHashMap.eq(Ljava/lang/Object;Ljava/lang/Object;)Z @ 7
Event: 4.290 Thread 0x000000002011c000 Uncommon trap: reason=predicate action=maybe_recompile pc=0x0000000003b54d78 method=java.util.AbstractCollection.toArray([Ljava/lang/Object;)[Ljava/lang/Object; @ 49
Event: 4.299 Thread 0x000000002011c000 Uncommon trap: reason=array_check action=maybe_recompile pc=0x00000000035664ac method=java.util.AbstractCollection.toArray([Ljava/lang/Object;)[Ljava/lang/Object; @ 119
Event: 4.299 Thread 0x000000002011c000 Uncommon trap: reason=array_check action=maybe_recompile pc=0x00000000035664ac method=java.util.AbstractCollection.toArray([Ljava/lang/Object;)[Ljava/lang/Object; @ 119
Event: 4.299 Thread 0x000000002011c000 Uncommon trap: reason=array_check action=maybe_recompile pc=0x00000000035664ac method=java.util.AbstractCollection.toArray([Ljava/lang/Object;)[Ljava/lang/Object; @ 119
Event: 4.299 Thread 0x000000002011c000 Uncommon trap: reason=array_check action=maybe_recompile pc=0x00000000035664ac method=java.util.AbstractCollection.toArray([Ljava/lang/Object;)[Ljava/lang/Object; @ 119

Internal exceptions (10 events):
Event: 3.538 Thread 0x000000002011c000 Exception <a 'java/lang/NoSuchMethodError': java.lang.Object.lambda$chars$0()Ljava/util/Spliterator$OfInt;> (0x00000000d82bfd58) thrown at [C:\re\workspace\8-2-build-windows-amd64-cygwin\jdk8u131\8869\hotspot\src\share\vm\interpreter\linkResolver.cpp, lin
Event: 3.719 Thread 0x000000002011c000 Exception <a 'java/lang/NoSuchMethodError': org.slf4j.impl.StaticMDCBinder.getSingleton()Lorg/slf4j/impl/StaticMDCBinder;> (0x00000000da9882e0) thrown at [C:\re\workspace\8-2-build-windows-amd64-cygwin\jdk8u131\8869\hotspot\src\share\vm\interpreter\linkRe
Event: 3.825 Thread 0x000000002011c000 Exception <a 'java/lang/ClassNotFoundException': java/lang/ObjectCustomizer> (0x00000000dbba3040) thrown at [C:\re\workspace\8-2-build-windows-amd64-cygwin\jdk8u131\8869\hotspot\src\share\vm\classfile\systemDictionary.cpp, line 210]
Event: 3.828 Thread 0x000000002011c000 Exception <a 'java/lang/ClassNotFoundException': org/springframework/context/annotation/ConfigurationClassPostProcessorCustomizer> (0x00000000dbbc10e0) thrown at [C:\re\workspace\8-2-build-windows-amd64-cygwin\jdk8u131\8869\hotspot\src\share\vm\classfile\
Event: 3.833 Thread 0x000000002011c000 Exception <a 'java/lang/ClassNotFoundException': org/springframework/beans/factory/support/BeanDefinitionRegistryPostProcessorCustomizer> (0x00000000dbcf6b60) thrown at [C:\re\workspace\8-2-build-windows-amd64-cygwin\jdk8u131\8869\hotspot\src\share\vm\cla
Event: 3.833 Thread 0x000000002011c000 Exception <a 'java/lang/ClassNotFoundException': org/springframework/core/PriorityOrderedCustomizer> (0x00000000dbd09920) thrown at [C:\re\workspace\8-2-build-windows-amd64-cygwin\jdk8u131\8869\hotspot\src\share\vm\classfile\systemDictionary.cpp, line 210
Event: 3.833 Thread 0x000000002011c000 Exception <a 'java/lang/ClassNotFoundException': org/springframework/context/ResourceLoaderAwareCustomizer> (0x00000000dbd1d2f0) thrown at [C:\re\workspace\8-2-build-windows-amd64-cygwin\jdk8u131\8869\hotspot\src\share\vm\classfile\systemDictionary.cpp, l
Event: 3.834 Thread 0x000000002011c000 Exception <a 'java/lang/ClassNotFoundException': org/springframework/beans/factory/BeanClassLoaderAwareCustomizer> (0x00000000dbd33a90) thrown at [C:\re\workspace\8-2-build-windows-amd64-cygwin\jdk8u131\8869\hotspot\src\share\vm\classfile\systemDictionary
Event: 3.834 Thread 0x000000002011c000 Exception <a 'java/lang/ClassNotFoundException': org/springframework/context/EnvironmentAwareCustomizer> (0x00000000dbd47c88) thrown at [C:\re\workspace\8-2-build-windows-amd64-cygwin\jdk8u131\8869\hotspot\src\share\vm\classfile\systemDictionary.cpp, line
Event: 3.957 Thread 0x000000001f971800 Exception <a 'java/lang/IncompatibleClassChangeError': Found class java.lang.Object, but interface was expected> (0x00000000dd0b32d0) thrown at [C:\re\workspace\8-2-build-windows-amd64-cygwin\jdk8u131\8869\hotspot\src\share\vm\interpreter\linkResolver.cpp

Events (10 events):
Event: 4.339 Executing VM operation: BulkRevokeBias
Event: 4.339 Executing VM operation: BulkRevokeBias done
Event: 4.344 loading class com/fasterxml/jackson/annotation/JsonInclude
Event: 4.344 loading class com/fasterxml/jackson/annotation/JsonInclude done
Event: 4.344 Executing VM operation: BulkRevokeBias
Event: 4.344 Executing VM operation: BulkRevokeBias done
Event: 4.351 loading class org/springframework/web/bind/annotation/ExceptionHandler
Event: 4.351 loading class org/springframework/web/bind/annotation/ExceptionHandler done
Event: 4.358 loading class com/fasterxml/jackson/annotation/JsonIgnore
Event: 4.358 loading class com/fasterxml/jackson/annotation/JsonIgnore done


Dynamic libraries:
0x00007ff6b79a0000 - 0x00007ff6b79d7000 	C:\Program Files\Java\jdk1.8.0_131\bin\java.exe
0x00007ffb902b0000 - 0x00007ffb9049d000 	C:\WINDOWS\SYSTEM32\ntdll.dll
0x00007ffb8fc40000 - 0x00007ffb8fcf3000 	C:\WINDOWS\System32\KERNEL32.DLL
0x00007ffb8cb50000 - 0x00007ffb8cde3000 	C:\WINDOWS\System32\KERNELBASE.dll
0x00007ffb8d650000 - 0x00007ffb8d6f3000 	C:\WINDOWS\System32\ADVAPI32.dll
0x00007ffb8e4a0000 - 0x00007ffb8e53e000 	C:\WINDOWS\System32\msvcrt.dll
0x00007ffb8fd00000 - 0x00007ffb8fd9e000 	C:\WINDOWS\System32\sechost.dll
0x00007ffb8e000000 - 0x00007ffb8e122000 	C:\WINDOWS\System32\RPCRT4.dll
0x00007ffb8e300000 - 0x00007ffb8e497000 	C:\WINDOWS\System32\USER32.dll
0x00007ffb8c380000 - 0x00007ffb8c3a0000 	C:\WINDOWS\System32\win32u.dll
0x00007ffb8e130000 - 0x00007ffb8e159000 	C:\WINDOWS\System32\GDI32.dll
0x00007ffb8cdf0000 - 0x00007ffb8cf8a000 	C:\WINDOWS\System32\gdi32full.dll
0x00007ffb8d170000 - 0x00007ffb8d210000 	C:\WINDOWS\System32\msvcp_win.dll
0x00007ffb8d210000 - 0x00007ffb8d30c000 	C:\WINDOWS\System32\ucrtbase.dll
0x00007ffb7b6a0000 - 0x00007ffb7b919000 	C:\WINDOWS\WinSxS\amd64_microsoft.windows.common-controls_6595b64144ccf1df_6.0.17763.316_none_05b53be2071f46b6\COMCTL32.dll
0x00007ffb8dc50000 - 0x00007ffb8df7d000 	C:\WINDOWS\System32\combase.dll
0x00007ffb8d360000 - 0x00007ffb8d3de000 	C:\WINDOWS\System32\bcryptPrimitives.dll
0x00007ffb90250000 - 0x00007ffb9027e000 	C:\WINDOWS\System32\IMM32.DLL
0x000000006ea20000 - 0x000000006eaf2000 	C:\Program Files\Java\jdk1.8.0_131\jre\bin\msvcr100.dll
0x000000006e180000 - 0x000000006ea1c000 	C:\Program Files\Java\jdk1.8.0_131\jre\bin\server\jvm.dll
0x00007ffb90080000 - 0x00007ffb90088000 	C:\WINDOWS\System32\PSAPI.DLL
0x00007ffb89e80000 - 0x00007ffb89e89000 	C:\WINDOWS\SYSTEM32\WSOCK32.dll
0x00007ffb89d80000 - 0x00007ffb89da4000 	C:\WINDOWS\SYSTEM32\WINMM.dll
0x00007ffb825b0000 - 0x00007ffb825ba000 	C:\WINDOWS\SYSTEM32\VERSION.dll
0x00007ffb8e290000 - 0x00007ffb8e2fd000 	C:\WINDOWS\System32\WS2_32.dll
0x00007ffb89db0000 - 0x00007ffb89ddd000 	C:\WINDOWS\SYSTEM32\WINMMBASE.dll
0x00007ffb8d310000 - 0x00007ffb8d35a000 	C:\WINDOWS\System32\cfgmgr32.dll
0x000000006e170000 - 0x000000006e17f000 	C:\Program Files\Java\jdk1.8.0_131\jre\bin\verify.dll
0x000000006e140000 - 0x000000006e169000 	C:\Program Files\Java\jdk1.8.0_131\jre\bin\java.dll
0x000000006e120000 - 0x000000006e136000 	C:\Program Files\Java\jdk1.8.0_131\jre\bin\zip.dll
0x00007ffb8e6b0000 - 0x00007ffb8fb9f000 	C:\WINDOWS\System32\SHELL32.dll
0x00007ffb8db90000 - 0x00007ffb8dc38000 	C:\WINDOWS\System32\shcore.dll
0x00007ffb8c3a0000 - 0x00007ffb8caea000 	C:\WINDOWS\System32\windows.storage.dll
0x00007ffb8c350000 - 0x00007ffb8c374000 	C:\WINDOWS\System32\profapi.dll
0x00007ffb8c2d0000 - 0x00007ffb8c32d000 	C:\WINDOWS\System32\powrprof.dll
0x00007ffb8e5a0000 - 0x00007ffb8e5f2000 	C:\WINDOWS\System32\shlwapi.dll
0x00007ffb8c330000 - 0x00007ffb8c341000 	C:\WINDOWS\System32\kernel.appcore.dll
0x00007ffb8d4c0000 - 0x00007ffb8d4d7000 	C:\WINDOWS\System32\cryptsp.dll
0x00007ffb8b700000 - 0x00007ffb8b733000 	C:\WINDOWS\system32\rsaenh.dll
0x00007ffb8d490000 - 0x00007ffb8d4b6000 	C:\WINDOWS\System32\bcrypt.dll
0x00007ffb8c1b0000 - 0x00007ffb8c1d8000 	C:\WINDOWS\SYSTEM32\USERENV.dll
0x00007ffb8bd10000 - 0x00007ffb8bd1c000 	C:\WINDOWS\SYSTEM32\CRYPTBASE.dll
0x000000006e100000 - 0x000000006e11a000 	C:\Program Files\Java\jdk1.8.0_131\jre\bin\net.dll
0x00007ffb8bb40000 - 0x00007ffb8bba7000 	C:\WINDOWS\system32\mswsock.dll
0x00007ffb8b8a0000 - 0x00007ffb8b8dd000 	C:\WINDOWS\SYSTEM32\IPHLPAPI.DLL
0x00007ffb8d700000 - 0x00007ffb8d708000 	C:\WINDOWS\System32\NSI.dll
0x00007ffb825d0000 - 0x00007ffb825e6000 	C:\WINDOWS\SYSTEM32\dhcpcsvc6.DLL
0x00007ffb82e30000 - 0x00007ffb82e4c000 	C:\WINDOWS\SYSTEM32\dhcpcsvc.DLL
0x00007ffb8b8e0000 - 0x00007ffb8b9a6000 	C:\WINDOWS\SYSTEM32\DNSAPI.dll
0x000000006e0e0000 - 0x000000006e0f1000 	C:\Program Files\Java\jdk1.8.0_131\jre\bin\nio.dll
0x00007ffb875f0000 - 0x00007ffb875fa000 	Z:\jansi-1.17.1-657513074191768899.dll
0x00007ffb875e0000 - 0x00007ffb875ea000 	Z:\jansi-1.17.1-8972133172502884779.dll
0x000000006e0d0000 - 0x000000006e0dd000 	C:\Program Files\Java\jdk1.8.0_131\jre\bin\management.dll
0x00007ffb73250000 - 0x00007ffb73266000 	C:\WINDOWS\system32\napinsp.dll
0x00007ffb73230000 - 0x00007ffb7324a000 	C:\WINDOWS\system32\pnrpnsp.dll
0x00007ffb717c0000 - 0x00007ffb717ce000 	C:\WINDOWS\System32\winrnr.dll
0x00007ffb88570000 - 0x00007ffb8858b000 	C:\WINDOWS\system32\NLAapi.dll
0x00007ffb84810000 - 0x00007ffb84825000 	C:\WINDOWS\system32\wshbth.dll
0x00007ffb7b680000 - 0x00007ffb7b68a000 	C:\Windows\System32\rasadhlp.dll
0x00007ffb7d100000 - 0x00007ffb7d179000 	C:\WINDOWS\System32\fwpuclnt.dll

VM Arguments:
jvm_args: -Dmaven.multiModuleProjectDirectory=C:\Users\Asus\Downloads\team05-master\backend 
java_command: org.apache.maven.wrapper.MavenWrapperMain spring-boot:run
java_class_path (initial): C:\Users\Asus\Downloads\team05-master\backend\.mvn\wrapper\maven-wrapper.jar
Launcher Type: SUN_STANDARD

Environment Variables:
JAVA_HOME=C:\Program Files\Java\jdk1.8.0_131
PATH=C:\Program Files\Java\jdk1.8.0_131\bin;C:\ProgramData\Oracle\Java\javapath;C:\Windows\system32;C:\Windows;C:\Windows\System32\Wbem;C:\Windows\System32\WindowsPowerShell\v1.0\;C:\Windows\System32\OpenSSH\;C:\Program Files (x86)\NVIDIA Corporation\PhysX\Common;C:\Program Files\nodejs\;;C:\WINDOWS\system32;C:\WINDOWS;C:\WINDOWS\System32\Wbem;C:\WINDOWS\System32\WindowsPowerShell\v1.0\;C:\WINDOWS\System32\OpenSSH\;C:\Program Files\Java\jdk1.8.0_131\bin;C:\Users\Asus\AppData\Local\Programs\Microsoft VS Code\bin
USERNAME=Asus
OS=Windows_NT
PROCESSOR_IDENTIFIER=Intel64 Family 6 Model 158 Stepping 10, GenuineIntel



---------------  S Y S T E M  ---------------

OS: Windows 10.0 , 64 bit Build 17763 (10.0.17763.292)

CPU:total 12 (initial active 12) (6 cores per cpu, 2 threads per core) family 6 model 158 stepping 10, cmov, cx8, fxsr, mmx, sse, sse2, sse3, ssse3, sse4.1, sse4.2, popcnt, avx, avx2, aes, clmul, erms, 3dnowpref, lzcnt, ht, tsc, tscinvbit, bmi1, bmi2, adx

Memory: 4k page, physical 8239356k(2198452k free), swap 8239356k(6376k free)

vm_info: Java HotSpot(TM) 64-Bit Server VM (25.131-b11) for windows-amd64 JRE (1.8.0_131-b11), built on Mar 15 2017 01:23:53 by "java_re" with MS VC++ 10.0 (VS2010)

time: Thu Mar 07 20:27:56 2019
elapsed time: 4 seconds (0d 0h 0m 4s)

