#
# There is insufficient memory for the Java Runtime Environment to continue.
# Native memory allocation (malloc) failed to allocate 966176 bytes for Chunk::new
# Possible reasons:
#   The system is out of physical RAM or swap space
#   In 32 bit mode, the process size limit was hit
# Possible solutions:
#   Reduce memory load on the system
#   Increase physical memory or swap space
#   Check if swap backing store is full
#   Use 64 bit Java on a 64 bit OS
#   Decrease Java heap size (-Xmx/-Xms)
#   Decrease number of Java threads
#   Decrease Java thread stack sizes (-Xss)
#   Set larger code cache with -XX:ReservedCodeCacheSize=
# This output file may be truncated or incomplete.
#
#  Out of Memory Error (allocation.cpp:390), pid=9464, tid=0x00000000000025e4
#
# JRE version: Java(TM) SE Runtime Environment (8.0_131-b11) (build 1.8.0_131-b11)
# Java VM: Java HotSpot(TM) 64-Bit Server VM (25.131-b11 mixed mode windows-amd64 compressed oops)
# Failed to write core dump. Minidumps are not enabled by default on client versions of Windows
#

---------------  T H R E A D  ---------------

Current thread (0x0000000018ff1000):  JavaThread "C2 CompilerThread0" daemon [_thread_in_native, id=9700, stack(0x000000001a650000,0x000000001a750000)]

Stack: [0x000000001a650000,0x000000001a750000]
[error occurred during error reporting (printing stack bounds), id 0xc0000005]

Native frames: (J=compiled Java code, j=interpreted, Vv=VM code, C=native code)


Current CompileTask:
C2:   6641 3322   !   4       java.net.URL::<init> (543 bytes)


---------------  P R O C E S S  ---------------

Java Threads: ( => current thread )
  0x00000000191c5000 JavaThread "surefire-forkedjvm-ping-30s" daemon [_thread_blocked, id=9860, stack(0x000000001ad50000,0x000000001ae50000)]
  0x00000000191b7800 JavaThread "surefire-forkedjvm-command-thread" daemon [_thread_in_native, id=9836, stack(0x000000001ac50000,0x000000001ad50000)]
  0x000000001907e000 JavaThread "Service Thread" daemon [_thread_blocked, id=9844, stack(0x000000001aa50000,0x000000001ab50000)]
  0x0000000018fff800 JavaThread "C1 CompilerThread3" daemon [_thread_blocked, id=9716, stack(0x000000001a950000,0x000000001aa50000)]
  0x0000000018ffe800 JavaThread "C2 CompilerThread2" daemon [_thread_blocked, id=9604, stack(0x000000001a850000,0x000000001a950000)]
  0x0000000018ff6800 JavaThread "C2 CompilerThread1" daemon [_thread_blocked, id=9596, stack(0x000000001a750000,0x000000001a850000)]
=>0x0000000018ff1000 JavaThread "C2 CompilerThread0" daemon [_thread_in_native, id=9700, stack(0x000000001a650000,0x000000001a750000)]
  0x0000000018feb800 JavaThread "Attach Listener" daemon [_thread_blocked, id=9708, stack(0x000000001a550000,0x000000001a650000)]
  0x000000001790e800 JavaThread "Signal Dispatcher" daemon [_thread_blocked, id=9696, stack(0x000000001a450000,0x000000001a550000)]
  0x0000000018fe3000 JavaThread "Finalizer" daemon [_thread_blocked, id=9704, stack(0x000000001a250000,0x000000001a350000)]
  0x00000000027ea000 JavaThread "Reference Handler" daemon [_thread_blocked, id=9692, stack(0x000000001a150000,0x000000001a250000)]
  0x00000000026f0800 JavaThread "main" [_thread_in_native, id=9896, stack(0x0000000002550000,0x0000000002650000)]

Other Threads:
  0x0000000018fc2800 VMThread [stack: 0x000000001a050000,0x000000001a150000] [id=9472]
  0x0000000019018000 WatcherThread [stack: 0x000000001ab50000,0x000000001ac50000] [id=9852]

VM state:not at safepoint (normal execution)

VM Mutex/Monitor currently owned by a thread: None

Heap:
 PSYoungGen      total 109568K, used 37398K [0x00000000d6180000, 0x00000000dd780000, 0x0000000100000000)
  eden space 101376K, 36% used [0x00000000d6180000,0x00000000d8605808,0x00000000dc480000)
  from space 8192K, 0% used [0x00000000dcf80000,0x00000000dcf80000,0x00000000dd780000)
  to   space 9728K, 0% used [0x00000000dc480000,0x00000000dc480000,0x00000000dce00000)
 ParOldGen       total 78336K, used 14748K [0x0000000082400000, 0x0000000087080000, 0x00000000d6180000)
  object space 78336K, 18% used [0x0000000082400000,0x00000000832673e0,0x0000000087080000)
 Metaspace       used 38248K, capacity 39608K, committed 39896K, reserved 1083392K
  class space    used 5039K, capacity 5309K, committed 5336K, reserved 1048576K

Card table byte_map: [0x0000000011bb0000,0x0000000011fa0000] byte_map_base: 0x000000001179e000

Marking Bits: (ParMarkBitMap*) 0x000000005af3c720
 Begin Bits: [0x0000000012c40000, 0x0000000014bb0000)
 End Bits:   [0x0000000014bb0000, 0x0000000016b20000)

Polling page: 0x00000000005b0000

CodeCache: size=245760Kb used=12403Kb max_used=12403Kb free=233356Kb
 bounds [0x00000000027f0000, 0x0000000003420000, 0x00000000117f0000]
 total_blobs=3809 nmethods=3334 adapters=387
 compilation: enabled

Compilation events (10 events):
Event: 6.572 Thread 0x0000000018fff800 3334       3       java.util.LinkedHashMap::get (33 bytes)
Event: 6.572 Thread 0x0000000018fff800 nmethod 3334 0x0000000003410bd0 code [0x0000000003410d60, 0x0000000003411268]
Event: 6.572 Thread 0x0000000018fff800 3332       1       org.hibernate.annotations.common.reflection.java.JavaReflectionManager::access$000 (5 bytes)
Event: 6.572 Thread 0x0000000018fff800 nmethod 3332 0x0000000003411410 code [0x0000000003411560, 0x0000000003411650]
Event: 6.572 Thread 0x0000000018fff800 3333       1       org.hibernate.annotations.common.reflection.java.Pair::hashCode (5 bytes)
Event: 6.573 Thread 0x0000000018fff800 nmethod 3333 0x00000000034116d0 code [0x0000000003411820, 0x0000000003411930]
Event: 6.621 Thread 0x0000000018fff800 3335       3       org.hibernate.annotations.common.reflection.java.generics.TypeSwitch::<init> (5 bytes)
Event: 6.622 Thread 0x0000000018fff800 nmethod 3335 0x0000000003412090 code [0x00000000034121e0, 0x0000000003412390]
Event: 6.622 Thread 0x0000000018fff800 3336       3       org.hibernate.annotations.common.reflection.java.generics.TypeSwitch::doSwitch (86 bytes)
Event: 6.623 Thread 0x0000000018fff800 nmethod 3336 0x0000000003412450 code [0x00000000034126a0, 0x0000000003413a38]

GC Heap History (10 events):
Event: 2.610 GC heap before
{Heap before GC invocations=6 (full 1):
 PSYoungGen      total 70656K, used 5104K [0x00000000d6180000, 0x00000000dab80000, 0x0000000100000000)
  eden space 65536K, 0% used [0x00000000d6180000,0x00000000d6180000,0x00000000da180000)
  from space 5120K, 99% used [0x00000000da180000,0x00000000da67c1c8,0x00000000da680000)
  to   space 5120K, 0% used [0x00000000da680000,0x00000000da680000,0x00000000dab80000)
 ParOldGen       total 86016K, used 4371K [0x0000000082400000, 0x0000000087800000, 0x00000000d6180000)
  object space 86016K, 5% used [0x0000000082400000,0x0000000082844c60,0x0000000087800000)
 Metaspace       used 20613K, capacity 21180K, committed 21248K, reserved 1067008K
  class space    used 2638K, capacity 2781K, committed 2816K, reserved 1048576K
Event: 2.654 GC heap after
Heap after GC invocations=6 (full 1):
 PSYoungGen      total 70656K, used 0K [0x00000000d6180000, 0x00000000dab80000, 0x0000000100000000)
  eden space 65536K, 0% used [0x00000000d6180000,0x00000000d6180000,0x00000000da180000)
  from space 5120K, 0% used [0x00000000da180000,0x00000000da180000,0x00000000da680000)
  to   space 5120K, 0% used [0x00000000da680000,0x00000000da680000,0x00000000dab80000)
 ParOldGen       total 50688K, used 6407K [0x0000000082400000, 0x0000000085580000, 0x00000000d6180000)
  object space 50688K, 12% used [0x0000000082400000,0x0000000082a41eb0,0x0000000085580000)
 Metaspace       used 20613K, capacity 21180K, committed 21248K, reserved 1067008K
  class space    used 2638K, capacity 2781K, committed 2816K, reserved 1048576K
}
Event: 3.150 GC heap before
{Heap before GC invocations=7 (full 1):
 PSYoungGen      total 70656K, used 65536K [0x00000000d6180000, 0x00000000dab80000, 0x0000000100000000)
  eden space 65536K, 100% used [0x00000000d6180000,0x00000000da180000,0x00000000da180000)
  from space 5120K, 0% used [0x00000000da180000,0x00000000da180000,0x00000000da680000)
  to   space 5120K, 0% used [0x00000000da680000,0x00000000da680000,0x00000000dab80000)
 ParOldGen       total 50688K, used 6407K [0x0000000082400000, 0x0000000085580000, 0x00000000d6180000)
  object space 50688K, 12% used [0x0000000082400000,0x0000000082a41eb0,0x0000000085580000)
 Metaspace       used 24740K, capacity 25598K, committed 25728K, reserved 1071104K
  class space    used 3175K, capacity 3382K, committed 3456K, reserved 1048576K
Event: 3.160 GC heap after
Heap after GC invocations=7 (full 1):
 PSYoungGen      total 68096K, used 5090K [0x00000000d6180000, 0x00000000dde00000, 0x0000000100000000)
  eden space 62976K, 0% used [0x00000000d6180000,0x00000000d6180000,0x00000000d9f00000)
  from space 5120K, 99% used [0x00000000da680000,0x00000000dab78a68,0x00000000dab80000)
  to   space 7680K, 0% used [0x00000000d9f00000,0x00000000d9f00000,0x00000000da680000)
 ParOldGen       total 50688K, used 6763K [0x0000000082400000, 0x0000000085580000, 0x00000000d6180000)
  object space 50688K, 13% used [0x0000000082400000,0x0000000082a9ac08,0x0000000085580000)
 Metaspace       used 24740K, capacity 25598K, committed 25728K, reserved 1071104K
  class space    used 3175K, capacity 3382K, committed 3456K, reserved 1048576K
}
Event: 4.287 GC heap before
{Heap before GC invocations=8 (full 1):
 PSYoungGen      total 68096K, used 68066K [0x00000000d6180000, 0x00000000dde00000, 0x0000000100000000)
  eden space 62976K, 100% used [0x00000000d6180000,0x00000000d9f00000,0x00000000d9f00000)
  from space 5120K, 99% used [0x00000000da680000,0x00000000dab78a68,0x00000000dab80000)
  to   space 7680K, 0% used [0x00000000d9f00000,0x00000000d9f00000,0x00000000da680000)
 ParOldGen       total 50688K, used 6763K [0x0000000082400000, 0x0000000085580000, 0x00000000d6180000)
  object space 50688K, 13% used [0x0000000082400000,0x0000000082a9ac08,0x0000000085580000)
 Metaspace       used 28414K, capacity 29636K, committed 29824K, reserved 1075200K
  class space    used 3665K, capacity 3917K, committed 3968K, reserved 1048576K
Event: 4.294 GC heap after
Heap after GC invocations=8 (full 1):
 PSYoungGen      total 70656K, used 6856K [0x00000000d6180000, 0x00000000dd780000, 0x0000000100000000)
  eden space 62976K, 0% used [0x00000000d6180000,0x00000000d6180000,0x00000000d9f00000)
  from space 7680K, 89% used [0x00000000d9f00000,0x00000000da5b22f8,0x00000000da680000)
  to   space 8192K, 0% used [0x00000000dcf80000,0x00000000dcf80000,0x00000000dd780000)
 ParOldGen       total 50688K, used 6835K [0x0000000082400000, 0x0000000085580000, 0x00000000d6180000)
  object space 50688K, 13% used [0x0000000082400000,0x0000000082aacc18,0x0000000085580000)
 Metaspace       used 28414K, capacity 29636K, committed 29824K, reserved 1075200K
  class space    used 3665K, capacity 3917K, committed 3968K, reserved 1048576K
}
Event: 5.865 GC heap before
{Heap before GC invocations=9 (full 1):
 PSYoungGen      total 70656K, used 63497K [0x00000000d6180000, 0x00000000dd780000, 0x0000000100000000)
  eden space 62976K, 89% used [0x00000000d6180000,0x00000000d98d0138,0x00000000d9f00000)
  from space 7680K, 89% used [0x00000000d9f00000,0x00000000da5b22f8,0x00000000da680000)
  to   space 8192K, 0% used [0x00000000dcf80000,0x00000000dcf80000,0x00000000dd780000)
 ParOldGen       total 50688K, used 6835K [0x0000000082400000, 0x0000000085580000, 0x00000000d6180000)
  object space 50688K, 13% used [0x0000000082400000,0x0000000082aacc18,0x0000000085580000)
 Metaspace       used 33996K, capacity 35308K, committed 35416K, reserved 1079296K
  class space    used 4370K, capacity 4625K, committed 4696K, reserved 1048576K
Event: 5.877 GC heap after
Heap after GC invocations=9 (full 1):
 PSYoungGen      total 109568K, used 8183K [0x00000000d6180000, 0x00000000dd780000, 0x0000000100000000)
  eden space 101376K, 0% used [0x00000000d6180000,0x00000000d6180000,0x00000000dc480000)
  from space 8192K, 99% used [0x00000000dcf80000,0x00000000dd77dc68,0x00000000dd780000)
  to   space 9728K, 0% used [0x00000000dc480000,0x00000000dc480000,0x00000000dce00000)
 ParOldGen       total 50688K, used 9028K [0x0000000082400000, 0x0000000085580000, 0x00000000d6180000)
  object space 50688K, 17% used [0x0000000082400000,0x0000000082cd1188,0x0000000085580000)
 Metaspace       used 33996K, capacity 35308K, committed 35416K, reserved 1079296K
  class space    used 4370K, capacity 4625K, committed 4696K, reserved 1048576K
}
Event: 5.877 GC heap before
{Heap before GC invocations=10 (full 2):
 PSYoungGen      total 109568K, used 8183K [0x00000000d6180000, 0x00000000dd780000, 0x0000000100000000)
  eden space 101376K, 0% used [0x00000000d6180000,0x00000000d6180000,0x00000000dc480000)
  from space 8192K, 99% used [0x00000000dcf80000,0x00000000dd77dc68,0x00000000dd780000)
  to   space 9728K, 0% used [0x00000000dc480000,0x00000000dc480000,0x00000000dce00000)
 ParOldGen       total 50688K, used 9028K [0x0000000082400000, 0x0000000085580000, 0x00000000d6180000)
  object space 50688K, 17% used [0x0000000082400000,0x0000000082cd1188,0x0000000085580000)
 Metaspace       used 33996K, capacity 35308K, committed 35416K, reserved 1079296K
  class space    used 4370K, capacity 4625K, committed 4696K, reserved 1048576K
Event: 5.961 GC heap after
Heap after GC invocations=10 (full 2):
 PSYoungGen      total 109568K, used 0K [0x00000000d6180000, 0x00000000dd780000, 0x0000000100000000)
  eden space 101376K, 0% used [0x00000000d6180000,0x00000000d6180000,0x00000000dc480000)
  from space 8192K, 0% used [0x00000000dcf80000,0x00000000dcf80000,0x00000000dd780000)
  to   space 9728K, 0% used [0x00000000dc480000,0x00000000dc480000,0x00000000dce00000)
 ParOldGen       total 78336K, used 14748K [0x0000000082400000, 0x0000000087080000, 0x00000000d6180000)
  object space 78336K, 18% used [0x0000000082400000,0x00000000832673e0,0x0000000087080000)
 Metaspace       used 33996K, capacity 35308K, committed 35416K, reserved 1079296K
  class space    used 4370K, capacity 4625K, committed 4696K, reserved 1048576K
}

Deoptimization events (10 events):
Event: 5.311 Thread 0x00000000026f0800 Uncommon trap: reason=unstable_if action=reinterpret pc=0x00000000030551e0 method=java.util.stream.ReferencePipeline.forEachWithCancel(Ljava/util/Spliterator;Ljava/util/stream/Sink;)V @ 6
Event: 5.323 Thread 0x00000000026f0800 Uncommon trap: reason=unstable_if action=reinterpret pc=0x00000000030621e8 method=java.util.stream.ReferencePipeline.forEachWithCancel(Ljava/util/Spliterator;Ljava/util/stream/Sink;)V @ 6
Event: 5.326 Thread 0x00000000026f0800 Uncommon trap: reason=unstable_if action=reinterpret pc=0x00000000030621e8 method=java.util.stream.ReferencePipeline.forEachWithCancel(Ljava/util/Spliterator;Ljava/util/stream/Sink;)V @ 6
Event: 5.605 Thread 0x00000000026f0800 Uncommon trap: reason=unstable_if action=reinterpret pc=0x00000000029e7d30 method=java.util.zip.ZipCoder.getBytes(Ljava/lang/String;)[B @ 32
Event: 5.606 Thread 0x00000000026f0800 Uncommon trap: reason=unstable_if action=reinterpret pc=0x00000000029c28c8 method=java.util.zip.ZipCoder.getBytes(Ljava/lang/String;)[B @ 32
Event: 5.606 Thread 0x00000000026f0800 Uncommon trap: reason=unstable_if action=reinterpret pc=0x0000000002ee52f0 method=java.net.URL.<init>(Ljava/net/URL;Ljava/lang/String;Ljava/net/URLStreamHandler;)V @ 57
Event: 5.606 Thread 0x00000000026f0800 Uncommon trap: reason=unstable_if action=reinterpret pc=0x0000000002cdebd0 method=java.net.URLStreamHandler.parseURL(Ljava/net/URL;Ljava/lang/String;II)V @ 57
Event: 5.606 Thread 0x00000000026f0800 Uncommon trap: reason=unstable_if action=reinterpret pc=0x00000000030b2244 method=java.io.WinNTFileSystem.resolve(Ljava/lang/String;Ljava/lang/String;)Ljava/lang/String; @ 19
Event: 6.024 Thread 0x00000000026f0800 Uncommon trap: reason=unstable_if action=reinterpret pc=0x0000000002d820b8 method=java.lang.ClassLoader.getClassLoadingLock(Ljava/lang/String;)Ljava/lang/Object; @ 6
Event: 6.408 Thread 0x00000000026f0800 Uncommon trap: reason=unstable_if action=reinterpret pc=0x0000000002f46f80 method=java.util.LinkedHashMap.get(Ljava/lang/Object;)Ljava/lang/Object; @ 20

Internal exceptions (10 events):
Event: 5.561 Thread 0x00000000026f0800 Exception <a 'java/lang/ClassNotFoundException': org/springframework/context/ResourceLoaderAwareCustomizer> (0x00000000d8947090) thrown at [C:\re\workspace\8-2-build-windows-amd64-cygwin\jdk8u131\8869\hotspot\src\share\vm\classfile\systemDictionary.cpp, l
Event: 5.561 Thread 0x00000000026f0800 Exception <a 'java/lang/ClassNotFoundException': org/springframework/context/weaving/LoadTimeWeaverAwareCustomizer> (0x00000000d8963f38) thrown at [C:\re\workspace\8-2-build-windows-amd64-cygwin\jdk8u131\8869\hotspot\src\share\vm\classfile\systemDictionar
Event: 5.562 Thread 0x00000000026f0800 Exception <a 'java/lang/ClassNotFoundException': org/springframework/beans/factory/FactoryBeanCustomizer> (0x00000000d897e288) thrown at [C:\re\workspace\8-2-build-windows-amd64-cygwin\jdk8u131\8869\hotspot\src\share\vm\classfile\systemDictionary.cpp, lin
Event: 5.563 Thread 0x00000000026f0800 Exception <a 'java/lang/ClassNotFoundException': org/springframework/beans/factory/BeanClassLoaderAwareCustomizer> (0x00000000d899d240) thrown at [C:\re\workspace\8-2-build-windows-amd64-cygwin\jdk8u131\8869\hotspot\src\share\vm\classfile\systemDictionary
Event: 5.565 Thread 0x00000000026f0800 Exception <a 'java/lang/ClassNotFoundException': org/springframework/beans/factory/BeanFactoryAwareCustomizer> (0x00000000d89b8c08) thrown at [C:\re\workspace\8-2-build-windows-amd64-cygwin\jdk8u131\8869\hotspot\src\share\vm\classfile\systemDictionary.cpp
Event: 5.566 Thread 0x00000000026f0800 Exception <a 'java/lang/ClassNotFoundException': org/springframework/beans/factory/BeanNameAwareCustomizer> (0x00000000d89d3948) thrown at [C:\re\workspace\8-2-build-windows-amd64-cygwin\jdk8u131\8869\hotspot\src\share\vm\classfile\systemDictionary.cpp, l
Event: 5.566 Thread 0x00000000026f0800 Exception <a 'java/lang/ClassNotFoundException': org/springframework/beans/factory/InitializingBeanCustomizer> (0x00000000d89ef308) thrown at [C:\re\workspace\8-2-build-windows-amd64-cygwin\jdk8u131\8869\hotspot\src\share\vm\classfile\systemDictionary.cpp
Event: 5.567 Thread 0x00000000026f0800 Exception <a 'java/lang/ClassNotFoundException': org/springframework/beans/factory/DisposableBeanCustomizer> (0x00000000d8a09238) thrown at [C:\re\workspace\8-2-build-windows-amd64-cygwin\jdk8u131\8869\hotspot\src\share\vm\classfile\systemDictionary.cpp, 
Event: 5.568 Thread 0x00000000026f0800 Exception <a 'java/lang/ClassNotFoundException': org/springframework/orm/jpa/EntityManagerFactoryInfoCustomizer> (0x00000000d8a24e18) thrown at [C:\re\workspace\8-2-build-windows-amd64-cygwin\jdk8u131\8869\hotspot\src\share\vm\classfile\systemDictionary.c
Event: 5.569 Thread 0x00000000026f0800 Exception <a 'java/lang/ClassNotFoundException': org/springframework/dao/support/PersistenceExceptionTranslatorCustomizer> (0x00000000d8a4fd98) thrown at [C:\re\workspace\8-2-build-windows-amd64-cygwin\jdk8u131\8869\hotspot\src\share\vm\classfile\systemDi

Events (10 events):
Event: 6.634 loading class org/hibernate/cfg/ClassPropertyHolder
Event: 6.634 loading class org/hibernate/cfg/ClassPropertyHolder done
Event: 6.635 loading class org/hibernate/cfg/AbstractPropertyHolder
Event: 6.635 loading class org/hibernate/cfg/AbstractPropertyHolder done
Event: 6.637 loading class javax/persistence/AttributeOverride
Event: 6.637 loading class javax/persistence/AttributeOverride done
Event: 6.638 loading class javax/persistence/AttributeOverrides
Event: 6.638 loading class javax/persistence/AttributeOverrides done
Event: 6.638 loading class javax/persistence/AssociationOverride
Event: 6.638 loading class javax/persistence/AssociationOverride done


Dynamic libraries:
0x00007ff6fa7b0000 - 0x00007ff6fa7e7000 	C:\Program Files\Java\jdk1.8.0_131\jre\bin\java.exe
0x00007ffb85180000 - 0x00007ffb8536d000 	C:\WINDOWS\SYSTEM32\ntdll.dll
0x00007ffb82630000 - 0x00007ffb826e3000 	C:\WINDOWS\System32\KERNEL32.DLL
0x00007ffb81490000 - 0x00007ffb81723000 	C:\WINDOWS\System32\KERNELBASE.dll
0x00007ffb826f0000 - 0x00007ffb82793000 	C:\WINDOWS\System32\ADVAPI32.dll
0x00007ffb824f0000 - 0x00007ffb8258e000 	C:\WINDOWS\System32\msvcrt.dll
0x00007ffb82590000 - 0x00007ffb8262e000 	C:\WINDOWS\System32\sechost.dll
0x00007ffb82b60000 - 0x00007ffb82c82000 	C:\WINDOWS\System32\RPCRT4.dll
0x00007ffb82890000 - 0x00007ffb82a27000 	C:\WINDOWS\System32\USER32.dll
0x00007ffb81ea0000 - 0x00007ffb81ec0000 	C:\WINDOWS\System32\win32u.dll
0x00007ffb841f0000 - 0x00007ffb84219000 	C:\WINDOWS\System32\GDI32.dll
0x00007ffb81250000 - 0x00007ffb813ea000 	C:\WINDOWS\System32\gdi32full.dll
0x00007ffb813f0000 - 0x00007ffb81490000 	C:\WINDOWS\System32\msvcp_win.dll
0x00007ffb822b0000 - 0x00007ffb823ac000 	C:\WINDOWS\System32\ucrtbase.dll
0x00007ffb6ee80000 - 0x00007ffb6f0f9000 	C:\WINDOWS\WinSxS\amd64_microsoft.windows.common-controls_6595b64144ccf1df_6.0.17763.316_none_05b53be2071f46b6\COMCTL32.dll
0x00007ffb846b0000 - 0x00007ffb849dd000 	C:\WINDOWS\System32\combase.dll
0x00007ffb82230000 - 0x00007ffb822ae000 	C:\WINDOWS\System32\bcryptPrimitives.dll
0x00007ffb82460000 - 0x00007ffb8248e000 	C:\WINDOWS\System32\IMM32.DLL
0x000000005afc0000 - 0x000000005b092000 	C:\Program Files\Java\jdk1.8.0_131\jre\bin\msvcr100.dll
0x000000005a720000 - 0x000000005afbc000 	C:\Program Files\Java\jdk1.8.0_131\jre\bin\server\jvm.dll
0x00007ffb827a0000 - 0x00007ffb827a8000 	C:\WINDOWS\System32\PSAPI.DLL
0x00007ffb7d8d0000 - 0x00007ffb7d8d9000 	C:\WINDOWS\SYSTEM32\WSOCK32.dll
0x00007ffb7d8a0000 - 0x00007ffb7d8c4000 	C:\WINDOWS\SYSTEM32\WINMM.dll
0x00007ffb79590000 - 0x00007ffb7959a000 	C:\WINDOWS\SYSTEM32\VERSION.dll
0x00007ffb84180000 - 0x00007ffb841ed000 	C:\WINDOWS\System32\WS2_32.dll
0x00007ffb7d870000 - 0x00007ffb7d89d000 	C:\WINDOWS\SYSTEM32\WINMMBASE.dll
0x00007ffb81f20000 - 0x00007ffb81f6a000 	C:\WINDOWS\System32\cfgmgr32.dll
0x000000005a710000 - 0x000000005a71f000 	C:\Program Files\Java\jdk1.8.0_131\jre\bin\verify.dll
0x000000005a6e0000 - 0x000000005a709000 	C:\Program Files\Java\jdk1.8.0_131\jre\bin\java.dll
0x000000005a6c0000 - 0x000000005a6d6000 	C:\Program Files\Java\jdk1.8.0_131\jre\bin\zip.dll
0x00007ffb82c90000 - 0x00007ffb8417f000 	C:\WINDOWS\System32\SHELL32.dll
0x00007ffb84cf0000 - 0x00007ffb84d98000 	C:\WINDOWS\System32\shcore.dll
0x00007ffb81750000 - 0x00007ffb81e9a000 	C:\WINDOWS\System32\windows.storage.dll
0x00007ffb81220000 - 0x00007ffb81244000 	C:\WINDOWS\System32\profapi.dll
0x00007ffb811c0000 - 0x00007ffb8121d000 	C:\WINDOWS\System32\powrprof.dll
0x00007ffb827b0000 - 0x00007ffb82802000 	C:\WINDOWS\System32\shlwapi.dll
0x00007ffb81180000 - 0x00007ffb81191000 	C:\WINDOWS\System32\kernel.appcore.dll
0x00007ffb81730000 - 0x00007ffb81747000 	C:\WINDOWS\System32\cryptsp.dll
0x000000005a670000 - 0x000000005a67d000 	C:\Program Files\Java\jdk1.8.0_131\jre\bin\management.dll
0x000000005a6a0000 - 0x000000005a6ba000 	C:\Program Files\Java\jdk1.8.0_131\jre\bin\net.dll
0x00007ffb80a10000 - 0x00007ffb80a77000 	C:\WINDOWS\system32\mswsock.dll
0x000000005a680000 - 0x000000005a691000 	C:\Program Files\Java\jdk1.8.0_131\jre\bin\nio.dll
0x00007ffb73db0000 - 0x00007ffb73dc6000 	C:\WINDOWS\system32\napinsp.dll
0x00007ffb71460000 - 0x00007ffb7147a000 	C:\WINDOWS\system32\pnrpnsp.dll
0x00007ffb807b0000 - 0x00007ffb80876000 	C:\WINDOWS\SYSTEM32\DNSAPI.dll
0x00007ffb84220000 - 0x00007ffb84228000 	C:\WINDOWS\System32\NSI.dll
0x00007ffb80770000 - 0x00007ffb807ad000 	C:\WINDOWS\SYSTEM32\IPHLPAPI.DLL
0x00007ffb79cc0000 - 0x00007ffb79cce000 	C:\WINDOWS\System32\winrnr.dll
0x00007ffb7d2d0000 - 0x00007ffb7d2eb000 	C:\WINDOWS\system32\NLAapi.dll
0x00007ffb773e0000 - 0x00007ffb773f5000 	C:\WINDOWS\system32\wshbth.dll
0x00007ffb72b50000 - 0x00007ffb72b5a000 	C:\Windows\System32\rasadhlp.dll
0x00007ffb73040000 - 0x00007ffb730b9000 	C:\WINDOWS\System32\fwpuclnt.dll
0x00007ffb81f70000 - 0x00007ffb81f96000 	C:\WINDOWS\System32\bcrypt.dll
0x00007ffb805d0000 - 0x00007ffb80603000 	C:\WINDOWS\system32\rsaenh.dll
0x00007ffb81080000 - 0x00007ffb810a8000 	C:\WINDOWS\SYSTEM32\USERENV.dll
0x00007ffb80be0000 - 0x00007ffb80bec000 	C:\WINDOWS\SYSTEM32\CRYPTBASE.dll
0x00007ffb76d10000 - 0x00007ffb76d26000 	C:\WINDOWS\SYSTEM32\dhcpcsvc6.DLL
0x00007ffb77000000 - 0x00007ffb7701c000 	C:\WINDOWS\SYSTEM32\dhcpcsvc.DLL

VM Arguments:
java_command: Z:\surefire6625028320205565066\surefirebooter4863994372517609660.jar Z:\surefire6625028320205565066 2019-03-07T17-49-30_235-jvmRun1 surefire1277741757103972550tmp surefire_03551729650719889900tmp
java_class_path (initial): Z:\surefire6625028320205565066\surefirebooter4863994372517609660.jar
Launcher Type: SUN_STANDARD

Environment Variables:
JAVA_HOME=C:\Program Files\Java\jdk1.8.0_131
PATH=C:\Program Files\Java\jdk1.8.0_131\bin;C:\ProgramData\Oracle\Java\javapath;C:\Windows\system32;C:\Windows;C:\Windows\System32\Wbem;C:\Windows\System32\WindowsPowerShell\v1.0\;C:\Windows\System32\OpenSSH\;C:\Program Files (x86)\NVIDIA Corporation\PhysX\Common;C:\Program Files\nodejs\;;C:\WINDOWS\system32;C:\WINDOWS;C:\WINDOWS\System32\Wbem;C:\WINDOWS\System32\WindowsPowerShell\v1.0\;C:\WINDOWS\System32\OpenSSH\;C:\Program Files\Java\jdk1.8.0_131\bin;C:\Users\Asus\AppData\Local\Programs\Microsoft VS Code\bin
USERNAME=Asus
OS=Windows_NT
PROCESSOR_IDENTIFIER=Intel64 Family 6 Model 158 Stepping 10, GenuineIntel



---------------  S Y S T E M  ---------------

OS: Windows 10.0 , 64 bit Build 17763 (10.0.17763.292)

CPU:total 12 (initial active 12) (6 cores per cpu, 2 threads per core) family 6 model 158 stepping 10, cmov, cx8, fxsr, mmx, sse, sse2, sse3, ssse3, sse4.1, sse4.2, popcnt, avx, avx2, aes, clmul, erms, 3dnowpref, lzcnt, ht, tsc, tscinvbit, bmi1, bmi2, adx

Memory: 4k page, physical 8239356k(2574728k free), swap 8239356k(5844k free)

vm_info: Java HotSpot(TM) 64-Bit Server VM (25.131-b11) for windows-amd64 JRE (1.8.0_131-b11), built on Mar 15 2017 01:23:53 by "java_re" with MS VC++ 10.0 (VS2010)

time: Thu Mar 07 17:49:37 2019
elapsed time: 6 seconds (0d 0h 0m 6s)

