#
# There is insufficient memory for the Java Runtime Environment to continue.
# Native memory allocation (malloc) failed to allocate 1874336 bytes for Chunk::new
# Possible reasons:
#   The system is out of physical RAM or swap space
#   In 32 bit mode, the process size limit was hit
# Possible solutions:
#   Reduce memory load on the system
#   Increase physical memory or swap space
#   Check if swap backing store is full
#   Use 64 bit Java on a 64 bit OS
#   Decrease Java heap size (-Xmx/-Xms)
#   Decrease number of Java threads
#   Decrease Java thread stack sizes (-Xss)
#   Set larger code cache with -XX:ReservedCodeCacheSize=
# This output file may be truncated or incomplete.
#
#  Out of Memory Error (allocation.cpp:390), pid=7512, tid=0x00000000000018c0
#
# JRE version: Java(TM) SE Runtime Environment (8.0_131-b11) (build 1.8.0_131-b11)
# Java VM: Java HotSpot(TM) 64-Bit Server VM (25.131-b11 mixed mode windows-amd64 compressed oops)
# Failed to write core dump. Minidumps are not enabled by default on client versions of Windows
#

---------------  T H R E A D  ---------------

Current thread (0x000000001969d800):  JavaThread "C2 CompilerThread0" daemon [_thread_in_native, id=6336, stack(0x000000001ad00000,0x000000001ae00000)]

Stack: [0x000000001ad00000,0x000000001ae00000]
[error occurred during error reporting (printing stack bounds), id 0xc0000005]

Native frames: (J=compiled Java code, j=interpreted, Vv=VM code, C=native code)


Current CompileTask:
C2:   4334 4316       4       java.net.URLClassLoader$1::run (5 bytes)


---------------  P R O C E S S  ---------------

Java Threads: ( => current thread )
  0x000000001b648000 JavaThread "main" [_thread_in_Java, id=11620, stack(0x000000001e4f0000,0x000000001e5f0000)]
  0x0000000019731800 JavaThread "Service Thread" daemon [_thread_blocked, id=6172, stack(0x000000001b100000,0x000000001b200000)]
  0x00000000196aa000 JavaThread "C1 CompilerThread3" daemon [_thread_blocked, id=6112, stack(0x000000001b000000,0x000000001b100000)]
  0x00000000196a9800 JavaThread "C2 CompilerThread2" daemon [_thread_in_native, id=6748, stack(0x000000001af00000,0x000000001b000000)]
  0x00000000196a4800 JavaThread "C2 CompilerThread1" daemon [_thread_in_native, id=5896, stack(0x000000001ae00000,0x000000001af00000)]
=>0x000000001969d800 JavaThread "C2 CompilerThread0" daemon [_thread_in_native, id=6336, stack(0x000000001ad00000,0x000000001ae00000)]
  0x0000000019699000 JavaThread "Attach Listener" daemon [_thread_blocked, id=6320, stack(0x000000001ac00000,0x000000001ad00000)]
  0x0000000019698000 JavaThread "Signal Dispatcher" daemon [_thread_blocked, id=9620, stack(0x000000001ab00000,0x000000001ac00000)]
  0x0000000019693000 JavaThread "Finalizer" daemon [_thread_blocked, id=7228, stack(0x000000001a900000,0x000000001aa00000)]
  0x0000000002e79000 JavaThread "Reference Handler" daemon [_thread_blocked, id=4204, stack(0x000000001a800000,0x000000001a900000)]
  0x0000000002c4d800 JavaThread "main" [_thread_blocked, id=4708, stack(0x0000000002c80000,0x0000000002d80000)]

Other Threads:
  0x0000000019672800 VMThread [stack: 0x000000001a700000,0x000000001a800000] [id=6384]
  0x000000001975f800 WatcherThread [stack: 0x000000001b200000,0x000000001b300000] [id=10444]

VM state:not at safepoint (normal execution)

VM Mutex/Monitor currently owned by a thread: None

Heap:
 PSYoungGen      total 209920K, used 75646K [0x00000000d6180000, 0x00000000e7d80000, 0x0000000100000000)
  eden space 195072K, 38% used [0x00000000d6180000,0x00000000dab5fb70,0x00000000e2000000)
  from space 14848K, 0% used [0x00000000e6f00000,0x00000000e6f00000,0x00000000e7d80000)
  to   space 16896K, 0% used [0x00000000e5c80000,0x00000000e5c80000,0x00000000e6d00000)
 ParOldGen       total 81408K, used 36560K [0x0000000082400000, 0x0000000087380000, 0x00000000d6180000)
  object space 81408K, 44% used [0x0000000082400000,0x00000000847b41e8,0x0000000087380000)
 Metaspace       used 37052K, capacity 38252K, committed 38528K, reserved 1083392K
  class space    used 4638K, capacity 4981K, committed 4992K, reserved 1048576K

Card table byte_map: [0x0000000012240000,0x0000000012630000] byte_map_base: 0x0000000011e2e000

Marking Bits: (ParMarkBitMap*) 0x000000006e99c720
 Begin Bits: [0x00000000132d0000, 0x0000000015240000)
 End Bits:   [0x0000000015240000, 0x00000000171b0000)

Polling page: 0x00000000012f0000

CodeCache: size=245760Kb used=15017Kb max_used=15586Kb free=230742Kb
 bounds [0x0000000002e80000, 0x0000000003dd0000, 0x0000000011e80000]
 total_blobs=4786 nmethods=4347 adapters=351
 compilation: enabled

Compilation events (10 events):
Event: 4.321 Thread 0x00000000196aa000 4833       3       org.springframework.util.ReflectionUtils::makeAccessible (36 bytes)
Event: 4.322 Thread 0x00000000196aa000 nmethod 4833 0x00000000033ab650 code [0x00000000033ab820, 0x00000000033ac088]
Event: 4.322 Thread 0x00000000196aa000 4834       3       org.springframework.asm.ClassReader::accept (1257 bytes)
Event: 4.327 Thread 0x00000000196aa000 nmethod 4834 0x00000000033da190 code [0x00000000033da9c0, 0x00000000033e0a58]
Event: 4.327 Thread 0x00000000196aa000 4837       3       org.springframework.util.ObjectUtils::isEmpty (15 bytes)
Event: 4.327 Thread 0x00000000196aa000 nmethod 4837 0x00000000035e7990 code [0x00000000035e7ae0, 0x00000000035e7cb0]
Event: 4.328 Thread 0x00000000196aa000 4836       3       org.springframework.context.annotation.ConfigurationClassParser$SourceClass::isAssignable (48 bytes)
Event: 4.328 Thread 0x00000000196aa000 nmethod 4836 0x0000000003499650 code [0x0000000003499840, 0x000000000349a2d8]
Event: 4.328 Thread 0x00000000196aa000 4835       3       org.springframework.core.type.classreading.AnnotationMetadataReadingVisitor::visitInnerClass (10 bytes)
Event: 4.328 Thread 0x00000000196aa000 nmethod 4835 0x00000000033d9dd0 code [0x00000000033d9f40, 0x00000000033da0c8]

GC Heap History (10 events):
Event: 2.585 GC heap before
{Heap before GC invocations=6 (full 0):
 PSYoungGen      total 70656K, used 70624K [0x00000000d6180000, 0x00000000dfa80000, 0x0000000100000000)
  eden space 65536K, 100% used [0x00000000d6180000,0x00000000da180000,0x00000000da180000)
  from space 5120K, 99% used [0x00000000da180000,0x00000000da678020,0x00000000da680000)
  to   space 12800K, 0% used [0x00000000dee00000,0x00000000dee00000,0x00000000dfa80000)
 ParOldGen       total 86016K, used 16268K [0x0000000082400000, 0x0000000087800000, 0x00000000d6180000)
  object space 86016K, 18% used [0x0000000082400000,0x00000000833e31d0,0x0000000087800000)
 Metaspace       used 17390K, capacity 17858K, committed 18176K, reserved 1064960K
  class space    used 2040K, capacity 2193K, committed 2304K, reserved 1048576K
Event: 2.595 GC heap after
Heap after GC invocations=6 (full 0):
 PSYoungGen      total 143360K, used 10145K [0x00000000d6180000, 0x00000000dfb80000, 0x0000000100000000)
  eden space 130560K, 0% used [0x00000000d6180000,0x00000000d6180000,0x00000000de100000)
  from space 12800K, 79% used [0x00000000dee00000,0x00000000df7e85e0,0x00000000dfa80000)
  to   space 13312K, 0% used [0x00000000de100000,0x00000000de100000,0x00000000dee00000)
 ParOldGen       total 86016K, used 16276K [0x0000000082400000, 0x0000000087800000, 0x00000000d6180000)
  object space 86016K, 18% used [0x0000000082400000,0x00000000833e51d0,0x0000000087800000)
 Metaspace       used 17390K, capacity 17858K, committed 18176K, reserved 1064960K
  class space    used 2040K, capacity 2193K, committed 2304K, reserved 1048576K
}
Event: 3.293 GC heap before
{Heap before GC invocations=7 (full 0):
 PSYoungGen      total 143360K, used 89131K [0x00000000d6180000, 0x00000000dfb80000, 0x0000000100000000)
  eden space 130560K, 60% used [0x00000000d6180000,0x00000000daea2948,0x00000000de100000)
  from space 12800K, 79% used [0x00000000dee00000,0x00000000df7e85e0,0x00000000dfa80000)
  to   space 13312K, 0% used [0x00000000de100000,0x00000000de100000,0x00000000dee00000)
 ParOldGen       total 86016K, used 16276K [0x0000000082400000, 0x0000000087800000, 0x00000000d6180000)
  object space 86016K, 18% used [0x0000000082400000,0x00000000833e51d0,0x0000000087800000)
 Metaspace       used 20529K, capacity 21144K, committed 21296K, reserved 1069056K
  class space    used 2410K, capacity 2658K, committed 2688K, reserved 1048576K
Event: 3.308 GC heap after
Heap after GC invocations=7 (full 0):
 PSYoungGen      total 143872K, used 13172K [0x00000000d6180000, 0x00000000e7d80000, 0x0000000100000000)
  eden space 130560K, 0% used [0x00000000d6180000,0x00000000d6180000,0x00000000de100000)
  from space 13312K, 98% used [0x00000000de100000,0x00000000deddd148,0x00000000dee00000)
  to   space 14848K, 0% used [0x00000000e6f00000,0x00000000e6f00000,0x00000000e7d80000)
 ParOldGen       total 86016K, used 18134K [0x0000000082400000, 0x0000000087800000, 0x00000000d6180000)
  object space 86016K, 21% used [0x0000000082400000,0x00000000835b5a90,0x0000000087800000)
 Metaspace       used 20529K, capacity 21144K, committed 21296K, reserved 1069056K
  class space    used 2410K, capacity 2658K, committed 2688K, reserved 1048576K
}
Event: 3.308 GC heap before
{Heap before GC invocations=8 (full 1):
 PSYoungGen      total 143872K, used 13172K [0x00000000d6180000, 0x00000000e7d80000, 0x0000000100000000)
  eden space 130560K, 0% used [0x00000000d6180000,0x00000000d6180000,0x00000000de100000)
  from space 13312K, 98% used [0x00000000de100000,0x00000000deddd148,0x00000000dee00000)
  to   space 14848K, 0% used [0x00000000e6f00000,0x00000000e6f00000,0x00000000e7d80000)
 ParOldGen       total 86016K, used 18134K [0x0000000082400000, 0x0000000087800000, 0x00000000d6180000)
  object space 86016K, 21% used [0x0000000082400000,0x00000000835b5a90,0x0000000087800000)
 Metaspace       used 20529K, capacity 21144K, committed 21296K, reserved 1069056K
  class space    used 2410K, capacity 2658K, committed 2688K, reserved 1048576K
Event: 3.376 GC heap after
Heap after GC invocations=8 (full 1):
 PSYoungGen      total 143872K, used 0K [0x00000000d6180000, 0x00000000e7d80000, 0x0000000100000000)
  eden space 130560K, 0% used [0x00000000d6180000,0x00000000d6180000,0x00000000de100000)
  from space 13312K, 0% used [0x00000000de100000,0x00000000de100000,0x00000000dee00000)
  to   space 14848K, 0% used [0x00000000e6f00000,0x00000000e6f00000,0x00000000e7d80000)
 ParOldGen       total 81408K, used 24655K [0x0000000082400000, 0x0000000087380000, 0x00000000d6180000)
  object space 81408K, 30% used [0x0000000082400000,0x0000000083c13c00,0x0000000087380000)
 Metaspace       used 20529K, capacity 21144K, committed 21296K, reserved 1069056K
  class space    used 2410K, capacity 2658K, committed 2688K, reserved 1048576K
}
Event: 4.052 GC heap before
{Heap before GC invocations=9 (full 1):
 PSYoungGen      total 143872K, used 120150K [0x00000000d6180000, 0x00000000e7d80000, 0x0000000100000000)
  eden space 130560K, 92% used [0x00000000d6180000,0x00000000dd6d5ad0,0x00000000de100000)
  from space 13312K, 0% used [0x00000000de100000,0x00000000de100000,0x00000000dee00000)
  to   space 14848K, 0% used [0x00000000e6f00000,0x00000000e6f00000,0x00000000e7d80000)
 ParOldGen       total 81408K, used 24655K [0x0000000082400000, 0x0000000087380000, 0x00000000d6180000)
  object space 81408K, 30% used [0x0000000082400000,0x0000000083c13c00,0x0000000087380000)
 Metaspace       used 34259K, capacity 35334K, committed 35456K, reserved 1079296K
  class space    used 4297K, capacity 4622K, committed 4736K, reserved 1048576K
Event: 4.064 GC heap after
Heap after GC invocations=9 (full 1):
 PSYoungGen      total 209920K, used 14820K [0x00000000d6180000, 0x00000000e7d80000, 0x0000000100000000)
  eden space 195072K, 0% used [0x00000000d6180000,0x00000000d6180000,0x00000000e2000000)
  from space 14848K, 99% used [0x00000000e6f00000,0x00000000e7d79378,0x00000000e7d80000)
  to   space 16896K, 0% used [0x00000000e5c80000,0x00000000e5c80000,0x00000000e6d00000)
 ParOldGen       total 81408K, used 24943K [0x0000000082400000, 0x0000000087380000, 0x00000000d6180000)
  object space 81408K, 30% used [0x0000000082400000,0x0000000083c5bf20,0x0000000087380000)
 Metaspace       used 34259K, capacity 35334K, committed 35456K, reserved 1079296K
  class space    used 4297K, capacity 4622K, committed 4736K, reserved 1048576K
}
Event: 4.065 GC heap before
{Heap before GC invocations=10 (full 2):
 PSYoungGen      total 209920K, used 14820K [0x00000000d6180000, 0x00000000e7d80000, 0x0000000100000000)
  eden space 195072K, 0% used [0x00000000d6180000,0x00000000d6180000,0x00000000e2000000)
  from space 14848K, 99% used [0x00000000e6f00000,0x00000000e7d79378,0x00000000e7d80000)
  to   space 16896K, 0% used [0x00000000e5c80000,0x00000000e5c80000,0x00000000e6d00000)
 ParOldGen       total 81408K, used 24943K [0x0000000082400000, 0x0000000087380000, 0x00000000d6180000)
  object space 81408K, 30% used [0x0000000082400000,0x0000000083c5bf20,0x0000000087380000)
 Metaspace       used 34259K, capacity 35334K, committed 35456K, reserved 1079296K
  class space    used 4297K, capacity 4622K, committed 4736K, reserved 1048576K
Event: 4.105 GC heap after
Heap after GC invocations=10 (full 2):
 PSYoungGen      total 209920K, used 0K [0x00000000d6180000, 0x00000000e7d80000, 0x0000000100000000)
  eden space 195072K, 0% used [0x00000000d6180000,0x00000000d6180000,0x00000000e2000000)
  from space 14848K, 0% used [0x00000000e6f00000,0x00000000e6f00000,0x00000000e7d80000)
  to   space 16896K, 0% used [0x00000000e5c80000,0x00000000e5c80000,0x00000000e6d00000)
 ParOldGen       total 81408K, used 36560K [0x0000000082400000, 0x0000000087380000, 0x00000000d6180000)
  object space 81408K, 44% used [0x0000000082400000,0x00000000847b41e8,0x0000000087380000)
 Metaspace       used 34259K, capacity 35334K, committed 35456K, reserved 1079296K
  class space    used 4297K, capacity 4622K, committed 4736K, reserved 1048576K
}

Deoptimization events (10 events):
Event: 4.150 Thread 0x000000001ea0a800 Uncommon trap: reason=class_check action=maybe_recompile pc=0x0000000003576ac8 method=java.util.Hashtable.get(Ljava/lang/Object;)Ljava/lang/Object; @ 6
Event: 4.152 Thread 0x000000001ea0a800 Uncommon trap: reason=class_check action=maybe_recompile pc=0x000000000361ef60 method=java.util.Hashtable.put(Ljava/lang/Object;Ljava/lang/Object;)Ljava/lang/Object; @ 18
Event: 4.152 Thread 0x000000001ea0a800 Uncommon trap: reason=class_check action=maybe_recompile pc=0x000000000361ef60 method=java.util.Hashtable.put(Ljava/lang/Object;Ljava/lang/Object;)Ljava/lang/Object; @ 18
Event: 4.164 Thread 0x000000001ea0a800 Uncommon trap: reason=class_check action=maybe_recompile pc=0x000000000361ef60 method=java.util.Hashtable.put(Ljava/lang/Object;Ljava/lang/Object;)Ljava/lang/Object; @ 18
Event: 4.216 Thread 0x000000001b648000 Uncommon trap: reason=unstable_if action=reinterpret pc=0x0000000003cfe8bc method=org.springframework.asm.ClassReader.readUTF8(I[C)Ljava/lang/String; @ 7
Event: 4.222 Thread 0x000000001ea0a800 Uncommon trap: reason=unstable_if action=reinterpret pc=0x00000000031e94dc method=com.sun.org.apache.xerces.internal.impl.XMLEntityScanner.skipSpaces()Z @ 125
Event: 4.235 Thread 0x000000001ea0a800 Uncommon trap: reason=unstable_if action=reinterpret pc=0x00000000032a029c method=com.sun.org.apache.xerces.internal.impl.XMLEntityScanner.scanLiteral(ILcom/sun/org/apache/xerces/internal/xni/XMLString;Z)I @ 44
Event: 4.277 Thread 0x000000001ea0a800 Uncommon trap: reason=bimorphic action=maybe_recompile pc=0x00000000038673b8 method=java.util.WeakHashMap.eq(Ljava/lang/Object;Ljava/lang/Object;)Z @ 7
Event: 4.277 Thread 0x000000001ea0a800 Uncommon trap: reason=bimorphic action=maybe_recompile pc=0x00000000038673b8 method=java.util.WeakHashMap.eq(Ljava/lang/Object;Ljava/lang/Object;)Z @ 7
Event: 4.287 Thread 0x000000001ea0a800 Uncommon trap: reason=bimorphic action=maybe_recompile pc=0x00000000038673b8 method=java.util.WeakHashMap.eq(Ljava/lang/Object;Ljava/lang/Object;)Z @ 7

Internal exceptions (10 events):
Event: 3.607 Thread 0x000000001b648000 Exception <a 'java/lang/NoSuchMethodError': java.lang.Object.lambda$chars$0()Ljava/util/Spliterator$OfInt;> (0x00000000d828d160) thrown at [C:\re\workspace\8-2-build-windows-amd64-cygwin\jdk8u131\8869\hotspot\src\share\vm\interpreter\linkResolver.cpp, lin
Event: 3.772 Thread 0x000000001b648000 Exception <a 'java/lang/NoSuchMethodError': org.slf4j.impl.StaticMDCBinder.getSingleton()Lorg/slf4j/impl/StaticMDCBinder;> (0x00000000daad8da0) thrown at [C:\re\workspace\8-2-build-windows-amd64-cygwin\jdk8u131\8869\hotspot\src\share\vm\interpreter\linkRe
Event: 3.881 Thread 0x000000001b648000 Exception <a 'java/lang/ClassNotFoundException': java/lang/ObjectCustomizer> (0x00000000dbcb9f78) thrown at [C:\re\workspace\8-2-build-windows-amd64-cygwin\jdk8u131\8869\hotspot\src\share\vm\classfile\systemDictionary.cpp, line 210]
Event: 3.883 Thread 0x000000001b648000 Exception <a 'java/lang/ClassNotFoundException': org/springframework/context/annotation/ConfigurationClassPostProcessorCustomizer> (0x00000000dbcd8018) thrown at [C:\re\workspace\8-2-build-windows-amd64-cygwin\jdk8u131\8869\hotspot\src\share\vm\classfile\
Event: 3.888 Thread 0x000000001b648000 Exception <a 'java/lang/ClassNotFoundException': org/springframework/beans/factory/support/BeanDefinitionRegistryPostProcessorCustomizer> (0x00000000dbe0b9e8) thrown at [C:\re\workspace\8-2-build-windows-amd64-cygwin\jdk8u131\8869\hotspot\src\share\vm\cla
Event: 3.889 Thread 0x000000001b648000 Exception <a 'java/lang/ClassNotFoundException': org/springframework/core/PriorityOrderedCustomizer> (0x00000000dbe1e7a8) thrown at [C:\re\workspace\8-2-build-windows-amd64-cygwin\jdk8u131\8869\hotspot\src\share\vm\classfile\systemDictionary.cpp, line 210
Event: 3.889 Thread 0x000000001b648000 Exception <a 'java/lang/ClassNotFoundException': org/springframework/context/ResourceLoaderAwareCustomizer> (0x00000000dbe32178) thrown at [C:\re\workspace\8-2-build-windows-amd64-cygwin\jdk8u131\8869\hotspot\src\share\vm\classfile\systemDictionary.cpp, l
Event: 3.890 Thread 0x000000001b648000 Exception <a 'java/lang/ClassNotFoundException': org/springframework/beans/factory/BeanClassLoaderAwareCustomizer> (0x00000000dbe48970) thrown at [C:\re\workspace\8-2-build-windows-amd64-cygwin\jdk8u131\8869\hotspot\src\share\vm\classfile\systemDictionary
Event: 3.890 Thread 0x000000001b648000 Exception <a 'java/lang/ClassNotFoundException': org/springframework/context/EnvironmentAwareCustomizer> (0x00000000dbe5cb68) thrown at [C:\re\workspace\8-2-build-windows-amd64-cygwin\jdk8u131\8869\hotspot\src\share\vm\classfile\systemDictionary.cpp, line
Event: 4.007 Thread 0x000000001ea0a800 Exception <a 'java/lang/IncompatibleClassChangeError': Found class java.lang.Object, but interface was expected> (0x00000000dcfe99c0) thrown at [C:\re\workspace\8-2-build-windows-amd64-cygwin\jdk8u131\8869\hotspot\src\share\vm\interpreter\linkResolver.cpp

Events (10 events):
Event: 4.313 loading class org/springframework/boot/actuate/autoconfigure/info/OnEnabledInfoContributorCondition
Event: 4.313 loading class org/springframework/boot/actuate/autoconfigure/info/OnEnabledInfoContributorCondition done
Event: 4.320 loading class org/springframework/boot/actuate/autoconfigure/metrics/CompositeMeterRegistryConfiguration$MultipleNonPrimaryMeterRegistriesCondition
Event: 4.320 loading class org/springframework/boot/actuate/autoconfigure/metrics/CompositeMeterRegistryConfiguration$MultipleNonPrimaryMeterRegistriesCondition done
Event: 4.321 loading class org/springframework/boot/autoconfigure/condition/NoneNestedConditions
Event: 4.321 loading class org/springframework/boot/autoconfigure/condition/NoneNestedConditions done
Event: 4.323 loading class org/springframework/boot/autoconfigure/orm/jpa/HibernateJpaAutoConfiguration$HibernateEntityManagerCondition
Event: 4.323 loading class org/springframework/boot/autoconfigure/orm/jpa/HibernateJpaAutoConfiguration$HibernateEntityManagerCondition done
Event: 4.323 loading class org/hibernate/ejb/HibernateEntityManager
Event: 4.323 loading class org/hibernate/ejb/HibernateEntityManager done


Dynamic libraries:
0x00007ff6b79a0000 - 0x00007ff6b79d7000 	C:\Program Files\Java\jdk1.8.0_131\bin\java.exe
0x00007ffb902b0000 - 0x00007ffb9049d000 	C:\WINDOWS\SYSTEM32\ntdll.dll
0x00007ffb8fc40000 - 0x00007ffb8fcf3000 	C:\WINDOWS\System32\KERNEL32.DLL
0x00007ffb8cb50000 - 0x00007ffb8cde3000 	C:\WINDOWS\System32\KERNELBASE.dll
0x00007ffb8d650000 - 0x00007ffb8d6f3000 	C:\WINDOWS\System32\ADVAPI32.dll
0x00007ffb8e4a0000 - 0x00007ffb8e53e000 	C:\WINDOWS\System32\msvcrt.dll
0x00007ffb8fd00000 - 0x00007ffb8fd9e000 	C:\WINDOWS\System32\sechost.dll
0x00007ffb8e000000 - 0x00007ffb8e122000 	C:\WINDOWS\System32\RPCRT4.dll
0x00007ffb8e300000 - 0x00007ffb8e497000 	C:\WINDOWS\System32\USER32.dll
0x00007ffb8c380000 - 0x00007ffb8c3a0000 	C:\WINDOWS\System32\win32u.dll
0x00007ffb8e130000 - 0x00007ffb8e159000 	C:\WINDOWS\System32\GDI32.dll
0x00007ffb8cdf0000 - 0x00007ffb8cf8a000 	C:\WINDOWS\System32\gdi32full.dll
0x00007ffb8d170000 - 0x00007ffb8d210000 	C:\WINDOWS\System32\msvcp_win.dll
0x00007ffb8d210000 - 0x00007ffb8d30c000 	C:\WINDOWS\System32\ucrtbase.dll
0x00007ffb7b6a0000 - 0x00007ffb7b919000 	C:\WINDOWS\WinSxS\amd64_microsoft.windows.common-controls_6595b64144ccf1df_6.0.17763.316_none_05b53be2071f46b6\COMCTL32.dll
0x00007ffb8dc50000 - 0x00007ffb8df7d000 	C:\WINDOWS\System32\combase.dll
0x00007ffb8d360000 - 0x00007ffb8d3de000 	C:\WINDOWS\System32\bcryptPrimitives.dll
0x00007ffb90250000 - 0x00007ffb9027e000 	C:\WINDOWS\System32\IMM32.DLL
0x000000006ea20000 - 0x000000006eaf2000 	C:\Program Files\Java\jdk1.8.0_131\jre\bin\msvcr100.dll
0x000000006e180000 - 0x000000006ea1c000 	C:\Program Files\Java\jdk1.8.0_131\jre\bin\server\jvm.dll
0x00007ffb90080000 - 0x00007ffb90088000 	C:\WINDOWS\System32\PSAPI.DLL
0x00007ffb89e80000 - 0x00007ffb89e89000 	C:\WINDOWS\SYSTEM32\WSOCK32.dll
0x00007ffb89d80000 - 0x00007ffb89da4000 	C:\WINDOWS\SYSTEM32\WINMM.dll
0x00007ffb825b0000 - 0x00007ffb825ba000 	C:\WINDOWS\SYSTEM32\VERSION.dll
0x00007ffb8e290000 - 0x00007ffb8e2fd000 	C:\WINDOWS\System32\WS2_32.dll
0x00007ffb89db0000 - 0x00007ffb89ddd000 	C:\WINDOWS\SYSTEM32\winmmbase.dll
0x00007ffb8d310000 - 0x00007ffb8d35a000 	C:\WINDOWS\System32\cfgmgr32.dll
0x000000006e170000 - 0x000000006e17f000 	C:\Program Files\Java\jdk1.8.0_131\jre\bin\verify.dll
0x000000006e140000 - 0x000000006e169000 	C:\Program Files\Java\jdk1.8.0_131\jre\bin\java.dll
0x000000006e120000 - 0x000000006e136000 	C:\Program Files\Java\jdk1.8.0_131\jre\bin\zip.dll
0x00007ffb8e6b0000 - 0x00007ffb8fb9f000 	C:\WINDOWS\System32\SHELL32.dll
0x00007ffb8db90000 - 0x00007ffb8dc38000 	C:\WINDOWS\System32\shcore.dll
0x00007ffb8c3a0000 - 0x00007ffb8caea000 	C:\WINDOWS\System32\windows.storage.dll
0x00007ffb8c350000 - 0x00007ffb8c374000 	C:\WINDOWS\System32\profapi.dll
0x00007ffb8c2d0000 - 0x00007ffb8c32d000 	C:\WINDOWS\System32\powrprof.dll
0x00007ffb8e5a0000 - 0x00007ffb8e5f2000 	C:\WINDOWS\System32\shlwapi.dll
0x00007ffb8c330000 - 0x00007ffb8c341000 	C:\WINDOWS\System32\kernel.appcore.dll
0x00007ffb8d4c0000 - 0x00007ffb8d4d7000 	C:\WINDOWS\System32\cryptsp.dll
0x00007ffb8b700000 - 0x00007ffb8b733000 	C:\WINDOWS\system32\rsaenh.dll
0x00007ffb8d490000 - 0x00007ffb8d4b6000 	C:\WINDOWS\System32\bcrypt.dll
0x00007ffb8c1b0000 - 0x00007ffb8c1d8000 	C:\WINDOWS\SYSTEM32\USERENV.dll
0x00007ffb8bd10000 - 0x00007ffb8bd1c000 	C:\WINDOWS\SYSTEM32\CRYPTBASE.dll
0x000000006e100000 - 0x000000006e11a000 	C:\Program Files\Java\jdk1.8.0_131\jre\bin\net.dll
0x00007ffb8bb40000 - 0x00007ffb8bba7000 	C:\WINDOWS\system32\mswsock.dll
0x00007ffb8b8a0000 - 0x00007ffb8b8dd000 	C:\WINDOWS\SYSTEM32\IPHLPAPI.DLL
0x00007ffb8d700000 - 0x00007ffb8d708000 	C:\WINDOWS\System32\NSI.dll
0x00007ffb825d0000 - 0x00007ffb825e6000 	C:\WINDOWS\SYSTEM32\dhcpcsvc6.DLL
0x00007ffb82e30000 - 0x00007ffb82e4c000 	C:\WINDOWS\SYSTEM32\dhcpcsvc.DLL
0x00007ffb8b8e0000 - 0x00007ffb8b9a6000 	C:\WINDOWS\SYSTEM32\DNSAPI.dll
0x000000006e0e0000 - 0x000000006e0f1000 	C:\Program Files\Java\jdk1.8.0_131\jre\bin\nio.dll
0x00007ffb875f0000 - 0x00007ffb875fa000 	Z:\jansi-1.17.1-9073435130240155667.dll
0x00007ffb875e0000 - 0x00007ffb875ea000 	Z:\jansi-1.17.1-7074095212909668393.dll
0x000000006e0d0000 - 0x000000006e0dd000 	C:\Program Files\Java\jdk1.8.0_131\jre\bin\management.dll
0x00007ffb73250000 - 0x00007ffb73266000 	C:\WINDOWS\system32\napinsp.dll
0x00007ffb73230000 - 0x00007ffb7324a000 	C:\WINDOWS\system32\pnrpnsp.dll
0x00007ffb717c0000 - 0x00007ffb717ce000 	C:\WINDOWS\System32\winrnr.dll
0x00007ffb88570000 - 0x00007ffb8858b000 	C:\WINDOWS\system32\NLAapi.dll
0x00007ffb84810000 - 0x00007ffb84825000 	C:\WINDOWS\system32\wshbth.dll
0x00007ffb7b680000 - 0x00007ffb7b68a000 	C:\Windows\System32\rasadhlp.dll
0x00007ffb7d100000 - 0x00007ffb7d179000 	C:\WINDOWS\System32\fwpuclnt.dll

VM Arguments:
jvm_args: -Dmaven.multiModuleProjectDirectory=C:\Users\Asus\Downloads\team05-master\backend 
java_command: org.apache.maven.wrapper.MavenWrapperMain spring-boot:run
java_class_path (initial): C:\Users\Asus\Downloads\team05-master\backend\.mvn\wrapper\maven-wrapper.jar
Launcher Type: SUN_STANDARD

Environment Variables:
JAVA_HOME=C:\Program Files\Java\jdk1.8.0_131
PATH=C:\Program Files\Java\jdk1.8.0_131\bin;C:\ProgramData\Oracle\Java\javapath;C:\Windows\system32;C:\Windows;C:\Windows\System32\Wbem;C:\Windows\System32\WindowsPowerShell\v1.0\;C:\Windows\System32\OpenSSH\;C:\Program Files (x86)\NVIDIA Corporation\PhysX\Common;C:\Program Files\nodejs\;;C:\WINDOWS\system32;C:\WINDOWS;C:\WINDOWS\System32\Wbem;C:\WINDOWS\System32\WindowsPowerShell\v1.0\;C:\WINDOWS\System32\OpenSSH\;C:\Program Files\Java\jdk1.8.0_131\bin;C:\Users\Asus\AppData\Local\Programs\Microsoft VS Code\bin
USERNAME=Asus
OS=Windows_NT
PROCESSOR_IDENTIFIER=Intel64 Family 6 Model 158 Stepping 10, GenuineIntel



---------------  S Y S T E M  ---------------

OS: Windows 10.0 , 64 bit Build 17763 (10.0.17763.292)

CPU:total 12 (initial active 12) (6 cores per cpu, 2 threads per core) family 6 model 158 stepping 10, cmov, cx8, fxsr, mmx, sse, sse2, sse3, ssse3, sse4.1, sse4.2, popcnt, avx, avx2, aes, clmul, erms, 3dnowpref, lzcnt, ht, tsc, tscinvbit, bmi1, bmi2, adx

Memory: 4k page, physical 8239356k(2180996k free), swap 8239356k(6112k free)

vm_info: Java HotSpot(TM) 64-Bit Server VM (25.131-b11) for windows-amd64 JRE (1.8.0_131-b11), built on Mar 15 2017 01:23:53 by "java_re" with MS VC++ 10.0 (VS2010)

time: Thu Mar 07 20:27:32 2019
elapsed time: 4 seconds (0d 0h 0m 4s)

