#
# There is insufficient memory for the Java Runtime Environment to continue.
# Native memory allocation (malloc) failed to allocate 2236496 bytes for Chunk::new
# Possible reasons:
#   The system is out of physical RAM or swap space
#   In 32 bit mode, the process size limit was hit
# Possible solutions:
#   Reduce memory load on the system
#   Increase physical memory or swap space
#   Check if swap backing store is full
#   Use 64 bit Java on a 64 bit OS
#   Decrease Java heap size (-Xmx/-Xms)
#   Decrease number of Java threads
#   Decrease Java thread stack sizes (-Xss)
#   Set larger code cache with -XX:ReservedCodeCacheSize=
# This output file may be truncated or incomplete.
#
#  Out of Memory Error (allocation.cpp:390), pid=4168, tid=0x0000000000001b00
#
# JRE version: Java(TM) SE Runtime Environment (8.0_131-b11) (build 1.8.0_131-b11)
# Java VM: Java HotSpot(TM) 64-Bit Server VM (25.131-b11 mixed mode windows-amd64 compressed oops)
# Failed to write core dump. Minidumps are not enabled by default on client versions of Windows
#

---------------  T H R E A D  ---------------

Current thread (0x0000000019bd4000):  JavaThread "C2 CompilerThread1" daemon [_thread_in_native, id=6912, stack(0x000000001b340000,0x000000001b440000)]

Stack: [0x000000001b340000,0x000000001b440000]
[error occurred during error reporting (printing stack bounds), id 0xc0000005]

Native frames: (J=compiled Java code, j=interpreted, Vv=VM code, C=native code)


Current CompileTask:
C2:  15870 7564   !   4       java.net.URLClassLoader$1::run (63 bytes)


---------------  P R O C E S S  ---------------

Java Threads: ( => current thread )
  0x0000000020bed000 JavaThread "background-preinit" [_thread_in_Java, id=6392, stack(0x0000000023f70000,0x0000000024070000)]
  0x00000000204e7800 JavaThread "main" [_thread_in_Java, id=7340, stack(0x0000000022920000,0x0000000022a20000)]
  0x0000000019c69800 JavaThread "Service Thread" daemon [_thread_blocked, id=6944, stack(0x000000001b640000,0x000000001b740000)]
  0x0000000019bda800 JavaThread "C1 CompilerThread3" daemon [_thread_in_vm, id=6908, stack(0x000000001b540000,0x000000001b640000)]
  0x0000000019bd9000 JavaThread "C2 CompilerThread2" daemon [_thread_in_native, id=6576, stack(0x000000001b440000,0x000000001b540000)]
=>0x0000000019bd4000 JavaThread "C2 CompilerThread1" daemon [_thread_in_native, id=6912, stack(0x000000001b340000,0x000000001b440000)]
  0x0000000019bcf000 JavaThread "C2 CompilerThread0" daemon [_thread_in_native, id=7404, stack(0x000000001b240000,0x000000001b340000)]
  0x0000000019bc8000 JavaThread "Attach Listener" daemon [_thread_blocked, id=6620, stack(0x000000001b140000,0x000000001b240000)]
  0x000000001850e000 JavaThread "Signal Dispatcher" daemon [_thread_blocked, id=7052, stack(0x000000001b040000,0x000000001b140000)]
  0x0000000019bc3000 JavaThread "Finalizer" daemon [_thread_blocked, id=7084, stack(0x000000001ae40000,0x000000001af40000)]
  0x00000000033e9000 JavaThread "Reference Handler" daemon [_thread_blocked, id=7452, stack(0x000000001ad40000,0x000000001ae40000)]
  0x00000000032ed800 JavaThread "main" [_thread_blocked, id=3568, stack(0x0000000003160000,0x0000000003260000)]

Other Threads:
  0x0000000019ba2800 VMThread [stack: 0x000000001ac40000,0x000000001ad40000] [id=6744]
  0x0000000019c9f800 WatcherThread [stack: 0x000000001b740000,0x000000001b840000] [id=11100]

VM state:not at safepoint (normal execution)

VM Mutex/Monitor currently owned by a thread: None

Heap:
 PSYoungGen      total 270848K, used 81678K [0x00000000d6180000, 0x00000000e8a80000, 0x0000000100000000)
  eden space 254976K, 32% used [0x00000000d6180000,0x00000000db1439a8,0x00000000e5a80000)
  from space 15872K, 0% used [0x00000000e5a80000,0x00000000e5a80000,0x00000000e6a00000)
  to   space 18944K, 0% used [0x00000000e7800000,0x00000000e7800000,0x00000000e8a80000)
 ParOldGen       total 75264K, used 40658K [0x0000000082400000, 0x0000000086d80000, 0x00000000d6180000)
  object space 75264K, 54% used [0x0000000082400000,0x0000000084bb4930,0x0000000086d80000)
 Metaspace       used 40121K, capacity 41298K, committed 41600K, reserved 1085440K
  class space    used 4869K, capacity 5202K, committed 5248K, reserved 1048576K

Card table byte_map: [0x00000000127b0000,0x0000000012ba0000] byte_map_base: 0x000000001239e000

Marking Bits: (ParMarkBitMap*) 0x000000006e99c720
 Begin Bits: [0x0000000013840000, 0x00000000157b0000)
 End Bits:   [0x00000000157b0000, 0x0000000017720000)

Polling page: 0x00000000013f0000

CodeCache: size=245760Kb used=19759Kb max_used=24627Kb free=226000Kb
 bounds [0x00000000033f0000, 0x0000000004c20000, 0x00000000123f0000]
 total_blobs=6476 nmethods=6028 adapters=358
 compilation: enabled

Compilation events (10 events):
Event: 15.864 Thread 0x0000000019bda800 nmethod 7765 0x000000000413e190 code [0x000000000413e320, 0x000000000413e7c8]
Event: 15.864 Thread 0x0000000019bda800 7764       3       org.springframework.asm.MethodVisitor::visitInsn (16 bytes)
Event: 15.864 Thread 0x0000000019bd9000 nmethod 7731 0x0000000003652250 code [0x0000000003652440, 0x0000000003653290]
Event: 15.864 Thread 0x0000000019bda800 nmethod 7764 0x0000000004214a10 code [0x0000000004214b80, 0x0000000004214de8]
Event: 15.864 Thread 0x0000000019bda800 7766       3       org.springframework.asm.ClassReader::readConst (259 bytes)
Event: 15.864 Thread 0x0000000019bd9000 7757       4       org.springframework.asm.ClassReader::readUTF (194 bytes)
Event: 15.866 Thread 0x0000000019bda800 nmethod 7766 0x00000000042f4dd0 code [0x00000000042f5180, 0x00000000042f6c98]
Event: 15.866 Thread 0x0000000019bda800 7767       3       java.lang.Class::enumConstantDirectory (114 bytes)
Event: 15.867 Thread 0x0000000019bda800 nmethod 7767 0x00000000036a6b90 code [0x00000000036a6e20, 0x00000000036a7f48]
Event: 15.867 Thread 0x0000000019bda800 7768       3       org.springframework.asm.ClassReader::readCode (3619 bytes)

GC Heap History (10 events):
Event: 5.341 GC heap before
{Heap before GC invocations=9 (full 1):
 PSYoungGen      total 143872K, used 130560K [0x00000000d6180000, 0x00000000e7980000, 0x0000000100000000)
  eden space 130560K, 100% used [0x00000000d6180000,0x00000000de100000,0x00000000de100000)
  from space 13312K, 0% used [0x00000000de100000,0x00000000de100000,0x00000000dee00000)
  to   space 12800K, 0% used [0x00000000e6d00000,0x00000000e6d00000,0x00000000e7980000)
 ParOldGen       total 75264K, used 20437K [0x0000000082400000, 0x0000000086d80000, 0x00000000d6180000)
  object space 75264K, 27% used [0x0000000082400000,0x00000000837f5480,0x0000000086d80000)
 Metaspace       used 24161K, capacity 24824K, committed 25088K, reserved 1071104K
  class space    used 2842K, capacity 3032K, committed 3072K, reserved 1048576K
Event: 5.352 GC heap after
Heap after GC invocations=9 (full 1):
 PSYoungGen      total 214528K, used 12797K [0x00000000d6180000, 0x00000000e7980000, 0x0000000100000000)
  eden space 201728K, 0% used [0x00000000d6180000,0x00000000d6180000,0x00000000e2680000)
  from space 12800K, 99% used [0x00000000e6d00000,0x00000000e797f728,0x00000000e7980000)
  to   space 15872K, 0% used [0x00000000e5a80000,0x00000000e5a80000,0x00000000e6a00000)
 ParOldGen       total 75264K, used 24505K [0x0000000082400000, 0x0000000086d80000, 0x00000000d6180000)
  object space 75264K, 32% used [0x0000000082400000,0x0000000083bee438,0x0000000086d80000)
 Metaspace       used 24161K, capacity 24824K, committed 25088K, reserved 1071104K
  class space    used 2842K, capacity 3032K, committed 3072K, reserved 1048576K
}
Event: 6.204 GC heap before
{Heap before GC invocations=10 (full 1):
 PSYoungGen      total 214528K, used 214525K [0x00000000d6180000, 0x00000000e7980000, 0x0000000100000000)
  eden space 201728K, 100% used [0x00000000d6180000,0x00000000e2680000,0x00000000e2680000)
  from space 12800K, 99% used [0x00000000e6d00000,0x00000000e797f728,0x00000000e7980000)
  to   space 15872K, 0% used [0x00000000e5a80000,0x00000000e5a80000,0x00000000e6a00000)
 ParOldGen       total 75264K, used 24505K [0x0000000082400000, 0x0000000086d80000, 0x00000000d6180000)
  object space 75264K, 32% used [0x0000000082400000,0x0000000083bee438,0x0000000086d80000)
 Metaspace       used 24646K, capacity 25404K, committed 25600K, reserved 1071104K
  class space    used 2863K, capacity 3054K, committed 3072K, reserved 1048576K
Event: 6.216 GC heap after
Heap after GC invocations=10 (full 1):
 PSYoungGen      total 270848K, used 15866K [0x00000000d6180000, 0x00000000e8a80000, 0x0000000100000000)
  eden space 254976K, 0% used [0x00000000d6180000,0x00000000d6180000,0x00000000e5a80000)
  from space 15872K, 99% used [0x00000000e5a80000,0x00000000e69fe9b8,0x00000000e6a00000)
  to   space 18944K, 0% used [0x00000000e7800000,0x00000000e7800000,0x00000000e8a80000)
 ParOldGen       total 75264K, used 27035K [0x0000000082400000, 0x0000000086d80000, 0x00000000d6180000)
  object space 75264K, 35% used [0x0000000082400000,0x0000000083e66e70,0x0000000086d80000)
 Metaspace       used 24646K, capacity 25404K, committed 25600K, reserved 1071104K
  class space    used 2863K, capacity 3054K, committed 3072K, reserved 1048576K
}
Event: 8.447 GC heap before
{Heap before GC invocations=11 (full 1):
 PSYoungGen      total 270848K, used 270842K [0x00000000d6180000, 0x00000000e8a80000, 0x0000000100000000)
  eden space 254976K, 100% used [0x00000000d6180000,0x00000000e5a80000,0x00000000e5a80000)
  from space 15872K, 99% used [0x00000000e5a80000,0x00000000e69fe9b8,0x00000000e6a00000)
  to   space 18944K, 0% used [0x00000000e7800000,0x00000000e7800000,0x00000000e8a80000)
 ParOldGen       total 75264K, used 27035K [0x0000000082400000, 0x0000000086d80000, 0x00000000d6180000)
  object space 75264K, 35% used [0x0000000082400000,0x0000000083e66e70,0x0000000086d80000)
 Metaspace       used 27510K, capacity 28320K, committed 28416K, reserved 1075200K
  class space    used 3135K, capacity 3322K, committed 3328K, reserved 1048576K
Event: 8.470 GC heap after
Heap after GC invocations=11 (full 1):
 PSYoungGen      total 273920K, used 18913K [0x00000000d6180000, 0x00000000e8a80000, 0x0000000100000000)
  eden space 254976K, 0% used [0x00000000d6180000,0x00000000d6180000,0x00000000e5a80000)
  from space 18944K, 99% used [0x00000000e7800000,0x00000000e8a78790,0x00000000e8a80000)
  to   space 15872K, 0% used [0x00000000e5a80000,0x00000000e5a80000,0x00000000e6a00000)
 ParOldGen       total 75264K, used 41458K [0x0000000082400000, 0x0000000086d80000, 0x00000000d6180000)
  object space 75264K, 55% used [0x0000000082400000,0x0000000084c7cb28,0x0000000086d80000)
 Metaspace       used 27510K, capacity 28320K, committed 28416K, reserved 1075200K
  class space    used 3135K, capacity 3322K, committed 3328K, reserved 1048576K
}
Event: 15.381 GC heap before
{Heap before GC invocations=12 (full 1):
 PSYoungGen      total 273920K, used 124626K [0x00000000d6180000, 0x00000000e8a80000, 0x0000000100000000)
  eden space 254976K, 41% used [0x00000000d6180000,0x00000000dc8bc1c0,0x00000000e5a80000)
  from space 18944K, 99% used [0x00000000e7800000,0x00000000e8a78790,0x00000000e8a80000)
  to   space 15872K, 0% used [0x00000000e5a80000,0x00000000e5a80000,0x00000000e6a00000)
 ParOldGen       total 75264K, used 41458K [0x0000000082400000, 0x0000000086d80000, 0x00000000d6180000)
  object space 75264K, 55% used [0x0000000082400000,0x0000000084c7cb28,0x0000000086d80000)
 Metaspace       used 34306K, capacity 35446K, committed 35496K, reserved 1081344K
  class space    used 4020K, capacity 4321K, committed 4352K, reserved 1048576K
Event: 15.396 GC heap after
Heap after GC invocations=12 (full 1):
 PSYoungGen      total 270848K, used 9608K [0x00000000d6180000, 0x00000000e8a80000, 0x0000000100000000)
  eden space 254976K, 0% used [0x00000000d6180000,0x00000000d6180000,0x00000000e5a80000)
  from space 15872K, 60% used [0x00000000e5a80000,0x00000000e63e2268,0x00000000e6a00000)
  to   space 18944K, 0% used [0x00000000e7800000,0x00000000e7800000,0x00000000e8a80000)
 ParOldGen       total 75264K, used 60115K [0x0000000082400000, 0x0000000086d80000, 0x00000000d6180000)
  object space 75264K, 79% used [0x0000000082400000,0x0000000085eb4dc0,0x0000000086d80000)
 Metaspace       used 34306K, capacity 35446K, committed 35496K, reserved 1081344K
  class space    used 4020K, capacity 4321K, committed 4352K, reserved 1048576K
}
Event: 15.396 GC heap before
{Heap before GC invocations=13 (full 2):
 PSYoungGen      total 270848K, used 9608K [0x00000000d6180000, 0x00000000e8a80000, 0x0000000100000000)
  eden space 254976K, 0% used [0x00000000d6180000,0x00000000d6180000,0x00000000e5a80000)
  from space 15872K, 60% used [0x00000000e5a80000,0x00000000e63e2268,0x00000000e6a00000)
  to   space 18944K, 0% used [0x00000000e7800000,0x00000000e7800000,0x00000000e8a80000)
 ParOldGen       total 75264K, used 60115K [0x0000000082400000, 0x0000000086d80000, 0x00000000d6180000)
  object space 75264K, 79% used [0x0000000082400000,0x0000000085eb4dc0,0x0000000086d80000)
 Metaspace       used 34306K, capacity 35446K, committed 35496K, reserved 1081344K
  class space    used 4020K, capacity 4321K, committed 4352K, reserved 1048576K
Event: 15.467 GC heap after
Heap after GC invocations=13 (full 2):
 PSYoungGen      total 270848K, used 0K [0x00000000d6180000, 0x00000000e8a80000, 0x0000000100000000)
  eden space 254976K, 0% used [0x00000000d6180000,0x00000000d6180000,0x00000000e5a80000)
  from space 15872K, 0% used [0x00000000e5a80000,0x00000000e5a80000,0x00000000e6a00000)
  to   space 18944K, 0% used [0x00000000e7800000,0x00000000e7800000,0x00000000e8a80000)
 ParOldGen       total 75264K, used 40658K [0x0000000082400000, 0x0000000086d80000, 0x00000000d6180000)
  object space 75264K, 54% used [0x0000000082400000,0x0000000084bb4930,0x0000000086d80000)
 Metaspace       used 31989K, capacity 32932K, committed 35496K, reserved 1081344K
  class space    used 3722K, capacity 4002K, committed 4352K, reserved 1048576K
}

Deoptimization events (10 events):
Event: 15.669 Thread 0x00000000204e7800 Uncommon trap: reason=unstable_if action=reinterpret pc=0x0000000003d3f5dc method=java.lang.ThreadLocal$ThreadLocalMap.getEntry(Ljava/lang/ThreadLocal;)Ljava/lang/ThreadLocal$ThreadLocalMap$Entry; @ 29
Event: 15.683 Thread 0x0000000020bed000 Uncommon trap: reason=bimorphic action=maybe_recompile pc=0x00000000040047c4 method=java.util.LinkedHashMap.afterNodeInsertion(Z)V @ 15
Event: 15.683 Thread 0x0000000020bed000 Uncommon trap: reason=class_check action=maybe_recompile pc=0x0000000003dc3d4c method=java.util.Collections$UnmodifiableMap.isEmpty()Z @ 4
Event: 15.683 Thread 0x0000000020bed000 Uncommon trap: reason=bimorphic action=maybe_recompile pc=0x00000000040047c4 method=java.util.LinkedHashMap.afterNodeInsertion(Z)V @ 15
Event: 15.683 Thread 0x0000000020bed000 Uncommon trap: reason=bimorphic action=maybe_recompile pc=0x00000000040047c4 method=java.util.LinkedHashMap.afterNodeInsertion(Z)V @ 15
Event: 15.683 Thread 0x0000000020bed000 Uncommon trap: reason=class_check action=maybe_recompile pc=0x0000000003dc3d4c method=java.util.Collections$UnmodifiableMap.isEmpty()Z @ 4
Event: 15.683 Thread 0x0000000020bed000 Uncommon trap: reason=bimorphic action=maybe_recompile pc=0x00000000040047c4 method=java.util.LinkedHashMap.afterNodeInsertion(Z)V @ 15
Event: 15.720 Thread 0x00000000204e7800 Uncommon trap: reason=unstable_if action=reinterpret pc=0x0000000003e969dc method=java.util.StringTokenizer.setMaxDelimCodePoint()V @ 71
Event: 15.747 Thread 0x0000000020bed000 Uncommon trap: reason=unstable_if action=reinterpret pc=0x00000000039602bc method=java.util.concurrent.ConcurrentHashMap.putVal(Ljava/lang/Object;Ljava/lang/Object;Z)Ljava/lang/Object; @ 113
Event: 15.747 Thread 0x0000000020bed000 Uncommon trap: reason=unstable_if action=reinterpret pc=0x0000000004b82714 method=java.util.concurrent.ConcurrentHashMap.addCount(JI)V @ 168

Internal exceptions (10 events):
Event: 15.364 Thread 0x00000000204e7800 Exception <a 'java/lang/NoSuchMethodError': java.lang.Object.lambda$static$1(CI)C> (0x00000000dc2bb320) thrown at [C:\re\workspace\8-2-build-windows-amd64-cygwin\jdk8u131\8869\hotspot\src\share\vm\interpreter\linkResolver.cpp, line 582]
Event: 15.473 Thread 0x00000000204e7800 Exception <a 'java/lang/NoSuchMethodError': java.lang.Object.lambda$chars$0()Ljava/util/Spliterator$OfInt;> (0x00000000d61cc790) thrown at [C:\re\workspace\8-2-build-windows-amd64-cygwin\jdk8u131\8869\hotspot\src\share\vm\interpreter\linkResolver.cpp, lin
Event: 15.666 Thread 0x00000000204e7800 Exception <a 'java/lang/NoSuchMethodError': org.slf4j.impl.StaticMDCBinder.getSingleton()Lorg/slf4j/impl/StaticMDCBinder;> (0x00000000d8d869b0) thrown at [C:\re\workspace\8-2-build-windows-amd64-cygwin\jdk8u131\8869\hotspot\src\share\vm\interpreter\linkRe
Event: 15.775 Thread 0x00000000204e7800 Exception <a 'java/lang/ClassNotFoundException': java/lang/ObjectCustomizer> (0x00000000d9cc57b0) thrown at [C:\re\workspace\8-2-build-windows-amd64-cygwin\jdk8u131\8869\hotspot\src\share\vm\classfile\systemDictionary.cpp, line 210]
Event: 15.781 Thread 0x00000000204e7800 Exception <a 'java/lang/ClassNotFoundException': org/springframework/context/annotation/ConfigurationClassPostProcessorCustomizer> (0x00000000d9ce3850) thrown at [C:\re\workspace\8-2-build-windows-amd64-cygwin\jdk8u131\8869\hotspot\src\share\vm\classfile\
Event: 15.785 Thread 0x00000000204e7800 Exception <a 'java/lang/ClassNotFoundException': org/springframework/beans/factory/support/BeanDefinitionRegistryPostProcessorCustomizer> (0x00000000d9d3ec10) thrown at [C:\re\workspace\8-2-build-windows-amd64-cygwin\jdk8u131\8869\hotspot\src\share\vm\cla
Event: 15.785 Thread 0x00000000204e7800 Exception <a 'java/lang/ClassNotFoundException': org/springframework/core/PriorityOrderedCustomizer> (0x00000000d9d519d0) thrown at [C:\re\workspace\8-2-build-windows-amd64-cygwin\jdk8u131\8869\hotspot\src\share\vm\classfile\systemDictionary.cpp, line 210
Event: 15.785 Thread 0x00000000204e7800 Exception <a 'java/lang/ClassNotFoundException': org/springframework/context/ResourceLoaderAwareCustomizer> (0x00000000da2603c8) thrown at [C:\re\workspace\8-2-build-windows-amd64-cygwin\jdk8u131\8869\hotspot\src\share\vm\classfile\systemDictionary.cpp, l
Event: 15.786 Thread 0x00000000204e7800 Exception <a 'java/lang/ClassNotFoundException': org/springframework/beans/factory/BeanClassLoaderAwareCustomizer> (0x00000000da276b68) thrown at [C:\re\workspace\8-2-build-windows-amd64-cygwin\jdk8u131\8869\hotspot\src\share\vm\classfile\systemDictionary
Event: 15.786 Thread 0x00000000204e7800 Exception <a 'java/lang/ClassNotFoundException': org/springframework/context/EnvironmentAwareCustomizer> (0x00000000da28ad60) thrown at [C:\re\workspace\8-2-build-windows-amd64-cygwin\jdk8u131\8869\hotspot\src\share\vm\classfile\systemDictionary.cpp, line

Events (10 events):
Event: 15.866 loading class javax/persistence/UniqueConstraint done
Event: 15.866 loading class com/fasterxml/jackson/databind/ser/std/StdJdkSerializers$AtomicIntegerSerializer
Event: 15.866 loading class com/fasterxml/jackson/databind/ser/std/StdJdkSerializers$AtomicIntegerSerializer done
Event: 15.866 loading class com/fasterxml/jackson/databind/ser/std/StdJdkSerializers$AtomicLongSerializer
Event: 15.866 loading class com/fasterxml/jackson/databind/ser/std/StdJdkSerializers$AtomicLongSerializer done
Event: 15.866 loading class com/fasterxml/jackson/databind/ser/std/FileSerializer
Event: 15.866 loading class com/fasterxml/jackson/databind/ser/std/FileSerializer done
Event: 15.867 loading class com/fasterxml/jackson/databind/ser/std/ClassSerializer
Event: 15.867 loading class com/fasterxml/jackson/databind/ser/std/ClassSerializer done
Event: 15.867 loading class java/sql/Timestamp


Dynamic libraries:
0x00007ff6b79a0000 - 0x00007ff6b79d7000 	C:\Program Files\Java\jdk1.8.0_131\bin\java.exe
0x00007ffb902b0000 - 0x00007ffb9049d000 	C:\WINDOWS\SYSTEM32\ntdll.dll
0x00007ffb8fc40000 - 0x00007ffb8fcf3000 	C:\WINDOWS\System32\KERNEL32.DLL
0x00007ffb8cb50000 - 0x00007ffb8cde3000 	C:\WINDOWS\System32\KERNELBASE.dll
0x00007ffb8d650000 - 0x00007ffb8d6f3000 	C:\WINDOWS\System32\ADVAPI32.dll
0x00007ffb8e4a0000 - 0x00007ffb8e53e000 	C:\WINDOWS\System32\msvcrt.dll
0x00007ffb8fd00000 - 0x00007ffb8fd9e000 	C:\WINDOWS\System32\sechost.dll
0x00007ffb8e000000 - 0x00007ffb8e122000 	C:\WINDOWS\System32\RPCRT4.dll
0x00007ffb8e300000 - 0x00007ffb8e497000 	C:\WINDOWS\System32\USER32.dll
0x00007ffb8c380000 - 0x00007ffb8c3a0000 	C:\WINDOWS\System32\win32u.dll
0x00007ffb8e130000 - 0x00007ffb8e159000 	C:\WINDOWS\System32\GDI32.dll
0x00007ffb8cdf0000 - 0x00007ffb8cf8a000 	C:\WINDOWS\System32\gdi32full.dll
0x00007ffb8d170000 - 0x00007ffb8d210000 	C:\WINDOWS\System32\msvcp_win.dll
0x00007ffb8d210000 - 0x00007ffb8d30c000 	C:\WINDOWS\System32\ucrtbase.dll
0x00007ffb7b6a0000 - 0x00007ffb7b919000 	C:\WINDOWS\WinSxS\amd64_microsoft.windows.common-controls_6595b64144ccf1df_6.0.17763.316_none_05b53be2071f46b6\COMCTL32.dll
0x00007ffb8dc50000 - 0x00007ffb8df7d000 	C:\WINDOWS\System32\combase.dll
0x00007ffb8d360000 - 0x00007ffb8d3de000 	C:\WINDOWS\System32\bcryptPrimitives.dll
0x00007ffb90250000 - 0x00007ffb9027e000 	C:\WINDOWS\System32\IMM32.DLL
0x000000006ea20000 - 0x000000006eaf2000 	C:\Program Files\Java\jdk1.8.0_131\jre\bin\msvcr100.dll
0x000000006e180000 - 0x000000006ea1c000 	C:\Program Files\Java\jdk1.8.0_131\jre\bin\server\jvm.dll
0x00007ffb90080000 - 0x00007ffb90088000 	C:\WINDOWS\System32\PSAPI.DLL
0x00007ffb89e80000 - 0x00007ffb89e89000 	C:\WINDOWS\SYSTEM32\WSOCK32.dll
0x00007ffb89d80000 - 0x00007ffb89da4000 	C:\WINDOWS\SYSTEM32\WINMM.dll
0x00007ffb825b0000 - 0x00007ffb825ba000 	C:\WINDOWS\SYSTEM32\VERSION.dll
0x00007ffb8e290000 - 0x00007ffb8e2fd000 	C:\WINDOWS\System32\WS2_32.dll
0x00007ffb89db0000 - 0x00007ffb89ddd000 	C:\WINDOWS\SYSTEM32\WINMMBASE.dll
0x00007ffb8d310000 - 0x00007ffb8d35a000 	C:\WINDOWS\System32\cfgmgr32.dll
0x000000006e170000 - 0x000000006e17f000 	C:\Program Files\Java\jdk1.8.0_131\jre\bin\verify.dll
0x000000006e140000 - 0x000000006e169000 	C:\Program Files\Java\jdk1.8.0_131\jre\bin\java.dll
0x000000006e120000 - 0x000000006e136000 	C:\Program Files\Java\jdk1.8.0_131\jre\bin\zip.dll
0x00007ffb8e6b0000 - 0x00007ffb8fb9f000 	C:\WINDOWS\System32\SHELL32.dll
0x00007ffb8db90000 - 0x00007ffb8dc38000 	C:\WINDOWS\System32\shcore.dll
0x00007ffb8c3a0000 - 0x00007ffb8caea000 	C:\WINDOWS\System32\windows.storage.dll
0x00007ffb8c350000 - 0x00007ffb8c374000 	C:\WINDOWS\System32\profapi.dll
0x00007ffb8c2d0000 - 0x00007ffb8c32d000 	C:\WINDOWS\System32\powrprof.dll
0x00007ffb8e5a0000 - 0x00007ffb8e5f2000 	C:\WINDOWS\System32\shlwapi.dll
0x00007ffb8c330000 - 0x00007ffb8c341000 	C:\WINDOWS\System32\kernel.appcore.dll
0x00007ffb8d4c0000 - 0x00007ffb8d4d7000 	C:\WINDOWS\System32\cryptsp.dll
0x00007ffb8b700000 - 0x00007ffb8b733000 	C:\WINDOWS\system32\rsaenh.dll
0x00007ffb8d490000 - 0x00007ffb8d4b6000 	C:\WINDOWS\System32\bcrypt.dll
0x00007ffb8c1b0000 - 0x00007ffb8c1d8000 	C:\WINDOWS\SYSTEM32\USERENV.dll
0x00007ffb8bd10000 - 0x00007ffb8bd1c000 	C:\WINDOWS\SYSTEM32\CRYPTBASE.dll
0x000000006e100000 - 0x000000006e11a000 	C:\Program Files\Java\jdk1.8.0_131\jre\bin\net.dll
0x00007ffb8bb40000 - 0x00007ffb8bba7000 	C:\WINDOWS\system32\mswsock.dll
0x00007ffb8b8a0000 - 0x00007ffb8b8dd000 	C:\WINDOWS\SYSTEM32\IPHLPAPI.DLL
0x00007ffb8d700000 - 0x00007ffb8d708000 	C:\WINDOWS\System32\NSI.dll
0x00007ffb825d0000 - 0x00007ffb825e6000 	C:\WINDOWS\SYSTEM32\dhcpcsvc6.DLL
0x00007ffb82e30000 - 0x00007ffb82e4c000 	C:\WINDOWS\SYSTEM32\dhcpcsvc.DLL
0x00007ffb8b8e0000 - 0x00007ffb8b9a6000 	C:\WINDOWS\SYSTEM32\DNSAPI.dll
0x000000006e0e0000 - 0x000000006e0f1000 	C:\Program Files\Java\jdk1.8.0_131\jre\bin\nio.dll
0x00007ffb875f0000 - 0x00007ffb875fa000 	Z:\jansi-1.17.1-1023509669105563836.dll
0x00007ffb875e0000 - 0x00007ffb875ea000 	Z:\jansi-1.17.1-1553454696864207170.dll
0x000000006e0d0000 - 0x000000006e0dd000 	C:\Program Files\Java\jdk1.8.0_131\jre\bin\management.dll
0x00007ffb73250000 - 0x00007ffb73266000 	C:\WINDOWS\system32\napinsp.dll
0x00007ffb73230000 - 0x00007ffb7324a000 	C:\WINDOWS\system32\pnrpnsp.dll
0x00007ffb717c0000 - 0x00007ffb717ce000 	C:\WINDOWS\System32\winrnr.dll
0x00007ffb88570000 - 0x00007ffb8858b000 	C:\WINDOWS\system32\NLAapi.dll
0x00007ffb84810000 - 0x00007ffb84825000 	C:\WINDOWS\system32\wshbth.dll
0x00007ffb7b680000 - 0x00007ffb7b68a000 	C:\Windows\System32\rasadhlp.dll
0x00007ffb7d100000 - 0x00007ffb7d179000 	C:\WINDOWS\System32\fwpuclnt.dll

VM Arguments:
jvm_args: -Dmaven.multiModuleProjectDirectory=C:\Users\Asus\Downloads\team05-master\backend 
java_command: org.apache.maven.wrapper.MavenWrapperMain spring-boot:run
java_class_path (initial): C:\Users\Asus\Downloads\team05-master\backend\.mvn\wrapper\maven-wrapper.jar
Launcher Type: SUN_STANDARD

Environment Variables:
JAVA_HOME=C:\Program Files\Java\jdk1.8.0_131
PATH=C:\Program Files\Java\jdk1.8.0_131\bin;C:\ProgramData\Oracle\Java\javapath;C:\Windows\system32;C:\Windows;C:\Windows\System32\Wbem;C:\Windows\System32\WindowsPowerShell\v1.0\;C:\Windows\System32\OpenSSH\;C:\Program Files (x86)\NVIDIA Corporation\PhysX\Common;C:\Program Files\nodejs\;;C:\WINDOWS\system32;C:\WINDOWS;C:\WINDOWS\System32\Wbem;C:\WINDOWS\System32\WindowsPowerShell\v1.0\;C:\WINDOWS\System32\OpenSSH\;C:\Program Files\Java\jdk1.8.0_131\bin;C:\Users\Asus\AppData\Local\Programs\Microsoft VS Code\bin
USERNAME=Asus
OS=Windows_NT
PROCESSOR_IDENTIFIER=Intel64 Family 6 Model 158 Stepping 10, GenuineIntel



---------------  S Y S T E M  ---------------

OS: Windows 10.0 , 64 bit Build 17763 (10.0.17763.292)

CPU:total 12 (initial active 12) (6 cores per cpu, 2 threads per core) family 6 model 158 stepping 10, cmov, cx8, fxsr, mmx, sse, sse2, sse3, ssse3, sse4.1, sse4.2, popcnt, avx, avx2, aes, clmul, erms, 3dnowpref, lzcnt, ht, tsc, tscinvbit, bmi1, bmi2, adx

Memory: 4k page, physical 8239356k(2009924k free), swap 8239356k(5220k free)

vm_info: Java HotSpot(TM) 64-Bit Server VM (25.131-b11) for windows-amd64 JRE (1.8.0_131-b11), built on Mar 15 2017 01:23:53 by "java_re" with MS VC++ 10.0 (VS2010)

time: Thu Mar 07 20:27:16 2019
elapsed time: 15 seconds (0d 0h 0m 15s)

