#
# There is insufficient memory for the Java Runtime Environment to continue.
# Native memory allocation (malloc) failed to allocate 1010736 bytes for Chunk::new
# Possible reasons:
#   The system is out of physical RAM or swap space
#   In 32 bit mode, the process size limit was hit
# Possible solutions:
#   Reduce memory load on the system
#   Increase physical memory or swap space
#   Check if swap backing store is full
#   Use 64 bit Java on a 64 bit OS
#   Decrease Java heap size (-Xmx/-Xms)
#   Decrease number of Java threads
#   Decrease Java thread stack sizes (-Xss)
#   Set larger code cache with -XX:ReservedCodeCacheSize=
# This output file may be truncated or incomplete.
#
#  Out of Memory Error (allocation.cpp:390), pid=10576, tid=0x0000000000000dd8
#
# JRE version: Java(TM) SE Runtime Environment (8.0_131-b11) (build 1.8.0_131-b11)
# Java VM: Java HotSpot(TM) 64-Bit Server VM (25.131-b11 mixed mode windows-amd64 compressed oops)
# Failed to write core dump. Minidumps are not enabled by default on client versions of Windows
#

---------------  T H R E A D  ---------------

Current thread (0x000000001848b000):  JavaThread "C2 CompilerThread2" daemon [_thread_in_native, id=3544, stack(0x000000001b3e0000,0x000000001b4e0000)]

Stack: [0x000000001b3e0000,0x000000001b4e0000]
[error occurred during error reporting (printing stack bounds), id 0xc0000005]

Native frames: (J=compiled Java code, j=interpreted, Vv=VM code, C=native code)


Current CompileTask:
C2:   3663 4768   !   4       org.springframework.core.annotation.AnnotatedElementUtils::searchWithFindSemantics (773 bytes)


---------------  P R O C E S S  ---------------

Java Threads: ( => current thread )
  0x0000000019d27000 JavaThread "surefire-forkedjvm-ping-30s" daemon [_thread_in_native, id=3224, stack(0x000000001b8e0000,0x000000001b9e0000)]
  0x0000000019cf4800 JavaThread "surefire-forkedjvm-command-thread" daemon [_thread_in_native, id=1704, stack(0x000000001b7e0000,0x000000001b8e0000)]
  0x0000000019c14800 JavaThread "Service Thread" daemon [_thread_blocked, id=6944, stack(0x000000001b5e0000,0x000000001b6e0000)]
  0x000000001848c000 JavaThread "C1 CompilerThread3" daemon [_thread_in_native, id=760, stack(0x000000001b4e0000,0x000000001b5e0000)]
=>0x000000001848b000 JavaThread "C2 CompilerThread2" daemon [_thread_in_native, id=3544, stack(0x000000001b3e0000,0x000000001b4e0000)]
  0x0000000019b8e000 JavaThread "C2 CompilerThread1" daemon [_thread_in_native, id=11924, stack(0x000000001b2e0000,0x000000001b3e0000)]
  0x0000000019b89000 JavaThread "C2 CompilerThread0" daemon [_thread_in_native, id=8100, stack(0x000000001b1e0000,0x000000001b2e0000)]
  0x0000000019b85800 JavaThread "Attach Listener" daemon [_thread_blocked, id=11908, stack(0x000000001b0e0000,0x000000001b1e0000)]
  0x0000000019b84800 JavaThread "Signal Dispatcher" daemon [_thread_blocked, id=7608, stack(0x000000001afe0000,0x000000001b0e0000)]
  0x0000000019b73800 JavaThread "Finalizer" daemon [_thread_blocked, id=4128, stack(0x000000001ade0000,0x000000001aee0000)]
  0x000000000336b000 JavaThread "Reference Handler" daemon [_thread_blocked, id=6580, stack(0x000000001ace0000,0x000000001ade0000)]
  0x0000000003270800 JavaThread "main" [_thread_in_Java, id=5664, stack(0x0000000003170000,0x0000000003270000)]

Other Threads:
  0x0000000019b52800 VMThread [stack: 0x000000001abe0000,0x000000001ace0000] [id=5124]
  0x0000000019c4a000 WatcherThread [stack: 0x000000001b6e0000,0x000000001b7e0000] [id=7548]

VM state:not at safepoint (normal execution)

VM Mutex/Monitor currently owned by a thread: None

Heap:
 PSYoungGen      total 211968K, used 155259K [0x00000000d6180000, 0x00000000e3f00000, 0x0000000100000000)
  eden space 201216K, 77% used [0x00000000d6180000,0x00000000df91ed18,0x00000000e2600000)
  from space 10752K, 0% used [0x00000000e3480000,0x00000000e3480000,0x00000000e3f00000)
  to   space 12288K, 0% used [0x00000000e2700000,0x00000000e2700000,0x00000000e3300000)
 ParOldGen       total 91648K, used 14907K [0x0000000082400000, 0x0000000087d80000, 0x00000000d6180000)
  object space 91648K, 16% used [0x0000000082400000,0x000000008328ee00,0x0000000087d80000)
 Metaspace       used 45490K, capacity 47226K, committed 47320K, reserved 1089536K
  class space    used 5953K, capacity 6304K, committed 6360K, reserved 1048576K

Card table byte_map: [0x0000000012730000,0x0000000012b20000] byte_map_base: 0x000000001231e000

Marking Bits: (ParMarkBitMap*) 0x0000000065c7c720
 Begin Bits: [0x00000000137c0000, 0x0000000015730000)
 End Bits:   [0x0000000015730000, 0x00000000176a0000)

Polling page: 0x0000000001250000

CodeCache: size=245760Kb used=16275Kb max_used=16275Kb free=229484Kb
 bounds [0x0000000003370000, 0x0000000004360000, 0x0000000012370000]
 total_blobs=5304 nmethods=4794 adapters=421
 compilation: enabled

Compilation events (10 events):
Event: 3.653 Thread 0x000000001848c000 4788       3       jdk.internal.org.objectweb.asm.FieldWriter::getSize (262 bytes)
Event: 3.654 Thread 0x000000001848c000 nmethod 4788 0x0000000004357c90 code [0x0000000004357f20, 0x0000000004358e28]
Event: 3.654 Thread 0x000000001848c000 4789       3       jdk.internal.org.objectweb.asm.FieldWriter::put (472 bytes)
Event: 3.655 Thread 0x000000001848c000 nmethod 4789 0x00000000043595d0 code [0x0000000004359980, 0x000000000435ad78]
Event: 3.661 Thread 0x000000001848c000 4790       3       jdk.internal.org.objectweb.asm.MethodVisitor::visitInsn (16 bytes)
Event: 3.661 Thread 0x000000001848c000 nmethod 4790 0x0000000004333790 code [0x0000000004333900, 0x0000000004333b68]
Event: 3.662 Thread 0x000000001848c000 4791       3       java.lang.invoke.MethodHandles$Lookup::resolveOrFail (48 bytes)
Event: 3.662 Thread 0x000000001848c000 nmethod 4791 0x000000000435b690 code [0x000000000435b840, 0x000000000435beb8]
Event: 3.662 Thread 0x000000001848c000 4792       3       java.lang.invoke.MethodHandles$Lookup::checkMethodName (43 bytes)
Event: 3.662 Thread 0x000000001848c000 nmethod 4792 0x000000000435c0d0 code [0x000000000435c2c0, 0x000000000435ccc8]

GC Heap History (10 events):
Event: 1.021 GC heap before
{Heap before GC invocations=4 (full 0):
 PSYoungGen      total 70656K, used 18536K [0x00000000d6180000, 0x00000000deb80000, 0x0000000100000000)
  eden space 65536K, 20% used [0x00000000d6180000,0x00000000d6e9d670,0x00000000da180000)
  from space 5120K, 99% used [0x00000000da180000,0x00000000da67ca00,0x00000000da680000)
  to   space 5120K, 0% used [0x00000000de680000,0x00000000de680000,0x00000000deb80000)
 ParOldGen       total 86016K, used 4014K [0x0000000082400000, 0x0000000087800000, 0x00000000d6180000)
  object space 86016K, 4% used [0x0000000082400000,0x00000000827ebb18,0x0000000087800000)
 Metaspace       used 20557K, capacity 21216K, committed 21248K, reserved 1067008K
  class space    used 2641K, capacity 2799K, committed 2816K, reserved 1048576K
Event: 1.025 GC heap after
Heap after GC invocations=4 (full 0):
 PSYoungGen      total 136192K, used 5115K [0x00000000d6180000, 0x00000000deb80000, 0x0000000100000000)
  eden space 131072K, 0% used [0x00000000d6180000,0x00000000d6180000,0x00000000de180000)
  from space 5120K, 99% used [0x00000000de680000,0x00000000deb7ef58,0x00000000deb80000)
  to   space 5120K, 0% used [0x00000000de180000,0x00000000de180000,0x00000000de680000)
 ParOldGen       total 86016K, used 5454K [0x0000000082400000, 0x0000000087800000, 0x00000000d6180000)
  object space 86016K, 6% used [0x0000000082400000,0x00000000829539c8,0x0000000087800000)
 Metaspace       used 20557K, capacity 21216K, committed 21248K, reserved 1067008K
  class space    used 2641K, capacity 2799K, committed 2816K, reserved 1048576K
}
Event: 1.025 GC heap before
{Heap before GC invocations=5 (full 1):
 PSYoungGen      total 136192K, used 5115K [0x00000000d6180000, 0x00000000deb80000, 0x0000000100000000)
  eden space 131072K, 0% used [0x00000000d6180000,0x00000000d6180000,0x00000000de180000)
  from space 5120K, 99% used [0x00000000de680000,0x00000000deb7ef58,0x00000000deb80000)
  to   space 5120K, 0% used [0x00000000de180000,0x00000000de180000,0x00000000de680000)
 ParOldGen       total 86016K, used 5454K [0x0000000082400000, 0x0000000087800000, 0x00000000d6180000)
  object space 86016K, 6% used [0x0000000082400000,0x00000000829539c8,0x0000000087800000)
 Metaspace       used 20557K, capacity 21216K, committed 21248K, reserved 1067008K
  class space    used 2641K, capacity 2799K, committed 2816K, reserved 1048576K
Event: 1.045 GC heap after
Heap after GC invocations=5 (full 1):
 PSYoungGen      total 136192K, used 0K [0x00000000d6180000, 0x00000000deb80000, 0x0000000100000000)
  eden space 131072K, 0% used [0x00000000d6180000,0x00000000d6180000,0x00000000de180000)
  from space 5120K, 0% used [0x00000000de680000,0x00000000de680000,0x00000000deb80000)
  to   space 5120K, 0% used [0x00000000de180000,0x00000000de180000,0x00000000de680000)
 ParOldGen       total 55808K, used 6410K [0x0000000082400000, 0x0000000085a80000, 0x00000000d6180000)
  object space 55808K, 11% used [0x0000000082400000,0x0000000082a428a8,0x0000000085a80000)
 Metaspace       used 20557K, capacity 21216K, committed 21248K, reserved 1067008K
  class space    used 2641K, capacity 2799K, committed 2816K, reserved 1048576K
}
Event: 1.868 GC heap before
{Heap before GC invocations=6 (full 1):
 PSYoungGen      total 136192K, used 131072K [0x00000000d6180000, 0x00000000deb80000, 0x0000000100000000)
  eden space 131072K, 100% used [0x00000000d6180000,0x00000000de180000,0x00000000de180000)
  from space 5120K, 0% used [0x00000000de680000,0x00000000de680000,0x00000000deb80000)
  to   space 5120K, 0% used [0x00000000de180000,0x00000000de180000,0x00000000de680000)
 ParOldGen       total 55808K, used 6410K [0x0000000082400000, 0x0000000085a80000, 0x00000000d6180000)
  object space 55808K, 11% used [0x0000000082400000,0x0000000082a428a8,0x0000000085a80000)
 Metaspace       used 28265K, capacity 29436K, committed 29568K, reserved 1075200K
  class space    used 3641K, capacity 3905K, committed 3968K, reserved 1048576K
Event: 1.874 GC heap after
Heap after GC invocations=6 (full 1):
 PSYoungGen      total 136192K, used 5116K [0x00000000d6180000, 0x00000000e3f00000, 0x0000000100000000)
  eden space 131072K, 0% used [0x00000000d6180000,0x00000000d6180000,0x00000000de180000)
  from space 5120K, 99% used [0x00000000de180000,0x00000000de67f2d8,0x00000000de680000)
  to   space 10752K, 0% used [0x00000000e3480000,0x00000000e3480000,0x00000000e3f00000)
 ParOldGen       total 55808K, used 11083K [0x0000000082400000, 0x0000000085a80000, 0x00000000d6180000)
  object space 55808K, 19% used [0x0000000082400000,0x0000000082ed2c50,0x0000000085a80000)
 Metaspace       used 28265K, capacity 29436K, committed 29568K, reserved 1075200K
  class space    used 3641K, capacity 3905K, committed 3968K, reserved 1048576K
}
Event: 2.554 GC heap before
{Heap before GC invocations=7 (full 1):
 PSYoungGen      total 136192K, used 68877K [0x00000000d6180000, 0x00000000e3f00000, 0x0000000100000000)
  eden space 131072K, 48% used [0x00000000d6180000,0x00000000d9fc4410,0x00000000de180000)
  from space 5120K, 99% used [0x00000000de180000,0x00000000de67f2d8,0x00000000de680000)
  to   space 10752K, 0% used [0x00000000e3480000,0x00000000e3480000,0x00000000e3f00000)
 ParOldGen       total 55808K, used 11083K [0x0000000082400000, 0x0000000085a80000, 0x00000000d6180000)
  object space 55808K, 19% used [0x0000000082400000,0x0000000082ed2c50,0x0000000085a80000)
 Metaspace       used 33995K, capacity 35330K, committed 35416K, reserved 1079296K
  class space    used 4377K, capacity 4658K, committed 4696K, reserved 1048576K
Event: 2.563 GC heap after
Heap after GC invocations=7 (full 1):
 PSYoungGen      total 211968K, used 10522K [0x00000000d6180000, 0x00000000e3f00000, 0x0000000100000000)
  eden space 201216K, 0% used [0x00000000d6180000,0x00000000d6180000,0x00000000e2600000)
  from space 10752K, 97% used [0x00000000e3480000,0x00000000e3ec6bb8,0x00000000e3f00000)
  to   space 12288K, 0% used [0x00000000e2700000,0x00000000e2700000,0x00000000e3300000)
 ParOldGen       total 55808K, used 11091K [0x0000000082400000, 0x0000000085a80000, 0x00000000d6180000)
  object space 55808K, 19% used [0x0000000082400000,0x0000000082ed4c50,0x0000000085a80000)
 Metaspace       used 33995K, capacity 35330K, committed 35416K, reserved 1079296K
  class space    used 4377K, capacity 4658K, committed 4696K, reserved 1048576K
}
Event: 2.563 GC heap before
{Heap before GC invocations=8 (full 2):
 PSYoungGen      total 211968K, used 10522K [0x00000000d6180000, 0x00000000e3f00000, 0x0000000100000000)
  eden space 201216K, 0% used [0x00000000d6180000,0x00000000d6180000,0x00000000e2600000)
  from space 10752K, 97% used [0x00000000e3480000,0x00000000e3ec6bb8,0x00000000e3f00000)
  to   space 12288K, 0% used [0x00000000e2700000,0x00000000e2700000,0x00000000e3300000)
 ParOldGen       total 55808K, used 11091K [0x0000000082400000, 0x0000000085a80000, 0x00000000d6180000)
  object space 55808K, 19% used [0x0000000082400000,0x0000000082ed4c50,0x0000000085a80000)
 Metaspace       used 33995K, capacity 35330K, committed 35416K, reserved 1079296K
  class space    used 4377K, capacity 4658K, committed 4696K, reserved 1048576K
Event: 2.619 GC heap after
Heap after GC invocations=8 (full 2):
 PSYoungGen      total 211968K, used 0K [0x00000000d6180000, 0x00000000e3f00000, 0x0000000100000000)
  eden space 201216K, 0% used [0x00000000d6180000,0x00000000d6180000,0x00000000e2600000)
  from space 10752K, 0% used [0x00000000e3480000,0x00000000e3480000,0x00000000e3f00000)
  to   space 12288K, 0% used [0x00000000e2700000,0x00000000e2700000,0x00000000e3300000)
 ParOldGen       total 91648K, used 14907K [0x0000000082400000, 0x0000000087d80000, 0x00000000d6180000)
  object space 91648K, 16% used [0x0000000082400000,0x000000008328ee00,0x0000000087d80000)
 Metaspace       used 33993K, capacity 35324K, committed 35416K, reserved 1079296K
  class space    used 4376K, capacity 4657K, committed 4696K, reserved 1048576K
}

Deoptimization events (10 events):
Event: 3.397 Thread 0x0000000003270800 Uncommon trap: reason=class_check action=maybe_recompile pc=0x0000000003d84124 method=java.util.concurrent.ConcurrentHashMap.containsKey(Ljava/lang/Object;)Z @ 2
Event: 3.397 Thread 0x0000000003270800 Uncommon trap: reason=class_check action=maybe_recompile pc=0x0000000003d84124 method=java.util.concurrent.ConcurrentHashMap.containsKey(Ljava/lang/Object;)Z @ 2
Event: 3.459 Thread 0x0000000003270800 Uncommon trap: reason=unstable_if action=reinterpret pc=0x00000000041b1668 method=org.jboss.logging.Log4j2Logger.translate(Lorg/jboss/logging/Logger$Level;)Lorg/apache/logging/log4j/Level; @ 15
Event: 3.485 Thread 0x0000000003270800 Uncommon trap: reason=null_check action=make_not_entrant pc=0x0000000003de54a0 method=org.springframework.util.ClassUtils.isAssignable(Ljava/lang/Class;Ljava/lang/Class;)Z @ 14
Event: 3.498 Thread 0x0000000003270800 Uncommon trap: reason=unstable_if action=reinterpret pc=0x0000000003e20550 method=java.util.concurrent.ConcurrentHashMap.get(Ljava/lang/Object;)Ljava/lang/Object; @ 152
Event: 3.499 Thread 0x0000000003270800 Uncommon trap: reason=class_check action=maybe_recompile pc=0x0000000003b465ec method=sun.reflect.generics.reflectiveObjects.TypeVariableImpl.hashCode()I @ 4
Event: 3.500 Thread 0x0000000003270800 Uncommon trap: reason=class_check action=maybe_recompile pc=0x0000000003b465ec method=sun.reflect.generics.reflectiveObjects.TypeVariableImpl.hashCode()I @ 4
Event: 3.500 Thread 0x0000000003270800 Uncommon trap: reason=unstable_if action=reinterpret pc=0x0000000003b419c4 method=org.springframework.util.ConcurrentReferenceHashMap$Segment.findInChain(Lorg/springframework/util/ConcurrentReferenceHashMap$Reference;Ljava/lang/Object;I)Lorg/springframewo
Event: 3.500 Thread 0x0000000003270800 Uncommon trap: reason=unstable_if action=reinterpret pc=0x0000000003b54c40 method=org.springframework.util.ConcurrentReferenceHashMap$Segment.findInChain(Lorg/springframework/util/ConcurrentReferenceHashMap$Reference;Ljava/lang/Object;I)Lorg/springframewo
Event: 3.628 Thread 0x0000000003270800 Uncommon trap: reason=unstable_if action=reinterpret pc=0x0000000003c18b48 method=org.springframework.util.ConcurrentReferenceHashMap$Segment.restructureIfNecessary(Z)V @ 33

Internal exceptions (10 events):
Event: 3.519 Thread 0x0000000003270800 Exception <a 'java/lang/ClassNotFoundException': org/springframework/data/jpa/repository/config/JpaMetamodelMappingContextFactoryBeanCustomizer> (0x00000000debeb530) thrown at [C:\re\workspace\8-2-build-windows-amd64-cygwin\jdk8u131\8869\hotspot\src\share
Event: 3.520 Thread 0x0000000003270800 Exception <a 'java/lang/ClassNotFoundException': org/springframework/context/ApplicationContextAwareCustomizer> (0x00000000dec11f58) thrown at [C:\re\workspace\8-2-build-windows-amd64-cygwin\jdk8u131\8869\hotspot\src\share\vm\classfile\systemDictionary.cp
Event: 3.520 Thread 0x0000000003270800 Exception <a 'java/lang/ClassNotFoundException': org/springframework/beans/factory/FactoryBeanCustomizer> (0x00000000dec2cda8) thrown at [C:\re\workspace\8-2-build-windows-amd64-cygwin\jdk8u131\8869\hotspot\src\share\vm\classfile\systemDictionary.cpp, lin
Event: 3.520 Thread 0x0000000003270800 Exception <a 'java/lang/ClassNotFoundException': org/springframework/beans/factory/BeanClassLoaderAwareCustomizer> (0x00000000dec4c500) thrown at [C:\re\workspace\8-2-build-windows-amd64-cygwin\jdk8u131\8869\hotspot\src\share\vm\classfile\systemDictionary
Event: 3.521 Thread 0x0000000003270800 Exception <a 'java/lang/ClassNotFoundException': org/springframework/beans/factory/BeanFactoryAwareCustomizer> (0x00000000dec68610) thrown at [C:\re\workspace\8-2-build-windows-amd64-cygwin\jdk8u131\8869\hotspot\src\share\vm\classfile\systemDictionary.cpp
Event: 3.521 Thread 0x0000000003270800 Exception <a 'java/lang/ClassNotFoundException': org/springframework/beans/factory/InitializingBeanCustomizer> (0x00000000dec84c78) thrown at [C:\re\workspace\8-2-build-windows-amd64-cygwin\jdk8u131\8869\hotspot\src\share\vm\classfile\systemDictionary.cpp
Event: 3.521 Thread 0x0000000003270800 Exception <a 'java/lang/ClassNotFoundException': org/springframework/beans/factory/DisposableBeanCustomizer> (0x00000000dec9f280) thrown at [C:\re\workspace\8-2-build-windows-amd64-cygwin\jdk8u131\8869\hotspot\src\share\vm\classfile\systemDictionary.cpp, 
Event: 3.643 Thread 0x0000000003270800 Exception <a 'java/lang/ClassNotFoundException': java/lang/ObjectCustomizer> (0x00000000df771798) thrown at [C:\re\workspace\8-2-build-windows-amd64-cygwin\jdk8u131\8869\hotspot\src\share\vm\classfile\systemDictionary.cpp, line 210]
Event: 3.644 Thread 0x0000000003270800 Exception <a 'java/lang/ClassNotFoundException': com/sut/se/g05/entity/BankempCustomizer> (0x00000000df789b08) thrown at [C:\re\workspace\8-2-build-windows-amd64-cygwin\jdk8u131\8869\hotspot\src\share\vm\classfile\systemDictionary.cpp, line 210]
Event: 3.662 Thread 0x0000000003270800 Exception <a 'java/lang/NoSuchMethodError': java.lang.Object.lambda$toStream$0(Ljava/util/Optional;)Ljava/util/stream/Stream;> (0x00000000df888bc0) thrown at [C:\re\workspace\8-2-build-windows-amd64-cygwin\jdk8u131\8869\hotspot\src\share\vm\interpreter\li

Events (10 events):
Event: 3.662 loading class org/springframework/data/mapping/model/AnnotationBasedPersistentProperty
Event: 3.662 loading class org/springframework/data/mapping/model/AnnotationBasedPersistentProperty done
Event: 3.662 loading class org/springframework/data/mapping/model/AnnotationBasedPersistentProperty
Event: 3.662 loading class org/springframework/data/mapping/model/AnnotationBasedPersistentProperty done
Event: 3.662 loading class org/springframework/data/mapping/model/AnnotationBasedPersistentProperty
Event: 3.662 loading class org/springframework/data/mapping/model/AnnotationBasedPersistentProperty done
Event: 3.662 loading class org/springframework/data/mapping/model/AnnotationBasedPersistentProperty
Event: 3.662 loading class org/springframework/data/mapping/model/AnnotationBasedPersistentProperty done
Event: 3.663 loading class org/springframework/data/mapping/model/AnnotationBasedPersistentProperty
Event: 3.663 loading class org/springframework/data/mapping/model/AnnotationBasedPersistentProperty done


Dynamic libraries:
0x00007ff7e3900000 - 0x00007ff7e3937000 	C:\Program Files\Java\jdk1.8.0_131\jre\bin\java.exe
0x00007ff95c9f0000 - 0x00007ff95cbdd000 	C:\WINDOWS\SYSTEM32\ntdll.dll
0x00007ff959c20000 - 0x00007ff959cd3000 	C:\WINDOWS\System32\KERNEL32.DLL
0x00007ff959380000 - 0x00007ff959613000 	C:\WINDOWS\System32\KERNELBASE.dll
0x00007ff95c910000 - 0x00007ff95c9b3000 	C:\WINDOWS\System32\ADVAPI32.dll
0x00007ff959e20000 - 0x00007ff959ebe000 	C:\WINDOWS\System32\msvcrt.dll
0x00007ff95b130000 - 0x00007ff95b1ce000 	C:\WINDOWS\System32\sechost.dll
0x00007ff95b1e0000 - 0x00007ff95b302000 	C:\WINDOWS\System32\RPCRT4.dll
0x00007ff95a120000 - 0x00007ff95a2b7000 	C:\WINDOWS\System32\USER32.dll
0x00007ff959330000 - 0x00007ff959350000 	C:\WINDOWS\System32\win32u.dll
0x00007ff95ae70000 - 0x00007ff95ae99000 	C:\WINDOWS\System32\GDI32.dll
0x00007ff959720000 - 0x00007ff9598ba000 	C:\WINDOWS\System32\gdi32full.dll
0x00007ff958ac0000 - 0x00007ff958b60000 	C:\WINDOWS\System32\msvcp_win.dll
0x00007ff959620000 - 0x00007ff95971c000 	C:\WINDOWS\System32\ucrtbase.dll
0x00007ff946580000 - 0x00007ff9467f9000 	C:\WINDOWS\WinSxS\amd64_microsoft.windows.common-controls_6595b64144ccf1df_6.0.17763.316_none_05b53be2071f46b6\COMCTL32.dll
0x00007ff95aae0000 - 0x00007ff95ae0d000 	C:\WINDOWS\System32\combase.dll
0x00007ff959ba0000 - 0x00007ff959c1e000 	C:\WINDOWS\System32\bcryptPrimitives.dll
0x00007ff95a020000 - 0x00007ff95a04e000 	C:\WINDOWS\System32\IMM32.DLL
0x0000000065d00000 - 0x0000000065dd2000 	C:\Program Files\Java\jdk1.8.0_131\jre\bin\msvcr100.dll
0x0000000065460000 - 0x0000000065cfc000 	C:\Program Files\Java\jdk1.8.0_131\jre\bin\server\jvm.dll
0x00007ff95aa70000 - 0x00007ff95aa78000 	C:\WINDOWS\System32\PSAPI.DLL
0x00007ff9551e0000 - 0x00007ff9551e9000 	C:\WINDOWS\SYSTEM32\WSOCK32.dll
0x00007ff94e950000 - 0x00007ff94e95a000 	C:\WINDOWS\SYSTEM32\VERSION.dll
0x00007ff9550f0000 - 0x00007ff955114000 	C:\WINDOWS\SYSTEM32\WINMM.dll
0x00007ff95aa00000 - 0x00007ff95aa6d000 	C:\WINDOWS\System32\WS2_32.dll
0x00007ff9550c0000 - 0x00007ff9550ed000 	C:\WINDOWS\SYSTEM32\WINMMBASE.dll
0x00007ff959b50000 - 0x00007ff959b9a000 	C:\WINDOWS\System32\cfgmgr32.dll
0x0000000065450000 - 0x000000006545f000 	C:\Program Files\Java\jdk1.8.0_131\jre\bin\verify.dll
0x0000000065420000 - 0x0000000065449000 	C:\Program Files\Java\jdk1.8.0_131\jre\bin\java.dll
0x0000000065400000 - 0x0000000065416000 	C:\Program Files\Java\jdk1.8.0_131\jre\bin\zip.dll
0x00007ff95b370000 - 0x00007ff95c85f000 	C:\WINDOWS\System32\SHELL32.dll
0x00007ff95a950000 - 0x00007ff95a9f8000 	C:\WINDOWS\System32\shcore.dll
0x00007ff958bc0000 - 0x00007ff95930a000 	C:\WINDOWS\System32\windows.storage.dll
0x00007ff958a70000 - 0x00007ff958a94000 	C:\WINDOWS\System32\profapi.dll
0x00007ff9589f0000 - 0x00007ff958a4d000 	C:\WINDOWS\System32\powrprof.dll
0x00007ff95a740000 - 0x00007ff95a792000 	C:\WINDOWS\System32\shlwapi.dll
0x00007ff958a50000 - 0x00007ff958a61000 	C:\WINDOWS\System32\kernel.appcore.dll
0x00007ff959310000 - 0x00007ff959327000 	C:\WINDOWS\System32\cryptsp.dll
0x00000000653b0000 - 0x00000000653bd000 	C:\Program Files\Java\jdk1.8.0_131\jre\bin\management.dll
0x00000000653e0000 - 0x00000000653fa000 	C:\Program Files\Java\jdk1.8.0_131\jre\bin\net.dll
0x00007ff958280000 - 0x00007ff9582e7000 	C:\WINDOWS\system32\mswsock.dll
0x00000000653c0000 - 0x00000000653d1000 	C:\Program Files\Java\jdk1.8.0_131\jre\bin\nio.dll
0x00007ff932b60000 - 0x00007ff932b76000 	C:\WINDOWS\system32\napinsp.dll
0x00007ff932b40000 - 0x00007ff932b5a000 	C:\WINDOWS\system32\pnrpnsp.dll
0x00007ff958020000 - 0x00007ff9580e6000 	C:\WINDOWS\SYSTEM32\DNSAPI.dll
0x00007ff959ce0000 - 0x00007ff959ce8000 	C:\WINDOWS\System32\NSI.dll
0x00007ff957fe0000 - 0x00007ff95801d000 	C:\WINDOWS\SYSTEM32\IPHLPAPI.DLL
0x00007ff93c930000 - 0x00007ff93c93e000 	C:\WINDOWS\System32\winrnr.dll
0x00007ff955080000 - 0x00007ff95509b000 	C:\WINDOWS\system32\NLAapi.dll
0x00007ff94ed20000 - 0x00007ff94ed35000 	C:\WINDOWS\system32\wshbth.dll
0x00007ff948f50000 - 0x00007ff948f5a000 	C:\Windows\System32\rasadhlp.dll
0x00007ff949890000 - 0x00007ff949909000 	C:\WINDOWS\System32\fwpuclnt.dll
0x00007ff959350000 - 0x00007ff959376000 	C:\WINDOWS\System32\bcrypt.dll
0x00007ff957e40000 - 0x00007ff957e73000 	C:\WINDOWS\system32\rsaenh.dll
0x00007ff958920000 - 0x00007ff958948000 	C:\WINDOWS\SYSTEM32\USERENV.dll
0x00007ff958450000 - 0x00007ff95845c000 	C:\WINDOWS\SYSTEM32\CRYPTBASE.dll
0x00007ff94e990000 - 0x00007ff94e9a6000 	C:\WINDOWS\SYSTEM32\dhcpcsvc6.DLL
0x00007ff94e9d0000 - 0x00007ff94e9ec000 	C:\WINDOWS\SYSTEM32\dhcpcsvc.DLL

VM Arguments:
java_command: Z:\surefire5850376651292916474\surefirebooter3138378817846733875.jar Z:\surefire5850376651292916474 2019-03-02T22-58-44_953-jvmRun1 surefire7292887342338671867tmp surefire_06671074748503744291tmp
java_class_path (initial): Z:\surefire5850376651292916474\surefirebooter3138378817846733875.jar
Launcher Type: SUN_STANDARD

Environment Variables:
JAVA_HOME=C:\Program Files\Java\jdk1.8.0_131
PATH=C:\Program Files\Java\jdk1.8.0_131\bin;C:\ProgramData\Oracle\Java\javapath;C:\Windows\system32;C:\Windows;C:\Windows\System32\Wbem;C:\Windows\System32\WindowsPowerShell\v1.0\;C:\Windows\System32\OpenSSH\;C:\Program Files (x86)\NVIDIA Corporation\PhysX\Common;C:\Program Files\nodejs\;;C:\WINDOWS\system32;C:\WINDOWS;C:\WINDOWS\System32\Wbem;C:\WINDOWS\System32\WindowsPowerShell\v1.0\;C:\WINDOWS\System32\OpenSSH\;C:\Program Files\Java\jdk1.8.0_131\bin;C:\Users\Asus\AppData\Local\Programs\Microsoft VS Code\bin
USERNAME=Asus
OS=Windows_NT
PROCESSOR_IDENTIFIER=Intel64 Family 6 Model 158 Stepping 10, GenuineIntel



---------------  S Y S T E M  ---------------

OS: Windows 10.0 , 64 bit Build 17763 (10.0.17763.292)

CPU:total 12 (initial active 12) (6 cores per cpu, 2 threads per core) family 6 model 158 stepping 10, cmov, cx8, fxsr, mmx, sse, sse2, sse3, ssse3, sse4.1, sse4.2, popcnt, avx, avx2, aes, clmul, erms, 3dnowpref, lzcnt, ht, tsc, tscinvbit, bmi1, bmi2, adx

Memory: 4k page, physical 8239356k(2844068k free), swap 8239356k(5148k free)

vm_info: Java HotSpot(TM) 64-Bit Server VM (25.131-b11) for windows-amd64 JRE (1.8.0_131-b11), built on Mar 15 2017 01:23:53 by "java_re" with MS VC++ 10.0 (VS2010)

time: Sat Mar 02 22:58:48 2019
elapsed time: 3 seconds (0d 0h 0m 3s)

