#
# There is insufficient memory for the Java Runtime Environment to continue.
# Native memory allocation (malloc) failed to allocate 1052016 bytes for Chunk::new
# Possible reasons:
#   The system is out of physical RAM or swap space
#   In 32 bit mode, the process size limit was hit
# Possible solutions:
#   Reduce memory load on the system
#   Increase physical memory or swap space
#   Check if swap backing store is full
#   Use 64 bit Java on a 64 bit OS
#   Decrease Java heap size (-Xmx/-Xms)
#   Decrease number of Java threads
#   Decrease Java thread stack sizes (-Xss)
#   Set larger code cache with -XX:ReservedCodeCacheSize=
# This output file may be truncated or incomplete.
#
#  Out of Memory Error (allocation.cpp:390), pid=12172, tid=0x0000000000001710
#
# JRE version: Java(TM) SE Runtime Environment (8.0_131-b11) (build 1.8.0_131-b11)
# Java VM: Java HotSpot(TM) 64-Bit Server VM (25.131-b11 mixed mode windows-amd64 compressed oops)
# Failed to write core dump. Minidumps are not enabled by default on client versions of Windows
#

---------------  T H R E A D  ---------------

Current thread (0x0000000019010800):  JavaThread "C2 CompilerThread2" daemon [_thread_in_native, id=5904, stack(0x000000001a870000,0x000000001a970000)]

Stack: [0x000000001a870000,0x000000001a970000]
[error occurred during error reporting (printing stack bounds), id 0xc0000005]

Native frames: (J=compiled Java code, j=interpreted, Vv=VM code, C=native code)


Current CompileTask:
C2:   7246 7388   !   4       java.net.URL::<init> (543 bytes)


---------------  P R O C E S S  ---------------

Java Threads: ( => current thread )
  0x000000001fe52800 JavaThread "HikariPool-1 connection adder" daemon [_thread_blocked, id=6536, stack(0x00000000261e0000,0x00000000262e0000)]
  0x000000001fe54800 JavaThread "SimplePauseDetectorThread_0" daemon [_thread_blocked, id=11856, stack(0x0000000025c70000,0x0000000025d70000)]
  0x000000001fe51800 JavaThread "Thread-3" daemon [_thread_blocked, id=5432, stack(0x0000000025b70000,0x0000000025c70000)]
  0x000000001fe54000 JavaThread "HikariPool-1 housekeeper" daemon [_thread_blocked, id=7528, stack(0x0000000025a70000,0x0000000025b70000)]
  0x000000001e946800 JavaThread "container-0" [_thread_blocked, id=9552, stack(0x0000000025540000,0x0000000025640000)]
  0x000000001fa3f000 JavaThread "ContainerBackgroundProcessor[StandardEngine[Tomcat]]" daemon [_thread_blocked, id=12340, stack(0x0000000025440000,0x0000000025540000)]
  0x000000001e419000 JavaThread "localhost-startStop-1" daemon [_thread_blocked, id=7296, stack(0x0000000022c50000,0x0000000022d50000)]
  0x000000001e418800 JavaThread "Tomcat-startStop-1" daemon [_thread_blocked, id=8812, stack(0x0000000022870000,0x0000000022970000)]
  0x000000001d2ec800 JavaThread "main" [_thread_in_Java, id=5752, stack(0x000000001ef20000,0x000000001f020000)]
  0x000000001909a800 JavaThread "Service Thread" daemon [_thread_blocked, id=7976, stack(0x000000001aa70000,0x000000001ab70000)]
  0x0000000017919000 JavaThread "C1 CompilerThread3" daemon [_thread_in_native, id=5284, stack(0x000000001a970000,0x000000001aa70000)]
=>0x0000000019010800 JavaThread "C2 CompilerThread2" daemon [_thread_in_native, id=5904, stack(0x000000001a870000,0x000000001a970000)]
  0x000000001900b800 JavaThread "C2 CompilerThread1" daemon [_thread_in_native, id=7400, stack(0x000000001a770000,0x000000001a870000)]
  0x0000000019006800 JavaThread "C2 CompilerThread0" daemon [_thread_in_native, id=12560, stack(0x000000001a670000,0x000000001a770000)]
  0x0000000019003000 JavaThread "Attach Listener" daemon [_thread_blocked, id=2060, stack(0x000000001a570000,0x000000001a670000)]
  0x0000000019002000 JavaThread "Signal Dispatcher" daemon [_thread_blocked, id=12512, stack(0x000000001a470000,0x000000001a570000)]
  0x0000000018ff3000 JavaThread "Finalizer" daemon [_thread_blocked, id=2916, stack(0x000000001a270000,0x000000001a370000)]
  0x000000001790c800 JavaThread "Reference Handler" daemon [_thread_blocked, id=5824, stack(0x000000001a170000,0x000000001a270000)]
  0x0000000000dad800 JavaThread "main" [_thread_blocked, id=10636, stack(0x0000000002600000,0x0000000002700000)]

Other Threads:
  0x0000000017905800 VMThread [stack: 0x000000001a070000,0x000000001a170000] [id=11960]
  0x00000000190c0800 WatcherThread [stack: 0x000000001ab70000,0x000000001ac70000] [id=7620]

VM state:not at safepoint (normal execution)

VM Mutex/Monitor currently owned by a thread: None

Heap:
 PSYoungGen      total 274432K, used 60214K [0x00000000d6180000, 0x00000000ec000000, 0x0000000100000000)
  eden space 249856K, 24% used [0x00000000d6180000,0x00000000d9c4d940,0x00000000e5580000)
  from space 24576K, 0% used [0x00000000e5580000,0x00000000e5580000,0x00000000e6d80000)
  to   space 24576K, 0% used [0x00000000ea800000,0x00000000ea800000,0x00000000ec000000)
 ParOldGen       total 184320K, used 55086K [0x0000000082400000, 0x000000008d800000, 0x00000000d6180000)
  object space 184320K, 29% used [0x0000000082400000,0x00000000859cb850,0x000000008d800000)
 Metaspace       used 61749K, capacity 64358K, committed 64728K, reserved 1105920K
  class space    used 8048K, capacity 8604K, committed 8664K, reserved 1048576K

Card table byte_map: [0x0000000011bc0000,0x0000000011fb0000] byte_map_base: 0x00000000117ae000

Marking Bits: (ParMarkBitMap*) 0x0000000071a9c720
 Begin Bits: [0x0000000012c50000, 0x0000000014bc0000)
 End Bits:   [0x0000000014bc0000, 0x0000000016b30000)

Polling page: 0x00000000003f0000

CodeCache: size=245760Kb used=22968Kb max_used=22979Kb free=222791Kb
 bounds [0x0000000002800000, 0x0000000003e90000, 0x0000000011800000]
 total_blobs=7002 nmethods=6467 adapters=446
 compilation: enabled

Compilation events (10 events):
Event: 7.237 Thread 0x000000001900b800 7649       4       java.lang.reflect.AnnotatedElement::isAnnotationPresent (16 bytes)
Event: 7.238 Thread 0x000000001900b800 nmethod 7649 0x0000000003e1c4d0 code [0x0000000003e1c600, 0x0000000003e1c678]
Event: 7.238 Thread 0x000000001900b800 7600       4       java.lang.System$2::getConstantPool (5 bytes)
Event: 7.238 Thread 0x000000001900b800 nmethod 7600 0x0000000003e7d4d0 code [0x0000000003e7d620, 0x0000000003e7d6c8]
Event: 7.238 Thread 0x000000001900b800 7583       4       java.lang.reflect.Method::hasGenericInformation (13 bytes)
Event: 7.238 Thread 0x000000001900b800 nmethod 7583 0x0000000003e42010 code [0x0000000003e42140, 0x0000000003e421b8]
Event: 7.238 Thread 0x000000001900b800 7638       4       java.util.stream.ReferencePipeline::filter (22 bytes)
Event: 7.239 Thread 0x000000001900b800 nmethod 7638 0x0000000003e7cfd0 code [0x0000000003e7d120, 0x0000000003e7d2b8]
Event: 7.239 Thread 0x000000001900b800 7610       4       java.lang.Long::bitCount (61 bytes)
Event: 7.240 Thread 0x000000001900b800 nmethod 7610 0x0000000003e81650 code [0x0000000003e81780, 0x0000000003e81838]

GC Heap History (10 events):
Event: 3.707 GC heap before
{Heap before GC invocations=10 (full 2):
 PSYoungGen      total 210944K, used 14697K [0x00000000d6180000, 0x00000000e7d80000, 0x0000000100000000)
  eden space 196096K, 0% used [0x00000000d6180000,0x00000000d6180000,0x00000000e2100000)
  from space 14848K, 98% used [0x00000000e6f00000,0x00000000e7d5a498,0x00000000e7d80000)
  to   space 16384K, 0% used [0x00000000e5d80000,0x00000000e5d80000,0x00000000e6d80000)
 ParOldGen       total 81408K, used 24739K [0x0000000082400000, 0x0000000087380000, 0x00000000d6180000)
  object space 81408K, 30% used [0x0000000082400000,0x0000000083c28e68,0x0000000087380000)
 Metaspace       used 34272K, capacity 35316K, committed 35456K, reserved 1079296K
  class space    used 4299K, capacity 4619K, committed 4736K, reserved 1048576K
Event: 3.744 GC heap after
Heap after GC invocations=10 (full 2):
 PSYoungGen      total 210944K, used 0K [0x00000000d6180000, 0x00000000e7d80000, 0x0000000100000000)
  eden space 196096K, 0% used [0x00000000d6180000,0x00000000d6180000,0x00000000e2100000)
  from space 14848K, 0% used [0x00000000e6f00000,0x00000000e6f00000,0x00000000e7d80000)
  to   space 16384K, 0% used [0x00000000e5d80000,0x00000000e5d80000,0x00000000e6d80000)
 ParOldGen       total 124416K, used 36194K [0x0000000082400000, 0x0000000089d80000, 0x00000000d6180000)
  object space 124416K, 29% used [0x0000000082400000,0x0000000084758888,0x0000000089d80000)
 Metaspace       used 34272K, capacity 35316K, committed 35456K, reserved 1079296K
  class space    used 4299K, capacity 4619K, committed 4736K, reserved 1048576K
}
Event: 4.823 GC heap before
{Heap before GC invocations=11 (full 2):
 PSYoungGen      total 210944K, used 196096K [0x00000000d6180000, 0x00000000e7d80000, 0x0000000100000000)
  eden space 196096K, 100% used [0x00000000d6180000,0x00000000e2100000,0x00000000e2100000)
  from space 14848K, 0% used [0x00000000e6f00000,0x00000000e6f00000,0x00000000e7d80000)
  to   space 16384K, 0% used [0x00000000e5d80000,0x00000000e5d80000,0x00000000e6d80000)
 ParOldGen       total 124416K, used 36194K [0x0000000082400000, 0x0000000089d80000, 0x00000000d6180000)
  object space 124416K, 29% used [0x0000000082400000,0x0000000084758888,0x0000000089d80000)
 Metaspace       used 42194K, capacity 43766K, committed 43904K, reserved 1087488K
  class space    used 5363K, capacity 5744K, committed 5760K, reserved 1048576K
Event: 4.837 GC heap after
Heap after GC invocations=11 (full 2):
 PSYoungGen      total 251392K, used 16065K [0x00000000d6180000, 0x00000000e6f80000, 0x0000000100000000)
  eden space 235008K, 0% used [0x00000000d6180000,0x00000000d6180000,0x00000000e4700000)
  from space 16384K, 98% used [0x00000000e5d80000,0x00000000e6d307f0,0x00000000e6d80000)
  to   space 2048K, 0% used [0x00000000e6d80000,0x00000000e6d80000,0x00000000e6f80000)
 ParOldGen       total 124416K, used 36266K [0x0000000082400000, 0x0000000089d80000, 0x00000000d6180000)
  object space 124416K, 29% used [0x0000000082400000,0x000000008476a898,0x0000000089d80000)
 Metaspace       used 42194K, capacity 43766K, committed 43904K, reserved 1087488K
  class space    used 5363K, capacity 5744K, committed 5760K, reserved 1048576K
}
Event: 6.481 GC heap before
{Heap before GC invocations=12 (full 2):
 PSYoungGen      total 251392K, used 251073K [0x00000000d6180000, 0x00000000e6f80000, 0x0000000100000000)
  eden space 235008K, 100% used [0x00000000d6180000,0x00000000e4700000,0x00000000e4700000)
  from space 16384K, 98% used [0x00000000e5d80000,0x00000000e6d307f0,0x00000000e6d80000)
  to   space 2048K, 0% used [0x00000000e6d80000,0x00000000e6d80000,0x00000000e6f80000)
 ParOldGen       total 124416K, used 36266K [0x0000000082400000, 0x0000000089d80000, 0x00000000d6180000)
  object space 124416K, 29% used [0x0000000082400000,0x000000008476a898,0x0000000089d80000)
 Metaspace       used 54810K, capacity 57210K, committed 57472K, reserved 1099776K
  class space    used 7009K, capacity 7518K, committed 7552K, reserved 1048576K
Event: 6.500 GC heap after
Heap after GC invocations=12 (full 2):
 PSYoungGen      total 251904K, used 2037K [0x00000000d6180000, 0x00000000ea200000, 0x0000000100000000)
  eden space 249856K, 0% used [0x00000000d6180000,0x00000000d6180000,0x00000000e5580000)
  from space 2048K, 99% used [0x00000000e6d80000,0x00000000e6f7d728,0x00000000e6f80000)
  to   space 24576K, 0% used [0x00000000e5580000,0x00000000e5580000,0x00000000e6d80000)
 ParOldGen       total 124416K, used 62986K [0x0000000082400000, 0x0000000089d80000, 0x00000000d6180000)
  object space 124416K, 50% used [0x0000000082400000,0x0000000086182990,0x0000000089d80000)
 Metaspace       used 54810K, capacity 57210K, committed 57472K, reserved 1099776K
  class space    used 7009K, capacity 7518K, committed 7552K, reserved 1048576K
}
Event: 6.635 GC heap before
{Heap before GC invocations=13 (full 2):
 PSYoungGen      total 251904K, used 20264K [0x00000000d6180000, 0x00000000ea200000, 0x0000000100000000)
  eden space 249856K, 7% used [0x00000000d6180000,0x00000000d734ccc8,0x00000000e5580000)
  from space 2048K, 99% used [0x00000000e6d80000,0x00000000e6f7d728,0x00000000e6f80000)
  to   space 24576K, 0% used [0x00000000e5580000,0x00000000e5580000,0x00000000e6d80000)
 ParOldGen       total 124416K, used 62986K [0x0000000082400000, 0x0000000089d80000, 0x00000000d6180000)
  object space 124416K, 50% used [0x0000000082400000,0x0000000086182990,0x0000000089d80000)
 Metaspace       used 56431K, capacity 58874K, committed 59096K, reserved 1099776K
  class space    used 7291K, capacity 7816K, committed 7896K, reserved 1048576K
Event: 6.641 GC heap after
Heap after GC invocations=13 (full 2):
 PSYoungGen      total 274432K, used 3883K [0x00000000d6180000, 0x00000000ec000000, 0x0000000100000000)
  eden space 249856K, 0% used [0x00000000d6180000,0x00000000d6180000,0x00000000e5580000)
  from space 24576K, 15% used [0x00000000e5580000,0x00000000e594aea8,0x00000000e6d80000)
  to   space 24576K, 0% used [0x00000000ea800000,0x00000000ea800000,0x00000000ec000000)
 ParOldGen       total 124416K, used 62994K [0x0000000082400000, 0x0000000089d80000, 0x00000000d6180000)
  object space 124416K, 50% used [0x0000000082400000,0x0000000086184990,0x0000000089d80000)
 Metaspace       used 56431K, capacity 58874K, committed 59096K, reserved 1099776K
  class space    used 7291K, capacity 7816K, committed 7896K, reserved 1048576K
}
Event: 6.641 GC heap before
{Heap before GC invocations=14 (full 3):
 PSYoungGen      total 274432K, used 3883K [0x00000000d6180000, 0x00000000ec000000, 0x0000000100000000)
  eden space 249856K, 0% used [0x00000000d6180000,0x00000000d6180000,0x00000000e5580000)
  from space 24576K, 15% used [0x00000000e5580000,0x00000000e594aea8,0x00000000e6d80000)
  to   space 24576K, 0% used [0x00000000ea800000,0x00000000ea800000,0x00000000ec000000)
 ParOldGen       total 124416K, used 62994K [0x0000000082400000, 0x0000000089d80000, 0x00000000d6180000)
  object space 124416K, 50% used [0x0000000082400000,0x0000000086184990,0x0000000089d80000)
 Metaspace       used 56431K, capacity 58874K, committed 59096K, reserved 1099776K
  class space    used 7291K, capacity 7816K, committed 7896K, reserved 1048576K
Event: 6.862 GC heap after
Heap after GC invocations=14 (full 3):
 PSYoungGen      total 274432K, used 0K [0x00000000d6180000, 0x00000000ec000000, 0x0000000100000000)
  eden space 249856K, 0% used [0x00000000d6180000,0x00000000d6180000,0x00000000e5580000)
  from space 24576K, 0% used [0x00000000e5580000,0x00000000e5580000,0x00000000e6d80000)
  to   space 24576K, 0% used [0x00000000ea800000,0x00000000ea800000,0x00000000ec000000)
 ParOldGen       total 184320K, used 55086K [0x0000000082400000, 0x000000008d800000, 0x00000000d6180000)
  object space 184320K, 29% used [0x0000000082400000,0x00000000859cb850,0x000000008d800000)
 Metaspace       used 56431K, capacity 58874K, committed 59096K, reserved 1099776K
  class space    used 7291K, capacity 7816K, committed 7896K, reserved 1048576K
}

Deoptimization events (10 events):
Event: 6.250 Thread 0x000000001d2ec800 Uncommon trap: reason=unstable_if action=reinterpret pc=0x00000000032f0c9c method=java.util.StringTokenizer.setMaxDelimCodePoint()V @ 71
Event: 6.272 Thread 0x000000001d2ec800 Uncommon trap: reason=unstable_if action=reinterpret pc=0x0000000002a80e74 method=java.lang.ref.SoftReference.get()Ljava/lang/Object; @ 6
Event: 6.380 Thread 0x000000001d2ec800 Uncommon trap: reason=unstable_if action=reinterpret pc=0x00000000034cbe14 method=java.util.zip.ZipCoder.getBytes(Ljava/lang/String;)[B @ 32
Event: 6.380 Thread 0x000000001d2ec800 Uncommon trap: reason=unstable_if action=reinterpret pc=0x0000000003322b0c method=java.net.URL.<init>(Ljava/net/URL;Ljava/lang/String;Ljava/net/URLStreamHandler;)V @ 57
Event: 6.380 Thread 0x000000001d2ec800 Uncommon trap: reason=unstable_if action=reinterpret pc=0x0000000002975128 method=java.net.URLStreamHandler.parseURL(Ljava/net/URL;Ljava/lang/String;II)V @ 57
Event: 7.019 Thread 0x000000001d2ec800 Uncommon trap: reason=class_check action=maybe_recompile pc=0x000000000341ec5c method=java.lang.reflect.Field.getAnnotation(Ljava/lang/Class;)Ljava/lang/annotation/Annotation; @ 19
Event: 7.021 Thread 0x000000001d2ec800 Uncommon trap: reason=class_check action=maybe_recompile pc=0x000000000341ec5c method=java.lang.reflect.Field.getAnnotation(Ljava/lang/Class;)Ljava/lang/annotation/Annotation; @ 19
Event: 7.026 Thread 0x000000001d2ec800 Uncommon trap: reason=class_check action=maybe_recompile pc=0x000000000341ec5c method=java.lang.reflect.Field.getAnnotation(Ljava/lang/Class;)Ljava/lang/annotation/Annotation; @ 19
Event: 7.026 Thread 0x000000001d2ec800 Uncommon trap: reason=class_check action=maybe_recompile pc=0x000000000341ec5c method=java.lang.reflect.Field.getAnnotation(Ljava/lang/Class;)Ljava/lang/annotation/Annotation; @ 19
Event: 7.144 Thread 0x000000001d2ec800 Uncommon trap: reason=unstable_if action=reinterpret pc=0x00000000039009e4 method=java.lang.reflect.Method.invoke(Ljava/lang/Object;[Ljava/lang/Object;)Ljava/lang/Object; @ 18

Internal exceptions (10 events):
Event: 6.364 Thread 0x000000001d2ec800 Exception <a 'java/lang/ClassNotFoundException': org/springframework/context/weaving/LoadTimeWeaverAwareCustomizer> (0x00000000e3814630) thrown at [C:\re\workspace\8-2-build-windows-amd64-cygwin\jdk8u131\8869\hotspot\src\share\vm\classfile\systemDictionar
Event: 6.364 Thread 0x000000001d2ec800 Exception <a 'java/lang/ClassNotFoundException': org/springframework/beans/factory/FactoryBeanCustomizer> (0x00000000e3828e70) thrown at [C:\re\workspace\8-2-build-windows-amd64-cygwin\jdk8u131\8869\hotspot\src\share\vm\classfile\systemDictionary.cpp, lin
Event: 6.364 Thread 0x000000001d2ec800 Exception <a 'java/lang/ClassNotFoundException': org/springframework/beans/factory/BeanClassLoaderAwareCustomizer> (0x00000000e38433e0) thrown at [C:\re\workspace\8-2-build-windows-amd64-cygwin\jdk8u131\8869\hotspot\src\share\vm\classfile\systemDictionary
Event: 6.365 Thread 0x000000001d2ec800 Exception <a 'java/lang/ClassNotFoundException': org/springframework/beans/factory/BeanFactoryAwareCustomizer> (0x00000000e3858b38) thrown at [C:\re\workspace\8-2-build-windows-amd64-cygwin\jdk8u131\8869\hotspot\src\share\vm\classfile\systemDictionary.cpp
Event: 6.365 Thread 0x000000001d2ec800 Exception <a 'java/lang/ClassNotFoundException': org/springframework/beans/factory/BeanNameAwareCustomizer> (0x00000000e386da28) thrown at [C:\re\workspace\8-2-build-windows-amd64-cygwin\jdk8u131\8869\hotspot\src\share\vm\classfile\systemDictionary.cpp, l
Event: 6.366 Thread 0x000000001d2ec800 Exception <a 'java/lang/ClassNotFoundException': org/springframework/beans/factory/InitializingBeanCustomizer> (0x00000000e3883098) thrown at [C:\re\workspace\8-2-build-windows-amd64-cygwin\jdk8u131\8869\hotspot\src\share\vm\classfile\systemDictionary.cpp
Event: 6.366 Thread 0x000000001d2ec800 Exception <a 'java/lang/ClassNotFoundException': org/springframework/beans/factory/DisposableBeanCustomizer> (0x00000000e3897178) thrown at [C:\re\workspace\8-2-build-windows-amd64-cygwin\jdk8u131\8869\hotspot\src\share\vm\classfile\systemDictionary.cpp, 
Event: 6.366 Thread 0x000000001d2ec800 Exception <a 'java/lang/ClassNotFoundException': org/springframework/orm/jpa/EntityManagerFactoryInfoCustomizer> (0x00000000e38ac8d8) thrown at [C:\re\workspace\8-2-build-windows-amd64-cygwin\jdk8u131\8869\hotspot\src\share\vm\classfile\systemDictionary.c
Event: 6.366 Thread 0x000000001d2ec800 Exception <a 'java/lang/ClassNotFoundException': org/springframework/dao/support/PersistenceExceptionTranslatorCustomizer> (0x00000000e38d0860) thrown at [C:\re\workspace\8-2-build-windows-amd64-cygwin\jdk8u131\8869\hotspot\src\share\vm\classfile\systemDi
Event: 7.164 Thread 0x000000001d2ec800 Exception <a 'java/lang/NoSuchMethodError': java.lang.Object.lambda$andThen$1(Ljava/util/function/Function;Ljava/lang/Object;)Ljava/lang/Object;> (0x00000000d8fecc58) thrown at [C:\re\workspace\8-2-build-windows-amd64-cygwin\jdk8u131\8869\hotspot\src\shar

Events (10 events):
Event: 7.241 loading class org/hibernate/jpa/event/spi/jpa/ListenerFactory
Event: 7.241 loading class org/hibernate/jpa/event/spi/jpa/ListenerFactory done
Event: 7.241 loading class org/hibernate/jpa/event/internal/jpa/ListenerFactoryStandardImpl
Event: 7.241 loading class org/hibernate/jpa/event/internal/jpa/ListenerFactoryStandardImpl done
Event: 7.242 loading class org/hibernate/jpa/event/spi/jpa/Listener
Event: 7.242 loading class org/hibernate/jpa/event/spi/jpa/Listener done
Event: 7.242 loading class org/hibernate/jpa/event/internal/jpa/CallbackBuilderLegacyImpl
Event: 7.242 loading class org/hibernate/jpa/event/internal/jpa/CallbackBuilderLegacyImpl done
Event: 7.242 loading class org/hibernate/jpa/event/spi/jpa/Callback
Event: 7.242 loading class org/hibernate/jpa/event/spi/jpa/Callback done


Dynamic libraries:
0x00007ff607ac0000 - 0x00007ff607af7000 	C:\Program Files\Java\jdk1.8.0_131\bin\java.exe
0x00007ffd3d770000 - 0x00007ffd3d95d000 	C:\WINDOWS\SYSTEM32\ntdll.dll
0x00007ffd3af10000 - 0x00007ffd3afc3000 	C:\WINDOWS\System32\KERNEL32.DLL
0x00007ffd3a040000 - 0x00007ffd3a2d3000 	C:\WINDOWS\System32\KERNELBASE.dll
0x00007ffd3d630000 - 0x00007ffd3d6d3000 	C:\WINDOWS\System32\ADVAPI32.dll
0x00007ffd3b2a0000 - 0x00007ffd3b33e000 	C:\WINDOWS\System32\msvcrt.dll
0x00007ffd3ac10000 - 0x00007ffd3acae000 	C:\WINDOWS\System32\sechost.dll
0x00007ffd3ad10000 - 0x00007ffd3ae32000 	C:\WINDOWS\System32\RPCRT4.dll
0x00007ffd3b830000 - 0x00007ffd3b9c7000 	C:\WINDOWS\System32\USER32.dll
0x00007ffd3a880000 - 0x00007ffd3a8a0000 	C:\WINDOWS\System32\win32u.dll
0x00007ffd3b9d0000 - 0x00007ffd3b9f9000 	C:\WINDOWS\System32\GDI32.dll
0x00007ffd3a460000 - 0x00007ffd3a5fa000 	C:\WINDOWS\System32\gdi32full.dll
0x00007ffd3a360000 - 0x00007ffd3a400000 	C:\WINDOWS\System32\msvcp_win.dll
0x00007ffd3a8a0000 - 0x00007ffd3a99c000 	C:\WINDOWS\System32\ucrtbase.dll
0x00007ffd27170000 - 0x00007ffd273e9000 	C:\WINDOWS\WinSxS\amd64_microsoft.windows.common-controls_6595b64144ccf1df_6.0.17763.316_none_05b53be2071f46b6\COMCTL32.dll
0x00007ffd3b340000 - 0x00007ffd3b66d000 	C:\WINDOWS\System32\combase.dll
0x00007ffd3a2e0000 - 0x00007ffd3a35e000 	C:\WINDOWS\System32\bcryptPrimitives.dll
0x00007ffd3ab00000 - 0x00007ffd3ab2e000 	C:\WINDOWS\System32\IMM32.DLL
0x0000000071b20000 - 0x0000000071bf2000 	C:\Program Files\Java\jdk1.8.0_131\jre\bin\msvcr100.dll
0x0000000071280000 - 0x0000000071b1c000 	C:\Program Files\Java\jdk1.8.0_131\jre\bin\server\jvm.dll
0x00007ffd3d570000 - 0x00007ffd3d578000 	C:\WINDOWS\System32\PSAPI.DLL
0x00007ffd31bc0000 - 0x00007ffd31bc9000 	C:\WINDOWS\SYSTEM32\WSOCK32.dll
0x00007ffd37310000 - 0x00007ffd37334000 	C:\WINDOWS\SYSTEM32\WINMM.dll
0x00007ffd2e8d0000 - 0x00007ffd2e8da000 	C:\WINDOWS\SYSTEM32\VERSION.dll
0x00007ffd3d500000 - 0x00007ffd3d56d000 	C:\WINDOWS\System32\WS2_32.dll
0x00007ffd372e0000 - 0x00007ffd3730d000 	C:\WINDOWS\SYSTEM32\WINMMBASE.dll
0x00007ffd3a830000 - 0x00007ffd3a87a000 	C:\WINDOWS\System32\cfgmgr32.dll
0x0000000071270000 - 0x000000007127f000 	C:\Program Files\Java\jdk1.8.0_131\jre\bin\verify.dll
0x0000000071240000 - 0x0000000071269000 	C:\Program Files\Java\jdk1.8.0_131\jre\bin\java.dll
0x0000000071220000 - 0x0000000071236000 	C:\Program Files\Java\jdk1.8.0_131\jre\bin\zip.dll
0x00007ffd3be80000 - 0x00007ffd3d36f000 	C:\WINDOWS\System32\SHELL32.dll
0x00007ffd3d580000 - 0x00007ffd3d628000 	C:\WINDOWS\System32\shcore.dll
0x00007ffd398f0000 - 0x00007ffd3a03a000 	C:\WINDOWS\System32\windows.storage.dll
0x00007ffd39770000 - 0x00007ffd39794000 	C:\WINDOWS\System32\profapi.dll
0x00007ffd397a0000 - 0x00007ffd397fd000 	C:\WINDOWS\System32\powrprof.dll
0x00007ffd3b060000 - 0x00007ffd3b0b2000 	C:\WINDOWS\System32\shlwapi.dll
0x00007ffd39820000 - 0x00007ffd39831000 	C:\WINDOWS\System32\kernel.appcore.dll
0x00007ffd3a600000 - 0x00007ffd3a617000 	C:\WINDOWS\System32\cryptsp.dll
0x00007ffd38bc0000 - 0x00007ffd38bf3000 	C:\WINDOWS\system32\rsaenh.dll
0x00007ffd3a800000 - 0x00007ffd3a826000 	C:\WINDOWS\System32\bcrypt.dll
0x00007ffd396a0000 - 0x00007ffd396c8000 	C:\WINDOWS\SYSTEM32\USERENV.dll
0x00007ffd391d0000 - 0x00007ffd391dc000 	C:\WINDOWS\SYSTEM32\CRYPTBASE.dll
0x0000000071200000 - 0x000000007121a000 	C:\Program Files\Java\jdk1.8.0_131\jre\bin\net.dll
0x00007ffd39000000 - 0x00007ffd39067000 	C:\WINDOWS\system32\mswsock.dll
0x00007ffd38d60000 - 0x00007ffd38d9d000 	C:\WINDOWS\SYSTEM32\IPHLPAPI.DLL
0x00007ffd3b820000 - 0x00007ffd3b828000 	C:\WINDOWS\System32\NSI.dll
0x00007ffd2f5d0000 - 0x00007ffd2f5e6000 	C:\WINDOWS\SYSTEM32\dhcpcsvc6.DLL
0x00007ffd30e00000 - 0x00007ffd30e1c000 	C:\WINDOWS\SYSTEM32\dhcpcsvc.DLL
0x00007ffd38da0000 - 0x00007ffd38e66000 	C:\WINDOWS\SYSTEM32\DNSAPI.dll
0x00000000711e0000 - 0x00000000711f1000 	C:\Program Files\Java\jdk1.8.0_131\jre\bin\nio.dll
0x00007ffd35990000 - 0x00007ffd3599a000 	Z:\jansi-1.17.1-1228410400118422142.dll
0x00007ffd35930000 - 0x00007ffd3593a000 	Z:\jansi-1.17.1-6993352671524415154.dll
0x00000000711d0000 - 0x00000000711dd000 	C:\Program Files\Java\jdk1.8.0_131\jre\bin\management.dll
0x00007ffd06710000 - 0x00007ffd06726000 	C:\WINDOWS\system32\napinsp.dll
0x00007ffd066f0000 - 0x00007ffd0670a000 	C:\WINDOWS\system32\pnrpnsp.dll
0x00007ffd066e0000 - 0x00007ffd066ee000 	C:\WINDOWS\System32\winrnr.dll
0x00007ffd35ca0000 - 0x00007ffd35cbb000 	C:\WINDOWS\system32\NLAapi.dll
0x00007ffd318a0000 - 0x00007ffd318b5000 	C:\WINDOWS\system32\wshbth.dll
0x00007ffd2a4a0000 - 0x00007ffd2a4aa000 	C:\Windows\System32\rasadhlp.dll
0x00007ffd2b7c0000 - 0x00007ffd2b839000 	C:\WINDOWS\System32\fwpuclnt.dll

VM Arguments:
jvm_args: -Dmaven.multiModuleProjectDirectory=C:\Users\Asus\Downloads\team05-master\backend 
java_command: org.apache.maven.wrapper.MavenWrapperMain spring-boot:run
java_class_path (initial): C:\Users\Asus\Downloads\team05-master\backend\.mvn\wrapper\maven-wrapper.jar
Launcher Type: SUN_STANDARD

Environment Variables:
JAVA_HOME=C:\Program Files\Java\jdk1.8.0_131
PATH=C:\Program Files\Java\jdk1.8.0_131\bin;C:\ProgramData\Oracle\Java\javapath;C:\Windows\system32;C:\Windows;C:\Windows\System32\Wbem;C:\Windows\System32\WindowsPowerShell\v1.0\;C:\Windows\System32\OpenSSH\;C:\Program Files (x86)\NVIDIA Corporation\PhysX\Common;C:\Program Files\nodejs\;;C:\WINDOWS\system32;C:\WINDOWS;C:\WINDOWS\System32\Wbem;C:\WINDOWS\System32\WindowsPowerShell\v1.0\;C:\WINDOWS\System32\OpenSSH\;C:\Program Files\Java\jdk1.8.0_131\bin;C:\Users\Asus\AppData\Local\Programs\Microsoft VS Code\bin
USERNAME=Asus
OS=Windows_NT
PROCESSOR_IDENTIFIER=Intel64 Family 6 Model 158 Stepping 10, GenuineIntel



---------------  S Y S T E M  ---------------

OS: Windows 10.0 , 64 bit Build 17763 (10.0.17763.292)

CPU:total 12 (initial active 12) (6 cores per cpu, 2 threads per core) family 6 model 158 stepping 10, cmov, cx8, fxsr, mmx, sse, sse2, sse3, ssse3, sse4.1, sse4.2, popcnt, avx, avx2, aes, clmul, erms, 3dnowpref, lzcnt, ht, tsc, tscinvbit, bmi1, bmi2, adx

Memory: 4k page, physical 8239356k(2548644k free), swap 8239356k(5776k free)

vm_info: Java HotSpot(TM) 64-Bit Server VM (25.131-b11) for windows-amd64 JRE (1.8.0_131-b11), built on Mar 15 2017 01:23:53 by "java_re" with MS VC++ 10.0 (VS2010)

time: Mon Mar 04 13:35:28 2019
elapsed time: 7 seconds (0d 0h 0m 7s)

