#
# There is insufficient memory for the Java Runtime Environment to continue.
# Native memory allocation (malloc) failed to allocate 2250736 bytes for Chunk::new
# Possible reasons:
#   The system is out of physical RAM or swap space
#   In 32 bit mode, the process size limit was hit
# Possible solutions:
#   Reduce memory load on the system
#   Increase physical memory or swap space
#   Check if swap backing store is full
#   Use 64 bit Java on a 64 bit OS
#   Decrease Java heap size (-Xmx/-Xms)
#   Decrease number of Java threads
#   Decrease Java thread stack sizes (-Xss)
#   Set larger code cache with -XX:ReservedCodeCacheSize=
# This output file may be truncated or incomplete.
#
#  Out of Memory Error (allocation.cpp:390), pid=10152, tid=0x0000000000000f20
#
# JRE version: Java(TM) SE Runtime Environment (8.0_131-b11) (build 1.8.0_131-b11)
# Java VM: Java HotSpot(TM) 64-Bit Server VM (25.131-b11 mixed mode windows-amd64 compressed oops)
# Failed to write core dump. Minidumps are not enabled by default on client versions of Windows
#

---------------  T H R E A D  ---------------

Current thread (0x00000000198ad800):  JavaThread "C2 CompilerThread0" daemon [_thread_in_native, id=3872, stack(0x000000001af00000,0x000000001b000000)]

Stack: [0x000000001af00000,0x000000001b000000]
[error occurred during error reporting (printing stack bounds), id 0xc0000005]

Native frames: (J=compiled Java code, j=interpreted, Vv=VM code, C=native code)


Current CompileTask:
C2:   3396 4321   !   4       java.net.URLClassLoader$1::run (63 bytes)


---------------  P R O C E S S  ---------------

Java Threads: ( => current thread )
  0x000000001ff4b800 JavaThread "background-preinit" [_thread_in_vm, id=3164, stack(0x00000000211b0000,0x00000000212b0000)]
  0x000000001e02f000 JavaThread "main" [_thread_in_vm, id=12108, stack(0x000000001f5b0000,0x000000001f6b0000)]
  0x0000000019945800 JavaThread "Service Thread" daemon [_thread_blocked, id=2752, stack(0x000000001b300000,0x000000001b400000)]
  0x00000000198ba000 JavaThread "C1 CompilerThread3" daemon [_thread_in_native, id=260, stack(0x000000001b200000,0x000000001b300000)]
  0x00000000198b9800 JavaThread "C2 CompilerThread2" daemon [_thread_in_native, id=2056, stack(0x000000001b100000,0x000000001b200000)]
  0x00000000198b4800 JavaThread "C2 CompilerThread1" daemon [_thread_in_native, id=12840, stack(0x000000001b000000,0x000000001b100000)]
=>0x00000000198ad800 JavaThread "C2 CompilerThread0" daemon [_thread_in_native, id=3872, stack(0x000000001af00000,0x000000001b000000)]
  0x00000000198a9000 JavaThread "Attach Listener" daemon [_thread_blocked, id=4876, stack(0x000000001ae00000,0x000000001af00000)]
  0x00000000198a8000 JavaThread "Signal Dispatcher" daemon [_thread_blocked, id=12444, stack(0x000000001ad00000,0x000000001ae00000)]
  0x00000000030ca000 JavaThread "Finalizer" daemon [_thread_blocked, id=4316, stack(0x000000001ab00000,0x000000001ac00000)]
  0x00000000030c9000 JavaThread "Reference Handler" daemon [_thread_blocked, id=1728, stack(0x000000001aa00000,0x000000001ab00000)]
  0x000000000116d800 JavaThread "main" [_thread_blocked, id=1600, stack(0x0000000002ec0000,0x0000000002fc0000)]

Other Threads:
  0x0000000019882800 VMThread [stack: 0x000000001a900000,0x000000001aa00000] [id=4632]
  0x000000001997b800 WatcherThread [stack: 0x000000001b400000,0x000000001b500000] [id=9272]

VM state:not at safepoint (normal execution)

VM Mutex/Monitor currently owned by a thread: None

Heap:
 PSYoungGen      total 208384K, used 16097K [0x00000000d6180000, 0x00000000e7d80000, 0x0000000100000000)
  eden space 193536K, 8% used [0x00000000d6180000,0x00000000d7138680,0x00000000e1e80000)
  from space 14848K, 0% used [0x00000000e6f00000,0x00000000e6f00000,0x00000000e7d80000)
  to   space 16896K, 0% used [0x00000000e5c80000,0x00000000e5c80000,0x00000000e6d00000)
 ParOldGen       total 81920K, used 36585K [0x0000000082400000, 0x0000000087400000, 0x00000000d6180000)
  object space 81920K, 44% used [0x0000000082400000,0x00000000847ba6b8,0x0000000087400000)
 Metaspace       used 35435K, capacity 36554K, committed 36864K, reserved 1081344K
  class space    used 4443K, capacity 4762K, committed 4864K, reserved 1048576K

Card table byte_map: [0x0000000012490000,0x0000000012880000] byte_map_base: 0x000000001207e000

Marking Bits: (ParMarkBitMap*) 0x00000000691fc720
 Begin Bits: [0x0000000013520000, 0x0000000015490000)
 End Bits:   [0x0000000015490000, 0x0000000017400000)

Polling page: 0x0000000000de0000

CodeCache: size=245760Kb used=15209Kb max_used=15209Kb free=230550Kb
 bounds [0x00000000030d0000, 0x0000000003fc0000, 0x00000000120d0000]
 total_blobs=4884 nmethods=4460 adapters=336
 compilation: enabled

Compilation events (10 events):
Event: 3.391 Thread 0x00000000198ba000 nmethod 4532 0x0000000003fa8e10 code [0x0000000003fa8f60, 0x0000000003fa9070]
Event: 3.391 Thread 0x00000000198ba000 4541       3       com.sun.org.apache.xerces.internal.util.SymbolTable::addSymbol (110 bytes)
Event: 3.392 Thread 0x00000000198ba000 nmethod 4541 0x0000000003fa8450 code [0x0000000003fa8600, 0x0000000003fa8ab8]
Event: 3.392 Thread 0x00000000198ba000 4540       3       com.sun.org.apache.xerces.internal.impl.XMLEntityScanner::scanName (305 bytes)
Event: 3.392 Thread 0x00000000198ba000 nmethod 4540 0x0000000003fa6dd0 code [0x0000000003fa7040, 0x0000000003fa7ca8]
Event: 3.392 Thread 0x00000000198ba000 4542       3       com.sun.org.apache.xerces.internal.xni.QName::setValues (22 bytes)
Event: 3.393 Thread 0x00000000198ba000 nmethod 4542 0x0000000003fa6a50 code [0x0000000003fa6ba0, 0x0000000003fa6d50]
Event: 3.393 Thread 0x00000000198ba000 4543       3       com.sun.org.apache.xerces.internal.impl.XMLEntityScanner::scanChar (236 bytes)
Event: 3.393 Thread 0x00000000198ba000 nmethod 4543 0x0000000003fab4d0 code [0x0000000003fab680, 0x0000000003fabd38]
Event: 3.393 Thread 0x00000000198ba000 4544       3       com.sun.org.apache.xerces.internal.impl.XMLEntityScanner::skipChar (285 bytes)

GC Heap History (10 events):
Event: 2.055 GC heap before
{Heap before GC invocations=6 (full 0):
 PSYoungGen      total 70656K, used 70640K [0x00000000d6180000, 0x00000000dfa80000, 0x0000000100000000)
  eden space 65536K, 100% used [0x00000000d6180000,0x00000000da180000,0x00000000da180000)
  from space 5120K, 99% used [0x00000000da180000,0x00000000da67c010,0x00000000da680000)
  to   space 12800K, 0% used [0x00000000dee00000,0x00000000dee00000,0x00000000dfa80000)
 ParOldGen       total 86016K, used 16002K [0x0000000082400000, 0x0000000087800000, 0x00000000d6180000)
  object space 86016K, 18% used [0x0000000082400000,0x00000000833a0b70,0x0000000087800000)
 Metaspace       used 17358K, capacity 17838K, committed 18176K, reserved 1064960K
  class space    used 2034K, capacity 2189K, committed 2304K, reserved 1048576K
Event: 2.065 GC heap after
Heap after GC invocations=6 (full 0):
 PSYoungGen      total 143360K, used 10087K [0x00000000d6180000, 0x00000000dfb80000, 0x0000000100000000)
  eden space 130560K, 0% used [0x00000000d6180000,0x00000000d6180000,0x00000000de100000)
  from space 12800K, 78% used [0x00000000dee00000,0x00000000df7d9d58,0x00000000dfa80000)
  to   space 13312K, 0% used [0x00000000de100000,0x00000000de100000,0x00000000dee00000)
 ParOldGen       total 86016K, used 16010K [0x0000000082400000, 0x0000000087800000, 0x00000000d6180000)
  object space 86016K, 18% used [0x0000000082400000,0x00000000833a2b70,0x0000000087800000)
 Metaspace       used 17358K, capacity 17838K, committed 18176K, reserved 1064960K
  class space    used 2034K, capacity 2189K, committed 2304K, reserved 1048576K
}
Event: 2.673 GC heap before
{Heap before GC invocations=7 (full 0):
 PSYoungGen      total 143360K, used 93185K [0x00000000d6180000, 0x00000000dfb80000, 0x0000000100000000)
  eden space 130560K, 63% used [0x00000000d6180000,0x00000000db2a6948,0x00000000de100000)
  from space 12800K, 78% used [0x00000000dee00000,0x00000000df7d9d58,0x00000000dfa80000)
  to   space 13312K, 0% used [0x00000000de100000,0x00000000de100000,0x00000000dee00000)
 ParOldGen       total 86016K, used 16010K [0x0000000082400000, 0x0000000087800000, 0x00000000d6180000)
  object space 86016K, 18% used [0x0000000082400000,0x00000000833a2b70,0x0000000087800000)
 Metaspace       used 20528K, capacity 21144K, committed 21296K, reserved 1069056K
  class space    used 2407K, capacity 2658K, committed 2688K, reserved 1048576K
Event: 2.685 GC heap after
Heap after GC invocations=7 (full 0):
 PSYoungGen      total 143872K, used 13255K [0x00000000d6180000, 0x00000000e7d80000, 0x0000000100000000)
  eden space 130560K, 0% used [0x00000000d6180000,0x00000000d6180000,0x00000000de100000)
  from space 13312K, 99% used [0x00000000de100000,0x00000000dedf1fa0,0x00000000dee00000)
  to   space 14848K, 0% used [0x00000000e6f00000,0x00000000e6f00000,0x00000000e7d80000)
 ParOldGen       total 86016K, used 17909K [0x0000000082400000, 0x0000000087800000, 0x00000000d6180000)
  object space 86016K, 20% used [0x0000000082400000,0x000000008357d430,0x0000000087800000)
 Metaspace       used 20528K, capacity 21144K, committed 21296K, reserved 1069056K
  class space    used 2407K, capacity 2658K, committed 2688K, reserved 1048576K
}
Event: 2.685 GC heap before
{Heap before GC invocations=8 (full 1):
 PSYoungGen      total 143872K, used 13255K [0x00000000d6180000, 0x00000000e7d80000, 0x0000000100000000)
  eden space 130560K, 0% used [0x00000000d6180000,0x00000000d6180000,0x00000000de100000)
  from space 13312K, 99% used [0x00000000de100000,0x00000000dedf1fa0,0x00000000dee00000)
  to   space 14848K, 0% used [0x00000000e6f00000,0x00000000e6f00000,0x00000000e7d80000)
 ParOldGen       total 86016K, used 17909K [0x0000000082400000, 0x0000000087800000, 0x00000000d6180000)
  object space 86016K, 20% used [0x0000000082400000,0x000000008357d430,0x0000000087800000)
 Metaspace       used 20528K, capacity 21144K, committed 21296K, reserved 1069056K
  class space    used 2407K, capacity 2658K, committed 2688K, reserved 1048576K
Event: 2.745 GC heap after
Heap after GC invocations=8 (full 1):
 PSYoungGen      total 143872K, used 0K [0x00000000d6180000, 0x00000000e7d80000, 0x0000000100000000)
  eden space 130560K, 0% used [0x00000000d6180000,0x00000000d6180000,0x00000000de100000)
  from space 13312K, 0% used [0x00000000de100000,0x00000000de100000,0x00000000dee00000)
  to   space 14848K, 0% used [0x00000000e6f00000,0x00000000e6f00000,0x00000000e7d80000)
 ParOldGen       total 81920K, used 24735K [0x0000000082400000, 0x0000000087400000, 0x00000000d6180000)
  object space 81920K, 30% used [0x0000000082400000,0x0000000083c27c68,0x0000000087400000)
 Metaspace       used 20528K, capacity 21144K, committed 21296K, reserved 1069056K
  class space    used 2407K, capacity 2658K, committed 2688K, reserved 1048576K
}
Event: 3.315 GC heap before
{Heap before GC invocations=9 (full 1):
 PSYoungGen      total 143872K, used 120631K [0x00000000d6180000, 0x00000000e7d80000, 0x0000000100000000)
  eden space 130560K, 92% used [0x00000000d6180000,0x00000000dd74dd90,0x00000000de100000)
  from space 13312K, 0% used [0x00000000de100000,0x00000000de100000,0x00000000dee00000)
  to   space 14848K, 0% used [0x00000000e6f00000,0x00000000e6f00000,0x00000000e7d80000)
 ParOldGen       total 81920K, used 24735K [0x0000000082400000, 0x0000000087400000, 0x00000000d6180000)
  object space 81920K, 30% used [0x0000000082400000,0x0000000083c27c68,0x0000000087400000)
 Metaspace       used 34318K, capacity 35334K, committed 35456K, reserved 1079296K
  class space    used 4305K, capacity 4622K, committed 4736K, reserved 1048576K
Event: 3.326 GC heap after
Heap after GC invocations=9 (full 1):
 PSYoungGen      total 208384K, used 14830K [0x00000000d6180000, 0x00000000e7d80000, 0x0000000100000000)
  eden space 193536K, 0% used [0x00000000d6180000,0x00000000d6180000,0x00000000e1e80000)
  from space 14848K, 99% used [0x00000000e6f00000,0x00000000e7d7b9d0,0x00000000e7d80000)
  to   space 16896K, 0% used [0x00000000e5c80000,0x00000000e5c80000,0x00000000e6d00000)
 ParOldGen       total 81920K, used 25011K [0x0000000082400000, 0x0000000087400000, 0x00000000d6180000)
  object space 81920K, 30% used [0x0000000082400000,0x0000000083c6cda0,0x0000000087400000)
 Metaspace       used 34318K, capacity 35334K, committed 35456K, reserved 1079296K
  class space    used 4305K, capacity 4622K, committed 4736K, reserved 1048576K
}
Event: 3.326 GC heap before
{Heap before GC invocations=10 (full 2):
 PSYoungGen      total 208384K, used 14830K [0x00000000d6180000, 0x00000000e7d80000, 0x0000000100000000)
  eden space 193536K, 0% used [0x00000000d6180000,0x00000000d6180000,0x00000000e1e80000)
  from space 14848K, 99% used [0x00000000e6f00000,0x00000000e7d7b9d0,0x00000000e7d80000)
  to   space 16896K, 0% used [0x00000000e5c80000,0x00000000e5c80000,0x00000000e6d00000)
 ParOldGen       total 81920K, used 25011K [0x0000000082400000, 0x0000000087400000, 0x00000000d6180000)
  object space 81920K, 30% used [0x0000000082400000,0x0000000083c6cda0,0x0000000087400000)
 Metaspace       used 34318K, capacity 35334K, committed 35456K, reserved 1079296K
  class space    used 4305K, capacity 4622K, committed 4736K, reserved 1048576K
Event: 3.363 GC heap after
Heap after GC invocations=10 (full 2):
 PSYoungGen      total 208384K, used 0K [0x00000000d6180000, 0x00000000e7d80000, 0x0000000100000000)
  eden space 193536K, 0% used [0x00000000d6180000,0x00000000d6180000,0x00000000e1e80000)
  from space 14848K, 0% used [0x00000000e6f00000,0x00000000e6f00000,0x00000000e7d80000)
  to   space 16896K, 0% used [0x00000000e5c80000,0x00000000e5c80000,0x00000000e6d00000)
 ParOldGen       total 81920K, used 36585K [0x0000000082400000, 0x0000000087400000, 0x00000000d6180000)
  object space 81920K, 44% used [0x0000000082400000,0x00000000847ba6b8,0x0000000087400000)
 Metaspace       used 34318K, capacity 35334K, committed 35456K, reserved 1079296K
  class space    used 4305K, capacity 4622K, committed 4736K, reserved 1048576K
}

Deoptimization events (10 events):
Event: 3.272 Thread 0x000000001e02f000 Uncommon trap: reason=unstable_if action=reinterpret pc=0x00000000038fca14 method=java.util.ArrayList.remove(Ljava/lang/Object;)Z @ 59
Event: 3.272 Thread 0x000000001ff4b800 Uncommon trap: reason=unstable_if action=reinterpret pc=0x0000000003edade8 method=jdk.internal.org.objectweb.asm.Type.getArgumentsAndReturnSizes(Ljava/lang/String;)I @ 47
Event: 3.381 Thread 0x000000001ff4b800 Uncommon trap: reason=class_check action=maybe_recompile pc=0x00000000037ed788 method=java.util.Hashtable.get(Ljava/lang/Object;)Ljava/lang/Object; @ 6
Event: 3.382 Thread 0x000000001ff4b800 Uncommon trap: reason=class_check action=maybe_recompile pc=0x00000000038dec48 method=java.util.Hashtable.put(Ljava/lang/Object;Ljava/lang/Object;)Ljava/lang/Object; @ 18
Event: 3.382 Thread 0x000000001ff4b800 Uncommon trap: reason=class_check action=maybe_recompile pc=0x00000000037ed788 method=java.util.Hashtable.get(Ljava/lang/Object;)Ljava/lang/Object; @ 6
Event: 3.382 Thread 0x000000001ff4b800 Uncommon trap: reason=class_check action=maybe_recompile pc=0x00000000037ed788 method=java.util.Hashtable.get(Ljava/lang/Object;)Ljava/lang/Object; @ 6
Event: 3.382 Thread 0x000000001ff4b800 Uncommon trap: reason=class_check action=maybe_recompile pc=0x00000000037ed788 method=java.util.Hashtable.get(Ljava/lang/Object;)Ljava/lang/Object; @ 6
Event: 3.383 Thread 0x000000001ff4b800 Uncommon trap: reason=class_check action=maybe_recompile pc=0x00000000038dec48 method=java.util.Hashtable.put(Ljava/lang/Object;Ljava/lang/Object;)Ljava/lang/Object; @ 18
Event: 3.383 Thread 0x000000001ff4b800 Uncommon trap: reason=class_check action=maybe_recompile pc=0x00000000038dec48 method=java.util.Hashtable.put(Ljava/lang/Object;Ljava/lang/Object;)Ljava/lang/Object; @ 18
Event: 3.393 Thread 0x000000001ff4b800 Uncommon trap: reason=class_check action=maybe_recompile pc=0x00000000038dec48 method=java.util.Hashtable.put(Ljava/lang/Object;Ljava/lang/Object;)Ljava/lang/Object; @ 18

Internal exceptions (10 events):
Event: 2.945 Thread 0x000000001e02f000 Exception <a 'java/lang/NoSuchMethodError': java.lang.Object.lambda$chars$0()Ljava/util/Spliterator$OfInt;> (0x00000000d8373848) thrown at [C:\re\workspace\8-2-build-windows-amd64-cygwin\jdk8u131\8869\hotspot\src\share\vm\interpreter\linkResolver.cpp, lin
Event: 3.072 Thread 0x000000001e02f000 Exception <a 'java/lang/NoSuchMethodError': org.slf4j.impl.StaticMDCBinder.getSingleton()Lorg/slf4j/impl/StaticMDCBinder;> (0x00000000daa0a818) thrown at [C:\re\workspace\8-2-build-windows-amd64-cygwin\jdk8u131\8869\hotspot\src\share\vm\interpreter\linkRe
Event: 3.163 Thread 0x000000001e02f000 Exception <a 'java/lang/ClassNotFoundException': java/lang/ObjectCustomizer> (0x00000000dbbf9b00) thrown at [C:\re\workspace\8-2-build-windows-amd64-cygwin\jdk8u131\8869\hotspot\src\share\vm\classfile\systemDictionary.cpp, line 210]
Event: 3.165 Thread 0x000000001e02f000 Exception <a 'java/lang/ClassNotFoundException': org/springframework/context/annotation/ConfigurationClassPostProcessorCustomizer> (0x00000000dbc17ba0) thrown at [C:\re\workspace\8-2-build-windows-amd64-cygwin\jdk8u131\8869\hotspot\src\share\vm\classfile\
Event: 3.168 Thread 0x000000001e02f000 Exception <a 'java/lang/ClassNotFoundException': org/springframework/beans/factory/support/BeanDefinitionRegistryPostProcessorCustomizer> (0x00000000dbc71bc0) thrown at [C:\re\workspace\8-2-build-windows-amd64-cygwin\jdk8u131\8869\hotspot\src\share\vm\cla
Event: 3.169 Thread 0x000000001e02f000 Exception <a 'java/lang/ClassNotFoundException': org/springframework/core/PriorityOrderedCustomizer> (0x00000000dbc84980) thrown at [C:\re\workspace\8-2-build-windows-amd64-cygwin\jdk8u131\8869\hotspot\src\share\vm\classfile\systemDictionary.cpp, line 210
Event: 3.169 Thread 0x000000001e02f000 Exception <a 'java/lang/ClassNotFoundException': org/springframework/context/ResourceLoaderAwareCustomizer> (0x00000000dbd78aa8) thrown at [C:\re\workspace\8-2-build-windows-amd64-cygwin\jdk8u131\8869\hotspot\src\share\vm\classfile\systemDictionary.cpp, l
Event: 3.169 Thread 0x000000001e02f000 Exception <a 'java/lang/ClassNotFoundException': org/springframework/beans/factory/BeanClassLoaderAwareCustomizer> (0x00000000dbd8f248) thrown at [C:\re\workspace\8-2-build-windows-amd64-cygwin\jdk8u131\8869\hotspot\src\share\vm\classfile\systemDictionary
Event: 3.170 Thread 0x000000001e02f000 Exception <a 'java/lang/ClassNotFoundException': org/springframework/context/EnvironmentAwareCustomizer> (0x00000000dbda3440) thrown at [C:\re\workspace\8-2-build-windows-amd64-cygwin\jdk8u131\8869\hotspot\src\share\vm\classfile\systemDictionary.cpp, line
Event: 3.275 Thread 0x000000001ff4b800 Exception <a 'java/lang/IncompatibleClassChangeError': Found class java.lang.Object, but interface was expected> (0x00000000dd0bd460) thrown at [C:\re\workspace\8-2-build-windows-amd64-cygwin\jdk8u131\8869\hotspot\src\share\vm\interpreter\linkResolver.cpp

Events (10 events):
Event: 3.393 loading class org/springframework/web/reactive/DispatcherHandler done
Event: 3.393 loading class java/util/function/UnaryOperator
Event: 3.393 loading class java/util/function/UnaryOperator done
Event: 3.393 loading class org/springframework/http/server/reactive/HttpHandler
Event: 3.393 loading class org/springframework/http/server/reactive/HttpHandler done
Event: 3.393 loading class org/springframework/http/ReactiveHttpInputMessage
Event: 3.393 loading class org/springframework/http/ReactiveHttpInputMessage done
Event: 3.393 Thread 0x000000001ff4b800 Uncommon trap: trap_request=0xffffffde fr.pc=0x00000000038dec48
Event: 3.393 Thread 0x000000001ff4b800 DEOPT PACKING pc=0x00000000038dec48 sp=0x00000000212ad4b0
Event: 3.393 Thread 0x000000001ff4b800 DEOPT UNPACKING pc=0x000000000311582a sp=0x00000000212ad4a0 mode 2


Dynamic libraries:
0x00007ff74e7e0000 - 0x00007ff74e817000 	C:\Program Files\Java\jdk1.8.0_131\bin\java.exe
0x00007ffdfbef0000 - 0x00007ffdfc0dd000 	C:\WINDOWS\SYSTEM32\ntdll.dll
0x00007ffdf9390000 - 0x00007ffdf9443000 	C:\WINDOWS\System32\KERNEL32.DLL
0x00007ffdf8d10000 - 0x00007ffdf8fa3000 	C:\WINDOWS\System32\KERNELBASE.dll
0x00007ffdf9a90000 - 0x00007ffdf9b33000 	C:\WINDOWS\System32\ADVAPI32.dll
0x00007ffdf9790000 - 0x00007ffdf982e000 	C:\WINDOWS\System32\msvcrt.dll
0x00007ffdfa040000 - 0x00007ffdfa0de000 	C:\WINDOWS\System32\sechost.dll
0x00007ffdf9130000 - 0x00007ffdf9252000 	C:\WINDOWS\System32\RPCRT4.dll
0x00007ffdf9450000 - 0x00007ffdf95e7000 	C:\WINDOWS\System32\USER32.dll
0x00007ffdf8fb0000 - 0x00007ffdf8fd0000 	C:\WINDOWS\System32\win32u.dll
0x00007ffdfbe90000 - 0x00007ffdfbeb9000 	C:\WINDOWS\System32\GDI32.dll
0x00007ffdf7fc0000 - 0x00007ffdf815a000 	C:\WINDOWS\System32\gdi32full.dll
0x00007ffdf9000000 - 0x00007ffdf90a0000 	C:\WINDOWS\System32\msvcp_win.dll
0x00007ffdf8c10000 - 0x00007ffdf8d0c000 	C:\WINDOWS\System32\ucrtbase.dll
0x00007ffde5430000 - 0x00007ffde56a9000 	C:\WINDOWS\WinSxS\amd64_microsoft.windows.common-controls_6595b64144ccf1df_6.0.17763.316_none_05b53be2071f46b6\COMCTL32.dll
0x00007ffdf9c60000 - 0x00007ffdf9f8d000 	C:\WINDOWS\System32\combase.dll
0x00007ffdf90a0000 - 0x00007ffdf911e000 	C:\WINDOWS\System32\bcryptPrimitives.dll
0x00007ffdf9bd0000 - 0x00007ffdf9bfe000 	C:\WINDOWS\System32\IMM32.DLL
0x0000000069280000 - 0x0000000069352000 	C:\Program Files\Java\jdk1.8.0_131\jre\bin\msvcr100.dll
0x00000000689e0000 - 0x000000006927c000 	C:\Program Files\Java\jdk1.8.0_131\jre\bin\server\jvm.dll
0x00007ffdf9120000 - 0x00007ffdf9128000 	C:\WINDOWS\System32\PSAPI.DLL
0x00007ffdf3fa0000 - 0x00007ffdf3fa9000 	C:\WINDOWS\SYSTEM32\WSOCK32.dll
0x00007ffdf58d0000 - 0x00007ffdf58f4000 	C:\WINDOWS\SYSTEM32\WINMM.dll
0x00007ffdf05e0000 - 0x00007ffdf05ea000 	C:\WINDOWS\SYSTEM32\VERSION.dll
0x00007ffdf9650000 - 0x00007ffdf96bd000 	C:\WINDOWS\System32\WS2_32.dll
0x00007ffdf57a0000 - 0x00007ffdf57cd000 	C:\WINDOWS\SYSTEM32\winmmbase.dll
0x00007ffdf8160000 - 0x00007ffdf81aa000 	C:\WINDOWS\System32\cfgmgr32.dll
0x00000000689d0000 - 0x00000000689df000 	C:\Program Files\Java\jdk1.8.0_131\jre\bin\verify.dll
0x00000000689a0000 - 0x00000000689c9000 	C:\Program Files\Java\jdk1.8.0_131\jre\bin\java.dll
0x0000000068980000 - 0x0000000068996000 	C:\Program Files\Java\jdk1.8.0_131\jre\bin\zip.dll
0x00007ffdfa340000 - 0x00007ffdfb82f000 	C:\WINDOWS\System32\SHELL32.dll
0x00007ffdf9830000 - 0x00007ffdf98d8000 	C:\WINDOWS\System32\shcore.dll
0x00007ffdf84c0000 - 0x00007ffdf8c0a000 	C:\WINDOWS\System32\windows.storage.dll
0x00007ffdf7f10000 - 0x00007ffdf7f34000 	C:\WINDOWS\System32\profapi.dll
0x00007ffdf7f60000 - 0x00007ffdf7fbd000 	C:\WINDOWS\System32\powrprof.dll
0x00007ffdf9c00000 - 0x00007ffdf9c52000 	C:\WINDOWS\System32\shlwapi.dll
0x00007ffdf7f40000 - 0x00007ffdf7f51000 	C:\WINDOWS\System32\kernel.appcore.dll
0x00007ffdf8440000 - 0x00007ffdf8457000 	C:\WINDOWS\System32\cryptsp.dll
0x00007ffdf7340000 - 0x00007ffdf7373000 	C:\WINDOWS\system32\rsaenh.dll
0x00007ffdf8fd0000 - 0x00007ffdf8ff6000 	C:\WINDOWS\System32\bcrypt.dll
0x00007ffdf7e20000 - 0x00007ffdf7e48000 	C:\WINDOWS\SYSTEM32\USERENV.dll
0x00007ffdf7950000 - 0x00007ffdf795c000 	C:\WINDOWS\SYSTEM32\CRYPTBASE.dll
0x0000000068960000 - 0x000000006897a000 	C:\Program Files\Java\jdk1.8.0_131\jre\bin\net.dll
0x00007ffdf7780000 - 0x00007ffdf77e7000 	C:\WINDOWS\system32\mswsock.dll
0x00007ffdf74e0000 - 0x00007ffdf751d000 	C:\WINDOWS\SYSTEM32\IPHLPAPI.DLL
0x00007ffdf9b40000 - 0x00007ffdf9b48000 	C:\WINDOWS\System32\NSI.dll
0x00007ffded140000 - 0x00007ffded156000 	C:\WINDOWS\SYSTEM32\dhcpcsvc6.DLL
0x00007ffdf04d0000 - 0x00007ffdf04ec000 	C:\WINDOWS\SYSTEM32\dhcpcsvc.DLL
0x00007ffdf7520000 - 0x00007ffdf75e6000 	C:\WINDOWS\SYSTEM32\DNSAPI.dll
0x0000000068940000 - 0x0000000068951000 	C:\Program Files\Java\jdk1.8.0_131\jre\bin\nio.dll
0x00007ffdf0950000 - 0x00007ffdf095a000 	Z:\jansi-1.17.1-9036389178322648807.dll
0x00007ffdf0840000 - 0x00007ffdf084a000 	Z:\jansi-1.17.1-6763869252011555094.dll
0x0000000068930000 - 0x000000006893d000 	C:\Program Files\Java\jdk1.8.0_131\jre\bin\management.dll
0x00007ffdf3200000 - 0x00007ffdf3216000 	C:\WINDOWS\system32\napinsp.dll
0x00007ffdf31e0000 - 0x00007ffdf31fa000 	C:\WINDOWS\system32\pnrpnsp.dll
0x00007ffdf31d0000 - 0x00007ffdf31de000 	C:\WINDOWS\System32\winrnr.dll
0x00007ffdf41c0000 - 0x00007ffdf41db000 	C:\WINDOWS\system32\NLAapi.dll
0x00007ffdf04f0000 - 0x00007ffdf0505000 	C:\WINDOWS\system32\wshbth.dll
0x00007ffdea650000 - 0x00007ffdea65a000 	C:\Windows\System32\rasadhlp.dll
0x00007ffde9560000 - 0x00007ffde95d9000 	C:\WINDOWS\System32\fwpuclnt.dll

VM Arguments:
jvm_args: -Dmaven.multiModuleProjectDirectory=C:\Users\Asus\Downloads\team05-master\backend 
java_command: org.apache.maven.wrapper.MavenWrapperMain spring-boot:run
java_class_path (initial): C:\Users\Asus\Downloads\team05-master\backend\.mvn\wrapper\maven-wrapper.jar
Launcher Type: SUN_STANDARD

Environment Variables:
JAVA_HOME=C:\Program Files\Java\jdk1.8.0_131
PATH=C:\Program Files\Java\jdk1.8.0_131\bin;C:\ProgramData\Oracle\Java\javapath;C:\Windows\system32;C:\Windows;C:\Windows\System32\Wbem;C:\Windows\System32\WindowsPowerShell\v1.0\;C:\Windows\System32\OpenSSH\;C:\Program Files (x86)\NVIDIA Corporation\PhysX\Common;C:\Program Files\nodejs\;;C:\WINDOWS\system32;C:\WINDOWS;C:\WINDOWS\System32\Wbem;C:\WINDOWS\System32\WindowsPowerShell\v1.0\;C:\WINDOWS\System32\OpenSSH\;C:\Program Files\Java\jdk1.8.0_131\bin;C:\Users\Asus\AppData\Local\Programs\Microsoft VS Code\bin
USERNAME=Asus
OS=Windows_NT
PROCESSOR_IDENTIFIER=Intel64 Family 6 Model 158 Stepping 10, GenuineIntel



---------------  S Y S T E M  ---------------

OS: Windows 10.0 , 64 bit Build 17763 (10.0.17763.292)

CPU:total 12 (initial active 12) (6 cores per cpu, 2 threads per core) family 6 model 158 stepping 10, cmov, cx8, fxsr, mmx, sse, sse2, sse3, ssse3, sse4.1, sse4.2, popcnt, avx, avx2, aes, clmul, erms, 3dnowpref, lzcnt, ht, tsc, tscinvbit, bmi1, bmi2, adx

Memory: 4k page, physical 8239356k(1853512k free), swap 8239356k(6244k free)

vm_info: Java HotSpot(TM) 64-Bit Server VM (25.131-b11) for windows-amd64 JRE (1.8.0_131-b11), built on Mar 15 2017 01:23:53 by "java_re" with MS VC++ 10.0 (VS2010)

time: Thu Feb 21 20:57:54 2019
elapsed time: 3 seconds (0d 0h 0m 3s)

