#
# There is insufficient memory for the Java Runtime Environment to continue.
# Native memory allocation (malloc) failed to allocate 1714256 bytes for Chunk::new
# Possible reasons:
#   The system is out of physical RAM or swap space
#   In 32 bit mode, the process size limit was hit
# Possible solutions:
#   Reduce memory load on the system
#   Increase physical memory or swap space
#   Check if swap backing store is full
#   Use 64 bit Java on a 64 bit OS
#   Decrease Java heap size (-Xmx/-Xms)
#   Decrease number of Java threads
#   Decrease Java thread stack sizes (-Xss)
#   Set larger code cache with -XX:ReservedCodeCacheSize=
# This output file may be truncated or incomplete.
#
#  Out of Memory Error (allocation.cpp:390), pid=5632, tid=0x00000000000019c8
#
# JRE version: Java(TM) SE Runtime Environment (8.0_131-b11) (build 1.8.0_131-b11)
# Java VM: Java HotSpot(TM) 64-Bit Server VM (25.131-b11 mixed mode windows-amd64 compressed oops)
# Failed to write core dump. Minidumps are not enabled by default on client versions of Windows
#

---------------  T H R E A D  ---------------

Current thread (0x0000000019101000):  JavaThread "C2 CompilerThread2" daemon [_thread_in_native, id=6600, stack(0x000000001a9e0000,0x000000001aae0000)]

Stack: [0x000000001a9e0000,0x000000001aae0000]
[error occurred during error reporting (printing stack bounds), id 0xc0000005]

Native frames: (J=compiled Java code, j=interpreted, Vv=VM code, C=native code)


Current CompileTask:
C2:   7360 8248   !   4       org.springframework.util.ClassUtils::getMostSpecificMethod (72 bytes)


---------------  P R O C E S S  ---------------

Java Threads: ( => current thread )
  0x0000000019196800 JavaThread "Service Thread" daemon [_thread_blocked, id=8004, stack(0x000000001abe0000,0x000000001ace0000)]
  0x0000000019102000 JavaThread "C1 CompilerThread3" daemon [_thread_blocked, id=9388, stack(0x000000001aae0000,0x000000001abe0000)]
=>0x0000000019101000 JavaThread "C2 CompilerThread2" daemon [_thread_in_native, id=6600, stack(0x000000001a9e0000,0x000000001aae0000)]
  0x00000000190fb000 JavaThread "C2 CompilerThread1" daemon [_thread_in_native, id=7236, stack(0x000000001a8e0000,0x000000001a9e0000)]
  0x00000000190fa000 JavaThread "C2 CompilerThread0" daemon [_thread_in_native, id=2224, stack(0x000000001a7e0000,0x000000001a8e0000)]
  0x00000000190f6800 JavaThread "Monitor Ctrl-Break" daemon [_thread_in_native, id=7436, stack(0x000000001a6e0000,0x000000001a7e0000)]
  0x0000000019083000 JavaThread "Attach Listener" daemon [_thread_blocked, id=3312, stack(0x000000001a5e0000,0x000000001a6e0000)]
  0x0000000019082000 JavaThread "Signal Dispatcher" daemon [_thread_blocked, id=220, stack(0x000000001a4e0000,0x000000001a5e0000)]
  0x0000000019073000 JavaThread "Finalizer" daemon [_thread_blocked, id=6792, stack(0x000000001a2e0000,0x000000001a3e0000)]
  0x000000001799c800 JavaThread "Reference Handler" daemon [_thread_blocked, id=8412, stack(0x000000001a1e0000,0x000000001a2e0000)]
  0x000000000258d800 JavaThread "main" [_thread_in_Java, id=4084, stack(0x0000000002590000,0x0000000002690000)]

Other Threads:
  0x000000000278c800 VMThread [stack: 0x000000001a0e0000,0x000000001a1e0000] [id=10424]
  0x00000000191e8800 WatcherThread [stack: 0x000000001ace0000,0x000000001ade0000] [id=8796]

VM state:not at safepoint (normal execution)

VM Mutex/Monitor currently owned by a thread: None

Heap:
 PSYoungGen      total 229376K, used 222793K [0x00000000d6180000, 0x00000000e5480000, 0x0000000100000000)
  eden space 215040K, 96% used [0x00000000d6180000,0x00000000e2d17d20,0x00000000e3380000)
  from space 14336K, 99% used [0x00000000e4480000,0x00000000e527a8d0,0x00000000e5280000)
  to   space 16896K, 0% used [0x00000000e3380000,0x00000000e3380000,0x00000000e4400000)
 ParOldGen       total 83456K, used 18895K [0x0000000082400000, 0x0000000087580000, 0x00000000d6180000)
  object space 83456K, 22% used [0x0000000082400000,0x0000000083673e80,0x0000000087580000)
 Metaspace       used 53849K, capacity 56394K, committed 56664K, reserved 1099776K
  class space    used 6783K, capacity 7229K, committed 7256K, reserved 1048576K

Card table byte_map: [0x0000000011c50000,0x0000000012040000] byte_map_base: 0x000000001183e000

Marking Bits: (ParMarkBitMap*) 0x0000000065c7c720
 Begin Bits: [0x0000000012ce0000, 0x0000000014c50000)
 End Bits:   [0x0000000014c50000, 0x0000000016bc0000)

Polling page: 0x00000000001c0000

CodeCache: size=245760Kb used=28752Kb max_used=28752Kb free=217007Kb
 bounds [0x0000000002890000, 0x00000000044c0000, 0x0000000011890000]
 total_blobs=8803 nmethods=8273 adapters=441
 compilation: enabled

Compilation events (10 events):
Event: 7.356 Thread 0x0000000019102000 8767       2       org.h2.command.dml.Insert::isCacheable (23 bytes)
Event: 7.356 Thread 0x0000000019102000 nmethod 8767 0x00000000044b8e50 code [0x00000000044b8fa0, 0x00000000044b9130]
Event: 7.356 Thread 0x0000000019102000 8768       2       org.hibernate.id.IdentifierGeneratorHelper$BasicHolder::access$000 (5 bytes)
Event: 7.356 Thread 0x0000000019102000 nmethod 8768 0x00000000044b91d0 code [0x00000000044b9340, 0x00000000044b9548]
Event: 7.356 Thread 0x0000000019102000 8769       2       org.hibernate.id.IdentifierGeneratorHelper$BasicHolder::access$100 (5 bytes)
Event: 7.356 Thread 0x0000000019102000 nmethod 8769 0x00000000044b9690 code [0x00000000044b97e0, 0x00000000044b9910]
Event: 7.356 Thread 0x0000000019102000 8770       2       org.hibernate.internal.SessionImpl::managedFlush (40 bytes)
Event: 7.356 Thread 0x0000000019102000 nmethod 8770 0x00000000044b99d0 code [0x00000000044b9b80, 0x00000000044b9e68]
Event: 7.358 Thread 0x0000000019102000 8771       2       org.hibernate.validator.internal.engine.ValidationContext$ValidatorScopedContext::<init> (69 bytes)
Event: 7.358 Thread 0x0000000019102000 nmethod 8771 0x00000000044ba050 code [0x00000000044ba1a0, 0x00000000044ba390]

GC Heap History (10 events):
Event: 2.908 GC heap before
{Heap before GC invocations=8 (full 1):
 PSYoungGen      total 112640K, used 112245K [0x00000000d6180000, 0x00000000def80000, 0x0000000100000000)
  eden space 107520K, 100% used [0x00000000d6180000,0x00000000dca80000,0x00000000dca80000)
  from space 5120K, 92% used [0x00000000dea80000,0x00000000def1d748,0x00000000def80000)
  to   space 8704K, 0% used [0x00000000dde80000,0x00000000dde80000,0x00000000de700000)
 ParOldGen       total 56320K, used 8648K [0x0000000082400000, 0x0000000085b00000, 0x00000000d6180000)
  object space 56320K, 15% used [0x0000000082400000,0x0000000082c723f0,0x0000000085b00000)
 Metaspace       used 31225K, capacity 32566K, committed 32768K, reserved 1077248K
  class space    used 3964K, capacity 4240K, committed 4352K, reserved 1048576K
Event: 2.915 GC heap after
Heap after GC invocations=8 (full 1):
 PSYoungGen      total 136704K, used 8702K [0x00000000d6180000, 0x00000000e1d80000, 0x0000000100000000)
  eden space 128000K, 0% used [0x00000000d6180000,0x00000000d6180000,0x00000000dde80000)
  from space 8704K, 99% used [0x00000000dde80000,0x00000000de6ff9f8,0x00000000de700000)
  to   space 10752K, 0% used [0x00000000e1300000,0x00000000e1300000,0x00000000e1d80000)
 ParOldGen       total 56320K, used 9984K [0x0000000082400000, 0x0000000085b00000, 0x00000000d6180000)
  object space 56320K, 17% used [0x0000000082400000,0x0000000082dc0000,0x0000000085b00000)
 Metaspace       used 31225K, capacity 32566K, committed 32768K, reserved 1077248K
  class space    used 3964K, capacity 4240K, committed 4352K, reserved 1048576K
}
Event: 3.162 GC heap before
{Heap before GC invocations=9 (full 1):
 PSYoungGen      total 136704K, used 51632K [0x00000000d6180000, 0x00000000e1d80000, 0x0000000100000000)
  eden space 128000K, 33% used [0x00000000d6180000,0x00000000d8b6c838,0x00000000dde80000)
  from space 8704K, 99% used [0x00000000dde80000,0x00000000de6ff9f8,0x00000000de700000)
  to   space 10752K, 0% used [0x00000000e1300000,0x00000000e1300000,0x00000000e1d80000)
 ParOldGen       total 56320K, used 9984K [0x0000000082400000, 0x0000000085b00000, 0x00000000d6180000)
  object space 56320K, 17% used [0x0000000082400000,0x0000000082dc0000,0x0000000085b00000)
 Metaspace       used 34023K, capacity 35362K, committed 35416K, reserved 1079296K
  class space    used 4397K, capacity 4672K, committed 4696K, reserved 1048576K
Event: 3.169 GC heap after
Heap after GC invocations=9 (full 1):
 PSYoungGen      total 181248K, used 8924K [0x00000000d6180000, 0x00000000e4100000, 0x0000000100000000)
  eden space 170496K, 0% used [0x00000000d6180000,0x00000000d6180000,0x00000000e0800000)
  from space 10752K, 83% used [0x00000000e1300000,0x00000000e1bb7268,0x00000000e1d80000)
  to   space 11264K, 0% used [0x00000000e0800000,0x00000000e0800000,0x00000000e1300000)
 ParOldGen       total 56320K, used 9992K [0x0000000082400000, 0x0000000085b00000, 0x00000000d6180000)
  object space 56320K, 17% used [0x0000000082400000,0x0000000082dc2000,0x0000000085b00000)
 Metaspace       used 34023K, capacity 35362K, committed 35416K, reserved 1079296K
  class space    used 4397K, capacity 4672K, committed 4696K, reserved 1048576K
}
Event: 3.169 GC heap before
{Heap before GC invocations=10 (full 2):
 PSYoungGen      total 181248K, used 8924K [0x00000000d6180000, 0x00000000e4100000, 0x0000000100000000)
  eden space 170496K, 0% used [0x00000000d6180000,0x00000000d6180000,0x00000000e0800000)
  from space 10752K, 83% used [0x00000000e1300000,0x00000000e1bb7268,0x00000000e1d80000)
  to   space 11264K, 0% used [0x00000000e0800000,0x00000000e0800000,0x00000000e1300000)
 ParOldGen       total 56320K, used 9992K [0x0000000082400000, 0x0000000085b00000, 0x00000000d6180000)
  object space 56320K, 17% used [0x0000000082400000,0x0000000082dc2000,0x0000000085b00000)
 Metaspace       used 34023K, capacity 35362K, committed 35416K, reserved 1079296K
  class space    used 4397K, capacity 4672K, committed 4696K, reserved 1048576K
Event: 3.212 GC heap after
Heap after GC invocations=10 (full 2):
 PSYoungGen      total 181248K, used 0K [0x00000000d6180000, 0x00000000e4100000, 0x0000000100000000)
  eden space 170496K, 0% used [0x00000000d6180000,0x00000000d6180000,0x00000000e0800000)
  from space 10752K, 0% used [0x00000000e1300000,0x00000000e1300000,0x00000000e1d80000)
  to   space 11264K, 0% used [0x00000000e0800000,0x00000000e0800000,0x00000000e1300000)
 ParOldGen       total 83456K, used 13489K [0x0000000082400000, 0x0000000087580000, 0x00000000d6180000)
  object space 83456K, 16% used [0x0000000082400000,0x000000008312c580,0x0000000087580000)
 Metaspace       used 34021K, capacity 35356K, committed 35416K, reserved 1079296K
  class space    used 4396K, capacity 4671K, committed 4696K, reserved 1048576K
}
Event: 4.365 GC heap before
{Heap before GC invocations=11 (full 2):
 PSYoungGen      total 181248K, used 170496K [0x00000000d6180000, 0x00000000e4100000, 0x0000000100000000)
  eden space 170496K, 100% used [0x00000000d6180000,0x00000000e0800000,0x00000000e0800000)
  from space 10752K, 0% used [0x00000000e1300000,0x00000000e1300000,0x00000000e1d80000)
  to   space 11264K, 0% used [0x00000000e0800000,0x00000000e0800000,0x00000000e1300000)
 ParOldGen       total 83456K, used 13489K [0x0000000082400000, 0x0000000087580000, 0x00000000d6180000)
  object space 83456K, 16% used [0x0000000082400000,0x000000008312c580,0x0000000087580000)
 Metaspace       used 45674K, capacity 47550K, committed 47832K, reserved 1091584K
  class space    used 5991K, capacity 6328K, committed 6360K, reserved 1048576K
Event: 4.378 GC heap after
Heap after GC invocations=11 (full 2):
 PSYoungGen      total 181760K, used 11232K [0x00000000d6180000, 0x00000000e5280000, 0x0000000100000000)
  eden space 170496K, 0% used [0x00000000d6180000,0x00000000d6180000,0x00000000e0800000)
  from space 11264K, 99% used [0x00000000e0800000,0x00000000e12f81d0,0x00000000e1300000)
  to   space 14336K, 0% used [0x00000000e4480000,0x00000000e4480000,0x00000000e5280000)
 ParOldGen       total 83456K, used 16926K [0x0000000082400000, 0x0000000087580000, 0x00000000d6180000)
  object space 83456K, 20% used [0x0000000082400000,0x00000000834879a0,0x0000000087580000)
 Metaspace       used 45674K, capacity 47550K, committed 47832K, reserved 1091584K
  class space    used 5991K, capacity 6328K, committed 6360K, reserved 1048576K
}
Event: 6.055 GC heap before
{Heap before GC invocations=12 (full 2):
 PSYoungGen      total 181760K, used 181728K [0x00000000d6180000, 0x00000000e5280000, 0x0000000100000000)
  eden space 170496K, 100% used [0x00000000d6180000,0x00000000e0800000,0x00000000e0800000)
  from space 11264K, 99% used [0x00000000e0800000,0x00000000e12f81d0,0x00000000e1300000)
  to   space 14336K, 0% used [0x00000000e4480000,0x00000000e4480000,0x00000000e5280000)
 ParOldGen       total 83456K, used 16926K [0x0000000082400000, 0x0000000087580000, 0x00000000d6180000)
  object space 83456K, 20% used [0x0000000082400000,0x00000000834879a0,0x0000000087580000)
 Metaspace       used 52868K, capacity 55420K, committed 55640K, reserved 1097728K
  class space    used 6778K, capacity 7224K, committed 7256K, reserved 1048576K
Event: 6.072 GC heap after
Heap after GC invocations=12 (full 2):
 PSYoungGen      total 229376K, used 14314K [0x00000000d6180000, 0x00000000e5480000, 0x0000000100000000)
  eden space 215040K, 0% used [0x00000000d6180000,0x00000000d6180000,0x00000000e3380000)
  from space 14336K, 99% used [0x00000000e4480000,0x00000000e527a8d0,0x00000000e5280000)
  to   space 16896K, 0% used [0x00000000e3380000,0x00000000e3380000,0x00000000e4400000)
 ParOldGen       total 83456K, used 18895K [0x0000000082400000, 0x0000000087580000, 0x00000000d6180000)
  object space 83456K, 22% used [0x0000000082400000,0x0000000083673e80,0x0000000087580000)
 Metaspace       used 52868K, capacity 55420K, committed 55640K, reserved 1097728K
  class space    used 6778K, capacity 7224K, committed 7256K, reserved 1048576K
}

Deoptimization events (10 events):
Event: 6.839 Thread 0x000000000258d800 Uncommon trap: reason=bimorphic action=maybe_recompile pc=0x0000000002aa8584 method=org.h2.index.IndexCursor.next()Z @ 24
Event: 6.839 Thread 0x000000000258d800 Uncommon trap: reason=bimorphic action=maybe_recompile pc=0x0000000002aa8584 method=org.h2.index.IndexCursor.next()Z @ 24
Event: 6.840 Thread 0x000000000258d800 Uncommon trap: reason=bimorphic action=maybe_recompile pc=0x0000000002aa8584 method=org.h2.index.IndexCursor.next()Z @ 24
Event: 6.840 Thread 0x000000000258d800 Uncommon trap: reason=bimorphic action=maybe_recompile pc=0x0000000002aa8584 method=org.h2.index.IndexCursor.next()Z @ 24
Event: 6.841 Thread 0x000000000258d800 Uncommon trap: reason=bimorphic action=maybe_recompile pc=0x0000000003e4947c method=org.h2.index.IndexCursor.next()Z @ 24
Event: 6.903 Thread 0x000000000258d800 Uncommon trap: reason=bimorphic action=maybe_recompile pc=0x000000000410482c method=java.util.concurrent.ConcurrentHashMap.putVal(Ljava/lang/Object;Ljava/lang/Object;Z)Ljava/lang/Object; @ 192
Event: 6.903 Thread 0x000000000258d800 Uncommon trap: reason=bimorphic action=maybe_recompile pc=0x000000000410482c method=java.util.concurrent.ConcurrentHashMap.putVal(Ljava/lang/Object;Ljava/lang/Object;Z)Ljava/lang/Object; @ 192
Event: 6.903 Thread 0x000000000258d800 Uncommon trap: reason=bimorphic action=maybe_recompile pc=0x000000000410482c method=java.util.concurrent.ConcurrentHashMap.putVal(Ljava/lang/Object;Ljava/lang/Object;Z)Ljava/lang/Object; @ 192
Event: 6.903 Thread 0x000000000258d800 Uncommon trap: reason=bimorphic action=maybe_recompile pc=0x000000000410482c method=java.util.concurrent.ConcurrentHashMap.putVal(Ljava/lang/Object;Ljava/lang/Object;Z)Ljava/lang/Object; @ 192
Event: 7.159 Thread 0x000000000258d800 Uncommon trap: reason=predicate action=maybe_recompile pc=0x0000000003d9460c method=org.springframework.util.ReflectionUtils.doWithMethods(Ljava/lang/Class;Lorg/springframework/util/ReflectionUtils$MethodCallback;Lorg/springframework/util/ReflectionUtils$

Internal exceptions (10 events):
Event: 7.156 Thread 0x000000000258d800 Exception <a 'java/lang/ClassNotFoundException': org/springframework/boot/test/autoconfigure/orm/jpa/TestEntityManagerAutoConfiguration$$EnhancerBySpringCGLIB$$9ef7e8c5Customizer> (0x00000000e200d328) thrown at [C:\re\workspace\8-2-build-windows-amd64-cyg
Event: 7.156 Thread 0x000000000258d800 Exception <a 'java/lang/ClassNotFoundException': org/springframework/context/annotation/ConfigurationClassEnhancer$EnhancedConfigurationCustomizer> (0x00000000e203da88) thrown at [C:\re\workspace\8-2-build-windows-amd64-cygwin\jdk8u131\8869\hotspot\src\sh
Event: 7.157 Thread 0x000000000258d800 Exception <a 'java/lang/ClassNotFoundException': java/lang/ObjectCustomizer> (0x00000000e2050758) thrown at [C:\re\workspace\8-2-build-windows-amd64-cygwin\jdk8u131\8869\hotspot\src\share\vm\classfile\systemDictionary.cpp, line 210]
Event: 7.158 Thread 0x000000000258d800 Exception <a 'java/lang/ClassNotFoundException': org/springframework/boot/test/autoconfigure/orm/jpa/TestEntityManagerCustomizer> (0x00000000e2077458) thrown at [C:\re\workspace\8-2-build-windows-amd64-cygwin\jdk8u131\8869\hotspot\src\share\vm\classfile\s
Event: 7.168 Thread 0x000000000258d800 Exception <a 'java/lang/ClassNotFoundException': java/lang/ObjectCustomizer> (0x00000000e226ffe0) thrown at [C:\re\workspace\8-2-build-windows-amd64-cygwin\jdk8u131\8869\hotspot\src\share\vm\classfile\systemDictionary.cpp, line 210]
Event: 7.168 Thread 0x000000000258d800 Exception <a 'java/lang/ClassNotFoundException': com/sut/se/g05/entity/TypeproductCustomizer> (0x00000000e228b660) thrown at [C:\re\workspace\8-2-build-windows-amd64-cygwin\jdk8u131\8869\hotspot\src\share\vm\classfile\systemDictionary.cpp, line 210]
Event: 7.180 Thread 0x000000000258d800 Exception <a 'java/lang/ClassNotFoundException': java/lang/ObjectCustomizer> (0x00000000e22fe710) thrown at [C:\re\workspace\8-2-build-windows-amd64-cygwin\jdk8u131\8869\hotspot\src\share\vm\classfile\systemDictionary.cpp, line 210]
Event: 7.180 Thread 0x000000000258d800 Exception <a 'java/lang/ClassNotFoundException': com/sut/se/g05/entity/ProvinceCustomizer> (0x00000000e23188f0) thrown at [C:\re\workspace\8-2-build-windows-amd64-cygwin\jdk8u131\8869\hotspot\src\share\vm\classfile\systemDictionary.cpp, line 210]
Event: 7.183 Thread 0x000000000258d800 Exception <a 'java/lang/ClassNotFoundException': java/lang/ObjectCustomizer> (0x00000000e233ad38) thrown at [C:\re\workspace\8-2-build-windows-amd64-cygwin\jdk8u131\8869\hotspot\src\share\vm\classfile\systemDictionary.cpp, line 210]
Event: 7.183 Thread 0x000000000258d800 Exception <a 'java/lang/ClassNotFoundException': com/sut/se/g05/entity/ProvincesenCustomizer> (0x00000000e23563b8) thrown at [C:\re\workspace\8-2-build-windows-amd64-cygwin\jdk8u131\8869\hotspot\src\share\vm\classfile\systemDictionary.cpp, line 210]

Events (10 events):
Event: 7.183 loading class java/lang/ObjectCustomizer
Event: 7.183 loading class java/lang/ObjectCustomizer done
Event: 7.183 loading class com/sut/se/g05/entity/ProvincesenCustomizer
Event: 7.183 loading class com/sut/se/g05/entity/ProvincesenCustomizer done
Event: 7.183 loading class com/sut/se/g05/entity/ProvincesenCustomizer
Event: 7.183 loading class com/sut/se/g05/entity/ProvincesenCustomizer done
Event: 7.183 loading class com/sut/se/g05/entity/ProvincesenCustomizer
Event: 7.183 loading class com/sut/se/g05/entity/ProvincesenCustomizer done
Event: 7.199 Thread 0x000000000258d800 DEOPT PACKING pc=0x0000000003d02a2e sp=0x000000000268c460
Event: 7.199 Thread 0x000000000258d800 DEOPT UNPACKING pc=0x00000000028d787f sp=0x000000000268c1a0 mode 0


Dynamic libraries:
0x00007ff794cb0000 - 0x00007ff794ce7000 	C:\Program Files\Java\jdk1.8.0_131\bin\java.exe
0x00007ff95c9f0000 - 0x00007ff95cbdd000 	C:\WINDOWS\SYSTEM32\ntdll.dll
0x00007ff959c20000 - 0x00007ff959cd3000 	C:\WINDOWS\System32\KERNEL32.DLL
0x00007ff959380000 - 0x00007ff959613000 	C:\WINDOWS\System32\KERNELBASE.dll
0x00007ff95c910000 - 0x00007ff95c9b3000 	C:\WINDOWS\System32\ADVAPI32.dll
0x00007ff959e20000 - 0x00007ff959ebe000 	C:\WINDOWS\System32\msvcrt.dll
0x00007ff95b130000 - 0x00007ff95b1ce000 	C:\WINDOWS\System32\sechost.dll
0x00007ff95b1e0000 - 0x00007ff95b302000 	C:\WINDOWS\System32\RPCRT4.dll
0x00007ff95a120000 - 0x00007ff95a2b7000 	C:\WINDOWS\System32\USER32.dll
0x00007ff959330000 - 0x00007ff959350000 	C:\WINDOWS\System32\win32u.dll
0x00007ff95ae70000 - 0x00007ff95ae99000 	C:\WINDOWS\System32\GDI32.dll
0x00007ff959720000 - 0x00007ff9598ba000 	C:\WINDOWS\System32\gdi32full.dll
0x00007ff958ac0000 - 0x00007ff958b60000 	C:\WINDOWS\System32\msvcp_win.dll
0x00007ff959620000 - 0x00007ff95971c000 	C:\WINDOWS\System32\ucrtbase.dll
0x00007ff946580000 - 0x00007ff9467f9000 	C:\WINDOWS\WinSxS\amd64_microsoft.windows.common-controls_6595b64144ccf1df_6.0.17763.316_none_05b53be2071f46b6\COMCTL32.dll
0x00007ff95aae0000 - 0x00007ff95ae0d000 	C:\WINDOWS\System32\combase.dll
0x00007ff959ba0000 - 0x00007ff959c1e000 	C:\WINDOWS\System32\bcryptPrimitives.dll
0x00007ff95a020000 - 0x00007ff95a04e000 	C:\WINDOWS\System32\IMM32.DLL
0x0000000065d00000 - 0x0000000065dd2000 	C:\Program Files\Java\jdk1.8.0_131\jre\bin\msvcr100.dll
0x0000000065460000 - 0x0000000065cfc000 	C:\Program Files\Java\jdk1.8.0_131\jre\bin\server\jvm.dll
0x00007ff95aa70000 - 0x00007ff95aa78000 	C:\WINDOWS\System32\PSAPI.DLL
0x00007ff94e950000 - 0x00007ff94e95a000 	C:\WINDOWS\SYSTEM32\VERSION.dll
0x00007ff9550f0000 - 0x00007ff955114000 	C:\WINDOWS\SYSTEM32\WINMM.dll
0x00007ff9551e0000 - 0x00007ff9551e9000 	C:\WINDOWS\SYSTEM32\WSOCK32.dll
0x00007ff95aa00000 - 0x00007ff95aa6d000 	C:\WINDOWS\System32\WS2_32.dll
0x00007ff9550c0000 - 0x00007ff9550ed000 	C:\WINDOWS\SYSTEM32\winmmbase.dll
0x00007ff959b50000 - 0x00007ff959b9a000 	C:\WINDOWS\System32\cfgmgr32.dll
0x0000000065450000 - 0x000000006545f000 	C:\Program Files\Java\jdk1.8.0_131\jre\bin\verify.dll
0x0000000065420000 - 0x0000000065449000 	C:\Program Files\Java\jdk1.8.0_131\jre\bin\java.dll
0x0000000065380000 - 0x00000000653a3000 	C:\Program Files\Java\jdk1.8.0_131\jre\bin\instrument.dll
0x0000000065400000 - 0x0000000065416000 	C:\Program Files\Java\jdk1.8.0_131\jre\bin\zip.dll
0x00007ff95b370000 - 0x00007ff95c85f000 	C:\WINDOWS\System32\SHELL32.dll
0x00007ff95a950000 - 0x00007ff95a9f8000 	C:\WINDOWS\System32\shcore.dll
0x00007ff958bc0000 - 0x00007ff95930a000 	C:\WINDOWS\System32\windows.storage.dll
0x00007ff958a70000 - 0x00007ff958a94000 	C:\WINDOWS\System32\profapi.dll
0x00007ff9589f0000 - 0x00007ff958a4d000 	C:\WINDOWS\System32\powrprof.dll
0x00007ff95a740000 - 0x00007ff95a792000 	C:\WINDOWS\System32\shlwapi.dll
0x00007ff958a50000 - 0x00007ff958a61000 	C:\WINDOWS\System32\kernel.appcore.dll
0x00007ff959310000 - 0x00007ff959327000 	C:\WINDOWS\System32\cryptsp.dll
0x00007ff951c20000 - 0x00007ff951c3a000 	C:\Program Files\JetBrains\IntelliJ IDEA Community Edition 2018.3.3\bin\breakgen64.dll
0x00000000653e0000 - 0x00000000653fa000 	C:\Program Files\Java\jdk1.8.0_131\jre\bin\net.dll
0x00007ff958280000 - 0x00007ff9582e7000 	C:\WINDOWS\system32\mswsock.dll
0x00000000653c0000 - 0x00000000653d1000 	C:\Program Files\Java\jdk1.8.0_131\jre\bin\nio.dll
0x00000000653b0000 - 0x00000000653bd000 	C:\Program Files\Java\jdk1.8.0_131\jre\bin\management.dll
0x00007ff932b60000 - 0x00007ff932b76000 	C:\WINDOWS\system32\napinsp.dll
0x00007ff932b40000 - 0x00007ff932b5a000 	C:\WINDOWS\system32\pnrpnsp.dll
0x00007ff958020000 - 0x00007ff9580e6000 	C:\WINDOWS\SYSTEM32\DNSAPI.dll
0x00007ff959ce0000 - 0x00007ff959ce8000 	C:\WINDOWS\System32\NSI.dll
0x00007ff957fe0000 - 0x00007ff95801d000 	C:\WINDOWS\SYSTEM32\IPHLPAPI.DLL
0x00007ff93c930000 - 0x00007ff93c93e000 	C:\WINDOWS\System32\winrnr.dll
0x00007ff955080000 - 0x00007ff95509b000 	C:\WINDOWS\system32\NLAapi.dll
0x00007ff94ed20000 - 0x00007ff94ed35000 	C:\WINDOWS\system32\wshbth.dll
0x00007ff948f50000 - 0x00007ff948f5a000 	C:\Windows\System32\rasadhlp.dll
0x00007ff949890000 - 0x00007ff949909000 	C:\WINDOWS\System32\fwpuclnt.dll
0x00007ff959350000 - 0x00007ff959376000 	C:\WINDOWS\System32\bcrypt.dll
0x00007ff957e40000 - 0x00007ff957e73000 	C:\WINDOWS\system32\rsaenh.dll
0x00007ff958920000 - 0x00007ff958948000 	C:\WINDOWS\SYSTEM32\USERENV.dll
0x00007ff958450000 - 0x00007ff95845c000 	C:\WINDOWS\SYSTEM32\CRYPTBASE.dll
0x00007ff94e990000 - 0x00007ff94e9a6000 	C:\WINDOWS\SYSTEM32\dhcpcsvc6.DLL
0x00007ff94e9d0000 - 0x00007ff94e9ec000 	C:\WINDOWS\SYSTEM32\dhcpcsvc.DLL

VM Arguments:
jvm_args: -ea -Didea.test.cyclic.buffer.size=1048576 -javaagent:C:\Program Files\JetBrains\IntelliJ IDEA Community Edition 2018.3.3\lib\idea_rt.jar=51784:C:\Program Files\JetBrains\IntelliJ IDEA Community Edition 2018.3.3\bin -Dfile.encoding=UTF-8 
java_command: com.intellij.rt.execution.junit.JUnitStarter -ideVersion5 @w@Z:\idea_working_dirs_junit.tmp @Z:\idea_junit.tmp -socket51783
java_class_path (initial): C:\Program Files\JetBrains\IntelliJ IDEA Community Edition 2018.3.3\lib\idea_rt.jar;C:\Program Files\JetBrains\IntelliJ IDEA Community Edition 2018.3.3\plugins\junit\lib\junit-rt.jar;C:\Program Files\JetBrains\IntelliJ IDEA Community Edition 2018.3.3\plugins\junit\lib\junit5-rt.jar;C:\Program Files\Java\jdk1.8.0_131\jre\lib\charsets.jar;C:\Program Files\Java\jdk1.8.0_131\jre\lib\deploy.jar;C:\Program Files\Java\jdk1.8.0_131\jre\lib\ext\access-bridge-64.jar;C:\Program Files\Java\jdk1.8.0_131\jre\lib\ext\cldrdata.jar;C:\Program Files\Java\jdk1.8.0_131\jre\lib\ext\dnsns.jar;C:\Program Files\Java\jdk1.8.0_131\jre\lib\ext\jaccess.jar;C:\Program Files\Java\jdk1.8.0_131\jre\lib\ext\jfxrt.jar;C:\Program Files\Java\jdk1.8.0_131\jre\lib\ext\localedata.jar;C:\Program Files\Java\jdk1.8.0_131\jre\lib\ext\nashorn.jar;C:\Program Files\Java\jdk1.8.0_131\jre\lib\ext\sunec.jar;C:\Program Files\Java\jdk1.8.0_131\jre\lib\ext\sunjce_provider.jar;C:\Program Files\Java\jdk1.8.0_131\jre\lib\ext\sunmscapi.jar;C:\Program Files\Java\jdk1.8.0_131\jre\lib\ext\sunpkcs11.jar;C:\Program Files\Java\jdk1.8.0_131\jre\lib\ext\zipfs.jar;C:\Program Files\Java\jdk1.8.0_131\jre\lib\javaws.jar;C:\Program Files\Java\jdk1.8.0_131\jre\lib\jce.jar;C:\Program Files\Java\jdk1.8.0_131\jre\lib\jfr.jar;C:\Program Files\Java\jdk1.8.0_131\jre\lib\jfxswt.jar;C:\Program Files\Java\jdk1.8.0_131\jre\lib\jsse.jar;C:\Program Files\Java\jdk1.8.0_131\jre\lib\management-agent.jar;C:\Program Files\Java\jdk1.8.0_131\jre\lib\plugin.jar;C:\Program Files\Java\jdk1.8.0_131\jre\lib\resources.jar;C:\Program Files\Java\jdk1.8.0_131\jre\lib\rt.jar;C:\Users\Asus\Downloads\team05-master\backend\target\test-classes;C:\Users\Asus\Downloads\team05-master\backend\target\classes;C:\Users\Asus\.m2\repository\org\springframework\boot\spring-boot-starter-actuator\2.0.7.RELEASE\spring-boot-starter-actuator-2.0.7.RELEASE.jar;C:\Users\Asus\.m2\repository\org\springframework\boot\spring-boot-starter\2.0.7.RELEASE\spring-
Launcher Type: SUN_STANDARD

Environment Variables:
JAVA_HOME=C:\Program Files\Java\jdk1.8.0_131
PATH=C:\Program Files\Java\jdk1.8.0_131\bin;C:\ProgramData\Oracle\Java\javapath;C:\Windows\system32;C:\Windows;C:\Windows\System32\Wbem;C:\Windows\System32\WindowsPowerShell\v1.0\;C:\Windows\System32\OpenSSH\;C:\Program Files (x86)\NVIDIA Corporation\PhysX\Common;C:\Program Files\nodejs\;;C:\WINDOWS\system32;C:\WINDOWS;C:\WINDOWS\System32\Wbem;C:\WINDOWS\System32\WindowsPowerShell\v1.0\;C:\WINDOWS\System32\OpenSSH\;C:\Program Files\Java\jdk1.8.0_131\bin;C:\Users\Asus\AppData\Local\Programs\Microsoft VS Code\bin
USERNAME=Asus
OS=Windows_NT
PROCESSOR_IDENTIFIER=Intel64 Family 6 Model 158 Stepping 10, GenuineIntel



---------------  S Y S T E M  ---------------

OS: Windows 10.0 , 64 bit Build 17763 (10.0.17763.292)

CPU:total 12 (initial active 12) (6 cores per cpu, 2 threads per core) family 6 model 158 stepping 10, cmov, cx8, fxsr, mmx, sse, sse2, sse3, ssse3, sse4.1, sse4.2, popcnt, avx, avx2, aes, clmul, erms, 3dnowpref, lzcnt, ht, tsc, tscinvbit, bmi1, bmi2, adx

Memory: 4k page, physical 8239356k(2684112k free), swap 8239356k(6764k free)

vm_info: Java HotSpot(TM) 64-Bit Server VM (25.131-b11) for windows-amd64 JRE (1.8.0_131-b11), built on Mar 15 2017 01:23:53 by "java_re" with MS VC++ 10.0 (VS2010)

time: Sat Mar 02 23:00:55 2019
elapsed time: 7 seconds (0d 0h 0m 7s)

