#
# There is insufficient memory for the Java Runtime Environment to continue.
# Native memory allocation (malloc) failed to allocate 1608896 bytes for Chunk::new
# Possible reasons:
#   The system is out of physical RAM or swap space
#   In 32 bit mode, the process size limit was hit
# Possible solutions:
#   Reduce memory load on the system
#   Increase physical memory or swap space
#   Check if swap backing store is full
#   Use 64 bit Java on a 64 bit OS
#   Decrease Java heap size (-Xmx/-Xms)
#   Decrease number of Java threads
#   Decrease Java thread stack sizes (-Xss)
#   Set larger code cache with -XX:ReservedCodeCacheSize=
# This output file may be truncated or incomplete.
#
#  Out of Memory Error (allocation.cpp:390), pid=11876, tid=0x00000000000024e4
#
# JRE version: Java(TM) SE Runtime Environment (8.0_131-b11) (build 1.8.0_131-b11)
# Java VM: Java HotSpot(TM) 64-Bit Server VM (25.131-b11 mixed mode windows-amd64 compressed oops)
# Failed to write core dump. Minidumps are not enabled by default on client versions of Windows
#

---------------  T H R E A D  ---------------

Current thread (0x0000000018e2d800):  JavaThread "C2 CompilerThread0" daemon [_thread_in_native, id=9444, stack(0x000000001a490000,0x000000001a590000)]

Stack: [0x000000001a490000,0x000000001a590000]
[error occurred during error reporting (printing stack bounds), id 0xc0000005]

Native frames: (J=compiled Java code, j=interpreted, Vv=VM code, C=native code)


Current CompileTask:
C2:   1528 1588       4       java.net.URLClassLoader$1::run (5 bytes)


---------------  P R O C E S S  ---------------

Java Threads: ( => current thread )
  0x0000000018e42000 JavaThread "Service Thread" daemon [_thread_blocked, id=2688, stack(0x000000001a890000,0x000000001a990000)]
  0x0000000018e3a000 JavaThread "C1 CompilerThread3" daemon [_thread_blocked, id=1740, stack(0x000000001a790000,0x000000001a890000)]
  0x0000000018e39800 JavaThread "C2 CompilerThread2" daemon [_thread_in_native, id=7648, stack(0x000000001a690000,0x000000001a790000)]
  0x0000000018e34800 JavaThread "C2 CompilerThread1" daemon [_thread_in_native, id=1120, stack(0x000000001a590000,0x000000001a690000)]
=>0x0000000018e2d800 JavaThread "C2 CompilerThread0" daemon [_thread_in_native, id=9444, stack(0x000000001a490000,0x000000001a590000)]
  0x0000000018e2a000 JavaThread "Attach Listener" daemon [_thread_blocked, id=5868, stack(0x000000001a390000,0x000000001a490000)]
  0x0000000018e28000 JavaThread "Signal Dispatcher" daemon [_thread_blocked, id=10648, stack(0x000000001a290000,0x000000001a390000)]
  0x0000000018e23000 JavaThread "Finalizer" daemon [_thread_blocked, id=11180, stack(0x000000001a090000,0x000000001a190000)]
  0x0000000002639000 JavaThread "Reference Handler" daemon [_thread_blocked, id=2480, stack(0x0000000019f90000,0x000000001a090000)]
  0x00000000005ed800 JavaThread "main" [_thread_in_native, id=9016, stack(0x0000000002410000,0x0000000002510000)]

Other Threads:
  0x0000000018e02800 VMThread [stack: 0x0000000019e90000,0x0000000019f90000] [id=3368]
  0x0000000018eef000 WatcherThread [stack: 0x000000001a990000,0x000000001aa90000] [id=11504]

VM state:not at safepoint (normal execution)

VM Mutex/Monitor currently owned by a thread: None

Heap:
 PSYoungGen      total 70656K, used 20827K [0x00000000d6180000, 0x00000000dab80000, 0x0000000100000000)
  eden space 65536K, 24% used [0x00000000d6180000,0x00000000d70deeb8,0x00000000da180000)
  from space 5120K, 99% used [0x00000000da680000,0x00000000dab78040,0x00000000dab80000)
  to   space 5120K, 0% used [0x00000000da180000,0x00000000da180000,0x00000000da680000)
 ParOldGen       total 86016K, used 9396K [0x0000000082400000, 0x0000000087800000, 0x00000000d6180000)
  object space 86016K, 10% used [0x0000000082400000,0x0000000082d2d240,0x0000000087800000)
 Metaspace       used 15807K, capacity 16102K, committed 16384K, reserved 1062912K
  class space    used 1921K, capacity 2045K, committed 2048K, reserved 1048576K

Card table byte_map: [0x0000000011a00000,0x0000000011df0000] byte_map_base: 0x00000000115ee000

Marking Bits: (ParMarkBitMap*) 0x0000000065c7c720
 Begin Bits: [0x0000000012a90000, 0x0000000014a00000)
 End Bits:   [0x0000000014a00000, 0x0000000016970000)

Polling page: 0x00000000005d0000

CodeCache: size=245760Kb used=7944Kb max_used=7953Kb free=237815Kb
 bounds [0x0000000002640000, 0x0000000002e10000, 0x0000000011640000]
 total_blobs=2688 nmethods=2317 adapters=283
 compilation: enabled

Compilation events (10 events):
Event: 1.525 Thread 0x0000000018e3a000 2328   !   3       org.apache.maven.model.DependencyManagement::clone (137 bytes)
Event: 1.525 Thread 0x0000000018e3a000 nmethod 2328 0x0000000002e07510 code [0x0000000002e07800, 0x0000000002e08ee8]
Event: 1.525 Thread 0x0000000018e3a000 2329       3       java.util.Hashtable::entrySet (29 bytes)
Event: 1.526 Thread 0x0000000018e3a000 nmethod 2329 0x0000000002e06610 code [0x0000000002e067e0, 0x0000000002e06fa8]
Event: 1.526 Thread 0x0000000018e3a000 2330       3       java.util.Collections$SynchronizedCollection::iterator (10 bytes)
Event: 1.526 Thread 0x0000000018e34800 nmethod 2308 0x0000000002e01e50 code [0x0000000002e01fe0, 0x0000000002e025b8]
Event: 1.526 Thread 0x0000000018e34800 2311       4       java.util.Collections$UnmodifiableMap$UnmodifiableEntrySet$1::hasNext (10 bytes)
Event: 1.526 Thread 0x0000000018e3a000 nmethod 2330 0x0000000002e061d0 code [0x0000000002e06340, 0x0000000002e06568]
Event: 1.526 Thread 0x0000000018e34800 nmethod 2311 0x0000000002de7050 code [0x0000000002de71a0, 0x0000000002de7238]
Event: 1.526 Thread 0x0000000018e34800 2286       4       java.util.HashMap$EntryIterator::next (5 bytes)

GC Heap History (8 events):
Event: 0.645 GC heap before
{Heap before GC invocations=1 (full 0):
 PSYoungGen      total 37888K, used 32768K [0x00000000d6180000, 0x00000000d8b80000, 0x0000000100000000)
  eden space 32768K, 100% used [0x00000000d6180000,0x00000000d8180000,0x00000000d8180000)
  from space 5120K, 0% used [0x00000000d8680000,0x00000000d8680000,0x00000000d8b80000)
  to   space 5120K, 0% used [0x00000000d8180000,0x00000000d8180000,0x00000000d8680000)
 ParOldGen       total 86016K, used 0K [0x0000000082400000, 0x0000000087800000, 0x00000000d6180000)
  object space 86016K, 0% used [0x0000000082400000,0x0000000082400000,0x0000000087800000)
 Metaspace       used 8958K, capacity 9108K, committed 9216K, reserved 1056768K
  class space    used 1105K, capacity 1184K, committed 1280K, reserved 1048576K
Event: 0.651 GC heap after
Heap after GC invocations=1 (full 0):
 PSYoungGen      total 37888K, used 5090K [0x00000000d6180000, 0x00000000d8b80000, 0x0000000100000000)
  eden space 32768K, 0% used [0x00000000d6180000,0x00000000d6180000,0x00000000d8180000)
  from space 5120K, 99% used [0x00000000d8180000,0x00000000d8678bf8,0x00000000d8680000)
  to   space 5120K, 0% used [0x00000000d8680000,0x00000000d8680000,0x00000000d8b80000)
 ParOldGen       total 86016K, used 419K [0x0000000082400000, 0x0000000087800000, 0x00000000d6180000)
  object space 86016K, 0% used [0x0000000082400000,0x0000000082468ef8,0x0000000087800000)
 Metaspace       used 8958K, capacity 9108K, committed 9216K, reserved 1056768K
  class space    used 1105K, capacity 1184K, committed 1280K, reserved 1048576K
}
Event: 0.902 GC heap before
{Heap before GC invocations=2 (full 0):
 PSYoungGen      total 37888K, used 37858K [0x00000000d6180000, 0x00000000d8b80000, 0x0000000100000000)
  eden space 32768K, 100% used [0x00000000d6180000,0x00000000d8180000,0x00000000d8180000)
  from space 5120K, 99% used [0x00000000d8180000,0x00000000d8678bf8,0x00000000d8680000)
  to   space 5120K, 0% used [0x00000000d8680000,0x00000000d8680000,0x00000000d8b80000)
 ParOldGen       total 86016K, used 419K [0x0000000082400000, 0x0000000087800000, 0x00000000d6180000)
  object space 86016K, 0% used [0x0000000082400000,0x0000000082468ef8,0x0000000087800000)
 Metaspace       used 12427K, capacity 12672K, committed 12928K, reserved 1060864K
  class space    used 1542K, capacity 1644K, committed 1664K, reserved 1048576K
Event: 0.908 GC heap after
Heap after GC invocations=2 (full 0):
 PSYoungGen      total 37888K, used 5096K [0x00000000d6180000, 0x00000000dab80000, 0x0000000100000000)
  eden space 32768K, 0% used [0x00000000d6180000,0x00000000d6180000,0x00000000d8180000)
  from space 5120K, 99% used [0x00000000d8680000,0x00000000d8b7a0d0,0x00000000d8b80000)
  to   space 5120K, 0% used [0x00000000d8180000,0x00000000d8180000,0x00000000d8680000)
 ParOldGen       total 86016K, used 2224K [0x0000000082400000, 0x0000000087800000, 0x00000000d6180000)
  object space 86016K, 2% used [0x0000000082400000,0x000000008262c388,0x0000000087800000)
 Metaspace       used 12427K, capacity 12672K, committed 12928K, reserved 1060864K
  class space    used 1542K, capacity 1644K, committed 1664K, reserved 1048576K
}
Event: 1.258 GC heap before
{Heap before GC invocations=3 (full 0):
 PSYoungGen      total 37888K, used 37864K [0x00000000d6180000, 0x00000000dab80000, 0x0000000100000000)
  eden space 32768K, 100% used [0x00000000d6180000,0x00000000d8180000,0x00000000d8180000)
  from space 5120K, 99% used [0x00000000d8680000,0x00000000d8b7a0d0,0x00000000d8b80000)
  to   space 5120K, 0% used [0x00000000d8180000,0x00000000d8180000,0x00000000d8680000)
 ParOldGen       total 86016K, used 2224K [0x0000000082400000, 0x0000000087800000, 0x00000000d6180000)
  object space 86016K, 2% used [0x0000000082400000,0x000000008262c388,0x0000000087800000)
 Metaspace       used 15302K, capacity 15604K, committed 15872K, reserved 1062912K
  class space    used 1887K, capacity 2010K, committed 2048K, reserved 1048576K
Event: 1.264 GC heap after
Heap after GC invocations=3 (full 0):
 PSYoungGen      total 37888K, used 5088K [0x00000000d6180000, 0x00000000dab80000, 0x0000000100000000)
  eden space 32768K, 0% used [0x00000000d6180000,0x00000000d6180000,0x00000000d8180000)
  from space 5120K, 99% used [0x00000000d8180000,0x00000000d8678020,0x00000000d8680000)
  to   space 5120K, 0% used [0x00000000da680000,0x00000000da680000,0x00000000dab80000)
 ParOldGen       total 86016K, used 5793K [0x0000000082400000, 0x0000000087800000, 0x00000000d6180000)
  object space 86016K, 6% used [0x0000000082400000,0x00000000829a8460,0x0000000087800000)
 Metaspace       used 15302K, capacity 15604K, committed 15872K, reserved 1062912K
  class space    used 1887K, capacity 2010K, committed 2048K, reserved 1048576K
}
Event: 1.452 GC heap before
{Heap before GC invocations=4 (full 0):
 PSYoungGen      total 37888K, used 37856K [0x00000000d6180000, 0x00000000dab80000, 0x0000000100000000)
  eden space 32768K, 100% used [0x00000000d6180000,0x00000000d8180000,0x00000000d8180000)
  from space 5120K, 99% used [0x00000000d8180000,0x00000000d8678020,0x00000000d8680000)
  to   space 5120K, 0% used [0x00000000da680000,0x00000000da680000,0x00000000dab80000)
 ParOldGen       total 86016K, used 5793K [0x0000000082400000, 0x0000000087800000, 0x00000000d6180000)
  object space 86016K, 6% used [0x0000000082400000,0x00000000829a8460,0x0000000087800000)
 Metaspace       used 15688K, capacity 15942K, committed 16128K, reserved 1062912K
  class space    used 1908K, capacity 2013K, committed 2048K, reserved 1048576K
Event: 1.460 GC heap after
Heap after GC invocations=4 (full 0):
 PSYoungGen      total 70656K, used 5088K [0x00000000d6180000, 0x00000000dab80000, 0x0000000100000000)
  eden space 65536K, 0% used [0x00000000d6180000,0x00000000d6180000,0x00000000da180000)
  from space 5120K, 99% used [0x00000000da680000,0x00000000dab78040,0x00000000dab80000)
  to   space 5120K, 0% used [0x00000000da180000,0x00000000da180000,0x00000000da680000)
 ParOldGen       total 86016K, used 9396K [0x0000000082400000, 0x0000000087800000, 0x00000000d6180000)
  object space 86016K, 10% used [0x0000000082400000,0x0000000082d2d240,0x0000000087800000)
 Metaspace       used 15688K, capacity 15942K, committed 16128K, reserved 1062912K
  class space    used 1908K, capacity 2013K, committed 2048K, reserved 1048576K
}

Deoptimization events (10 events):
Event: 1.213 Thread 0x00000000005ed800 Uncommon trap: reason=unstable_if action=reinterpret pc=0x00000000028e26e4 method=sun.nio.cs.UTF_8$Decoder.decodeArrayLoop(Ljava/nio/ByteBuffer;Ljava/nio/CharBuffer;)Ljava/nio/charset/CoderResult; @ 84
Event: 1.223 Thread 0x00000000005ed800 Uncommon trap: reason=null_check action=make_not_entrant pc=0x0000000002c02e1c method=org.apache.maven.model.io.xpp3.MavenXpp3ReaderEx.checkFieldWithDuplicate(Lorg/codehaus/plexus/util/xml/pull/XmlPullParser;Ljava/lang/String;Ljava/lang/String;Ljava/util/
Event: 1.231 Thread 0x00000000005ed800 Uncommon trap: reason=unstable_if action=reinterpret pc=0x00000000029c80c8 method=java.lang.String.regionMatches(ZILjava/lang/String;II)Z @ 25
Event: 1.278 Thread 0x00000000005ed800 Uncommon trap: reason=unstable_if action=reinterpret pc=0x0000000002c1379c method=org.codehaus.plexus.util.xml.pull.MXParser.nextImpl()I @ 310
Event: 1.354 Thread 0x00000000005ed800 Uncommon trap: reason=unstable_if action=reinterpret pc=0x0000000002d193e8 method=java.lang.CharacterDataLatin1.digit(II)I @ 31
Event: 1.438 Thread 0x00000000005ed800 Uncommon trap: reason=unstable_if action=reinterpret pc=0x0000000002cbca68 method=org.codehaus.plexus.util.xml.pull.MXParser.nextImpl()I @ 1161
Event: 1.471 Thread 0x00000000005ed800 Uncommon trap: reason=unstable_if action=reinterpret pc=0x00000000029fd274 method=java.util.HashMap.hash(Ljava/lang/Object;)I @ 1
Event: 1.471 Thread 0x00000000005ed800 Uncommon trap: reason=unstable_if action=reinterpret pc=0x00000000029ca2a8 method=java.util.HashMap.hash(Ljava/lang/Object;)I @ 1
Event: 1.485 Thread 0x00000000005ed800 Uncommon trap: reason=null_check action=make_not_entrant pc=0x0000000002de665c method=org.apache.maven.model.io.xpp3.MavenXpp3Reader.checkFieldWithDuplicate(Lorg/codehaus/plexus/util/xml/pull/XmlPullParser;Ljava/lang/String;Ljava/lang/String;Ljava/util/Se
Event: 1.502 Thread 0x00000000005ed800 Uncommon trap: reason=unstable_if action=reinterpret pc=0x0000000002d4a964 method=java.lang.Integer.parseInt(Ljava/lang/String;I)I @ 1

Internal exceptions (10 events):
Event: 1.097 Thread 0x00000000005ed800 Exception <a 'java/lang/NullPointerException'> (0x00000000d7174ec0) thrown at [C:\re\workspace\8-2-build-windows-amd64-cygwin\jdk8u131\8869\hotspot\src\share\vm\interpreter\linkResolver.cpp, line 1197]
Event: 1.097 Thread 0x00000000005ed800 Exception <a 'java/lang/NullPointerException'> (0x00000000d71750d8) thrown at [C:\re\workspace\8-2-build-windows-amd64-cygwin\jdk8u131\8869\hotspot\src\share\vm\interpreter\linkResolver.cpp, line 1197]
Event: 1.097 Thread 0x00000000005ed800 Exception <a 'java/lang/NullPointerException'> (0x00000000d71752f0) thrown at [C:\re\workspace\8-2-build-windows-amd64-cygwin\jdk8u131\8869\hotspot\src\share\vm\interpreter\linkResolver.cpp, line 1197]
Event: 1.116 Thread 0x00000000005ed800 Implicit null exception at 0x0000000002892214 to 0x00000000028925c9
Event: 1.116 Thread 0x00000000005ed800 Implicit null exception at 0x000000000284bc56 to 0x000000000284bffd
Event: 1.223 Thread 0x00000000005ed800 Implicit null exception at 0x0000000002c02bb7 to 0x0000000002c02e01
Event: 1.471 Thread 0x00000000005ed800 Implicit null exception at 0x00000000029fd095 to 0x00000000029fd265
Event: 1.471 Thread 0x00000000005ed800 Implicit null exception at 0x00000000029ca22f to 0x00000000029ca299
Event: 1.485 Thread 0x00000000005ed800 Implicit null exception at 0x0000000002de63f7 to 0x0000000002de6641
Event: 1.502 Thread 0x00000000005ed800 Implicit null exception at 0x0000000002d4a44f to 0x0000000002d4a951

Events (10 events):
Event: 1.504 loading class org/eclipse/aether/internal/impl/DataPool$Constraint$VersionRepo
Event: 1.504 loading class org/eclipse/aether/internal/impl/DataPool$Constraint$VersionRepo done
Event: 1.513 loading class org/eclipse/aether/internal/impl/DataPool$GoodDescriptor
Event: 1.513 loading class org/eclipse/aether/internal/impl/DataPool$GoodDescriptor done
Event: 1.513 loading class org/eclipse/aether/internal/impl/DataPool$Descriptor
Event: 1.513 loading class org/eclipse/aether/internal/impl/DataPool$Descriptor done
Event: 1.513 loading class org/eclipse/aether/internal/impl/DataPool$GraphKey
Event: 1.513 loading class org/eclipse/aether/internal/impl/DataPool$GraphKey done
Event: 1.514 loading class org/eclipse/aether/collection/DependencyManagement
Event: 1.514 loading class org/eclipse/aether/collection/DependencyManagement done


Dynamic libraries:
0x00007ff794cb0000 - 0x00007ff794ce7000 	C:\Program Files\Java\jdk1.8.0_131\bin\java.exe
0x00007ff95c9f0000 - 0x00007ff95cbdd000 	C:\WINDOWS\SYSTEM32\ntdll.dll
0x00007ff959c20000 - 0x00007ff959cd3000 	C:\WINDOWS\System32\KERNEL32.DLL
0x00007ff959380000 - 0x00007ff959613000 	C:\WINDOWS\System32\KERNELBASE.dll
0x00007ff95c910000 - 0x00007ff95c9b3000 	C:\WINDOWS\System32\ADVAPI32.dll
0x00007ff959e20000 - 0x00007ff959ebe000 	C:\WINDOWS\System32\msvcrt.dll
0x00007ff95b130000 - 0x00007ff95b1ce000 	C:\WINDOWS\System32\sechost.dll
0x00007ff95b1e0000 - 0x00007ff95b302000 	C:\WINDOWS\System32\RPCRT4.dll
0x00007ff95a120000 - 0x00007ff95a2b7000 	C:\WINDOWS\System32\USER32.dll
0x00007ff959330000 - 0x00007ff959350000 	C:\WINDOWS\System32\win32u.dll
0x00007ff95ae70000 - 0x00007ff95ae99000 	C:\WINDOWS\System32\GDI32.dll
0x00007ff959720000 - 0x00007ff9598ba000 	C:\WINDOWS\System32\gdi32full.dll
0x00007ff958ac0000 - 0x00007ff958b60000 	C:\WINDOWS\System32\msvcp_win.dll
0x00007ff959620000 - 0x00007ff95971c000 	C:\WINDOWS\System32\ucrtbase.dll
0x00007ff946580000 - 0x00007ff9467f9000 	C:\WINDOWS\WinSxS\amd64_microsoft.windows.common-controls_6595b64144ccf1df_6.0.17763.316_none_05b53be2071f46b6\COMCTL32.dll
0x00007ff95aae0000 - 0x00007ff95ae0d000 	C:\WINDOWS\System32\combase.dll
0x00007ff959ba0000 - 0x00007ff959c1e000 	C:\WINDOWS\System32\bcryptPrimitives.dll
0x00007ff95a020000 - 0x00007ff95a04e000 	C:\WINDOWS\System32\IMM32.DLL
0x0000000065d00000 - 0x0000000065dd2000 	C:\Program Files\Java\jdk1.8.0_131\jre\bin\msvcr100.dll
0x0000000065460000 - 0x0000000065cfc000 	C:\Program Files\Java\jdk1.8.0_131\jre\bin\server\jvm.dll
0x00007ff95aa70000 - 0x00007ff95aa78000 	C:\WINDOWS\System32\PSAPI.DLL
0x00007ff9550f0000 - 0x00007ff955114000 	C:\WINDOWS\SYSTEM32\WINMM.dll
0x00007ff9551e0000 - 0x00007ff9551e9000 	C:\WINDOWS\SYSTEM32\WSOCK32.dll
0x00007ff94e950000 - 0x00007ff94e95a000 	C:\WINDOWS\SYSTEM32\VERSION.dll
0x00007ff95aa00000 - 0x00007ff95aa6d000 	C:\WINDOWS\System32\WS2_32.dll
0x00007ff9550c0000 - 0x00007ff9550ed000 	C:\WINDOWS\SYSTEM32\WINMMBASE.dll
0x00007ff959b50000 - 0x00007ff959b9a000 	C:\WINDOWS\System32\cfgmgr32.dll
0x0000000065450000 - 0x000000006545f000 	C:\Program Files\Java\jdk1.8.0_131\jre\bin\verify.dll
0x0000000065420000 - 0x0000000065449000 	C:\Program Files\Java\jdk1.8.0_131\jre\bin\java.dll
0x0000000065400000 - 0x0000000065416000 	C:\Program Files\Java\jdk1.8.0_131\jre\bin\zip.dll
0x00007ff95b370000 - 0x00007ff95c85f000 	C:\WINDOWS\System32\SHELL32.dll
0x00007ff95a950000 - 0x00007ff95a9f8000 	C:\WINDOWS\System32\shcore.dll
0x00007ff958bc0000 - 0x00007ff95930a000 	C:\WINDOWS\System32\windows.storage.dll
0x00007ff958a70000 - 0x00007ff958a94000 	C:\WINDOWS\System32\profapi.dll
0x00007ff9589f0000 - 0x00007ff958a4d000 	C:\WINDOWS\System32\powrprof.dll
0x00007ff95a740000 - 0x00007ff95a792000 	C:\WINDOWS\System32\shlwapi.dll
0x00007ff958a50000 - 0x00007ff958a61000 	C:\WINDOWS\System32\kernel.appcore.dll
0x00007ff959310000 - 0x00007ff959327000 	C:\WINDOWS\System32\cryptsp.dll
0x00007ff957e40000 - 0x00007ff957e73000 	C:\WINDOWS\system32\rsaenh.dll
0x00007ff959350000 - 0x00007ff959376000 	C:\WINDOWS\System32\bcrypt.dll
0x00007ff958920000 - 0x00007ff958948000 	C:\WINDOWS\SYSTEM32\USERENV.dll
0x00007ff958450000 - 0x00007ff95845c000 	C:\WINDOWS\SYSTEM32\CRYPTBASE.dll
0x00000000653e0000 - 0x00000000653fa000 	C:\Program Files\Java\jdk1.8.0_131\jre\bin\net.dll
0x00007ff958280000 - 0x00007ff9582e7000 	C:\WINDOWS\system32\mswsock.dll
0x00007ff957fe0000 - 0x00007ff95801d000 	C:\WINDOWS\SYSTEM32\IPHLPAPI.DLL
0x00007ff959ce0000 - 0x00007ff959ce8000 	C:\WINDOWS\System32\NSI.dll
0x00007ff94e990000 - 0x00007ff94e9a6000 	C:\WINDOWS\SYSTEM32\dhcpcsvc6.DLL
0x00007ff94e9d0000 - 0x00007ff94e9ec000 	C:\WINDOWS\SYSTEM32\dhcpcsvc.DLL
0x00007ff958020000 - 0x00007ff9580e6000 	C:\WINDOWS\SYSTEM32\DNSAPI.dll
0x00000000653c0000 - 0x00000000653d1000 	C:\Program Files\Java\jdk1.8.0_131\jre\bin\nio.dll
0x00007ff951c30000 - 0x00007ff951c3a000 	Z:\jansi-1.17.1-3872676472108723179.dll
0x00007ff951c20000 - 0x00007ff951c2a000 	Z:\jansi-1.17.1-5597037362177872251.dll

VM Arguments:
jvm_args: -Dmaven.multiModuleProjectDirectory=C:\Users\Asus\Downloads\team05-master\backend 
java_command: org.apache.maven.wrapper.MavenWrapperMain test
java_class_path (initial): C:\Users\Asus\Downloads\team05-master\backend\.mvn\wrapper\maven-wrapper.jar
Launcher Type: SUN_STANDARD

Environment Variables:
JAVA_HOME=C:\Program Files\Java\jdk1.8.0_131
PATH=C:\Program Files\Java\jdk1.8.0_131\bin;C:\ProgramData\Oracle\Java\javapath;C:\Windows\system32;C:\Windows;C:\Windows\System32\Wbem;C:\Windows\System32\WindowsPowerShell\v1.0\;C:\Windows\System32\OpenSSH\;C:\Program Files (x86)\NVIDIA Corporation\PhysX\Common;C:\Program Files\nodejs\;;C:\WINDOWS\system32;C:\WINDOWS;C:\WINDOWS\System32\Wbem;C:\WINDOWS\System32\WindowsPowerShell\v1.0\;C:\WINDOWS\System32\OpenSSH\;C:\Program Files\Java\jdk1.8.0_131\bin;C:\Users\Asus\AppData\Local\Programs\Microsoft VS Code\bin
USERNAME=Asus
OS=Windows_NT
PROCESSOR_IDENTIFIER=Intel64 Family 6 Model 158 Stepping 10, GenuineIntel



---------------  S Y S T E M  ---------------

OS: Windows 10.0 , 64 bit Build 17763 (10.0.17763.292)

CPU:total 12 (initial active 12) (6 cores per cpu, 2 threads per core) family 6 model 158 stepping 10, cmov, cx8, fxsr, mmx, sse, sse2, sse3, ssse3, sse4.1, sse4.2, popcnt, avx, avx2, aes, clmul, erms, 3dnowpref, lzcnt, ht, tsc, tscinvbit, bmi1, bmi2, adx

Memory: 4k page, physical 8239356k(2762168k free), swap 8239356k(5968k free)

vm_info: Java HotSpot(TM) 64-Bit Server VM (25.131-b11) for windows-amd64 JRE (1.8.0_131-b11), built on Mar 15 2017 01:23:53 by "java_re" with MS VC++ 10.0 (VS2010)

time: Sat Mar 02 23:09:50 2019
elapsed time: 1 seconds (0d 0h 0m 1s)

