#
# There is insufficient memory for the Java Runtime Environment to continue.
# Native memory allocation (malloc) failed to allocate 997616 bytes for Chunk::new
# Possible reasons:
#   The system is out of physical RAM or swap space
#   In 32 bit mode, the process size limit was hit
# Possible solutions:
#   Reduce memory load on the system
#   Increase physical memory or swap space
#   Check if swap backing store is full
#   Use 64 bit Java on a 64 bit OS
#   Decrease Java heap size (-Xmx/-Xms)
#   Decrease number of Java threads
#   Decrease Java thread stack sizes (-Xss)
#   Set larger code cache with -XX:ReservedCodeCacheSize=
# This output file may be truncated or incomplete.
#
#  Out of Memory Error (allocation.cpp:390), pid=776, tid=0x0000000000000898
#
# JRE version: Java(TM) SE Runtime Environment (8.0_131-b11) (build 1.8.0_131-b11)
# Java VM: Java HotSpot(TM) 64-Bit Server VM (25.131-b11 mixed mode windows-amd64 compressed oops)
# Failed to write core dump. Minidumps are not enabled by default on client versions of Windows
#

---------------  T H R E A D  ---------------

Current thread (0x00000000196e5800):  JavaThread "C2 CompilerThread1" daemon [_thread_in_native, id=2200, stack(0x000000001ae30000,0x000000001af30000)]

Stack: [0x000000001ae30000,0x000000001af30000]
[error occurred during error reporting (printing stack bounds), id 0xc0000005]

Native frames: (J=compiled Java code, j=interpreted, Vv=VM code, C=native code)


Current CompileTask:
C2:   2043 2614   !   4       java.net.URLClassLoader$1::run (63 bytes)


---------------  P R O C E S S  ---------------

Java Threads: ( => current thread )
  0x0000000019892800 JavaThread "surefire-forkedjvm-ping-30s" daemon [_thread_blocked, id=10936, stack(0x000000001b430000,0x000000001b530000)]
  0x0000000019877000 JavaThread "surefire-forkedjvm-command-thread" daemon [_thread_in_native, id=7952, stack(0x000000001b330000,0x000000001b430000)]
  0x0000000019770800 JavaThread "Service Thread" daemon [_thread_blocked, id=11184, stack(0x000000001b130000,0x000000001b230000)]
  0x00000000196f2000 JavaThread "C1 CompilerThread3" daemon [_thread_in_native, id=4160, stack(0x000000001b030000,0x000000001b130000)]
  0x00000000196ec800 JavaThread "C2 CompilerThread2" daemon [_thread_in_native, id=7364, stack(0x000000001af30000,0x000000001b030000)]
=>0x00000000196e5800 JavaThread "C2 CompilerThread1" daemon [_thread_in_native, id=2200, stack(0x000000001ae30000,0x000000001af30000)]
  0x00000000196e0000 JavaThread "C2 CompilerThread0" daemon [_thread_in_native, id=11124, stack(0x000000001ad30000,0x000000001ae30000)]
  0x00000000196da800 JavaThread "Attach Listener" daemon [_thread_blocked, id=10844, stack(0x000000001ac30000,0x000000001ad30000)]
  0x0000000017ffe800 JavaThread "Signal Dispatcher" daemon [_thread_blocked, id=9100, stack(0x000000001ab30000,0x000000001ac30000)]
  0x00000000196d3000 JavaThread "Finalizer" daemon [_thread_blocked, id=1796, stack(0x000000001a930000,0x000000001aa30000)]
  0x0000000002eda000 JavaThread "Reference Handler" daemon [_thread_blocked, id=7588, stack(0x000000001a830000,0x000000001a930000)]
  0x0000000002de0800 JavaThread "main" [_thread_in_native, id=4488, stack(0x0000000002ce0000,0x0000000002de0000)]

Other Threads:
  0x00000000196b2800 VMThread [stack: 0x000000001a730000,0x000000001a830000] [id=4112]
  0x0000000019786800 WatcherThread [stack: 0x000000001b230000,0x000000001b330000] [id=648]

VM state:not at safepoint (normal execution)

VM Mutex/Monitor currently owned by a thread: None

Heap:
 PSYoungGen      total 68096K, used 61935K [0x00000000d6180000, 0x00000000ddc00000, 0x0000000100000000)
  eden space 62976K, 90% used [0x00000000d6180000,0x00000000d98fdd50,0x00000000d9f00000)
  from space 5120K, 99% used [0x00000000da680000,0x00000000dab7dfd8,0x00000000dab80000)
  to   space 7680K, 0% used [0x00000000d9f00000,0x00000000d9f00000,0x00000000da680000)
 ParOldGen       total 51712K, used 6806K [0x0000000082400000, 0x0000000085680000, 0x00000000d6180000)
  object space 51712K, 13% used [0x0000000082400000,0x0000000082aa58a8,0x0000000085680000)
 Metaspace       used 28148K, capacity 29302K, committed 29440K, reserved 1075200K
  class space    used 3622K, capacity 3838K, committed 3840K, reserved 1048576K

Card table byte_map: [0x00000000122a0000,0x0000000012690000] byte_map_base: 0x0000000011e8e000

Marking Bits: (ParMarkBitMap*) 0x0000000065c7c720
 Begin Bits: [0x0000000013330000, 0x00000000152a0000)
 End Bits:   [0x00000000152a0000, 0x0000000017210000)

Polling page: 0x00000000009f0000

CodeCache: size=245760Kb used=9730Kb max_used=9730Kb free=236029Kb
 bounds [0x0000000002ee0000, 0x0000000003870000, 0x0000000011ee0000]
 total_blobs=3196 nmethods=2789 adapters=319
 compilation: enabled

Compilation events (10 events):
Event: 2.013 Thread 0x00000000196f2000 2668       1       org.springframework.cglib.core.Local::getIndex (5 bytes)
Event: 2.013 Thread 0x00000000196f2000 nmethod 2668 0x00000000037fdf90 code [0x00000000037fe0e0, 0x00000000037fe1f0]
Event: 2.013 Thread 0x00000000196f2000 2669       1       org.springframework.cglib.core.Local::getType (5 bytes)
Event: 2.013 Thread 0x00000000196f2000 nmethod 2669 0x00000000037fdcd0 code [0x00000000037fde20, 0x00000000037fdf30]
Event: 2.013 Thread 0x00000000196f2000 2670   !   3       org.springframework.core.annotation.AnnotatedElementUtils::searchWithFindSemantics (773 bytes)
Event: 2.015 Thread 0x00000000196f2000 nmethod 2670 0x000000000380da10 code [0x000000000380dfa0, 0x0000000003811978]
Event: 2.015 Thread 0x00000000196f2000 2672       3       org.springframework.asm.MethodWriter::visitFrame (233 bytes)
Event: 2.016 Thread 0x00000000196f2000 nmethod 2672 0x0000000003813fd0 code [0x00000000038141a0, 0x0000000003814998]
Event: 2.016 Thread 0x00000000196f2000 2673       3       org.springframework.asm.MethodWriter::writeFrameTypes (413 bytes)
Event: 2.016 Thread 0x00000000196e0000 2677       4       org.springframework.asm.ByteVector::putUTF8 (142 bytes)

GC Heap History (10 events):
Event: 1.034 GC heap before
{Heap before GC invocations=3 (full 0):
 PSYoungGen      total 37888K, used 37763K [0x00000000d6180000, 0x00000000dab80000, 0x0000000100000000)
  eden space 32768K, 100% used [0x00000000d6180000,0x00000000d8180000,0x00000000d8180000)
  from space 5120K, 97% used [0x00000000d8680000,0x00000000d8b60fc8,0x00000000d8b80000)
  to   space 5120K, 0% used [0x00000000d8180000,0x00000000d8180000,0x00000000d8680000)
 ParOldGen       total 86016K, used 24K [0x0000000082400000, 0x0000000087800000, 0x00000000d6180000)
  object space 86016K, 0% used [0x0000000082400000,0x0000000082406030,0x0000000087800000)
 Metaspace       used 16202K, capacity 16754K, committed 16896K, reserved 1064960K
  class space    used 2080K, capacity 2232K, committed 2304K, reserved 1048576K
Event: 1.038 GC heap after
Heap after GC invocations=3 (full 0):
 PSYoungGen      total 37888K, used 5116K [0x00000000d6180000, 0x00000000dab80000, 0x0000000100000000)
  eden space 32768K, 0% used [0x00000000d6180000,0x00000000d6180000,0x00000000d8180000)
  from space 5120K, 99% used [0x00000000d8180000,0x00000000d867f1a8,0x00000000d8680000)
  to   space 5120K, 0% used [0x00000000da680000,0x00000000da680000,0x00000000dab80000)
 ParOldGen       total 86016K, used 954K [0x0000000082400000, 0x0000000087800000, 0x00000000d6180000)
  object space 86016K, 1% used [0x0000000082400000,0x00000000824ee840,0x0000000087800000)
 Metaspace       used 16202K, capacity 16754K, committed 16896K, reserved 1064960K
  class space    used 2080K, capacity 2232K, committed 2304K, reserved 1048576K
}
Event: 1.183 GC heap before
{Heap before GC invocations=4 (full 0):
 PSYoungGen      total 37888K, used 37884K [0x00000000d6180000, 0x00000000dab80000, 0x0000000100000000)
  eden space 32768K, 100% used [0x00000000d6180000,0x00000000d8180000,0x00000000d8180000)
  from space 5120K, 99% used [0x00000000d8180000,0x00000000d867f1a8,0x00000000d8680000)
  to   space 5120K, 0% used [0x00000000da680000,0x00000000da680000,0x00000000dab80000)
 ParOldGen       total 86016K, used 984K [0x0000000082400000, 0x0000000087800000, 0x00000000d6180000)
  object space 86016K, 1% used [0x0000000082400000,0x00000000824f6278,0x0000000087800000)
 Metaspace       used 18975K, capacity 19626K, committed 19840K, reserved 1067008K
  class space    used 2484K, capacity 2648K, committed 2688K, reserved 1048576K
Event: 1.189 GC heap after
Heap after GC invocations=4 (full 0):
 PSYoungGen      total 70656K, used 5103K [0x00000000d6180000, 0x00000000dab80000, 0x0000000100000000)
  eden space 65536K, 0% used [0x00000000d6180000,0x00000000d6180000,0x00000000da180000)
  from space 5120K, 99% used [0x00000000da680000,0x00000000dab7be90,0x00000000dab80000)
  to   space 5120K, 0% used [0x00000000da180000,0x00000000da180000,0x00000000da680000)
 ParOldGen       total 86016K, used 3054K [0x0000000082400000, 0x0000000087800000, 0x00000000d6180000)
  object space 86016K, 3% used [0x0000000082400000,0x00000000826fbb18,0x0000000087800000)
 Metaspace       used 18975K, capacity 19626K, committed 19840K, reserved 1067008K
  class space    used 2484K, capacity 2648K, committed 2688K, reserved 1048576K
}
Event: 1.245 GC heap before
{Heap before GC invocations=5 (full 0):
 PSYoungGen      total 70656K, used 18608K [0x00000000d6180000, 0x00000000dab80000, 0x0000000100000000)
  eden space 65536K, 20% used [0x00000000d6180000,0x00000000d6eb0230,0x00000000da180000)
  from space 5120K, 99% used [0x00000000da680000,0x00000000dab7be90,0x00000000dab80000)
  to   space 5120K, 0% used [0x00000000da180000,0x00000000da180000,0x00000000da680000)
 ParOldGen       total 86016K, used 3054K [0x0000000082400000, 0x0000000087800000, 0x00000000d6180000)
  object space 86016K, 3% used [0x0000000082400000,0x00000000826fbb18,0x0000000087800000)
 Metaspace       used 20600K, capacity 21202K, committed 21248K, reserved 1067008K
  class space    used 2636K, capacity 2786K, committed 2816K, reserved 1048576K
Event: 1.251 GC heap after
Heap after GC invocations=5 (full 0):
 PSYoungGen      total 70656K, used 5113K [0x00000000d6180000, 0x00000000dab80000, 0x0000000100000000)
  eden space 65536K, 0% used [0x00000000d6180000,0x00000000d6180000,0x00000000da180000)
  from space 5120K, 99% used [0x00000000da180000,0x00000000da67e7c0,0x00000000da680000)
  to   space 5120K, 0% used [0x00000000da680000,0x00000000da680000,0x00000000dab80000)
 ParOldGen       total 86016K, used 4528K [0x0000000082400000, 0x0000000087800000, 0x00000000d6180000)
  object space 86016K, 5% used [0x0000000082400000,0x000000008286c288,0x0000000087800000)
 Metaspace       used 20600K, capacity 21202K, committed 21248K, reserved 1067008K
  class space    used 2636K, capacity 2786K, committed 2816K, reserved 1048576K
}
Event: 1.251 GC heap before
{Heap before GC invocations=6 (full 1):
 PSYoungGen      total 70656K, used 5113K [0x00000000d6180000, 0x00000000dab80000, 0x0000000100000000)
  eden space 65536K, 0% used [0x00000000d6180000,0x00000000d6180000,0x00000000da180000)
  from space 5120K, 99% used [0x00000000da180000,0x00000000da67e7c0,0x00000000da680000)
  to   space 5120K, 0% used [0x00000000da680000,0x00000000da680000,0x00000000dab80000)
 ParOldGen       total 86016K, used 4528K [0x0000000082400000, 0x0000000087800000, 0x00000000d6180000)
  object space 86016K, 5% used [0x0000000082400000,0x000000008286c288,0x0000000087800000)
 Metaspace       used 20600K, capacity 21202K, committed 21248K, reserved 1067008K
  class space    used 2636K, capacity 2786K, committed 2816K, reserved 1048576K
Event: 1.271 GC heap after
Heap after GC invocations=6 (full 1):
 PSYoungGen      total 70656K, used 0K [0x00000000d6180000, 0x00000000dab80000, 0x0000000100000000)
  eden space 65536K, 0% used [0x00000000d6180000,0x00000000d6180000,0x00000000da180000)
  from space 5120K, 0% used [0x00000000da180000,0x00000000da180000,0x00000000da680000)
  to   space 5120K, 0% used [0x00000000da680000,0x00000000da680000,0x00000000dab80000)
 ParOldGen       total 51712K, used 6407K [0x0000000082400000, 0x0000000085680000, 0x00000000d6180000)
  object space 51712K, 12% used [0x0000000082400000,0x0000000082a41e40,0x0000000085680000)
 Metaspace       used 20600K, capacity 21202K, committed 21248K, reserved 1067008K
  class space    used 2636K, capacity 2786K, committed 2816K, reserved 1048576K
}
Event: 1.563 GC heap before
{Heap before GC invocations=7 (full 1):
 PSYoungGen      total 70656K, used 65536K [0x00000000d6180000, 0x00000000dab80000, 0x0000000100000000)
  eden space 65536K, 100% used [0x00000000d6180000,0x00000000da180000,0x00000000da180000)
  from space 5120K, 0% used [0x00000000da180000,0x00000000da180000,0x00000000da680000)
  to   space 5120K, 0% used [0x00000000da680000,0x00000000da680000,0x00000000dab80000)
 ParOldGen       total 51712K, used 6407K [0x0000000082400000, 0x0000000085680000, 0x00000000d6180000)
  object space 51712K, 12% used [0x0000000082400000,0x0000000082a41e40,0x0000000085680000)
 Metaspace       used 24688K, capacity 25532K, committed 25728K, reserved 1071104K
  class space    used 3166K, capacity 3345K, committed 3456K, reserved 1048576K
Event: 1.568 GC heap after
Heap after GC invocations=7 (full 1):
 PSYoungGen      total 68096K, used 5111K [0x00000000d6180000, 0x00000000ddc00000, 0x0000000100000000)
  eden space 62976K, 0% used [0x00000000d6180000,0x00000000d6180000,0x00000000d9f00000)
  from space 5120K, 99% used [0x00000000da680000,0x00000000dab7dfd8,0x00000000dab80000)
  to   space 7680K, 0% used [0x00000000d9f00000,0x00000000d9f00000,0x00000000da680000)
 ParOldGen       total 51712K, used 6806K [0x0000000082400000, 0x0000000085680000, 0x00000000d6180000)
  object space 51712K, 13% used [0x0000000082400000,0x0000000082aa58a8,0x0000000085680000)
 Metaspace       used 24688K, capacity 25532K, committed 25728K, reserved 1071104K
  class space    used 3166K, capacity 3345K, committed 3456K, reserved 1048576K
}

Deoptimization events (10 events):
Event: 1.807 Thread 0x0000000002de0800 Uncommon trap: reason=class_check action=maybe_recompile pc=0x00000000036f65f8 method=java.util.stream.ReferencePipeline$2$1.begin(J)V @ 7
Event: 1.892 Thread 0x0000000002de0800 Uncommon trap: reason=predicate action=maybe_recompile pc=0x0000000003771c4c method=java.util.AbstractCollection.toArray([Ljava/lang/Object;)[Ljava/lang/Object; @ 49
Event: 1.935 Thread 0x0000000002de0800 Uncommon trap: reason=array_check action=maybe_recompile pc=0x00000000037a17ec method=java.util.AbstractCollection.toArray([Ljava/lang/Object;)[Ljava/lang/Object; @ 119
Event: 1.935 Thread 0x0000000002de0800 Uncommon trap: reason=array_check action=maybe_recompile pc=0x00000000037a17ec method=java.util.AbstractCollection.toArray([Ljava/lang/Object;)[Ljava/lang/Object; @ 119
Event: 1.935 Thread 0x0000000002de0800 Uncommon trap: reason=array_check action=maybe_recompile pc=0x00000000037a17ec method=java.util.AbstractCollection.toArray([Ljava/lang/Object;)[Ljava/lang/Object; @ 119
Event: 1.935 Thread 0x0000000002de0800 Uncommon trap: reason=array_check action=maybe_recompile pc=0x00000000037a17ec method=java.util.AbstractCollection.toArray([Ljava/lang/Object;)[Ljava/lang/Object; @ 119
Event: 1.946 Thread 0x0000000002de0800 Uncommon trap: reason=unstable_if action=reinterpret pc=0x00000000030ea210 method=java.lang.AbstractStringBuilder.append(Ljava/lang/String;)Ljava/lang/AbstractStringBuilder; @ 1
Event: 1.946 Thread 0x0000000002de0800 Uncommon trap: reason=unstable_if action=reinterpret pc=0x00000000030d0450 method=java.lang.AbstractStringBuilder.append(Ljava/lang/String;)Ljava/lang/AbstractStringBuilder; @ 1
Event: 2.000 Thread 0x0000000002de0800 Uncommon trap: reason=unstable_if action=reinterpret pc=0x00000000034b88e0 method=org.springframework.asm.MethodVisitor.visitMethodInsn(ILjava/lang/String;Ljava/lang/String;Ljava/lang/String;Z)V @ 50
Event: 2.014 Thread 0x0000000002de0800 Uncommon trap: reason=unstable_if action=reinterpret pc=0x000000000372b184 method=java.util.LinkedList.node(I)Ljava/util/LinkedList$Node; @ 19

Internal exceptions (10 events):
Event: 1.195 Thread 0x0000000002de0800 Exception <a 'java/lang/ClassNotFoundException': org/springframework/context/annotation/ConfigurationClassPostProcessorCustomizer> (0x00000000d62ad490) thrown at [C:\re\workspace\8-2-build-windows-amd64-cygwin\jdk8u131\8869\hotspot\src\share\vm\classfile\
Event: 1.199 Thread 0x0000000002de0800 Exception <a 'java/lang/ClassNotFoundException': org/springframework/beans/factory/support/BeanDefinitionRegistryPostProcessorCustomizer> (0x00000000d645bd58) thrown at [C:\re\workspace\8-2-build-windows-amd64-cygwin\jdk8u131\8869\hotspot\src\share\vm\cla
Event: 1.200 Thread 0x0000000002de0800 Exception <a 'java/lang/ClassNotFoundException': org/springframework/core/PriorityOrderedCustomizer> (0x00000000d64744a8) thrown at [C:\re\workspace\8-2-build-windows-amd64-cygwin\jdk8u131\8869\hotspot\src\share\vm\classfile\systemDictionary.cpp, line 210
Event: 1.200 Thread 0x0000000002de0800 Exception <a 'java/lang/ClassNotFoundException': org/springframework/context/ResourceLoaderAwareCustomizer> (0x00000000d648e118) thrown at [C:\re\workspace\8-2-build-windows-amd64-cygwin\jdk8u131\8869\hotspot\src\share\vm\classfile\systemDictionary.cpp, l
Event: 1.200 Thread 0x0000000002de0800 Exception <a 'java/lang/ClassNotFoundException': org/springframework/beans/factory/BeanClassLoaderAwareCustomizer> (0x00000000d64ab4b8) thrown at [C:\re\workspace\8-2-build-windows-amd64-cygwin\jdk8u131\8869\hotspot\src\share\vm\classfile\systemDictionary
Event: 1.201 Thread 0x0000000002de0800 Exception <a 'java/lang/ClassNotFoundException': org/springframework/context/EnvironmentAwareCustomizer> (0x00000000d64c5620) thrown at [C:\re\workspace\8-2-build-windows-amd64-cygwin\jdk8u131\8869\hotspot\src\share\vm\classfile\systemDictionary.cpp, line
Event: 1.410 Thread 0x000000001c3ee800 Exception <a 'java/lang/IncompatibleClassChangeError': Found class java.lang.Object, but interface was expected> (0x00000000d7682638) thrown at [C:\re\workspace\8-2-build-windows-amd64-cygwin\jdk8u131\8869\hotspot\src\share\vm\interpreter\linkResolver.cpp
Event: 1.792 Thread 0x0000000002de0800 Exception <a 'java/lang/NoSuchMethodError': java.lang.Object.lambda$of$0([Ljava/lang/Object;)Ljava/util/Iterator;> (0x00000000d7b92b90) thrown at [C:\re\workspace\8-2-build-windows-amd64-cygwin\jdk8u131\8869\hotspot\src\share\vm\interpreter\linkResolver.c
Event: 1.946 Thread 0x0000000002de0800 Implicit null exception at 0x00000000030e9e56 to 0x00000000030ea1f9
Event: 1.946 Thread 0x0000000002de0800 Implicit null exception at 0x00000000030d0096 to 0x00000000030d0439

Events (10 events):
Event: 2.003 loading class org/springframework/cglib/core/EmitUtils$6 done
Event: 2.005 loading class org/springframework/cglib/proxy/MethodProxy
Event: 2.005 loading class org/springframework/cglib/proxy/MethodProxy done
Event: 2.006 loading class org/springframework/cglib/proxy/MethodProxy$CreateInfo
Event: 2.006 loading class org/springframework/cglib/proxy/MethodProxy$CreateInfo done
Event: 2.006 loading class org/springframework/cglib/proxy/Enhancer$EnhancerFactoryData
Event: 2.006 loading class org/springframework/cglib/proxy/Enhancer$EnhancerFactoryData done
Event: 2.014 Thread 0x0000000002de0800 Uncommon trap: trap_request=0xffffff65 fr.pc=0x000000000372b184
Event: 2.014 Thread 0x0000000002de0800 DEOPT PACKING pc=0x000000000372b184 sp=0x0000000002ddd7b0
Event: 2.014 Thread 0x0000000002de0800 DEOPT UNPACKING pc=0x0000000002f2582a sp=0x0000000002ddd730 mode 2


Dynamic libraries:
0x00007ff7e3900000 - 0x00007ff7e3937000 	C:\Program Files\Java\jdk1.8.0_131\jre\bin\java.exe
0x00007ff95c9f0000 - 0x00007ff95cbdd000 	C:\WINDOWS\SYSTEM32\ntdll.dll
0x00007ff959c20000 - 0x00007ff959cd3000 	C:\WINDOWS\System32\KERNEL32.DLL
0x00007ff959380000 - 0x00007ff959613000 	C:\WINDOWS\System32\KERNELBASE.dll
0x00007ff95c910000 - 0x00007ff95c9b3000 	C:\WINDOWS\System32\ADVAPI32.dll
0x00007ff959e20000 - 0x00007ff959ebe000 	C:\WINDOWS\System32\msvcrt.dll
0x00007ff95b130000 - 0x00007ff95b1ce000 	C:\WINDOWS\System32\sechost.dll
0x00007ff95b1e0000 - 0x00007ff95b302000 	C:\WINDOWS\System32\RPCRT4.dll
0x00007ff95a120000 - 0x00007ff95a2b7000 	C:\WINDOWS\System32\USER32.dll
0x00007ff959330000 - 0x00007ff959350000 	C:\WINDOWS\System32\win32u.dll
0x00007ff95ae70000 - 0x00007ff95ae99000 	C:\WINDOWS\System32\GDI32.dll
0x00007ff959720000 - 0x00007ff9598ba000 	C:\WINDOWS\System32\gdi32full.dll
0x00007ff958ac0000 - 0x00007ff958b60000 	C:\WINDOWS\System32\msvcp_win.dll
0x00007ff959620000 - 0x00007ff95971c000 	C:\WINDOWS\System32\ucrtbase.dll
0x00007ff946580000 - 0x00007ff9467f9000 	C:\WINDOWS\WinSxS\amd64_microsoft.windows.common-controls_6595b64144ccf1df_6.0.17763.316_none_05b53be2071f46b6\COMCTL32.dll
0x00007ff95aae0000 - 0x00007ff95ae0d000 	C:\WINDOWS\System32\combase.dll
0x00007ff959ba0000 - 0x00007ff959c1e000 	C:\WINDOWS\System32\bcryptPrimitives.dll
0x00007ff95a020000 - 0x00007ff95a04e000 	C:\WINDOWS\System32\IMM32.DLL
0x0000000065d00000 - 0x0000000065dd2000 	C:\Program Files\Java\jdk1.8.0_131\jre\bin\msvcr100.dll
0x0000000065460000 - 0x0000000065cfc000 	C:\Program Files\Java\jdk1.8.0_131\jre\bin\server\jvm.dll
0x00007ff95aa70000 - 0x00007ff95aa78000 	C:\WINDOWS\System32\PSAPI.DLL
0x00007ff9551e0000 - 0x00007ff9551e9000 	C:\WINDOWS\SYSTEM32\WSOCK32.dll
0x00007ff94e950000 - 0x00007ff94e95a000 	C:\WINDOWS\SYSTEM32\VERSION.dll
0x00007ff9550f0000 - 0x00007ff955114000 	C:\WINDOWS\SYSTEM32\WINMM.dll
0x00007ff95aa00000 - 0x00007ff95aa6d000 	C:\WINDOWS\System32\WS2_32.dll
0x00007ff9550c0000 - 0x00007ff9550ed000 	C:\WINDOWS\SYSTEM32\winmmbase.dll
0x00007ff959b50000 - 0x00007ff959b9a000 	C:\WINDOWS\System32\cfgmgr32.dll
0x0000000065450000 - 0x000000006545f000 	C:\Program Files\Java\jdk1.8.0_131\jre\bin\verify.dll
0x0000000065420000 - 0x0000000065449000 	C:\Program Files\Java\jdk1.8.0_131\jre\bin\java.dll
0x0000000065400000 - 0x0000000065416000 	C:\Program Files\Java\jdk1.8.0_131\jre\bin\zip.dll
0x00007ff95b370000 - 0x00007ff95c85f000 	C:\WINDOWS\System32\SHELL32.dll
0x00007ff95a950000 - 0x00007ff95a9f8000 	C:\WINDOWS\System32\shcore.dll
0x00007ff958bc0000 - 0x00007ff95930a000 	C:\WINDOWS\System32\windows.storage.dll
0x00007ff958a70000 - 0x00007ff958a94000 	C:\WINDOWS\System32\profapi.dll
0x00007ff9589f0000 - 0x00007ff958a4d000 	C:\WINDOWS\System32\powrprof.dll
0x00007ff95a740000 - 0x00007ff95a792000 	C:\WINDOWS\System32\shlwapi.dll
0x00007ff958a50000 - 0x00007ff958a61000 	C:\WINDOWS\System32\kernel.appcore.dll
0x00007ff959310000 - 0x00007ff959327000 	C:\WINDOWS\System32\cryptsp.dll
0x00000000653b0000 - 0x00000000653bd000 	C:\Program Files\Java\jdk1.8.0_131\jre\bin\management.dll
0x00000000653e0000 - 0x00000000653fa000 	C:\Program Files\Java\jdk1.8.0_131\jre\bin\net.dll
0x00007ff958280000 - 0x00007ff9582e7000 	C:\WINDOWS\system32\mswsock.dll
0x00000000653c0000 - 0x00000000653d1000 	C:\Program Files\Java\jdk1.8.0_131\jre\bin\nio.dll
0x00007ff932b60000 - 0x00007ff932b76000 	C:\WINDOWS\system32\napinsp.dll
0x00007ff932b40000 - 0x00007ff932b5a000 	C:\WINDOWS\system32\pnrpnsp.dll
0x00007ff958020000 - 0x00007ff9580e6000 	C:\WINDOWS\SYSTEM32\DNSAPI.dll
0x00007ff959ce0000 - 0x00007ff959ce8000 	C:\WINDOWS\System32\NSI.dll
0x00007ff957fe0000 - 0x00007ff95801d000 	C:\WINDOWS\SYSTEM32\IPHLPAPI.DLL
0x00007ff93c930000 - 0x00007ff93c93e000 	C:\WINDOWS\System32\winrnr.dll
0x00007ff955080000 - 0x00007ff95509b000 	C:\WINDOWS\system32\NLAapi.dll
0x00007ff94ed20000 - 0x00007ff94ed35000 	C:\WINDOWS\system32\wshbth.dll
0x00007ff948f50000 - 0x00007ff948f5a000 	C:\Windows\System32\rasadhlp.dll
0x00007ff949890000 - 0x00007ff949909000 	C:\WINDOWS\System32\fwpuclnt.dll
0x00007ff959350000 - 0x00007ff959376000 	C:\WINDOWS\System32\bcrypt.dll

VM Arguments:
java_command: Z:\surefire8134536058956808418\surefirebooter3567536145305768441.jar Z:\surefire8134536058956808418 2019-03-02T22-58-11_508-jvmRun1 surefire2893887382186323599tmp surefire_05504246587672405996tmp
java_class_path (initial): Z:\surefire8134536058956808418\surefirebooter3567536145305768441.jar
Launcher Type: SUN_STANDARD

Environment Variables:
JAVA_HOME=C:\Program Files\Java\jdk1.8.0_131
PATH=C:\Program Files\Java\jdk1.8.0_131\bin;C:\ProgramData\Oracle\Java\javapath;C:\Windows\system32;C:\Windows;C:\Windows\System32\Wbem;C:\Windows\System32\WindowsPowerShell\v1.0\;C:\Windows\System32\OpenSSH\;C:\Program Files (x86)\NVIDIA Corporation\PhysX\Common;C:\Program Files\nodejs\;;C:\WINDOWS\system32;C:\WINDOWS;C:\WINDOWS\System32\Wbem;C:\WINDOWS\System32\WindowsPowerShell\v1.0\;C:\WINDOWS\System32\OpenSSH\;C:\Program Files\Java\jdk1.8.0_131\bin;C:\Users\Asus\AppData\Local\Programs\Microsoft VS Code\bin
USERNAME=Asus
OS=Windows_NT
PROCESSOR_IDENTIFIER=Intel64 Family 6 Model 158 Stepping 10, GenuineIntel



---------------  S Y S T E M  ---------------

OS: Windows 10.0 , 64 bit Build 17763 (10.0.17763.292)

CPU:total 12 (initial active 12) (6 cores per cpu, 2 threads per core) family 6 model 158 stepping 10, cmov, cx8, fxsr, mmx, sse, sse2, sse3, ssse3, sse4.1, sse4.2, popcnt, avx, avx2, aes, clmul, erms, 3dnowpref, lzcnt, ht, tsc, tscinvbit, bmi1, bmi2, adx

Memory: 4k page, physical 8239356k(2846504k free), swap 8239356k(5176k free)

vm_info: Java HotSpot(TM) 64-Bit Server VM (25.131-b11) for windows-amd64 JRE (1.8.0_131-b11), built on Mar 15 2017 01:23:53 by "java_re" with MS VC++ 10.0 (VS2010)

time: Sat Mar 02 22:58:13 2019
elapsed time: 2 seconds (0d 0h 0m 2s)

