#
# There is insufficient memory for the Java Runtime Environment to continue.
# Native memory allocation (malloc) failed to allocate 1294816 bytes for Chunk::new
# Possible reasons:
#   The system is out of physical RAM or swap space
#   In 32 bit mode, the process size limit was hit
# Possible solutions:
#   Reduce memory load on the system
#   Increase physical memory or swap space
#   Check if swap backing store is full
#   Use 64 bit Java on a 64 bit OS
#   Decrease Java heap size (-Xmx/-Xms)
#   Decrease number of Java threads
#   Decrease Java thread stack sizes (-Xss)
#   Set larger code cache with -XX:ReservedCodeCacheSize=
# This output file may be truncated or incomplete.
#
#  Out of Memory Error (allocation.cpp:390), pid=10236, tid=0x00000000000024b4
#
# JRE version: Java(TM) SE Runtime Environment (8.0_131-b11) (build 1.8.0_131-b11)
# Java VM: Java HotSpot(TM) 64-Bit Server VM (25.131-b11 mixed mode windows-amd64 compressed oops)
# Failed to write core dump. Minidumps are not enabled by default on client versions of Windows
#

---------------  T H R E A D  ---------------

Current thread (0x00000000191c5800):  JavaThread "C2 CompilerThread1" daemon [_thread_in_native, id=9396, stack(0x000000001a920000,0x000000001aa20000)]

Stack: [0x000000001a920000,0x000000001aa20000]
[error occurred during error reporting (printing stack bounds), id 0xc0000005]

Native frames: (J=compiled Java code, j=interpreted, Vv=VM code, C=native code)


Current CompileTask:
C2:   1245 1581       4       java.net.URLClassLoader$1::run (5 bytes)


---------------  P R O C E S S  ---------------

Java Threads: ( => current thread )
  0x0000000019255800 JavaThread "Service Thread" daemon [_thread_blocked, id=3700, stack(0x000000001ac20000,0x000000001ad20000)]
  0x00000000191cb000 JavaThread "C1 CompilerThread3" daemon [_thread_blocked, id=6540, stack(0x000000001ab20000,0x000000001ac20000)]
  0x00000000191ca800 JavaThread "C2 CompilerThread2" daemon [_thread_in_native, id=5312, stack(0x000000001aa20000,0x000000001ab20000)]
=>0x00000000191c5800 JavaThread "C2 CompilerThread1" daemon [_thread_in_native, id=9396, stack(0x000000001a920000,0x000000001aa20000)]
  0x00000000191be800 JavaThread "C2 CompilerThread0" daemon [_thread_in_native, id=2640, stack(0x000000001a820000,0x000000001a920000)]
  0x00000000191ba800 JavaThread "Attach Listener" daemon [_thread_blocked, id=2376, stack(0x000000001a720000,0x000000001a820000)]
  0x0000000017ade800 JavaThread "Signal Dispatcher" daemon [_thread_blocked, id=1612, stack(0x000000001a620000,0x000000001a720000)]
  0x00000000191b3000 JavaThread "Finalizer" daemon [_thread_blocked, id=9980, stack(0x000000001a420000,0x000000001a520000)]
  0x00000000029b9000 JavaThread "Reference Handler" daemon [_thread_blocked, id=10960, stack(0x000000001a320000,0x000000001a420000)]
  0x00000000028bd800 JavaThread "main" [_thread_in_native, id=152, stack(0x0000000002760000,0x0000000002860000)]

Other Threads:
  0x0000000019192800 VMThread [stack: 0x000000001a220000,0x000000001a320000] [id=10856]
  0x000000001928b800 WatcherThread [stack: 0x000000001ad20000,0x000000001ae20000] [id=4428]

VM state:not at safepoint (normal execution)

VM Mutex/Monitor currently owned by a thread: None

Heap:
 PSYoungGen      total 37888K, used 19547K [0x00000000d6180000, 0x00000000dab80000, 0x0000000100000000)
  eden space 32768K, 44% used [0x00000000d6180000,0x00000000d6f9acb0,0x00000000d8180000)
  from space 5120K, 99% used [0x00000000d8180000,0x00000000d867c030,0x00000000d8680000)
  to   space 5120K, 0% used [0x00000000da680000,0x00000000da680000,0x00000000dab80000)
 ParOldGen       total 86016K, used 5631K [0x0000000082400000, 0x0000000087800000, 0x00000000d6180000)
  object space 86016K, 6% used [0x0000000082400000,0x000000008297fca8,0x0000000087800000)
 Metaspace       used 15359K, capacity 15680K, committed 15872K, reserved 1062912K
  class space    used 1888K, capacity 2012K, committed 2048K, reserved 1048576K

Card table byte_map: [0x0000000011d80000,0x0000000012170000] byte_map_base: 0x000000001196e000

Marking Bits: (ParMarkBitMap*) 0x0000000065c7c720
 Begin Bits: [0x0000000012e10000, 0x0000000014d80000)
 End Bits:   [0x0000000014d80000, 0x0000000016cf0000)

Polling page: 0x0000000000e70000

CodeCache: size=245760Kb used=6327Kb max_used=6327Kb free=239433Kb
 bounds [0x00000000029c0000, 0x0000000003000000, 0x00000000119c0000]
 total_blobs=2247 nmethods=1878 adapters=281
 compilation: enabled

Compilation events (10 events):
Event: 1.238 Thread 0x00000000191cb000 1900       2       org.eclipse.sisu.plexus.DefaultPlexusBeans$Itr::<init> (23 bytes)
Event: 1.238 Thread 0x00000000191cb000 nmethod 1900 0x0000000002ff1c10 code [0x0000000002ff1d80, 0x0000000002ff1f48]
Event: 1.240 Thread 0x00000000191cb000 1902       2       sun.nio.ch.FileKey::hashCode (42 bytes)
Event: 1.240 Thread 0x00000000191cb000 nmethod 1902 0x0000000002ff2010 code [0x0000000002ff2160, 0x0000000002ff22f0]
Event: 1.240 Thread 0x00000000191cb000 1903       1       java.util.Collections::emptyMap (4 bytes)
Event: 1.240 Thread 0x00000000191cb000 nmethod 1903 0x0000000002ff2350 code [0x0000000002ff24a0, 0x0000000002ff2590]
Event: 1.240 Thread 0x00000000191cb000 1905       2       org.eclipse.sisu.inject.MildKeys$Weak::<init> (15 bytes)
Event: 1.240 Thread 0x00000000191cb000 nmethod 1905 0x0000000002ff25d0 code [0x0000000002ff2740, 0x0000000002ff2928]
Event: 1.240 Thread 0x00000000191cb000 1906       1       org.eclipse.aether.DefaultRepositorySystemSession::getConfigProperties (5 bytes)
Event: 1.240 Thread 0x00000000191cb000 nmethod 1906 0x0000000002ff29d0 code [0x0000000002ff2b20, 0x0000000002ff2c30]

GC Heap History (6 events):
Event: 0.605 GC heap before
{Heap before GC invocations=1 (full 0):
 PSYoungGen      total 37888K, used 32768K [0x00000000d6180000, 0x00000000d8b80000, 0x0000000100000000)
  eden space 32768K, 100% used [0x00000000d6180000,0x00000000d8180000,0x00000000d8180000)
  from space 5120K, 0% used [0x00000000d8680000,0x00000000d8680000,0x00000000d8b80000)
  to   space 5120K, 0% used [0x00000000d8180000,0x00000000d8180000,0x00000000d8680000)
 ParOldGen       total 86016K, used 0K [0x0000000082400000, 0x0000000087800000, 0x00000000d6180000)
  object space 86016K, 0% used [0x0000000082400000,0x0000000082400000,0x0000000087800000)
 Metaspace       used 8948K, capacity 9108K, committed 9216K, reserved 1056768K
  class space    used 1100K, capacity 1184K, committed 1280K, reserved 1048576K
Event: 0.609 GC heap after
Heap after GC invocations=1 (full 0):
 PSYoungGen      total 37888K, used 5104K [0x00000000d6180000, 0x00000000d8b80000, 0x0000000100000000)
  eden space 32768K, 0% used [0x00000000d6180000,0x00000000d6180000,0x00000000d8180000)
  from space 5120K, 99% used [0x00000000d8180000,0x00000000d867c208,0x00000000d8680000)
  to   space 5120K, 0% used [0x00000000d8680000,0x00000000d8680000,0x00000000d8b80000)
 ParOldGen       total 86016K, used 344K [0x0000000082400000, 0x0000000087800000, 0x00000000d6180000)
  object space 86016K, 0% used [0x0000000082400000,0x0000000082456208,0x0000000087800000)
 Metaspace       used 8948K, capacity 9108K, committed 9216K, reserved 1056768K
  class space    used 1100K, capacity 1184K, committed 1280K, reserved 1048576K
}
Event: 0.834 GC heap before
{Heap before GC invocations=2 (full 0):
 PSYoungGen      total 37888K, used 37872K [0x00000000d6180000, 0x00000000d8b80000, 0x0000000100000000)
  eden space 32768K, 100% used [0x00000000d6180000,0x00000000d8180000,0x00000000d8180000)
  from space 5120K, 99% used [0x00000000d8180000,0x00000000d867c208,0x00000000d8680000)
  to   space 5120K, 0% used [0x00000000d8680000,0x00000000d8680000,0x00000000d8b80000)
 ParOldGen       total 86016K, used 344K [0x0000000082400000, 0x0000000087800000, 0x00000000d6180000)
  object space 86016K, 0% used [0x0000000082400000,0x0000000082456208,0x0000000087800000)
 Metaspace       used 12336K, capacity 12602K, committed 12672K, reserved 1060864K
  class space    used 1527K, capacity 1643K, committed 1664K, reserved 1048576K
Event: 0.839 GC heap after
Heap after GC invocations=2 (full 0):
 PSYoungGen      total 37888K, used 5108K [0x00000000d6180000, 0x00000000dab80000, 0x0000000100000000)
  eden space 32768K, 0% used [0x00000000d6180000,0x00000000d6180000,0x00000000d8180000)
  from space 5120K, 99% used [0x00000000d8680000,0x00000000d8b7d260,0x00000000d8b80000)
  to   space 5120K, 0% used [0x00000000d8180000,0x00000000d8180000,0x00000000d8680000)
 ParOldGen       total 86016K, used 2068K [0x0000000082400000, 0x0000000087800000, 0x00000000d6180000)
  object space 86016K, 2% used [0x0000000082400000,0x00000000826050c0,0x0000000087800000)
 Metaspace       used 12336K, capacity 12602K, committed 12672K, reserved 1060864K
  class space    used 1527K, capacity 1643K, committed 1664K, reserved 1048576K
}
Event: 1.181 GC heap before
{Heap before GC invocations=3 (full 0):
 PSYoungGen      total 37888K, used 37876K [0x00000000d6180000, 0x00000000dab80000, 0x0000000100000000)
  eden space 32768K, 100% used [0x00000000d6180000,0x00000000d8180000,0x00000000d8180000)
  from space 5120K, 99% used [0x00000000d8680000,0x00000000d8b7d260,0x00000000d8b80000)
  to   space 5120K, 0% used [0x00000000d8180000,0x00000000d8180000,0x00000000d8680000)
 ParOldGen       total 86016K, used 2068K [0x0000000082400000, 0x0000000087800000, 0x00000000d6180000)
  object space 86016K, 2% used [0x0000000082400000,0x00000000826050c0,0x0000000087800000)
 Metaspace       used 15299K, capacity 15604K, committed 15872K, reserved 1062912K
  class space    used 1886K, capacity 2010K, committed 2048K, reserved 1048576K
Event: 1.186 GC heap after
Heap after GC invocations=3 (full 0):
 PSYoungGen      total 37888K, used 5104K [0x00000000d6180000, 0x00000000dab80000, 0x0000000100000000)
  eden space 32768K, 0% used [0x00000000d6180000,0x00000000d6180000,0x00000000d8180000)
  from space 5120K, 99% used [0x00000000d8180000,0x00000000d867c030,0x00000000d8680000)
  to   space 5120K, 0% used [0x00000000da680000,0x00000000da680000,0x00000000dab80000)
 ParOldGen       total 86016K, used 5631K [0x0000000082400000, 0x0000000087800000, 0x00000000d6180000)
  object space 86016K, 6% used [0x0000000082400000,0x000000008297fca8,0x0000000087800000)
 Metaspace       used 15299K, capacity 15604K, committed 15872K, reserved 1062912K
  class space    used 1886K, capacity 2010K, committed 2048K, reserved 1048576K
}

Deoptimization events (10 events):
Event: 0.938 Thread 0x00000000028bd800 Uncommon trap: reason=unstable_if action=reinterpret pc=0x0000000002e44b1c method=java.lang.ref.ReferenceQueue.poll()Ljava/lang/ref/Reference; @ 4
Event: 0.991 Thread 0x00000000028bd800 Uncommon trap: reason=unstable_if action=reinterpret pc=0x0000000002cf21cc method=org.codehaus.plexus.util.xml.pull.MXParser.parseStartTag()I @ 443
Event: 1.032 Thread 0x00000000028bd800 Uncommon trap: reason=unstable_if action=reinterpret pc=0x0000000002c94e68 method=org.codehaus.plexus.util.xml.pull.MXParser.isS(C)Z @ 21
Event: 1.034 Thread 0x00000000028bd800 Uncommon trap: reason=unstable_if action=reinterpret pc=0x0000000002c153d4 method=java.lang.AbstractStringBuilder.append(Ljava/lang/String;)Ljava/lang/AbstractStringBuilder; @ 1
Event: 1.034 Thread 0x00000000028bd800 Uncommon trap: reason=unstable_if action=reinterpret pc=0x0000000002b9e630 method=java.lang.AbstractStringBuilder.append(Ljava/lang/String;)Ljava/lang/AbstractStringBuilder; @ 1
Event: 1.053 Thread 0x00000000028bd800 Uncommon trap: reason=unstable_if action=reinterpret pc=0x0000000002b84284 method=java.lang.String.replace(CC)Ljava/lang/String; @ 2
Event: 1.116 Thread 0x00000000028bd800 Uncommon trap: reason=unstable_if action=reinterpret pc=0x0000000002ef6ac0 method=org.codehaus.plexus.util.xml.pull.MXParser.nextImpl()I @ 879
Event: 1.134 Thread 0x00000000028bd800 Uncommon trap: reason=unstable_if action=reinterpret pc=0x0000000002ecb008 method=sun.nio.cs.UTF_8$Decoder.decode([BII[C)I @ 30
Event: 1.134 Thread 0x00000000028bd800 Uncommon trap: reason=unstable_if action=reinterpret pc=0x0000000002c5ce64 method=sun.nio.cs.UTF_8$Decoder.decodeArrayLoop(Ljava/nio/ByteBuffer;Ljava/nio/CharBuffer;)Ljava/nio/charset/CoderResult; @ 84
Event: 1.154 Thread 0x00000000028bd800 Uncommon trap: reason=unstable_if action=reinterpret pc=0x0000000002d4c188 method=java.lang.String.regionMatches(ZILjava/lang/String;II)Z @ 25

Internal exceptions (10 events):
Event: 0.936 Thread 0x00000000028bd800 Exception <a 'java/lang/NoClassDefFoundError'> (0x00000000d6bc1600) thrown at [C:\re\workspace\8-2-build-windows-amd64-cygwin\jdk8u131\8869\hotspot\src\share\vm\prims\jvm.cpp, line 1394]
Event: 0.936 Thread 0x00000000028bd800 Exception <a 'java/lang/NoClassDefFoundError': javax/annotation/Priority> (0x00000000d6bc6ae8) thrown at [C:\re\workspace\8-2-build-windows-amd64-cygwin\jdk8u131\8869\hotspot\src\share\vm\classfile\systemDictionary.cpp, line 199]
Event: 1.014 Thread 0x00000000028bd800 Exception <a 'java/lang/NullPointerException'> (0x00000000d72208c8) thrown at [C:\re\workspace\8-2-build-windows-amd64-cygwin\jdk8u131\8869\hotspot\src\share\vm\interpreter\linkResolver.cpp, line 1197]
Event: 1.014 Thread 0x00000000028bd800 Exception <a 'java/lang/NullPointerException'> (0x00000000d7220ae0) thrown at [C:\re\workspace\8-2-build-windows-amd64-cygwin\jdk8u131\8869\hotspot\src\share\vm\interpreter\linkResolver.cpp, line 1197]
Event: 1.014 Thread 0x00000000028bd800 Exception <a 'java/lang/NullPointerException'> (0x00000000d7220cf8) thrown at [C:\re\workspace\8-2-build-windows-amd64-cygwin\jdk8u131\8869\hotspot\src\share\vm\interpreter\linkResolver.cpp, line 1197]
Event: 1.015 Thread 0x00000000028bd800 Exception <a 'java/lang/NullPointerException'> (0x00000000d7237a98) thrown at [C:\re\workspace\8-2-build-windows-amd64-cygwin\jdk8u131\8869\hotspot\src\share\vm\interpreter\linkResolver.cpp, line 1197]
Event: 1.015 Thread 0x00000000028bd800 Exception <a 'java/lang/NullPointerException'> (0x00000000d7237cb0) thrown at [C:\re\workspace\8-2-build-windows-amd64-cygwin\jdk8u131\8869\hotspot\src\share\vm\interpreter\linkResolver.cpp, line 1197]
Event: 1.015 Thread 0x00000000028bd800 Exception <a 'java/lang/NullPointerException'> (0x00000000d7237ec8) thrown at [C:\re\workspace\8-2-build-windows-amd64-cygwin\jdk8u131\8869\hotspot\src\share\vm\interpreter\linkResolver.cpp, line 1197]
Event: 1.034 Thread 0x00000000028bd800 Implicit null exception at 0x0000000002c15016 to 0x0000000002c153b9
Event: 1.034 Thread 0x00000000028bd800 Implicit null exception at 0x0000000002b9e254 to 0x0000000002b9e619

Events (10 events):
Event: 1.231 Thread 0x00000000028bd800 DEOPT PACKING pc=0x0000000002f61b5a sp=0x000000000285c530
Event: 1.231 Thread 0x00000000028bd800 DEOPT UNPACKING pc=0x0000000002a0787f sp=0x000000000285c3b0 mode 0
Event: 1.236 Thread 0x00000000028bd800 DEOPT PACKING pc=0x0000000002f61b5a sp=0x000000000285c530
Event: 1.236 Thread 0x00000000028bd800 DEOPT UNPACKING pc=0x0000000002a0787f sp=0x000000000285c3b0 mode 0
Event: 1.237 Thread 0x00000000028bd800 DEOPT PACKING pc=0x0000000002f61b5a sp=0x000000000285c3c0
Event: 1.237 Thread 0x00000000028bd800 DEOPT UNPACKING pc=0x0000000002a0787f sp=0x000000000285c240 mode 0
Event: 1.240 Thread 0x00000000028bd800 DEOPT PACKING pc=0x0000000002f61b5a sp=0x000000000285c530
Event: 1.240 Thread 0x00000000028bd800 DEOPT UNPACKING pc=0x0000000002a0787f sp=0x000000000285c3b0 mode 0
Event: 1.241 loading class java/util/ArrayList$1
Event: 1.241 loading class java/util/ArrayList$1 done


Dynamic libraries:
0x00007ff794cb0000 - 0x00007ff794ce7000 	C:\Program Files\Java\jdk1.8.0_131\bin\java.exe
0x00007ff95c9f0000 - 0x00007ff95cbdd000 	C:\WINDOWS\SYSTEM32\ntdll.dll
0x00007ff959c20000 - 0x00007ff959cd3000 	C:\WINDOWS\System32\KERNEL32.DLL
0x00007ff959380000 - 0x00007ff959613000 	C:\WINDOWS\System32\KERNELBASE.dll
0x00007ff95c910000 - 0x00007ff95c9b3000 	C:\WINDOWS\System32\ADVAPI32.dll
0x00007ff959e20000 - 0x00007ff959ebe000 	C:\WINDOWS\System32\msvcrt.dll
0x00007ff95b130000 - 0x00007ff95b1ce000 	C:\WINDOWS\System32\sechost.dll
0x00007ff95b1e0000 - 0x00007ff95b302000 	C:\WINDOWS\System32\RPCRT4.dll
0x00007ff95a120000 - 0x00007ff95a2b7000 	C:\WINDOWS\System32\USER32.dll
0x00007ff959330000 - 0x00007ff959350000 	C:\WINDOWS\System32\win32u.dll
0x00007ff95ae70000 - 0x00007ff95ae99000 	C:\WINDOWS\System32\GDI32.dll
0x00007ff959720000 - 0x00007ff9598ba000 	C:\WINDOWS\System32\gdi32full.dll
0x00007ff958ac0000 - 0x00007ff958b60000 	C:\WINDOWS\System32\msvcp_win.dll
0x00007ff959620000 - 0x00007ff95971c000 	C:\WINDOWS\System32\ucrtbase.dll
0x00007ff946580000 - 0x00007ff9467f9000 	C:\WINDOWS\WinSxS\amd64_microsoft.windows.common-controls_6595b64144ccf1df_6.0.17763.316_none_05b53be2071f46b6\COMCTL32.dll
0x00007ff95aae0000 - 0x00007ff95ae0d000 	C:\WINDOWS\System32\combase.dll
0x00007ff959ba0000 - 0x00007ff959c1e000 	C:\WINDOWS\System32\bcryptPrimitives.dll
0x00007ff95a020000 - 0x00007ff95a04e000 	C:\WINDOWS\System32\IMM32.DLL
0x0000000065d00000 - 0x0000000065dd2000 	C:\Program Files\Java\jdk1.8.0_131\jre\bin\msvcr100.dll
0x0000000065460000 - 0x0000000065cfc000 	C:\Program Files\Java\jdk1.8.0_131\jre\bin\server\jvm.dll
0x00007ff95aa70000 - 0x00007ff95aa78000 	C:\WINDOWS\System32\PSAPI.DLL
0x00007ff9551e0000 - 0x00007ff9551e9000 	C:\WINDOWS\SYSTEM32\WSOCK32.dll
0x00007ff9550f0000 - 0x00007ff955114000 	C:\WINDOWS\SYSTEM32\WINMM.dll
0x00007ff94e950000 - 0x00007ff94e95a000 	C:\WINDOWS\SYSTEM32\VERSION.dll
0x00007ff95aa00000 - 0x00007ff95aa6d000 	C:\WINDOWS\System32\WS2_32.dll
0x00007ff9550c0000 - 0x00007ff9550ed000 	C:\WINDOWS\SYSTEM32\winmmbase.dll
0x00007ff959b50000 - 0x00007ff959b9a000 	C:\WINDOWS\System32\cfgmgr32.dll
0x0000000065450000 - 0x000000006545f000 	C:\Program Files\Java\jdk1.8.0_131\jre\bin\verify.dll
0x0000000065420000 - 0x0000000065449000 	C:\Program Files\Java\jdk1.8.0_131\jre\bin\java.dll
0x0000000065400000 - 0x0000000065416000 	C:\Program Files\Java\jdk1.8.0_131\jre\bin\zip.dll
0x00007ff95b370000 - 0x00007ff95c85f000 	C:\WINDOWS\System32\SHELL32.dll
0x00007ff95a950000 - 0x00007ff95a9f8000 	C:\WINDOWS\System32\shcore.dll
0x00007ff958bc0000 - 0x00007ff95930a000 	C:\WINDOWS\System32\windows.storage.dll
0x00007ff958a70000 - 0x00007ff958a94000 	C:\WINDOWS\System32\profapi.dll
0x00007ff9589f0000 - 0x00007ff958a4d000 	C:\WINDOWS\System32\powrprof.dll
0x00007ff95a740000 - 0x00007ff95a792000 	C:\WINDOWS\System32\shlwapi.dll
0x00007ff958a50000 - 0x00007ff958a61000 	C:\WINDOWS\System32\kernel.appcore.dll
0x00007ff959310000 - 0x00007ff959327000 	C:\WINDOWS\System32\cryptsp.dll
0x00007ff957e40000 - 0x00007ff957e73000 	C:\WINDOWS\system32\rsaenh.dll
0x00007ff959350000 - 0x00007ff959376000 	C:\WINDOWS\System32\bcrypt.dll
0x00007ff958920000 - 0x00007ff958948000 	C:\WINDOWS\SYSTEM32\USERENV.dll
0x00007ff958450000 - 0x00007ff95845c000 	C:\WINDOWS\SYSTEM32\CRYPTBASE.dll
0x00000000653e0000 - 0x00000000653fa000 	C:\Program Files\Java\jdk1.8.0_131\jre\bin\net.dll
0x00007ff958280000 - 0x00007ff9582e7000 	C:\WINDOWS\system32\mswsock.dll
0x00007ff957fe0000 - 0x00007ff95801d000 	C:\WINDOWS\SYSTEM32\IPHLPAPI.DLL
0x00007ff959ce0000 - 0x00007ff959ce8000 	C:\WINDOWS\System32\NSI.dll
0x00007ff94e990000 - 0x00007ff94e9a6000 	C:\WINDOWS\SYSTEM32\dhcpcsvc6.DLL
0x00007ff94e9d0000 - 0x00007ff94e9ec000 	C:\WINDOWS\SYSTEM32\dhcpcsvc.DLL
0x00007ff958020000 - 0x00007ff9580e6000 	C:\WINDOWS\SYSTEM32\DNSAPI.dll
0x00000000653c0000 - 0x00000000653d1000 	C:\Program Files\Java\jdk1.8.0_131\jre\bin\nio.dll
0x00007ff941ed0000 - 0x00007ff941eda000 	Z:\jansi-1.17.1-2211672976967567605.dll
0x00007ff941ec0000 - 0x00007ff941eca000 	Z:\jansi-1.17.1-1830626622418982750.dll

VM Arguments:
jvm_args: -Dmaven.multiModuleProjectDirectory=C:\Users\Asus\Downloads\team05-master\backend 
java_command: org.apache.maven.wrapper.MavenWrapperMain test
java_class_path (initial): C:\Users\Asus\Downloads\team05-master\backend\.mvn\wrapper\maven-wrapper.jar
Launcher Type: SUN_STANDARD

Environment Variables:
JAVA_HOME=C:\Program Files\Java\jdk1.8.0_131
PATH=C:\Program Files\Java\jdk1.8.0_131\bin;C:\ProgramData\Oracle\Java\javapath;C:\Windows\system32;C:\Windows;C:\Windows\System32\Wbem;C:\Windows\System32\WindowsPowerShell\v1.0\;C:\Windows\System32\OpenSSH\;C:\Program Files (x86)\NVIDIA Corporation\PhysX\Common;C:\Program Files\nodejs\;;C:\WINDOWS\system32;C:\WINDOWS;C:\WINDOWS\System32\Wbem;C:\WINDOWS\System32\WindowsPowerShell\v1.0\;C:\WINDOWS\System32\OpenSSH\;C:\Program Files\Java\jdk1.8.0_131\bin;C:\Users\Asus\AppData\Local\Programs\Microsoft VS Code\bin
USERNAME=Asus
OS=Windows_NT
PROCESSOR_IDENTIFIER=Intel64 Family 6 Model 158 Stepping 10, GenuineIntel



---------------  S Y S T E M  ---------------

OS: Windows 10.0 , 64 bit Build 17763 (10.0.17763.292)

CPU:total 12 (initial active 12) (6 cores per cpu, 2 threads per core) family 6 model 158 stepping 10, cmov, cx8, fxsr, mmx, sse, sse2, sse3, ssse3, sse4.1, sse4.2, popcnt, avx, avx2, aes, clmul, erms, 3dnowpref, lzcnt, ht, tsc, tscinvbit, bmi1, bmi2, adx

Memory: 4k page, physical 8239356k(2729008k free), swap 8239356k(5148k free)

vm_info: Java HotSpot(TM) 64-Bit Server VM (25.131-b11) for windows-amd64 JRE (1.8.0_131-b11), built on Mar 15 2017 01:23:53 by "java_re" with MS VC++ 10.0 (VS2010)

time: Sat Mar 02 23:40:43 2019
elapsed time: 1 seconds (0d 0h 0m 1s)

