#
# There is insufficient memory for the Java Runtime Environment to continue.
# Native memory allocation (malloc) failed to allocate 1045296 bytes for Chunk::new
# Possible reasons:
#   The system is out of physical RAM or swap space
#   In 32 bit mode, the process size limit was hit
# Possible solutions:
#   Reduce memory load on the system
#   Increase physical memory or swap space
#   Check if swap backing store is full
#   Use 64 bit Java on a 64 bit OS
#   Decrease Java heap size (-Xmx/-Xms)
#   Decrease number of Java threads
#   Decrease Java thread stack sizes (-Xss)
#   Set larger code cache with -XX:ReservedCodeCacheSize=
# This output file may be truncated or incomplete.
#
#  Out of Memory Error (allocation.cpp:390), pid=14064, tid=0x00000000000030fc
#
# JRE version: Java(TM) SE Runtime Environment (8.0_131-b11) (build 1.8.0_131-b11)
# Java VM: Java HotSpot(TM) 64-Bit Server VM (25.131-b11 mixed mode windows-amd64 compressed oops)
# Failed to write core dump. Minidumps are not enabled by default on client versions of Windows
#

---------------  T H R E A D  ---------------

Current thread (0x0000000019522000):  JavaThread "C2 CompilerThread2" daemon [_thread_in_native, id=12540, stack(0x000000001ad70000,0x000000001ae70000)]

Stack: [0x000000001ad70000,0x000000001ae70000]
[error occurred during error reporting (printing stack bounds), id 0xc0000005]

Native frames: (J=compiled Java code, j=interpreted, Vv=VM code, C=native code)


Current CompileTask:
C2:  11207 6599   !   4       java.net.URL::<init> (543 bytes)


---------------  P R O C E S S  ---------------

Java Threads: ( => current thread )
  0x0000000022081000 JavaThread "localhost-startStop-1" daemon [_thread_in_Java, id=10656, stack(0x0000000024580000,0x0000000024680000)]
  0x000000001c9f3800 JavaThread "Tomcat-startStop-1" daemon [_thread_blocked, id=1008, stack(0x0000000021b90000,0x0000000021c90000)]
  0x000000001c8f6800 JavaThread "main" [_thread_blocked, id=12968, stack(0x000000001f420000,0x000000001f520000)]
  0x00000000195aa000 JavaThread "Service Thread" daemon [_thread_blocked, id=8632, stack(0x000000001af70000,0x000000001b070000)]
  0x0000000019523000 JavaThread "C1 CompilerThread3" daemon [_thread_blocked, id=4084, stack(0x000000001ae70000,0x000000001af70000)]
=>0x0000000019522000 JavaThread "C2 CompilerThread2" daemon [_thread_in_native, id=12540, stack(0x000000001ad70000,0x000000001ae70000)]
  0x0000000019514800 JavaThread "C2 CompilerThread1" daemon [_thread_in_native, id=14072, stack(0x000000001ac70000,0x000000001ad70000)]
  0x000000001950f800 JavaThread "C2 CompilerThread0" daemon [_thread_in_native, id=11872, stack(0x000000001ab70000,0x000000001ac70000)]
  0x0000000019509000 JavaThread "Attach Listener" daemon [_thread_blocked, id=7832, stack(0x000000001aa70000,0x000000001ab70000)]
  0x0000000019508000 JavaThread "Signal Dispatcher" daemon [_thread_blocked, id=12328, stack(0x000000001a970000,0x000000001aa70000)]
  0x0000000019503000 JavaThread "Finalizer" daemon [_thread_blocked, id=7732, stack(0x000000001a770000,0x000000001a870000)]
  0x0000000002d09000 JavaThread "Reference Handler" daemon [_thread_blocked, id=2544, stack(0x000000001a670000,0x000000001a770000)]
  0x00000000009fd800 JavaThread "main" [_thread_blocked, id=10180, stack(0x0000000002b10000,0x0000000002c10000)]

Other Threads:
  0x00000000194e2800 VMThread [stack: 0x000000001a570000,0x000000001a670000] [id=108]
  0x0000000019571000 WatcherThread [stack: 0x000000001b070000,0x000000001b170000] [id=8400]

VM state:not at safepoint (normal execution)

VM Mutex/Monitor currently owned by a thread: None

Heap:
 PSYoungGen      total 251392K, used 134843K [0x00000000d6180000, 0x00000000e6f80000, 0x0000000100000000)
  eden space 235008K, 50% used [0x00000000d6180000,0x00000000dd57c868,0x00000000e4700000)
  from space 16384K, 98% used [0x00000000e5c80000,0x00000000e6c32700,0x00000000e6c80000)
  to   space 3072K, 0% used [0x00000000e6c80000,0x00000000e6c80000,0x00000000e6f80000)
 ParOldGen       total 124928K, used 36720K [0x0000000082400000, 0x0000000089e00000, 0x00000000d6180000)
  object space 124928K, 29% used [0x0000000082400000,0x00000000847dc380,0x0000000089e00000)
 Metaspace       used 48101K, capacity 50158K, committed 50432K, reserved 1093632K
  class space    used 6104K, capacity 6552K, committed 6656K, reserved 1048576K

Card table byte_map: [0x00000000120d0000,0x00000000124c0000] byte_map_base: 0x0000000011cbe000

Marking Bits: (ParMarkBitMap*) 0x00000000691fc720
 Begin Bits: [0x0000000013160000, 0x00000000150d0000)
 End Bits:   [0x00000000150d0000, 0x0000000017040000)

Polling page: 0x00000000009e0000

CodeCache: size=245760Kb used=20439Kb max_used=21313Kb free=225320Kb
 bounds [0x0000000002d10000, 0x00000000041f0000, 0x0000000011d10000]
 total_blobs=6160 nmethods=5711 adapters=361
 compilation: enabled

Compilation events (10 events):
Event: 11.195 Thread 0x0000000019523000 nmethod 6668 0x00000000034528d0 code [0x0000000003452a20, 0x0000000003452b30]
Event: 11.199 Thread 0x0000000019523000 6672       3       org.springframework.core.ResolvableType::resolveMethodParameter (45 bytes)
Event: 11.200 Thread 0x0000000019523000 nmethod 6672 0x0000000003522b10 code [0x0000000003522d40, 0x0000000003523928]
Event: 11.200 Thread 0x0000000019523000 6673       3       org.springframework.util.ConcurrentReferenceHashMap::<init> (152 bytes)
Event: 11.201 Thread 0x0000000019523000 nmethod 6673 0x0000000003bfe5d0 code [0x0000000003bfe840, 0x0000000003bff718]
Event: 11.201 Thread 0x0000000019523000 6676       3       org.springframework.cglib.core.EmitUtils::member_helper_type (337 bytes)
Event: 11.203 Thread 0x0000000019523000 nmethod 6676 0x0000000002f74f50 code [0x0000000002f75420, 0x0000000002f78308]
Event: 11.203 Thread 0x0000000019523000 6675       3       org.springframework.cglib.core.EmitUtils$14::<init> (38 bytes)
Event: 11.203 Thread 0x0000000019523000 nmethod 6675 0x0000000002f1a690 code [0x0000000002f1a7e0, 0x0000000002f1aa10]
Event: 11.203 Thread 0x0000000019523000 6678       3       java.lang.invoke.CallSite::maybeReBoxElements (24 bytes)

GC Heap History (10 events):
Event: 6.595 GC heap before
{Heap before GC invocations=7 (full 0):
 PSYoungGen      total 143360K, used 89288K [0x00000000d6180000, 0x00000000dfb80000, 0x0000000100000000)
  eden space 130560K, 60% used [0x00000000d6180000,0x00000000daeaad10,0x00000000de100000)
  from space 12800K, 80% used [0x00000000dee00000,0x00000000df8075f8,0x00000000dfa80000)
  to   space 13312K, 0% used [0x00000000de100000,0x00000000de100000,0x00000000dee00000)
 ParOldGen       total 86016K, used 16174K [0x0000000082400000, 0x0000000087800000, 0x00000000d6180000)
  object space 86016K, 18% used [0x0000000082400000,0x00000000833cb8e8,0x0000000087800000)
 Metaspace       used 20470K, capacity 21112K, committed 21296K, reserved 1069056K
  class space    used 2395K, capacity 2626K, committed 2688K, reserved 1048576K
Event: 6.628 GC heap after
Heap after GC invocations=7 (full 0):
 PSYoungGen      total 143872K, used 13124K [0x00000000d6180000, 0x00000000e7d80000, 0x0000000100000000)
  eden space 130560K, 0% used [0x00000000d6180000,0x00000000d6180000,0x00000000de100000)
  from space 13312K, 98% used [0x00000000de100000,0x00000000dedd1060,0x00000000dee00000)
  to   space 14848K, 0% used [0x00000000e6f00000,0x00000000e6f00000,0x00000000e7d80000)
 ParOldGen       total 86016K, used 18128K [0x0000000082400000, 0x0000000087800000, 0x00000000d6180000)
  object space 86016K, 21% used [0x0000000082400000,0x00000000835b41a8,0x0000000087800000)
 Metaspace       used 20470K, capacity 21112K, committed 21296K, reserved 1069056K
  class space    used 2395K, capacity 2626K, committed 2688K, reserved 1048576K
}
Event: 6.628 GC heap before
{Heap before GC invocations=8 (full 1):
 PSYoungGen      total 143872K, used 13124K [0x00000000d6180000, 0x00000000e7d80000, 0x0000000100000000)
  eden space 130560K, 0% used [0x00000000d6180000,0x00000000d6180000,0x00000000de100000)
  from space 13312K, 98% used [0x00000000de100000,0x00000000dedd1060,0x00000000dee00000)
  to   space 14848K, 0% used [0x00000000e6f00000,0x00000000e6f00000,0x00000000e7d80000)
 ParOldGen       total 86016K, used 18128K [0x0000000082400000, 0x0000000087800000, 0x00000000d6180000)
  object space 86016K, 21% used [0x0000000082400000,0x00000000835b41a8,0x0000000087800000)
 Metaspace       used 20470K, capacity 21112K, committed 21296K, reserved 1069056K
  class space    used 2395K, capacity 2626K, committed 2688K, reserved 1048576K
Event: 6.748 GC heap after
Heap after GC invocations=8 (full 1):
 PSYoungGen      total 143872K, used 0K [0x00000000d6180000, 0x00000000e7d80000, 0x0000000100000000)
  eden space 130560K, 0% used [0x00000000d6180000,0x00000000d6180000,0x00000000de100000)
  from space 13312K, 0% used [0x00000000de100000,0x00000000de100000,0x00000000dee00000)
  to   space 14848K, 0% used [0x00000000e6f00000,0x00000000e6f00000,0x00000000e7d80000)
 ParOldGen       total 80384K, used 24582K [0x0000000082400000, 0x0000000087280000, 0x00000000d6180000)
  object space 80384K, 30% used [0x0000000082400000,0x0000000083c01898,0x0000000087280000)
 Metaspace       used 20470K, capacity 21112K, committed 21296K, reserved 1069056K
  class space    used 2395K, capacity 2626K, committed 2688K, reserved 1048576K
}
Event: 8.159 GC heap before
{Heap before GC invocations=9 (full 1):
 PSYoungGen      total 143872K, used 121444K [0x00000000d6180000, 0x00000000e7d80000, 0x0000000100000000)
  eden space 130560K, 93% used [0x00000000d6180000,0x00000000dd819350,0x00000000de100000)
  from space 13312K, 0% used [0x00000000de100000,0x00000000de100000,0x00000000dee00000)
  to   space 14848K, 0% used [0x00000000e6f00000,0x00000000e6f00000,0x00000000e7d80000)
 ParOldGen       total 80384K, used 24582K [0x0000000082400000, 0x0000000087280000, 0x00000000d6180000)
  object space 80384K, 30% used [0x0000000082400000,0x0000000083c01898,0x0000000087280000)
 Metaspace       used 34220K, capacity 35334K, committed 35456K, reserved 1079296K
  class space    used 4290K, capacity 4622K, committed 4736K, reserved 1048576K
Event: 8.184 GC heap after
Heap after GC invocations=9 (full 1):
 PSYoungGen      total 212480K, used 14823K [0x00000000d6180000, 0x00000000e7d80000, 0x0000000100000000)
  eden space 197632K, 0% used [0x00000000d6180000,0x00000000d6180000,0x00000000e2280000)
  from space 14848K, 99% used [0x00000000e6f00000,0x00000000e7d79d40,0x00000000e7d80000)
  to   space 16896K, 0% used [0x00000000e5c80000,0x00000000e5c80000,0x00000000e6d00000)
 ParOldGen       total 80384K, used 24936K [0x0000000082400000, 0x0000000087280000, 0x00000000d6180000)
  object space 80384K, 31% used [0x0000000082400000,0x0000000083c5a358,0x0000000087280000)
 Metaspace       used 34220K, capacity 35334K, committed 35456K, reserved 1079296K
  class space    used 4290K, capacity 4622K, committed 4736K, reserved 1048576K
}
Event: 8.184 GC heap before
{Heap before GC invocations=10 (full 2):
 PSYoungGen      total 212480K, used 14823K [0x00000000d6180000, 0x00000000e7d80000, 0x0000000100000000)
  eden space 197632K, 0% used [0x00000000d6180000,0x00000000d6180000,0x00000000e2280000)
  from space 14848K, 99% used [0x00000000e6f00000,0x00000000e7d79d40,0x00000000e7d80000)
  to   space 16896K, 0% used [0x00000000e5c80000,0x00000000e5c80000,0x00000000e6d00000)
 ParOldGen       total 80384K, used 24936K [0x0000000082400000, 0x0000000087280000, 0x00000000d6180000)
  object space 80384K, 31% used [0x0000000082400000,0x0000000083c5a358,0x0000000087280000)
 Metaspace       used 34220K, capacity 35334K, committed 35456K, reserved 1079296K
  class space    used 4290K, capacity 4622K, committed 4736K, reserved 1048576K
Event: 8.270 GC heap after
Heap after GC invocations=10 (full 2):
 PSYoungGen      total 212480K, used 0K [0x00000000d6180000, 0x00000000e7d80000, 0x0000000100000000)
  eden space 197632K, 0% used [0x00000000d6180000,0x00000000d6180000,0x00000000e2280000)
  from space 14848K, 0% used [0x00000000e6f00000,0x00000000e6f00000,0x00000000e7d80000)
  to   space 16896K, 0% used [0x00000000e5c80000,0x00000000e5c80000,0x00000000e6d00000)
 ParOldGen       total 124928K, used 36648K [0x0000000082400000, 0x0000000089e00000, 0x00000000d6180000)
  object space 124928K, 29% used [0x0000000082400000,0x00000000847ca370,0x0000000089e00000)
 Metaspace       used 34220K, capacity 35334K, committed 35456K, reserved 1079296K
  class space    used 4290K, capacity 4622K, committed 4736K, reserved 1048576K
}
Event: 10.030 GC heap before
{Heap before GC invocations=11 (full 2):
 PSYoungGen      total 212480K, used 197632K [0x00000000d6180000, 0x00000000e7d80000, 0x0000000100000000)
  eden space 197632K, 100% used [0x00000000d6180000,0x00000000e2280000,0x00000000e2280000)
  from space 14848K, 0% used [0x00000000e6f00000,0x00000000e6f00000,0x00000000e7d80000)
  to   space 16896K, 0% used [0x00000000e5c80000,0x00000000e5c80000,0x00000000e6d00000)
 ParOldGen       total 124928K, used 36648K [0x0000000082400000, 0x0000000089e00000, 0x00000000d6180000)
  object space 124928K, 29% used [0x0000000082400000,0x00000000847ca370,0x0000000089e00000)
 Metaspace       used 42217K, capacity 43830K, committed 43904K, reserved 1087488K
  class space    used 5360K, capacity 5744K, committed 5760K, reserved 1048576K
Event: 10.055 GC heap after
Heap after GC invocations=11 (full 2):
 PSYoungGen      total 251392K, used 16073K [0x00000000d6180000, 0x00000000e6f80000, 0x0000000100000000)
  eden space 235008K, 0% used [0x00000000d6180000,0x00000000d6180000,0x00000000e4700000)
  from space 16384K, 98% used [0x00000000e5c80000,0x00000000e6c32700,0x00000000e6c80000)
  to   space 3072K, 0% used [0x00000000e6c80000,0x00000000e6c80000,0x00000000e6f80000)
 ParOldGen       total 124928K, used 36720K [0x0000000082400000, 0x0000000089e00000, 0x00000000d6180000)
  object space 124928K, 29% used [0x0000000082400000,0x00000000847dc380,0x0000000089e00000)
 Metaspace       used 42217K, capacity 43830K, committed 43904K, reserved 1087488K
  class space    used 5360K, capacity 5744K, committed 5760K, reserved 1048576K
}

Deoptimization events (10 events):
Event: 10.920 Thread 0x000000001c8f6800 Uncommon trap: reason=bimorphic action=maybe_recompile pc=0x00000000040a4a04 method=java.util.concurrent.locks.AbstractQueuedSynchronizer.release(I)Z @ 2
Event: 10.999 Thread 0x0000000022081000 Uncommon trap: reason=unstable_if action=reinterpret pc=0x000000000338d5a8 method=java.io.WinNTFileSystem.resolve(Ljava/lang/String;Ljava/lang/String;)Ljava/lang/String; @ 49
Event: 11.001 Thread 0x0000000022081000 Uncommon trap: reason=null_check action=make_not_entrant pc=0x0000000002f8c4d4 method=java.net.URL.getURLStreamHandler(Ljava/lang/String;)Ljava/net/URLStreamHandler; @ 7
Event: 11.003 Thread 0x0000000022081000 Uncommon trap: reason=class_check action=maybe_recompile pc=0x0000000002f5fb30 method=java.util.zip.InflaterInputStream.read([BII)I @ 100
Event: 11.003 Thread 0x0000000022081000 Uncommon trap: reason=class_check action=maybe_recompile pc=0x0000000002f5fb30 method=java.util.zip.InflaterInputStream.read([BII)I @ 100
Event: 11.004 Thread 0x0000000022081000 Uncommon trap: reason=class_check action=maybe_recompile pc=0x0000000002f5fb30 method=java.util.zip.InflaterInputStream.read([BII)I @ 100
Event: 11.004 Thread 0x0000000022081000 Uncommon trap: reason=class_check action=maybe_recompile pc=0x0000000002f5fb30 method=java.util.zip.InflaterInputStream.read([BII)I @ 100
Event: 11.137 Thread 0x0000000022081000 Uncommon trap: reason=class_check action=maybe_recompile pc=0x0000000003d4ca2c method=sun.reflect.generics.reflectiveObjects.TypeVariableImpl.hashCode()I @ 4
Event: 11.138 Thread 0x0000000022081000 Uncommon trap: reason=class_check action=maybe_recompile pc=0x0000000003d4ca2c method=sun.reflect.generics.reflectiveObjects.TypeVariableImpl.hashCode()I @ 4
Event: 11.159 Thread 0x0000000022081000 Uncommon trap: reason=unstable_if action=reinterpret pc=0x00000000034825ec method=java.lang.Class.cast(Ljava/lang/Object;)Ljava/lang/Object; @ 9

Internal exceptions (10 events):
Event: 11.183 Thread 0x0000000022081000 Exception <a 'java/lang/ClassNotFoundException': java/lang/ObjectCustomizer> (0x00000000dd253498) thrown at [C:\re\workspace\8-2-build-windows-amd64-cygwin\jdk8u131\8869\hotspot\src\share\vm\classfile\systemDictionary.cpp, line 210]
Event: 11.184 Thread 0x0000000022081000 Exception <a 'java/lang/ClassNotFoundException': io/micrometer/core/instrument/binder/tomcat/TomcatMetricsCustomizer> (0x00000000dd2701d0) thrown at [C:\re\workspace\8-2-build-windows-amd64-cygwin\jdk8u131\8869\hotspot\src\share\vm\classfile\systemDiction
Event: 11.185 Thread 0x0000000022081000 Exception <a 'java/lang/ClassNotFoundException': io/micrometer/core/instrument/binder/MeterBinderCustomizer> (0x00000000dd28c6e0) thrown at [C:\re\workspace\8-2-build-windows-amd64-cygwin\jdk8u131\8869\hotspot\src\share\vm\classfile\systemDictionary.cpp, 
Event: 11.191 Thread 0x0000000022081000 Exception <a 'java/lang/ClassNotFoundException': java/lang/ObjectCustomizer> (0x00000000dd2e8d18) thrown at [C:\re\workspace\8-2-build-windows-amd64-cygwin\jdk8u131\8869\hotspot\src\share\vm\classfile\systemDictionary.cpp, line 210]
Event: 11.192 Thread 0x0000000022081000 Exception <a 'java/lang/ClassNotFoundException': org/springframework/boot/actuate/autoconfigure/metrics/PropertiesMeterFilterCustomizer> (0x00000000dd309d80) thrown at [C:\re\workspace\8-2-build-windows-amd64-cygwin\jdk8u131\8869\hotspot\src\share\vm\clas
Event: 11.193 Thread 0x0000000022081000 Exception <a 'java/lang/ClassNotFoundException': io/micrometer/core/instrument/config/MeterFilterCustomizer> (0x00000000dd3242c0) thrown at [C:\re\workspace\8-2-build-windows-amd64-cygwin\jdk8u131\8869\hotspot\src\share\vm\classfile\systemDictionary.cpp, 
Event: 11.198 Thread 0x0000000022081000 Exception <a 'java/lang/ClassNotFoundException': java/lang/ObjectCustomizer> (0x00000000dd37d320) thrown at [C:\re\workspace\8-2-build-windows-amd64-cygwin\jdk8u131\8869\hotspot\src\share\vm\classfile\systemDictionary.cpp, line 210]
Event: 11.198 Thread 0x0000000022081000 Exception <a 'java/lang/ClassNotFoundException': org/springframework/boot/actuate/autoconfigure/metrics/web/client/RestTemplateMetricsAutoConfigurationCustomizer> (0x00000000dd3a4898) thrown at [C:\re\workspace\8-2-build-windows-amd64-cygwin\jdk8u131\8869
Event: 11.199 Thread 0x0000000022081000 Exception <a 'java/lang/ClassNotFoundException': org/springframework/boot/actuate/autoconfigure/metrics/web/client/RestTemplateMetricsAutoConfiguration$$EnhancerBySpringCGLIB$$3818ff60Customizer> (0x00000000dd3d3480) thrown at [C:\re\workspace\8-2-build-w
Event: 11.200 Thread 0x0000000022081000 Exception <a 'java/lang/ClassNotFoundException': org/springframework/context/annotation/ConfigurationClassEnhancer$EnhancedConfigurationCustomizer> (0x00000000dd3fe8a8) thrown at [C:\re\workspace\8-2-build-windows-amd64-cygwin\jdk8u131\8869\hotspot\src\sh

Events (10 events):
Event: 11.199 loading class org/springframework/context/annotation/ConfigurationClassEnhancer$EnhancedConfigurationCustomizer
Event: 11.199 loading class org/springframework/context/annotation/ConfigurationClassEnhancer$EnhancedConfigurationCustomizer done
Event: 11.199 loading class org/springframework/context/annotation/ConfigurationClassEnhancer$EnhancedConfigurationCustomizer
Event: 11.199 loading class org/springframework/context/annotation/ConfigurationClassEnhancer$EnhancedConfigurationCustomizer done
Event: 11.200 loading class org/springframework/context/annotation/ConfigurationClassEnhancer$EnhancedConfigurationCustomizer
Event: 11.200 loading class org/springframework/context/annotation/ConfigurationClassEnhancer$EnhancedConfigurationCustomizer done
Event: 11.203 loading class org/springframework/boot/actuate/autoconfigure/metrics/OnlyOnceLoggingDenyMeterFilter
Event: 11.203 loading class org/springframework/boot/actuate/autoconfigure/metrics/OnlyOnceLoggingDenyMeterFilter done
Event: 11.204 loading class io/micrometer/core/instrument/config/MeterFilter$9
Event: 11.204 loading class io/micrometer/core/instrument/config/MeterFilter$9 done


Dynamic libraries:
0x00007ff74e7e0000 - 0x00007ff74e817000 	C:\Program Files\Java\jdk1.8.0_131\bin\java.exe
0x00007ffdfbef0000 - 0x00007ffdfc0dd000 	C:\WINDOWS\SYSTEM32\ntdll.dll
0x00007ffdf9390000 - 0x00007ffdf9443000 	C:\WINDOWS\System32\KERNEL32.DLL
0x00007ffdf8d10000 - 0x00007ffdf8fa3000 	C:\WINDOWS\System32\KERNELBASE.dll
0x00007ffdf9a90000 - 0x00007ffdf9b33000 	C:\WINDOWS\System32\ADVAPI32.dll
0x00007ffdf9790000 - 0x00007ffdf982e000 	C:\WINDOWS\System32\msvcrt.dll
0x00007ffdfa040000 - 0x00007ffdfa0de000 	C:\WINDOWS\System32\sechost.dll
0x00007ffdf9130000 - 0x00007ffdf9252000 	C:\WINDOWS\System32\RPCRT4.dll
0x00007ffdf9450000 - 0x00007ffdf95e7000 	C:\WINDOWS\System32\USER32.dll
0x00007ffdf8fb0000 - 0x00007ffdf8fd0000 	C:\WINDOWS\System32\win32u.dll
0x00007ffdfbe90000 - 0x00007ffdfbeb9000 	C:\WINDOWS\System32\GDI32.dll
0x00007ffdf7fc0000 - 0x00007ffdf815a000 	C:\WINDOWS\System32\gdi32full.dll
0x00007ffdf9000000 - 0x00007ffdf90a0000 	C:\WINDOWS\System32\msvcp_win.dll
0x00007ffdf8c10000 - 0x00007ffdf8d0c000 	C:\WINDOWS\System32\ucrtbase.dll
0x00007ffde5430000 - 0x00007ffde56a9000 	C:\WINDOWS\WinSxS\amd64_microsoft.windows.common-controls_6595b64144ccf1df_6.0.17763.316_none_05b53be2071f46b6\COMCTL32.dll
0x00007ffdf9c60000 - 0x00007ffdf9f8d000 	C:\WINDOWS\System32\combase.dll
0x00007ffdf90a0000 - 0x00007ffdf911e000 	C:\WINDOWS\System32\bcryptPrimitives.dll
0x00007ffdf9bd0000 - 0x00007ffdf9bfe000 	C:\WINDOWS\System32\IMM32.DLL
0x0000000069280000 - 0x0000000069352000 	C:\Program Files\Java\jdk1.8.0_131\jre\bin\msvcr100.dll
0x00000000689e0000 - 0x000000006927c000 	C:\Program Files\Java\jdk1.8.0_131\jre\bin\server\jvm.dll
0x00007ffdf9120000 - 0x00007ffdf9128000 	C:\WINDOWS\System32\PSAPI.DLL
0x00007ffdf3fa0000 - 0x00007ffdf3fa9000 	C:\WINDOWS\SYSTEM32\WSOCK32.dll
0x00007ffdf05e0000 - 0x00007ffdf05ea000 	C:\WINDOWS\SYSTEM32\VERSION.dll
0x00007ffdf58d0000 - 0x00007ffdf58f4000 	C:\WINDOWS\SYSTEM32\WINMM.dll
0x00007ffdf9650000 - 0x00007ffdf96bd000 	C:\WINDOWS\System32\WS2_32.dll
0x00007ffdf57a0000 - 0x00007ffdf57cd000 	C:\WINDOWS\SYSTEM32\winmmbase.dll
0x00007ffdf8160000 - 0x00007ffdf81aa000 	C:\WINDOWS\System32\cfgmgr32.dll
0x00000000689d0000 - 0x00000000689df000 	C:\Program Files\Java\jdk1.8.0_131\jre\bin\verify.dll
0x00000000689a0000 - 0x00000000689c9000 	C:\Program Files\Java\jdk1.8.0_131\jre\bin\java.dll
0x0000000068980000 - 0x0000000068996000 	C:\Program Files\Java\jdk1.8.0_131\jre\bin\zip.dll
0x00007ffdfa340000 - 0x00007ffdfb82f000 	C:\WINDOWS\System32\SHELL32.dll
0x00007ffdf9830000 - 0x00007ffdf98d8000 	C:\WINDOWS\System32\shcore.dll
0x00007ffdf84c0000 - 0x00007ffdf8c0a000 	C:\WINDOWS\System32\windows.storage.dll
0x00007ffdf7f10000 - 0x00007ffdf7f34000 	C:\WINDOWS\System32\profapi.dll
0x00007ffdf7f60000 - 0x00007ffdf7fbd000 	C:\WINDOWS\System32\powrprof.dll
0x00007ffdf9c00000 - 0x00007ffdf9c52000 	C:\WINDOWS\System32\shlwapi.dll
0x00007ffdf7f40000 - 0x00007ffdf7f51000 	C:\WINDOWS\System32\kernel.appcore.dll
0x00007ffdf8440000 - 0x00007ffdf8457000 	C:\WINDOWS\System32\cryptsp.dll
0x00007ffdf7340000 - 0x00007ffdf7373000 	C:\WINDOWS\system32\rsaenh.dll
0x00007ffdf8fd0000 - 0x00007ffdf8ff6000 	C:\WINDOWS\System32\bcrypt.dll
0x00007ffdf7e20000 - 0x00007ffdf7e48000 	C:\WINDOWS\SYSTEM32\USERENV.dll
0x00007ffdf7950000 - 0x00007ffdf795c000 	C:\WINDOWS\SYSTEM32\CRYPTBASE.dll
0x0000000068960000 - 0x000000006897a000 	C:\Program Files\Java\jdk1.8.0_131\jre\bin\net.dll
0x00007ffdf7780000 - 0x00007ffdf77e7000 	C:\WINDOWS\system32\mswsock.dll
0x00007ffdf74e0000 - 0x00007ffdf751d000 	C:\WINDOWS\SYSTEM32\IPHLPAPI.DLL
0x00007ffdf9b40000 - 0x00007ffdf9b48000 	C:\WINDOWS\System32\NSI.dll
0x00007ffded140000 - 0x00007ffded156000 	C:\WINDOWS\SYSTEM32\dhcpcsvc6.DLL
0x00007ffdf04d0000 - 0x00007ffdf04ec000 	C:\WINDOWS\SYSTEM32\dhcpcsvc.DLL
0x00007ffdf7520000 - 0x00007ffdf75e6000 	C:\WINDOWS\SYSTEM32\DNSAPI.dll
0x0000000068940000 - 0x0000000068951000 	C:\Program Files\Java\jdk1.8.0_131\jre\bin\nio.dll
0x00007ffdeabc0000 - 0x00007ffdeabca000 	Z:\jansi-1.17.1-3239896373509266934.dll
0x00007ffde9fc0000 - 0x00007ffde9fca000 	Z:\jansi-1.17.1-5271844178126597956.dll
0x0000000068930000 - 0x000000006893d000 	C:\Program Files\Java\jdk1.8.0_131\jre\bin\management.dll
0x00007ffdf3200000 - 0x00007ffdf3216000 	C:\WINDOWS\system32\napinsp.dll
0x00007ffdf31e0000 - 0x00007ffdf31fa000 	C:\WINDOWS\system32\pnrpnsp.dll
0x00007ffdf31d0000 - 0x00007ffdf31de000 	C:\WINDOWS\System32\winrnr.dll
0x00007ffdf41c0000 - 0x00007ffdf41db000 	C:\WINDOWS\system32\NLAapi.dll
0x00007ffdf04f0000 - 0x00007ffdf0505000 	C:\WINDOWS\system32\wshbth.dll
0x00007ffdea650000 - 0x00007ffdea65a000 	C:\Windows\System32\rasadhlp.dll
0x00007ffde9560000 - 0x00007ffde95d9000 	C:\WINDOWS\System32\fwpuclnt.dll

VM Arguments:
jvm_args: -Dmaven.multiModuleProjectDirectory=C:\Users\Asus\Downloads\team05-master\backend 
java_command: org.apache.maven.wrapper.MavenWrapperMain spring-boot:run
java_class_path (initial): C:\Users\Asus\Downloads\team05-master\backend\.mvn\wrapper\maven-wrapper.jar
Launcher Type: SUN_STANDARD

Environment Variables:
JAVA_HOME=C:\Program Files\Java\jdk1.8.0_131
PATH=C:\Program Files\Java\jdk1.8.0_131\bin;C:\ProgramData\Oracle\Java\javapath;C:\Windows\system32;C:\Windows;C:\Windows\System32\Wbem;C:\Windows\System32\WindowsPowerShell\v1.0\;C:\Windows\System32\OpenSSH\;C:\Program Files (x86)\NVIDIA Corporation\PhysX\Common;C:\Program Files\nodejs\;;C:\WINDOWS\system32;C:\WINDOWS;C:\WINDOWS\System32\Wbem;C:\WINDOWS\System32\WindowsPowerShell\v1.0\;C:\WINDOWS\System32\OpenSSH\;C:\Program Files\Java\jdk1.8.0_131\bin;C:\Users\Asus\AppData\Local\Programs\Microsoft VS Code\bin
USERNAME=Asus
OS=Windows_NT
PROCESSOR_IDENTIFIER=Intel64 Family 6 Model 158 Stepping 10, GenuineIntel



---------------  S Y S T E M  ---------------

OS: Windows 10.0 , 64 bit Build 17763 (10.0.17763.292)

CPU:total 12 (initial active 12) (6 cores per cpu, 2 threads per core) family 6 model 158 stepping 10, cmov, cx8, fxsr, mmx, sse, sse2, sse3, ssse3, sse4.1, sse4.2, popcnt, avx, avx2, aes, clmul, erms, 3dnowpref, lzcnt, ht, tsc, tscinvbit, bmi1, bmi2, adx

Memory: 4k page, physical 8239356k(1836480k free), swap 8239356k(4380k free)

vm_info: Java HotSpot(TM) 64-Bit Server VM (25.131-b11) for windows-amd64 JRE (1.8.0_131-b11), built on Mar 15 2017 01:23:53 by "java_re" with MS VC++ 10.0 (VS2010)

time: Thu Feb 21 20:57:43 2019
elapsed time: 11 seconds (0d 0h 0m 11s)

