#
# There is insufficient memory for the Java Runtime Environment to continue.
# Native memory allocation (malloc) failed to allocate 1544656 bytes for Chunk::new
# Possible reasons:
#   The system is out of physical RAM or swap space
#   In 32 bit mode, the process size limit was hit
# Possible solutions:
#   Reduce memory load on the system
#   Increase physical memory or swap space
#   Check if swap backing store is full
#   Use 64 bit Java on a 64 bit OS
#   Decrease Java heap size (-Xmx/-Xms)
#   Decrease number of Java threads
#   Decrease Java thread stack sizes (-Xss)
#   Set larger code cache with -XX:ReservedCodeCacheSize=
# This output file may be truncated or incomplete.
#
#  Out of Memory Error (allocation.cpp:390), pid=9100, tid=0x0000000000002404
#
# JRE version: Java(TM) SE Runtime Environment (8.0_131-b11) (build 1.8.0_131-b11)
# Java VM: Java HotSpot(TM) 64-Bit Server VM (25.131-b11 mixed mode windows-amd64 compressed oops)
# Failed to write core dump. Minidumps are not enabled by default on client versions of Windows
#

---------------  T H R E A D  ---------------

Current thread (0x0000000019d19800):  JavaThread "C2 CompilerThread2" daemon [_thread_in_native, id=9220, stack(0x000000001b570000,0x000000001b670000)]

Stack: [0x000000001b570000,0x000000001b670000]
[error occurred during error reporting (printing stack bounds), id 0xc0000005]

Native frames: (J=compiled Java code, j=interpreted, Vv=VM code, C=native code)


Current CompileTask:
C2:   1644 2333   !   4       org.codehaus.plexus.interpolation.StringSearchInterpolator::interpolate (650 bytes)


---------------  P R O C E S S  ---------------

Java Threads: ( => current thread )
  0x0000000019da7800 JavaThread "Service Thread" daemon [_thread_blocked, id=6164, stack(0x000000001b770000,0x000000001b870000)]
  0x0000000019d1a800 JavaThread "C1 CompilerThread3" daemon [_thread_blocked, id=9640, stack(0x000000001b670000,0x000000001b770000)]
=>0x0000000019d19800 JavaThread "C2 CompilerThread2" daemon [_thread_in_native, id=9220, stack(0x000000001b570000,0x000000001b670000)]
  0x0000000019d15000 JavaThread "C2 CompilerThread1" daemon [_thread_in_native, id=952, stack(0x000000001b470000,0x000000001b570000)]
  0x0000000019d0e000 JavaThread "C2 CompilerThread0" daemon [_thread_in_native, id=12236, stack(0x000000001b370000,0x000000001b470000)]
  0x0000000019d0a000 JavaThread "Attach Listener" daemon [_thread_blocked, id=8928, stack(0x000000001b270000,0x000000001b370000)]
  0x0000000019d08000 JavaThread "Signal Dispatcher" daemon [_thread_blocked, id=2712, stack(0x000000001b170000,0x000000001b270000)]
  0x000000000351a000 JavaThread "Finalizer" daemon [_thread_blocked, id=9064, stack(0x000000001af70000,0x000000001b070000)]
  0x000000001862d000 JavaThread "Reference Handler" daemon [_thread_blocked, id=8168, stack(0x000000001ae70000,0x000000001af70000)]
  0x000000000341d800 JavaThread "main" [_thread_blocked, id=756, stack(0x0000000003250000,0x0000000003350000)]

Other Threads:
  0x0000000019ce2800 VMThread [stack: 0x000000001ad70000,0x000000001ae70000] [id=3048]
  0x0000000019dcd800 WatcherThread [stack: 0x000000001b870000,0x000000001b970000] [id=1172]

VM state:not at safepoint (normal execution)

VM Mutex/Monitor currently owned by a thread: None

Heap:
 PSYoungGen      total 70656K, used 6387K [0x00000000d6180000, 0x00000000dab80000, 0x0000000100000000)
  eden space 65536K, 1% used [0x00000000d6180000,0x00000000d62c4c18,0x00000000da180000)
  from space 5120K, 99% used [0x00000000da180000,0x00000000da678020,0x00000000da680000)
  to   space 5120K, 0% used [0x00000000da680000,0x00000000da680000,0x00000000dab80000)
 ParOldGen       total 86016K, used 16714K [0x0000000082400000, 0x0000000087800000, 0x00000000d6180000)
  object space 86016K, 19% used [0x0000000082400000,0x0000000083452b80,0x0000000087800000)
 Metaspace       used 16005K, capacity 16286K, committed 16384K, reserved 1062912K
  class space    used 1921K, capacity 2017K, committed 2048K, reserved 1048576K

Card table byte_map: [0x00000000128e0000,0x0000000012cd0000] byte_map_base: 0x00000000124ce000

Marking Bits: (ParMarkBitMap*) 0x0000000065c7c720
 Begin Bits: [0x0000000013970000, 0x00000000158e0000)
 End Bits:   [0x00000000158e0000, 0x0000000017850000)

Polling page: 0x0000000000ff0000

CodeCache: size=245760Kb used=9053Kb max_used=9053Kb free=236706Kb
 bounds [0x0000000003520000, 0x0000000003e10000, 0x0000000012520000]
 total_blobs=3046 nmethods=2675 adapters=283
 compilation: enabled

Compilation events (10 events):
Event: 1.631 Thread 0x0000000019d1a800 2686       1       org.eclipse.aether.repository.RemoteRepository::getProtocol (5 bytes)
Event: 1.631 Thread 0x0000000019d1a800 nmethod 2686 0x0000000003dff550 code [0x0000000003dff6a0, 0x0000000003dff7b0]
Event: 1.632 Thread 0x0000000019d1a800 2687       3       org.apache.maven.model.Scm::setConnection (6 bytes)
Event: 1.632 Thread 0x0000000019d1a800 nmethod 2687 0x0000000003dff810 code [0x0000000003dff960, 0x0000000003dffad0]
Event: 1.632 Thread 0x0000000019d1a800 2688       1       org.apache.maven.model.building.DefaultModelBuildingRequest::getWorkspaceModelResolver (5 bytes)
Event: 1.632 Thread 0x0000000019d1a800 nmethod 2688 0x0000000003dffb50 code [0x0000000003dffca0, 0x0000000003dffdb0]
Event: 1.632 Thread 0x0000000019d1a800 2689       3       org.apache.maven.model.validation.DefaultModelValidator::getSeverity (11 bytes)
Event: 1.633 Thread 0x0000000019d1a800 nmethod 2689 0x0000000003dffe10 code [0x0000000003dfff80, 0x0000000003e00228]
Event: 1.633 Thread 0x0000000019d1a800 2690       3       org.apache.maven.model.validation.DefaultModelValidator::getSeverity (13 bytes)
Event: 1.633 Thread 0x0000000019d1a800 nmethod 2690 0x0000000003e00310 code [0x0000000003e00460, 0x0000000003e005f0]

GC Heap History (9 events):
Event: 0.598 GC heap before
{Heap before GC invocations=1 (full 0):
 PSYoungGen      total 37888K, used 32768K [0x00000000d6180000, 0x00000000d8b80000, 0x0000000100000000)
  eden space 32768K, 100% used [0x00000000d6180000,0x00000000d8180000,0x00000000d8180000)
  from space 5120K, 0% used [0x00000000d8680000,0x00000000d8680000,0x00000000d8b80000)
  to   space 5120K, 0% used [0x00000000d8180000,0x00000000d8180000,0x00000000d8680000)
 ParOldGen       total 86016K, used 0K [0x0000000082400000, 0x0000000087800000, 0x00000000d6180000)
  object space 86016K, 0% used [0x0000000082400000,0x0000000082400000,0x0000000087800000)
 Metaspace       used 8959K, capacity 9108K, committed 9216K, reserved 1056768K
  class space    used 1103K, capacity 1184K, committed 1280K, reserved 1048576K
Event: 0.602 GC heap after
Heap after GC invocations=1 (full 0):
 PSYoungGen      total 37888K, used 5101K [0x00000000d6180000, 0x00000000d8b80000, 0x0000000100000000)
  eden space 32768K, 0% used [0x00000000d6180000,0x00000000d6180000,0x00000000d8180000)
  from space 5120K, 99% used [0x00000000d8180000,0x00000000d867b448,0x00000000d8680000)
  to   space 5120K, 0% used [0x00000000d8680000,0x00000000d8680000,0x00000000d8b80000)
 ParOldGen       total 86016K, used 400K [0x0000000082400000, 0x0000000087800000, 0x00000000d6180000)
  object space 86016K, 0% used [0x0000000082400000,0x00000000824643f0,0x0000000087800000)
 Metaspace       used 8959K, capacity 9108K, committed 9216K, reserved 1056768K
  class space    used 1103K, capacity 1184K, committed 1280K, reserved 1048576K
}
Event: 0.847 GC heap before
{Heap before GC invocations=2 (full 0):
 PSYoungGen      total 37888K, used 37869K [0x00000000d6180000, 0x00000000d8b80000, 0x0000000100000000)
  eden space 32768K, 100% used [0x00000000d6180000,0x00000000d8180000,0x00000000d8180000)
  from space 5120K, 99% used [0x00000000d8180000,0x00000000d867b448,0x00000000d8680000)
  to   space 5120K, 0% used [0x00000000d8680000,0x00000000d8680000,0x00000000d8b80000)
 ParOldGen       total 86016K, used 400K [0x0000000082400000, 0x0000000087800000, 0x00000000d6180000)
  object space 86016K, 0% used [0x0000000082400000,0x00000000824643f0,0x0000000087800000)
 Metaspace       used 12413K, capacity 12672K, committed 12928K, reserved 1060864K
  class space    used 1537K, capacity 1644K, committed 1664K, reserved 1048576K
Event: 0.852 GC heap after
Heap after GC invocations=2 (full 0):
 PSYoungGen      total 37888K, used 5091K [0x00000000d6180000, 0x00000000dab80000, 0x0000000100000000)
  eden space 32768K, 0% used [0x00000000d6180000,0x00000000d6180000,0x00000000d8180000)
  from space 5120K, 99% used [0x00000000d8680000,0x00000000d8b78f00,0x00000000d8b80000)
  to   space 5120K, 0% used [0x00000000d8180000,0x00000000d8180000,0x00000000d8680000)
 ParOldGen       total 86016K, used 2229K [0x0000000082400000, 0x0000000087800000, 0x00000000d6180000)
  object space 86016K, 2% used [0x0000000082400000,0x000000008262d448,0x0000000087800000)
 Metaspace       used 12413K, capacity 12672K, committed 12928K, reserved 1060864K
  class space    used 1537K, capacity 1644K, committed 1664K, reserved 1048576K
}
Event: 1.190 GC heap before
{Heap before GC invocations=3 (full 0):
 PSYoungGen      total 37888K, used 37859K [0x00000000d6180000, 0x00000000dab80000, 0x0000000100000000)
  eden space 32768K, 100% used [0x00000000d6180000,0x00000000d8180000,0x00000000d8180000)
  from space 5120K, 99% used [0x00000000d8680000,0x00000000d8b78f00,0x00000000d8b80000)
  to   space 5120K, 0% used [0x00000000d8180000,0x00000000d8180000,0x00000000d8680000)
 ParOldGen       total 86016K, used 2229K [0x0000000082400000, 0x0000000087800000, 0x00000000d6180000)
  object space 86016K, 2% used [0x0000000082400000,0x000000008262d448,0x0000000087800000)
 Metaspace       used 15309K, capacity 15572K, committed 15872K, reserved 1062912K
  class space    used 1883K, capacity 1978K, committed 2048K, reserved 1048576K
Event: 1.198 GC heap after
Heap after GC invocations=3 (full 0):
 PSYoungGen      total 37888K, used 5088K [0x00000000d6180000, 0x00000000dab80000, 0x0000000100000000)
  eden space 32768K, 0% used [0x00000000d6180000,0x00000000d6180000,0x00000000d8180000)
  from space 5120K, 99% used [0x00000000d8180000,0x00000000d8678020,0x00000000d8680000)
  to   space 5120K, 0% used [0x00000000da680000,0x00000000da680000,0x00000000dab80000)
 ParOldGen       total 86016K, used 6043K [0x0000000082400000, 0x0000000087800000, 0x00000000d6180000)
  object space 86016K, 7% used [0x0000000082400000,0x00000000829e6c78,0x0000000087800000)
 Metaspace       used 15309K, capacity 15572K, committed 15872K, reserved 1062912K
  class space    used 1883K, capacity 1978K, committed 2048K, reserved 1048576K
}
Event: 1.364 GC heap before
{Heap before GC invocations=4 (full 0):
 PSYoungGen      total 37888K, used 37856K [0x00000000d6180000, 0x00000000dab80000, 0x0000000100000000)
  eden space 32768K, 100% used [0x00000000d6180000,0x00000000d8180000,0x00000000d8180000)
  from space 5120K, 99% used [0x00000000d8180000,0x00000000d8678020,0x00000000d8680000)
  to   space 5120K, 0% used [0x00000000da680000,0x00000000da680000,0x00000000dab80000)
 ParOldGen       total 86016K, used 6043K [0x0000000082400000, 0x0000000087800000, 0x00000000d6180000)
  object space 86016K, 7% used [0x0000000082400000,0x00000000829e6c78,0x0000000087800000)
 Metaspace       used 15698K, capacity 16006K, committed 16128K, reserved 1062912K
  class space    used 1905K, capacity 2013K, committed 2048K, reserved 1048576K
Event: 1.375 GC heap after
Heap after GC invocations=4 (full 0):
 PSYoungGen      total 70656K, used 5118K [0x00000000d6180000, 0x00000000dab80000, 0x0000000100000000)
  eden space 65536K, 0% used [0x00000000d6180000,0x00000000d6180000,0x00000000da180000)
  from space 5120K, 99% used [0x00000000da680000,0x00000000dab7f860,0x00000000dab80000)
  to   space 5120K, 0% used [0x00000000da180000,0x00000000da180000,0x00000000da680000)
 ParOldGen       total 86016K, used 10074K [0x0000000082400000, 0x0000000087800000, 0x00000000d6180000)
  object space 86016K, 11% used [0x0000000082400000,0x0000000082dd6a58,0x0000000087800000)
 Metaspace       used 15698K, capacity 16006K, committed 16128K, reserved 1062912K
  class space    used 1905K, capacity 2013K, committed 2048K, reserved 1048576K
}
Event: 1.634 GC heap before
{Heap before GC invocations=5 (full 0):
 PSYoungGen      total 70656K, used 70654K [0x00000000d6180000, 0x00000000dab80000, 0x0000000100000000)
  eden space 65536K, 100% used [0x00000000d6180000,0x00000000da180000,0x00000000da180000)
  from space 5120K, 99% used [0x00000000da680000,0x00000000dab7f860,0x00000000dab80000)
  to   space 5120K, 0% used [0x00000000da180000,0x00000000da180000,0x00000000da680000)
 ParOldGen       total 86016K, used 10074K [0x0000000082400000, 0x0000000087800000, 0x00000000d6180000)
  object space 86016K, 11% used [0x0000000082400000,0x0000000082dd6a58,0x0000000087800000)
 Metaspace       used 16005K, capacity 16286K, committed 16384K, reserved 1062912K
  class space    used 1921K, capacity 2017K, committed 2048K, reserved 1048576K

Deoptimization events (10 events):
Event: 1.466 Thread 0x000000000341d800 Uncommon trap: reason=bimorphic action=maybe_recompile pc=0x0000000003bcd19c method=java.util.regex.Pattern$BmpCharProperty.match(Ljava/util/regex/Matcher;ILjava/lang/CharSequence;)Z @ 16
Event: 1.466 Thread 0x000000000341d800 Uncommon trap: reason=bimorphic action=maybe_recompile pc=0x0000000003bcd19c method=java.util.regex.Pattern$BmpCharProperty.match(Ljava/util/regex/Matcher;ILjava/lang/CharSequence;)Z @ 16
Event: 1.466 Thread 0x000000000341d800 Uncommon trap: reason=bimorphic action=maybe_recompile pc=0x0000000003bcd19c method=java.util.regex.Pattern$BmpCharProperty.match(Ljava/util/regex/Matcher;ILjava/lang/CharSequence;)Z @ 16
Event: 1.466 Thread 0x000000000341d800 Uncommon trap: reason=bimorphic action=maybe_recompile pc=0x0000000003bcd19c method=java.util.regex.Pattern$BmpCharProperty.match(Ljava/util/regex/Matcher;ILjava/lang/CharSequence;)Z @ 16
Event: 1.482 Thread 0x000000000341d800 Uncommon trap: reason=class_check action=maybe_recompile pc=0x0000000003d10de8 method=org.codehaus.plexus.interpolation.MapBasedValueSource.getValue(Ljava/lang/String;)Ljava/lang/Object; @ 16
Event: 1.482 Thread 0x000000000341d800 Uncommon trap: reason=class_check action=maybe_recompile pc=0x0000000003d10de8 method=org.codehaus.plexus.interpolation.MapBasedValueSource.getValue(Ljava/lang/String;)Ljava/lang/Object; @ 16
Event: 1.482 Thread 0x000000000341d800 Uncommon trap: reason=class_check action=maybe_recompile pc=0x0000000003d10de8 method=org.codehaus.plexus.interpolation.MapBasedValueSource.getValue(Ljava/lang/String;)Ljava/lang/Object; @ 16
Event: 1.482 Thread 0x000000000341d800 Uncommon trap: reason=class_check action=maybe_recompile pc=0x0000000003ca91c8 method=org.apache.maven.model.interpolation.StringSearchModelInterpolator$InterpolateObjectAction$MapField.doInterpolate(Ljava/lang/Object;Lorg/apache/maven/model/interpolation
Event: 1.487 Thread 0x000000000341d800 Uncommon trap: reason=null_check action=make_not_entrant pc=0x0000000003d60444 method=org.apache.maven.model.validation.DefaultModelValidator.validateEffectiveDependency(Lorg/apache/maven/model/building/ModelProblemCollector;Lorg/apache/maven/model/Depend
Event: 1.554 Thread 0x000000000341d800 Uncommon trap: reason=unstable_if action=reinterpret pc=0x0000000003da1b30 method=org.apache.maven.model.validation.DefaultModelValidator.validateEffectiveDependency(Lorg/apache/maven/model/building/ModelProblemCollector;Lorg/apache/maven/model/Dependency

Internal exceptions (10 events):
Event: 1.031 Thread 0x000000000341d800 Exception <a 'java/lang/NullPointerException'> (0x00000000d719ec00) thrown at [C:\re\workspace\8-2-build-windows-amd64-cygwin\jdk8u131\8869\hotspot\src\share\vm\interpreter\linkResolver.cpp, line 1197]
Event: 1.031 Thread 0x000000000341d800 Exception <a 'java/lang/NullPointerException'> (0x00000000d719ee18) thrown at [C:\re\workspace\8-2-build-windows-amd64-cygwin\jdk8u131\8869\hotspot\src\share\vm\interpreter\linkResolver.cpp, line 1197]
Event: 1.031 Thread 0x000000000341d800 Exception <a 'java/lang/NullPointerException'> (0x00000000d719f030) thrown at [C:\re\workspace\8-2-build-windows-amd64-cygwin\jdk8u131\8869\hotspot\src\share\vm\interpreter\linkResolver.cpp, line 1197]
Event: 1.049 Thread 0x000000000341d800 Implicit null exception at 0x0000000003773859 to 0x0000000003773c01
Event: 1.049 Thread 0x000000000341d800 Implicit null exception at 0x0000000003728216 to 0x00000000037285c1
Event: 1.141 Thread 0x000000000341d800 Implicit null exception at 0x0000000003ac9e77 to 0x0000000003aca0c1
Event: 1.330 Thread 0x000000000341d800 Implicit null exception at 0x0000000003c77db7 to 0x0000000003c78001
Event: 1.377 Thread 0x000000000341d800 Implicit null exception at 0x00000000038db8d5 to 0x00000000038dbaa5
Event: 1.377 Thread 0x000000000341d800 Implicit null exception at 0x00000000038ea46f to 0x00000000038ea4d9
Event: 1.487 Thread 0x000000000341d800 Implicit null exception at 0x0000000003d5df84 to 0x0000000003d6042d

Events (10 events):
Event: 1.519 loading class org/eclipse/aether/util/graph/selector/ExclusionDependencySelector$ExclusionComparator
Event: 1.519 loading class org/eclipse/aether/util/graph/selector/ExclusionDependencySelector$ExclusionComparator done
Event: 1.554 Thread 0x000000000341d800 Uncommon trap: trap_request=0xffffff65 fr.pc=0x0000000003da1b30
Event: 1.554 Thread 0x000000000341d800 DEOPT PACKING pc=0x0000000003da1b30 sp=0x000000000334c010
Event: 1.554 Thread 0x000000000341d800 DEOPT UNPACKING pc=0x000000000356582a sp=0x000000000334c048 mode 2
Event: 1.554 loading class java/util/AbstractMap$SimpleImmutableEntry
Event: 1.554 loading class java/util/AbstractMap$SimpleImmutableEntry done
Event: 1.565 Executing VM operation: ForceSafepoint
Event: 1.565 Executing VM operation: ForceSafepoint done
Event: 1.634 Executing VM operation: ParallelGCFailedAllocation


Dynamic libraries:
0x00007ff794cb0000 - 0x00007ff794ce7000 	C:\Program Files\Java\jdk1.8.0_131\bin\java.exe
0x00007ff95c9f0000 - 0x00007ff95cbdd000 	C:\WINDOWS\SYSTEM32\ntdll.dll
0x00007ff959c20000 - 0x00007ff959cd3000 	C:\WINDOWS\System32\KERNEL32.DLL
0x00007ff959380000 - 0x00007ff959613000 	C:\WINDOWS\System32\KERNELBASE.dll
0x00007ff95c910000 - 0x00007ff95c9b3000 	C:\WINDOWS\System32\ADVAPI32.dll
0x00007ff959e20000 - 0x00007ff959ebe000 	C:\WINDOWS\System32\msvcrt.dll
0x00007ff95b130000 - 0x00007ff95b1ce000 	C:\WINDOWS\System32\sechost.dll
0x00007ff95b1e0000 - 0x00007ff95b302000 	C:\WINDOWS\System32\RPCRT4.dll
0x00007ff95a120000 - 0x00007ff95a2b7000 	C:\WINDOWS\System32\USER32.dll
0x00007ff959330000 - 0x00007ff959350000 	C:\WINDOWS\System32\win32u.dll
0x00007ff95ae70000 - 0x00007ff95ae99000 	C:\WINDOWS\System32\GDI32.dll
0x00007ff959720000 - 0x00007ff9598ba000 	C:\WINDOWS\System32\gdi32full.dll
0x00007ff958ac0000 - 0x00007ff958b60000 	C:\WINDOWS\System32\msvcp_win.dll
0x00007ff959620000 - 0x00007ff95971c000 	C:\WINDOWS\System32\ucrtbase.dll
0x00007ff946580000 - 0x00007ff9467f9000 	C:\WINDOWS\WinSxS\amd64_microsoft.windows.common-controls_6595b64144ccf1df_6.0.17763.316_none_05b53be2071f46b6\COMCTL32.dll
0x00007ff95aae0000 - 0x00007ff95ae0d000 	C:\WINDOWS\System32\combase.dll
0x00007ff959ba0000 - 0x00007ff959c1e000 	C:\WINDOWS\System32\bcryptPrimitives.dll
0x00007ff95a020000 - 0x00007ff95a04e000 	C:\WINDOWS\System32\IMM32.DLL
0x0000000065d00000 - 0x0000000065dd2000 	C:\Program Files\Java\jdk1.8.0_131\jre\bin\msvcr100.dll
0x0000000065460000 - 0x0000000065cfc000 	C:\Program Files\Java\jdk1.8.0_131\jre\bin\server\jvm.dll
0x00007ff95aa70000 - 0x00007ff95aa78000 	C:\WINDOWS\System32\PSAPI.DLL
0x00007ff9551e0000 - 0x00007ff9551e9000 	C:\WINDOWS\SYSTEM32\WSOCK32.dll
0x00007ff9550f0000 - 0x00007ff955114000 	C:\WINDOWS\SYSTEM32\WINMM.dll
0x00007ff94e950000 - 0x00007ff94e95a000 	C:\WINDOWS\SYSTEM32\VERSION.dll
0x00007ff95aa00000 - 0x00007ff95aa6d000 	C:\WINDOWS\System32\WS2_32.dll
0x00007ff9550c0000 - 0x00007ff9550ed000 	C:\WINDOWS\SYSTEM32\WINMMBASE.dll
0x00007ff959b50000 - 0x00007ff959b9a000 	C:\WINDOWS\System32\cfgmgr32.dll
0x0000000065450000 - 0x000000006545f000 	C:\Program Files\Java\jdk1.8.0_131\jre\bin\verify.dll
0x0000000065420000 - 0x0000000065449000 	C:\Program Files\Java\jdk1.8.0_131\jre\bin\java.dll
0x0000000065400000 - 0x0000000065416000 	C:\Program Files\Java\jdk1.8.0_131\jre\bin\zip.dll
0x00007ff95b370000 - 0x00007ff95c85f000 	C:\WINDOWS\System32\SHELL32.dll
0x00007ff95a950000 - 0x00007ff95a9f8000 	C:\WINDOWS\System32\shcore.dll
0x00007ff958bc0000 - 0x00007ff95930a000 	C:\WINDOWS\System32\windows.storage.dll
0x00007ff958a70000 - 0x00007ff958a94000 	C:\WINDOWS\System32\profapi.dll
0x00007ff9589f0000 - 0x00007ff958a4d000 	C:\WINDOWS\System32\powrprof.dll
0x00007ff95a740000 - 0x00007ff95a792000 	C:\WINDOWS\System32\shlwapi.dll
0x00007ff958a50000 - 0x00007ff958a61000 	C:\WINDOWS\System32\kernel.appcore.dll
0x00007ff959310000 - 0x00007ff959327000 	C:\WINDOWS\System32\cryptsp.dll
0x00007ff957e40000 - 0x00007ff957e73000 	C:\WINDOWS\system32\rsaenh.dll
0x00007ff959350000 - 0x00007ff959376000 	C:\WINDOWS\System32\bcrypt.dll
0x00007ff958920000 - 0x00007ff958948000 	C:\WINDOWS\SYSTEM32\USERENV.dll
0x00007ff958450000 - 0x00007ff95845c000 	C:\WINDOWS\SYSTEM32\CRYPTBASE.dll
0x00000000653e0000 - 0x00000000653fa000 	C:\Program Files\Java\jdk1.8.0_131\jre\bin\net.dll
0x00007ff958280000 - 0x00007ff9582e7000 	C:\WINDOWS\system32\mswsock.dll
0x00007ff957fe0000 - 0x00007ff95801d000 	C:\WINDOWS\SYSTEM32\IPHLPAPI.DLL
0x00007ff959ce0000 - 0x00007ff959ce8000 	C:\WINDOWS\System32\NSI.dll
0x00007ff94e990000 - 0x00007ff94e9a6000 	C:\WINDOWS\SYSTEM32\dhcpcsvc6.DLL
0x00007ff94e9d0000 - 0x00007ff94e9ec000 	C:\WINDOWS\SYSTEM32\dhcpcsvc.DLL
0x00007ff958020000 - 0x00007ff9580e6000 	C:\WINDOWS\SYSTEM32\DNSAPI.dll
0x00000000653c0000 - 0x00000000653d1000 	C:\Program Files\Java\jdk1.8.0_131\jre\bin\nio.dll
0x00007ff941ed0000 - 0x00007ff941eda000 	Z:\jansi-1.17.1-5348354803013879716.dll
0x00007ff941ec0000 - 0x00007ff941eca000 	Z:\jansi-1.17.1-2935103904096611413.dll

VM Arguments:
jvm_args: -Dmaven.multiModuleProjectDirectory=C:\Users\Asus\Downloads\team05-master\backend 
java_command: org.apache.maven.wrapper.MavenWrapperMain test
java_class_path (initial): C:\Users\Asus\Downloads\team05-master\backend\.mvn\wrapper\maven-wrapper.jar
Launcher Type: SUN_STANDARD

Environment Variables:
JAVA_HOME=C:\Program Files\Java\jdk1.8.0_131
PATH=C:\Program Files\Java\jdk1.8.0_131\bin;C:\ProgramData\Oracle\Java\javapath;C:\Windows\system32;C:\Windows;C:\Windows\System32\Wbem;C:\Windows\System32\WindowsPowerShell\v1.0\;C:\Windows\System32\OpenSSH\;C:\Program Files (x86)\NVIDIA Corporation\PhysX\Common;C:\Program Files\nodejs\;;C:\WINDOWS\system32;C:\WINDOWS;C:\WINDOWS\System32\Wbem;C:\WINDOWS\System32\WindowsPowerShell\v1.0\;C:\WINDOWS\System32\OpenSSH\;C:\Program Files\Java\jdk1.8.0_131\bin;C:\Users\Asus\AppData\Local\Programs\Microsoft VS Code\bin
USERNAME=Asus
OS=Windows_NT
PROCESSOR_IDENTIFIER=Intel64 Family 6 Model 158 Stepping 10, GenuineIntel



---------------  S Y S T E M  ---------------

OS: Windows 10.0 , 64 bit Build 17763 (10.0.17763.292)

CPU:total 12 (initial active 12) (6 cores per cpu, 2 threads per core) family 6 model 158 stepping 10, cmov, cx8, fxsr, mmx, sse, sse2, sse3, ssse3, sse4.1, sse4.2, popcnt, avx, avx2, aes, clmul, erms, 3dnowpref, lzcnt, ht, tsc, tscinvbit, bmi1, bmi2, adx

Memory: 4k page, physical 8239356k(2690404k free), swap 8239356k(5216k free)

vm_info: Java HotSpot(TM) 64-Bit Server VM (25.131-b11) for windows-amd64 JRE (1.8.0_131-b11), built on Mar 15 2017 01:23:53 by "java_re" with MS VC++ 10.0 (VS2010)

time: Sat Mar 02 23:40:46 2019
elapsed time: 1 seconds (0d 0h 0m 1s)

