#
# There is insufficient memory for the Java Runtime Environment to continue.
# Native memory allocation (malloc) failed to allocate 1769616 bytes for Chunk::new
# Possible reasons:
#   The system is out of physical RAM or swap space
#   In 32 bit mode, the process size limit was hit
# Possible solutions:
#   Reduce memory load on the system
#   Increase physical memory or swap space
#   Check if swap backing store is full
#   Use 64 bit Java on a 64 bit OS
#   Decrease Java heap size (-Xmx/-Xms)
#   Decrease number of Java threads
#   Decrease Java thread stack sizes (-Xss)
#   Set larger code cache with -XX:ReservedCodeCacheSize=
# This output file may be truncated or incomplete.
#
#  Out of Memory Error (allocation.cpp:390), pid=3620, tid=0x0000000000001cb0
#
# JRE version: Java(TM) SE Runtime Environment (8.0_131-b11) (build 1.8.0_131-b11)
# Java VM: Java HotSpot(TM) 64-Bit Server VM (25.131-b11 mixed mode windows-amd64 compressed oops)
# Failed to write core dump. Minidumps are not enabled by default on client versions of Windows
#

---------------  T H R E A D  ---------------

Current thread (0x0000000019bfd800):  JavaThread "C2 CompilerThread0" daemon [_thread_in_native, id=7344, stack(0x000000001b270000,0x000000001b370000)]

Stack: [0x000000001b270000,0x000000001b370000]
[error occurred during error reporting (printing stack bounds), id 0xc0000005]

Native frames: (J=compiled Java code, j=interpreted, Vv=VM code, C=native code)


Current CompileTask:
C2:   3449 4077   !   4       lombok.javac.JavacAST::drill (145 bytes)


---------------  P R O C E S S  ---------------

Java Threads: ( => current thread )
  0x0000000019c95800 JavaThread "Service Thread" daemon [_thread_blocked, id=4484, stack(0x000000001b670000,0x000000001b770000)]
  0x0000000019c0a000 JavaThread "C1 CompilerThread3" daemon [_thread_blocked, id=6540, stack(0x000000001b570000,0x000000001b670000)]
  0x0000000019c09800 JavaThread "C2 CompilerThread2" daemon [_thread_in_native, id=2328, stack(0x000000001b470000,0x000000001b570000)]
  0x0000000019c04800 JavaThread "C2 CompilerThread1" daemon [_thread_in_native, id=2908, stack(0x000000001b370000,0x000000001b470000)]
=>0x0000000019bfd800 JavaThread "C2 CompilerThread0" daemon [_thread_in_native, id=7344, stack(0x000000001b270000,0x000000001b370000)]
  0x0000000019bfa000 JavaThread "Attach Listener" daemon [_thread_blocked, id=10396, stack(0x000000001b170000,0x000000001b270000)]
  0x0000000019bf8000 JavaThread "Signal Dispatcher" daemon [_thread_blocked, id=2692, stack(0x000000001b070000,0x000000001b170000)]
  0x00000000033fa000 JavaThread "Finalizer" daemon [_thread_blocked, id=6632, stack(0x000000001ae70000,0x000000001af70000)]
  0x00000000033f9000 JavaThread "Reference Handler" daemon [_thread_blocked, id=7904, stack(0x000000001ad70000,0x000000001ae70000)]
  0x000000000310d800 JavaThread "main" [_thread_in_native, id=4656, stack(0x0000000003200000,0x0000000003300000)]

Other Threads:
  0x0000000019bd2800 VMThread [stack: 0x000000001ac70000,0x000000001ad70000] [id=10664]
  0x0000000019c9b800 WatcherThread [stack: 0x000000001b770000,0x000000001b870000] [id=952]

VM state:not at safepoint (normal execution)

VM Mutex/Monitor currently owned by a thread: None

Heap:
 PSYoungGen      total 140288K, used 35301K [0x00000000d6180000, 0x00000000e4280000, 0x0000000100000000)
  eden space 128000K, 17% used [0x00000000d6180000,0x00000000d77fd5a0,0x00000000dde80000)
  from space 12288K, 99% used [0x00000000ded80000,0x00000000df97c208,0x00000000df980000)
  to   space 15360K, 0% used [0x00000000dde80000,0x00000000dde80000,0x00000000ded80000)
 ParOldGen       total 74752K, used 24345K [0x0000000082400000, 0x0000000086d00000, 0x00000000d6180000)
  object space 74752K, 32% used [0x0000000082400000,0x0000000083bc64a8,0x0000000086d00000)
 Metaspace       used 23830K, capacity 24452K, committed 24576K, reserved 1071104K
  class space    used 2802K, capacity 2986K, committed 3072K, reserved 1048576K

Card table byte_map: [0x00000000127c0000,0x0000000012bb0000] byte_map_base: 0x00000000123ae000

Marking Bits: (ParMarkBitMap*) 0x0000000065c7c720
 Begin Bits: [0x0000000013850000, 0x00000000157c0000)
 End Bits:   [0x00000000157c0000, 0x0000000017730000)

Polling page: 0x00000000018c0000

CodeCache: size=245760Kb used=14855Kb max_used=14855Kb free=230904Kb
 bounds [0x0000000003400000, 0x00000000042a0000, 0x0000000012400000]
 total_blobs=4617 nmethods=4204 adapters=324
 compilation: enabled

Compilation events (10 events):
Event: 3.389 Thread 0x0000000019c0a000 4287       2       com.sun.tools.javac.tree.TreeScanner::visitImport (9 bytes)
Event: 3.389 Thread 0x0000000019c0a000 nmethod 4287 0x00000000042901d0 code [0x0000000004290340, 0x00000000042904c8]
Event: 3.389 Thread 0x0000000019c0a000 4283       2       com.sun.tools.javac.code.Symtab::makeOperatorName (22 bytes)
Event: 3.390 Thread 0x0000000019c0a000 nmethod 4283 0x0000000004290590 code [0x0000000004290720, 0x0000000004290a48]
Event: 3.393 Thread 0x0000000019c0a000 4290       2       com.sun.tools.javac.tree.JCTree$Visitor::visitMethodDef (6 bytes)
Event: 3.393 Thread 0x0000000019c0a000 nmethod 4290 0x0000000004290cd0 code [0x0000000004290e40, 0x0000000004290fc8]
Event: 3.393 Thread 0x0000000019c0a000 4291       2       com.sun.tools.javac.comp.Enter::classEnter (61 bytes)
Event: 3.393 Thread 0x0000000019c0a000 nmethod 4291 0x0000000004291050 code [0x00000000042911e0, 0x00000000042914f8]
Event: 3.417 Thread 0x0000000019c0a000 4292       2       com.sun.tools.javac.file.ZipFileIndex$DirectoryEntry::getFiles (75 bytes)
Event: 3.418 Thread 0x0000000019c0a000 nmethod 4292 0x0000000004291690 code [0x0000000004291840, 0x0000000004291c08]

GC Heap History (10 events):
Event: 1.715 GC heap before
{Heap before GC invocations=5 (full 0):
 PSYoungGen      total 70656K, used 70624K [0x00000000d6180000, 0x00000000dab80000, 0x0000000100000000)
  eden space 65536K, 100% used [0x00000000d6180000,0x00000000da180000,0x00000000da180000)
  from space 5120K, 99% used [0x00000000da680000,0x00000000dab78040,0x00000000dab80000)
  to   space 5120K, 0% used [0x00000000da180000,0x00000000da180000,0x00000000da680000)
 ParOldGen       total 86016K, used 8982K [0x0000000082400000, 0x0000000087800000, 0x00000000d6180000)
  object space 86016K, 10% used [0x0000000082400000,0x0000000082cc5818,0x0000000087800000)
 Metaspace       used 16026K, capacity 16318K, committed 16512K, reserved 1062912K
  class space    used 1924K, capacity 2049K, committed 2176K, reserved 1048576K
Event: 1.726 GC heap after
Heap after GC invocations=5 (full 0):
 PSYoungGen      total 70656K, used 5088K [0x00000000d6180000, 0x00000000df980000, 0x0000000100000000)
  eden space 65536K, 0% used [0x00000000d6180000,0x00000000d6180000,0x00000000da180000)
  from space 5120K, 99% used [0x00000000da180000,0x00000000da678040,0x00000000da680000)
  to   space 12288K, 0% used [0x00000000ded80000,0x00000000ded80000,0x00000000df980000)
 ParOldGen       total 86016K, used 15178K [0x0000000082400000, 0x0000000087800000, 0x00000000d6180000)
  object space 86016K, 17% used [0x0000000082400000,0x00000000832d2930,0x0000000087800000)
 Metaspace       used 16026K, capacity 16318K, committed 16512K, reserved 1062912K
  class space    used 1924K, capacity 2049K, committed 2176K, reserved 1048576K
}
Event: 2.224 GC heap before
{Heap before GC invocations=6 (full 0):
 PSYoungGen      total 70656K, used 70624K [0x00000000d6180000, 0x00000000df980000, 0x0000000100000000)
  eden space 65536K, 100% used [0x00000000d6180000,0x00000000da180000,0x00000000da180000)
  from space 5120K, 99% used [0x00000000da180000,0x00000000da678040,0x00000000da680000)
  to   space 12288K, 0% used [0x00000000ded80000,0x00000000ded80000,0x00000000df980000)
 ParOldGen       total 86016K, used 15178K [0x0000000082400000, 0x0000000087800000, 0x00000000d6180000)
  object space 86016K, 17% used [0x0000000082400000,0x00000000832d2930,0x0000000087800000)
 Metaspace       used 17292K, capacity 17710K, committed 17920K, reserved 1064960K
  class space    used 2035K, capacity 2189K, committed 2304K, reserved 1048576K
Event: 2.234 GC heap after
Heap after GC invocations=6 (full 0):
 PSYoungGen      total 142848K, used 10147K [0x00000000d6180000, 0x00000000dfa80000, 0x0000000100000000)
  eden space 130560K, 0% used [0x00000000d6180000,0x00000000d6180000,0x00000000de100000)
  from space 12288K, 82% used [0x00000000ded80000,0x00000000df768d50,0x00000000df980000)
  to   space 12800K, 0% used [0x00000000de100000,0x00000000de100000,0x00000000ded80000)
 ParOldGen       total 86016K, used 15186K [0x0000000082400000, 0x0000000087800000, 0x00000000d6180000)
  object space 86016K, 17% used [0x0000000082400000,0x00000000832d4930,0x0000000087800000)
 Metaspace       used 17292K, capacity 17710K, committed 17920K, reserved 1064960K
  class space    used 2035K, capacity 2189K, committed 2304K, reserved 1048576K
}
Event: 2.501 GC heap before
{Heap before GC invocations=7 (full 0):
 PSYoungGen      total 142848K, used 36224K [0x00000000d6180000, 0x00000000dfa80000, 0x0000000100000000)
  eden space 130560K, 19% used [0x00000000d6180000,0x00000000d7af72e0,0x00000000de100000)
  from space 12288K, 82% used [0x00000000ded80000,0x00000000df768d50,0x00000000df980000)
  to   space 12800K, 0% used [0x00000000de100000,0x00000000de100000,0x00000000ded80000)
 ParOldGen       total 86016K, used 15186K [0x0000000082400000, 0x0000000087800000, 0x00000000d6180000)
  object space 86016K, 17% used [0x0000000082400000,0x00000000832d4930,0x0000000087800000)
 Metaspace       used 20646K, capacity 21146K, committed 21296K, reserved 1069056K
  class space    used 2485K, capacity 2653K, committed 2688K, reserved 1048576K
Event: 2.509 GC heap after
Heap after GC invocations=7 (full 0):
 PSYoungGen      total 143360K, used 8547K [0x00000000d6180000, 0x00000000dfa80000, 0x0000000100000000)
  eden space 130560K, 0% used [0x00000000d6180000,0x00000000d6180000,0x00000000de100000)
  from space 12800K, 66% used [0x00000000de100000,0x00000000de958d28,0x00000000ded80000)
  to   space 12288K, 0% used [0x00000000ded80000,0x00000000ded80000,0x00000000df980000)
 ParOldGen       total 86016K, used 17300K [0x0000000082400000, 0x0000000087800000, 0x00000000d6180000)
  object space 86016K, 20% used [0x0000000082400000,0x00000000834e5200,0x0000000087800000)
 Metaspace       used 20646K, capacity 21146K, committed 21296K, reserved 1069056K
  class space    used 2485K, capacity 2653K, committed 2688K, reserved 1048576K
}
Event: 2.509 GC heap before
{Heap before GC invocations=8 (full 1):
 PSYoungGen      total 143360K, used 8547K [0x00000000d6180000, 0x00000000dfa80000, 0x0000000100000000)
  eden space 130560K, 0% used [0x00000000d6180000,0x00000000d6180000,0x00000000de100000)
  from space 12800K, 66% used [0x00000000de100000,0x00000000de958d28,0x00000000ded80000)
  to   space 12288K, 0% used [0x00000000ded80000,0x00000000ded80000,0x00000000df980000)
 ParOldGen       total 86016K, used 17300K [0x0000000082400000, 0x0000000087800000, 0x00000000d6180000)
  object space 86016K, 20% used [0x0000000082400000,0x00000000834e5200,0x0000000087800000)
 Metaspace       used 20646K, capacity 21146K, committed 21296K, reserved 1069056K
  class space    used 2485K, capacity 2653K, committed 2688K, reserved 1048576K
Event: 2.558 GC heap after
Heap after GC invocations=8 (full 1):
 PSYoungGen      total 143360K, used 0K [0x00000000d6180000, 0x00000000dfa80000, 0x0000000100000000)
  eden space 130560K, 0% used [0x00000000d6180000,0x00000000d6180000,0x00000000de100000)
  from space 12800K, 0% used [0x00000000de100000,0x00000000de100000,0x00000000ded80000)
  to   space 12288K, 0% used [0x00000000ded80000,0x00000000ded80000,0x00000000df980000)
 ParOldGen       total 74752K, used 20100K [0x0000000082400000, 0x0000000086d00000, 0x00000000d6180000)
  object space 74752K, 26% used [0x0000000082400000,0x00000000837a1180,0x0000000086d00000)
 Metaspace       used 20646K, capacity 21146K, committed 21296K, reserved 1069056K
  class space    used 2485K, capacity 2653K, committed 2688K, reserved 1048576K
}
Event: 3.297 GC heap before
{Heap before GC invocations=9 (full 1):
 PSYoungGen      total 143360K, used 130560K [0x00000000d6180000, 0x00000000dfa80000, 0x0000000100000000)
  eden space 130560K, 100% used [0x00000000d6180000,0x00000000de100000,0x00000000de100000)
  from space 12800K, 0% used [0x00000000de100000,0x00000000de100000,0x00000000ded80000)
  to   space 12288K, 0% used [0x00000000ded80000,0x00000000ded80000,0x00000000df980000)
 ParOldGen       total 74752K, used 20100K [0x0000000082400000, 0x0000000086d00000, 0x00000000d6180000)
  object space 74752K, 26% used [0x0000000082400000,0x00000000837a1180,0x0000000086d00000)
 Metaspace       used 23723K, capacity 24324K, committed 24576K, reserved 1071104K
  class space    used 2802K, capacity 2986K, committed 3072K, reserved 1048576K
Event: 3.307 GC heap after
Heap after GC invocations=9 (full 1):
 PSYoungGen      total 140288K, used 12272K [0x00000000d6180000, 0x00000000e4280000, 0x0000000100000000)
  eden space 128000K, 0% used [0x00000000d6180000,0x00000000d6180000,0x00000000dde80000)
  from space 12288K, 99% used [0x00000000ded80000,0x00000000df97c208,0x00000000df980000)
  to   space 15360K, 0% used [0x00000000dde80000,0x00000000dde80000,0x00000000ded80000)
 ParOldGen       total 74752K, used 24345K [0x0000000082400000, 0x0000000086d00000, 0x00000000d6180000)
  object space 74752K, 32% used [0x0000000082400000,0x0000000083bc64a8,0x0000000086d00000)
 Metaspace       used 23723K, capacity 24324K, committed 24576K, reserved 1071104K
  class space    used 2802K, capacity 2986K, committed 3072K, reserved 1048576K
}

Deoptimization events (10 events):
Event: 3.043 Thread 0x000000000310d800 Uncommon trap: reason=bimorphic action=maybe_recompile pc=0x00000000039975ec method=java.util.regex.Pattern$5.isSatisfiedBy(I)Z @ 5
Event: 3.054 Thread 0x000000000310d800 Uncommon trap: reason=unstable_if action=reinterpret pc=0x0000000003ac19cc method=java.util.HashMap.hash(Ljava/lang/Object;)I @ 1
Event: 3.057 Thread 0x000000000310d800 Uncommon trap: reason=unstable_if action=reinterpret pc=0x0000000003aeef1c method=java.util.HashMap.hash(Ljava/lang/Object;)I @ 1
Event: 3.084 Thread 0x000000000310d800 Uncommon trap: reason=unstable_if action=reinterpret pc=0x00000000039892ac method=java.lang.reflect.Field.get(Ljava/lang/Object;)Ljava/lang/Object; @ 4
Event: 3.363 Thread 0x000000000310d800 Uncommon trap: reason=bimorphic action=maybe_recompile pc=0x000000000420a6c8 method=lombok.javac.JavacNode.traverse(Llombok/javac/JavacASTVisitor;)V @ 69
Event: 3.363 Thread 0x000000000310d800 Uncommon trap: reason=bimorphic action=maybe_recompile pc=0x000000000420a698 method=lombok.javac.JavacNode.traverse(Llombok/javac/JavacASTVisitor;)V @ 112
Event: 3.363 Thread 0x000000000310d800 Uncommon trap: reason=bimorphic action=maybe_recompile pc=0x0000000004209e8c method=lombok.javac.JavacNode.traverse(Llombok/javac/JavacASTVisitor;)V @ 494
Event: 3.363 Thread 0x000000000310d800 Uncommon trap: reason=bimorphic action=maybe_recompile pc=0x0000000004209e8c method=lombok.javac.JavacNode.traverse(Llombok/javac/JavacASTVisitor;)V @ 494
Event: 3.387 Thread 0x000000000310d800 Uncommon trap: reason=unstable_if action=reinterpret pc=0x0000000003b01b48 method=java.util.HashMap.hash(Ljava/lang/Object;)I @ 1
Event: 3.387 Thread 0x000000000310d800 Uncommon trap: reason=unstable_if action=reinterpret pc=0x000000000383e330 method=java.util.HashMap.hash(Ljava/lang/Object;)I @ 1

Internal exceptions (10 events):
Event: 1.436 Thread 0x000000000310d800 Implicit null exception at 0x00000000037bab15 to 0x00000000037bace5
Event: 1.436 Thread 0x000000000310d800 Implicit null exception at 0x00000000037d5b2f to 0x00000000037d5b99
Event: 2.079 Thread 0x000000000310d800 Implicit null exception at 0x0000000003d2db7d to 0x0000000003d2dfc1
Event: 2.395 Thread 0x000000000310d800 Exception <a 'java/lang/ClassNotFoundException': com/sun/tools/javac/api/JavacTool> (0x00000000d708e240) thrown at [C:\re\workspace\8-2-build-windows-amd64-cygwin\jdk8u131\8869\hotspot\src\share\vm\classfile\systemDictionary.cpp, line 210]
Event: 2.750 Thread 0x000000000310d800 Exception <a 'java/io/FileNotFoundException'> (0x00000000d8e55f00) thrown at [C:\re\workspace\8-2-build-windows-amd64-cygwin\jdk8u131\8869\hotspot\src\share\vm\prims\jni.cpp, line 709]
Event: 2.751 Thread 0x000000000310d800 Exception <a 'java/io/FileNotFoundException'> (0x00000000d8e8a810) thrown at [C:\re\workspace\8-2-build-windows-amd64-cygwin\jdk8u131\8869\hotspot\src\share\vm\prims\jni.cpp, line 709]
Event: 3.054 Thread 0x000000000310d800 Implicit null exception at 0x0000000003ac15b1 to 0x0000000003ac19b5
Event: 3.057 Thread 0x000000000310d800 Implicit null exception at 0x0000000003aeed15 to 0x0000000003aeef0d
Event: 3.387 Thread 0x000000000310d800 Implicit null exception at 0x0000000003b00eb1 to 0x0000000003b01b2d
Event: 3.387 Thread 0x000000000310d800 Implicit null exception at 0x000000000383e298 to 0x000000000383e326

Events (10 events):
Event: 3.363 Thread 0x000000000310d800 DEOPT UNPACKING pc=0x000000000344582a sp=0x00000000032fca88 mode 2
Event: 3.363 Thread 0x000000000310d800 Uncommon trap: trap_request=0xffffffc6 fr.pc=0x0000000004209e8c
Event: 3.363 Thread 0x000000000310d800 DEOPT PACKING pc=0x0000000004209e8c sp=0x00000000032fcb00
Event: 3.363 Thread 0x000000000310d800 DEOPT UNPACKING pc=0x000000000344582a sp=0x00000000032fca88 mode 2
Event: 3.387 Thread 0x000000000310d800 Uncommon trap: trap_request=0xffffff65 fr.pc=0x0000000003b01b48
Event: 3.387 Thread 0x000000000310d800 DEOPT PACKING pc=0x0000000003b01b48 sp=0x00000000032fce20
Event: 3.387 Thread 0x000000000310d800 DEOPT UNPACKING pc=0x000000000344582a sp=0x00000000032fcd28 mode 2
Event: 3.387 Thread 0x000000000310d800 Uncommon trap: trap_request=0xffffff65 fr.pc=0x000000000383e330
Event: 3.387 Thread 0x000000000310d800 DEOPT PACKING pc=0x000000000383e330 sp=0x00000000032fcde0
Event: 3.387 Thread 0x000000000310d800 DEOPT UNPACKING pc=0x000000000344582a sp=0x00000000032fcd30 mode 2


Dynamic libraries:
0x00007ff794cb0000 - 0x00007ff794ce7000 	C:\Program Files\Java\jdk1.8.0_131\bin\java.exe
0x00007ff95c9f0000 - 0x00007ff95cbdd000 	C:\WINDOWS\SYSTEM32\ntdll.dll
0x00007ff959c20000 - 0x00007ff959cd3000 	C:\WINDOWS\System32\KERNEL32.DLL
0x00007ff959380000 - 0x00007ff959613000 	C:\WINDOWS\System32\KERNELBASE.dll
0x00007ff95c910000 - 0x00007ff95c9b3000 	C:\WINDOWS\System32\ADVAPI32.dll
0x00007ff959e20000 - 0x00007ff959ebe000 	C:\WINDOWS\System32\msvcrt.dll
0x00007ff95b130000 - 0x00007ff95b1ce000 	C:\WINDOWS\System32\sechost.dll
0x00007ff95b1e0000 - 0x00007ff95b302000 	C:\WINDOWS\System32\RPCRT4.dll
0x00007ff95a120000 - 0x00007ff95a2b7000 	C:\WINDOWS\System32\USER32.dll
0x00007ff959330000 - 0x00007ff959350000 	C:\WINDOWS\System32\win32u.dll
0x00007ff95ae70000 - 0x00007ff95ae99000 	C:\WINDOWS\System32\GDI32.dll
0x00007ff959720000 - 0x00007ff9598ba000 	C:\WINDOWS\System32\gdi32full.dll
0x00007ff958ac0000 - 0x00007ff958b60000 	C:\WINDOWS\System32\msvcp_win.dll
0x00007ff959620000 - 0x00007ff95971c000 	C:\WINDOWS\System32\ucrtbase.dll
0x00007ff946580000 - 0x00007ff9467f9000 	C:\WINDOWS\WinSxS\amd64_microsoft.windows.common-controls_6595b64144ccf1df_6.0.17763.316_none_05b53be2071f46b6\COMCTL32.dll
0x00007ff95aae0000 - 0x00007ff95ae0d000 	C:\WINDOWS\System32\combase.dll
0x00007ff959ba0000 - 0x00007ff959c1e000 	C:\WINDOWS\System32\bcryptPrimitives.dll
0x00007ff95a020000 - 0x00007ff95a04e000 	C:\WINDOWS\System32\IMM32.DLL
0x0000000065d00000 - 0x0000000065dd2000 	C:\Program Files\Java\jdk1.8.0_131\jre\bin\msvcr100.dll
0x0000000065460000 - 0x0000000065cfc000 	C:\Program Files\Java\jdk1.8.0_131\jre\bin\server\jvm.dll
0x00007ff95aa70000 - 0x00007ff95aa78000 	C:\WINDOWS\System32\PSAPI.DLL
0x00007ff9551e0000 - 0x00007ff9551e9000 	C:\WINDOWS\SYSTEM32\WSOCK32.dll
0x00007ff9550f0000 - 0x00007ff955114000 	C:\WINDOWS\SYSTEM32\WINMM.dll
0x00007ff94e950000 - 0x00007ff94e95a000 	C:\WINDOWS\SYSTEM32\VERSION.dll
0x00007ff95aa00000 - 0x00007ff95aa6d000 	C:\WINDOWS\System32\WS2_32.dll
0x00007ff9550c0000 - 0x00007ff9550ed000 	C:\WINDOWS\SYSTEM32\WINMMBASE.dll
0x00007ff959b50000 - 0x00007ff959b9a000 	C:\WINDOWS\System32\cfgmgr32.dll
0x0000000065450000 - 0x000000006545f000 	C:\Program Files\Java\jdk1.8.0_131\jre\bin\verify.dll
0x0000000065420000 - 0x0000000065449000 	C:\Program Files\Java\jdk1.8.0_131\jre\bin\java.dll
0x0000000065400000 - 0x0000000065416000 	C:\Program Files\Java\jdk1.8.0_131\jre\bin\zip.dll
0x00007ff95b370000 - 0x00007ff95c85f000 	C:\WINDOWS\System32\SHELL32.dll
0x00007ff95a950000 - 0x00007ff95a9f8000 	C:\WINDOWS\System32\shcore.dll
0x00007ff958bc0000 - 0x00007ff95930a000 	C:\WINDOWS\System32\windows.storage.dll
0x00007ff958a70000 - 0x00007ff958a94000 	C:\WINDOWS\System32\profapi.dll
0x00007ff9589f0000 - 0x00007ff958a4d000 	C:\WINDOWS\System32\powrprof.dll
0x00007ff95a740000 - 0x00007ff95a792000 	C:\WINDOWS\System32\shlwapi.dll
0x00007ff958a50000 - 0x00007ff958a61000 	C:\WINDOWS\System32\kernel.appcore.dll
0x00007ff959310000 - 0x00007ff959327000 	C:\WINDOWS\System32\cryptsp.dll
0x00007ff957e40000 - 0x00007ff957e73000 	C:\WINDOWS\system32\rsaenh.dll
0x00007ff959350000 - 0x00007ff959376000 	C:\WINDOWS\System32\bcrypt.dll
0x00007ff958920000 - 0x00007ff958948000 	C:\WINDOWS\SYSTEM32\USERENV.dll
0x00007ff958450000 - 0x00007ff95845c000 	C:\WINDOWS\SYSTEM32\CRYPTBASE.dll
0x00000000653e0000 - 0x00000000653fa000 	C:\Program Files\Java\jdk1.8.0_131\jre\bin\net.dll
0x00007ff958280000 - 0x00007ff9582e7000 	C:\WINDOWS\system32\mswsock.dll
0x00007ff957fe0000 - 0x00007ff95801d000 	C:\WINDOWS\SYSTEM32\IPHLPAPI.DLL
0x00007ff959ce0000 - 0x00007ff959ce8000 	C:\WINDOWS\System32\NSI.dll
0x00007ff94e990000 - 0x00007ff94e9a6000 	C:\WINDOWS\SYSTEM32\dhcpcsvc6.DLL
0x00007ff94e9d0000 - 0x00007ff94e9ec000 	C:\WINDOWS\SYSTEM32\dhcpcsvc.DLL
0x00007ff958020000 - 0x00007ff9580e6000 	C:\WINDOWS\SYSTEM32\DNSAPI.dll
0x00000000653c0000 - 0x00000000653d1000 	C:\Program Files\Java\jdk1.8.0_131\jre\bin\nio.dll
0x00007ff94d990000 - 0x00007ff94d99a000 	Z:\jansi-1.17.1-3592322845159092251.dll
0x00007ff94d980000 - 0x00007ff94d98a000 	Z:\jansi-1.17.1-8083923654688683022.dll

VM Arguments:
jvm_args: -Dmaven.multiModuleProjectDirectory=C:\Users\Asus\Downloads\team05-master\backend 
java_command: org.apache.maven.wrapper.MavenWrapperMain test
java_class_path (initial): C:\Users\Asus\Downloads\team05-master\backend\.mvn\wrapper\maven-wrapper.jar
Launcher Type: SUN_STANDARD

Environment Variables:
JAVA_HOME=C:\Program Files\Java\jdk1.8.0_131
PATH=C:\Program Files\Java\jdk1.8.0_131\bin;C:\ProgramData\Oracle\Java\javapath;C:\Windows\system32;C:\Windows;C:\Windows\System32\Wbem;C:\Windows\System32\WindowsPowerShell\v1.0\;C:\Windows\System32\OpenSSH\;C:\Program Files (x86)\NVIDIA Corporation\PhysX\Common;C:\Program Files\nodejs\;;C:\WINDOWS\system32;C:\WINDOWS;C:\WINDOWS\System32\Wbem;C:\WINDOWS\System32\WindowsPowerShell\v1.0\;C:\WINDOWS\System32\OpenSSH\;C:\Program Files\Java\jdk1.8.0_131\bin;C:\Users\Asus\AppData\Local\Programs\Microsoft VS Code\bin
USERNAME=Asus
OS=Windows_NT
PROCESSOR_IDENTIFIER=Intel64 Family 6 Model 158 Stepping 10, GenuineIntel



---------------  S Y S T E M  ---------------

OS: Windows 10.0 , 64 bit Build 17763 (10.0.17763.292)

CPU:total 12 (initial active 12) (6 cores per cpu, 2 threads per core) family 6 model 158 stepping 10, cmov, cx8, fxsr, mmx, sse, sse2, sse3, ssse3, sse4.1, sse4.2, popcnt, avx, avx2, aes, clmul, erms, 3dnowpref, lzcnt, ht, tsc, tscinvbit, bmi1, bmi2, adx

Memory: 4k page, physical 8239356k(2757444k free), swap 8239356k(5752k free)

vm_info: Java HotSpot(TM) 64-Bit Server VM (25.131-b11) for windows-amd64 JRE (1.8.0_131-b11), built on Mar 15 2017 01:23:53 by "java_re" with MS VC++ 10.0 (VS2010)

time: Sat Mar 02 23:30:49 2019
elapsed time: 3 seconds (0d 0h 0m 3s)

