#
# There is insufficient memory for the Java Runtime Environment to continue.
# Native memory allocation (malloc) failed to allocate 1684272 bytes for Chunk::new
# Possible reasons:
#   The system is out of physical RAM or swap space
#   In 32 bit mode, the process size limit was hit
# Possible solutions:
#   Reduce memory load on the system
#   Increase physical memory or swap space
#   Check if swap backing store is full
#   Use 64 bit Java on a 64 bit OS
#   Decrease Java heap size (-Xmx/-Xms)
#   Decrease number of Java threads
#   Decrease Java thread stack sizes (-Xss)
#   Set larger code cache with -XX:ReservedCodeCacheSize=
# This output file may be truncated or incomplete.
#
#  Out of Memory Error (allocation.cpp:390), pid=9980, tid=0x00000000000027b0
#
# JRE version: Java(TM) SE Runtime Environment (8.0_131-b11) (build 1.8.0_131-b11)
# Java VM: Java HotSpot(TM) 64-Bit Server VM (25.131-b11 mixed mode windows-amd64 compressed oops)
# Failed to write core dump. Minidumps are not enabled by default on client versions of Windows
#

---------------  T H R E A D  ---------------

Current thread (0x0000000018fc9000):  JavaThread "C2 CompilerThread2" daemon [_thread_in_native, id=10160, stack(0x000000001a820000,0x000000001a920000)]

Stack: [0x000000001a820000,0x000000001a920000]
[error occurred during error reporting (printing stack bounds), id 0xc0000005]

Native frames: (J=compiled Java code, j=interpreted, Vv=VM code, C=native code)


Current CompileTask:
C2:   5731 5513       4       org.springframework.core.annotation.AnnotationUtils::adaptValue (182 bytes)


---------------  P R O C E S S  ---------------

Java Threads: ( => current thread )
  0x000000001ef9c000 JavaThread "main" [_thread_in_Java, id=2688, stack(0x000000001cd40000,0x000000001ce40000)]
  0x0000000019056000 JavaThread "Service Thread" daemon [_thread_blocked, id=3480, stack(0x000000001aa20000,0x000000001ab20000)]
  0x0000000018fc9800 JavaThread "C1 CompilerThread3" daemon [_thread_in_vm, id=9760, stack(0x000000001a920000,0x000000001aa20000)]
=>0x0000000018fc9000 JavaThread "C2 CompilerThread2" daemon [_thread_in_native, id=10160, stack(0x000000001a820000,0x000000001a920000)]
  0x0000000018fc4000 JavaThread "C2 CompilerThread1" daemon [_thread_in_native, id=9136, stack(0x000000001a720000,0x000000001a820000)]
  0x0000000018fbd000 JavaThread "C2 CompilerThread0" daemon [_thread_in_native, id=7864, stack(0x000000001a620000,0x000000001a720000)]
  0x0000000018fb8000 JavaThread "Attach Listener" daemon [_thread_blocked, id=4216, stack(0x000000001a520000,0x000000001a620000)]
  0x0000000018fb7000 JavaThread "Signal Dispatcher" daemon [_thread_blocked, id=384, stack(0x000000001a420000,0x000000001a520000)]
  0x000000000279a800 JavaThread "Finalizer" daemon [_thread_blocked, id=9972, stack(0x000000001a220000,0x000000001a320000)]
  0x0000000002799000 JavaThread "Reference Handler" daemon [_thread_blocked, id=5988, stack(0x000000001a120000,0x000000001a220000)]
  0x000000000269d800 JavaThread "main" [_thread_blocked, id=1480, stack(0x0000000002580000,0x0000000002680000)]

Other Threads:
  0x0000000018f92800 VMThread [stack: 0x000000001a020000,0x000000001a120000] [id=656]
  0x000000001908c000 WatcherThread [stack: 0x000000001ab20000,0x000000001ac20000] [id=2800]

VM state:not at safepoint (normal execution)

VM Mutex/Monitor currently owned by a thread: None

Heap:
 PSYoungGen      total 210944K, used 187931K [0x00000000d6180000, 0x00000000e7d80000, 0x0000000100000000)
  eden space 196096K, 95% used [0x00000000d6180000,0x00000000e1906d98,0x00000000e2100000)
  from space 14848K, 0% used [0x00000000e6f00000,0x00000000e6f00000,0x00000000e7d80000)
  to   space 16896K, 0% used [0x00000000e5c80000,0x00000000e5c80000,0x00000000e6d00000)
 ParOldGen       total 80384K, used 36550K [0x0000000082400000, 0x0000000087280000, 0x00000000d6180000)
  object space 80384K, 45% used [0x0000000082400000,0x00000000847b1980,0x0000000087280000)
 Metaspace       used 41918K, capacity 43478K, committed 43648K, reserved 1087488K
  class space    used 5335K, capacity 5712K, committed 5760K, reserved 1048576K

Card table byte_map: [0x0000000011b60000,0x0000000011f50000] byte_map_base: 0x000000001174e000

Marking Bits: (ParMarkBitMap*) 0x000000006e99c720
 Begin Bits: [0x0000000012bf0000, 0x0000000014b60000)
 End Bits:   [0x0000000014b60000, 0x0000000016ad0000)

Polling page: 0x00000000003f0000

CodeCache: size=245760Kb used=17919Kb max_used=17931Kb free=227840Kb
 bounds [0x00000000027a0000, 0x0000000003940000, 0x00000000117a0000]
 total_blobs=5488 nmethods=5046 adapters=353
 compilation: enabled

Compilation events (10 events):
Event: 5.725 Thread 0x0000000018fc9800 nmethod 5745 0x00000000039205d0 code [0x0000000003920740, 0x0000000003920b88]
Event: 5.725 Thread 0x0000000018fc9800 5748       3       org.springframework.cglib.core.LocalVariablesSorter::<init> (93 bytes)
Event: 5.725 Thread 0x0000000018fc9800 nmethod 5748 0x0000000003920d50 code [0x0000000003920f00, 0x00000000039215a8]
Event: 5.725 Thread 0x0000000018fc9800 5746       1       org.springframework.cglib.core.ReflectUtils$6::getType (5 bytes)
Event: 5.725 Thread 0x0000000018fc9800 nmethod 5746 0x0000000003921950 code [0x0000000003921aa0, 0x0000000003921bb0]
Event: 5.725 Thread 0x0000000018fc9800 5749       3       org.springframework.cglib.core.CodeEmitter$State::<init> (50 bytes)
Event: 5.726 Thread 0x0000000018fc9800 nmethod 5749 0x0000000003921c10 code [0x0000000003921da0, 0x00000000039221c8]
Event: 5.727 Thread 0x0000000018fbd000 nmethod 5638 0x0000000003925cd0 code [0x0000000003925e80, 0x0000000003926b98]
Event: 5.727 Thread 0x0000000018fbd000 5713       4       org.springframework.asm.ByteVector::putUTF8 (142 bytes)
Event: 5.728 Thread 0x0000000018fc9800 5751       3       org.springframework.cglib.core.ReflectUtils::getNames (37 bytes)

GC Heap History (10 events):
Event: 3.039 GC heap before
{Heap before GC invocations=6 (full 0):
 PSYoungGen      total 70656K, used 70640K [0x00000000d6180000, 0x00000000dfa80000, 0x0000000100000000)
  eden space 65536K, 100% used [0x00000000d6180000,0x00000000da180000,0x00000000da180000)
  from space 5120K, 99% used [0x00000000da180000,0x00000000da67c050,0x00000000da680000)
  to   space 12800K, 0% used [0x00000000dee00000,0x00000000dee00000,0x00000000dfa80000)
 ParOldGen       total 86016K, used 15938K [0x0000000082400000, 0x0000000087800000, 0x00000000d6180000)
  object space 86016K, 18% used [0x0000000082400000,0x0000000083390a58,0x0000000087800000)
 Metaspace       used 17675K, capacity 18150K, committed 18432K, reserved 1064960K
  class space    used 2060K, capacity 2229K, committed 2304K, reserved 1048576K
Event: 3.050 GC heap after
Heap after GC invocations=6 (full 0):
 PSYoungGen      total 143360K, used 10607K [0x00000000d6180000, 0x00000000dfb80000, 0x0000000100000000)
  eden space 130560K, 0% used [0x00000000d6180000,0x00000000d6180000,0x00000000de100000)
  from space 12800K, 82% used [0x00000000dee00000,0x00000000df85bef0,0x00000000dfa80000)
  to   space 13312K, 0% used [0x00000000de100000,0x00000000de100000,0x00000000dee00000)
 ParOldGen       total 86016K, used 15946K [0x0000000082400000, 0x0000000087800000, 0x00000000d6180000)
  object space 86016K, 18% used [0x0000000082400000,0x0000000083392a58,0x0000000087800000)
 Metaspace       used 17675K, capacity 18150K, committed 18432K, reserved 1064960K
  class space    used 2060K, capacity 2229K, committed 2304K, reserved 1048576K
}
Event: 3.687 GC heap before
{Heap before GC invocations=7 (full 0):
 PSYoungGen      total 143360K, used 86379K [0x00000000d6180000, 0x00000000dfb80000, 0x0000000100000000)
  eden space 130560K, 58% used [0x00000000d6180000,0x00000000dab7f000,0x00000000de100000)
  from space 12800K, 82% used [0x00000000dee00000,0x00000000df85bef0,0x00000000dfa80000)
  to   space 13312K, 0% used [0x00000000de100000,0x00000000de100000,0x00000000dee00000)
 ParOldGen       total 86016K, used 15946K [0x0000000082400000, 0x0000000087800000, 0x00000000d6180000)
  object space 86016K, 18% used [0x0000000082400000,0x0000000083392a58,0x0000000087800000)
 Metaspace       used 20534K, capacity 21144K, committed 21296K, reserved 1069056K
  class space    used 2406K, capacity 2658K, committed 2688K, reserved 1048576K
Event: 3.700 GC heap after
Heap after GC invocations=7 (full 0):
 PSYoungGen      total 143872K, used 12682K [0x00000000d6180000, 0x00000000e7d80000, 0x0000000100000000)
  eden space 130560K, 0% used [0x00000000d6180000,0x00000000d6180000,0x00000000de100000)
  from space 13312K, 95% used [0x00000000de100000,0x00000000ded62b68,0x00000000dee00000)
  to   space 14848K, 0% used [0x00000000e6f00000,0x00000000e6f00000,0x00000000e7d80000)
 ParOldGen       total 86016K, used 17888K [0x0000000082400000, 0x0000000087800000, 0x00000000d6180000)
  object space 86016K, 20% used [0x0000000082400000,0x0000000083578338,0x0000000087800000)
 Metaspace       used 20534K, capacity 21144K, committed 21296K, reserved 1069056K
  class space    used 2406K, capacity 2658K, committed 2688K, reserved 1048576K
}
Event: 3.700 GC heap before
{Heap before GC invocations=8 (full 1):
 PSYoungGen      total 143872K, used 12682K [0x00000000d6180000, 0x00000000e7d80000, 0x0000000100000000)
  eden space 130560K, 0% used [0x00000000d6180000,0x00000000d6180000,0x00000000de100000)
  from space 13312K, 95% used [0x00000000de100000,0x00000000ded62b68,0x00000000dee00000)
  to   space 14848K, 0% used [0x00000000e6f00000,0x00000000e6f00000,0x00000000e7d80000)
 ParOldGen       total 86016K, used 17888K [0x0000000082400000, 0x0000000087800000, 0x00000000d6180000)
  object space 86016K, 20% used [0x0000000082400000,0x0000000083578338,0x0000000087800000)
 Metaspace       used 20534K, capacity 21144K, committed 21296K, reserved 1069056K
  class space    used 2406K, capacity 2658K, committed 2688K, reserved 1048576K
Event: 3.770 GC heap after
Heap after GC invocations=8 (full 1):
 PSYoungGen      total 143872K, used 0K [0x00000000d6180000, 0x00000000e7d80000, 0x0000000100000000)
  eden space 130560K, 0% used [0x00000000d6180000,0x00000000d6180000,0x00000000de100000)
  from space 13312K, 0% used [0x00000000de100000,0x00000000de100000,0x00000000dee00000)
  to   space 14848K, 0% used [0x00000000e6f00000,0x00000000e6f00000,0x00000000e7d80000)
 ParOldGen       total 80384K, used 24303K [0x0000000082400000, 0x0000000087280000, 0x00000000d6180000)
  object space 80384K, 30% used [0x0000000082400000,0x0000000083bbbf50,0x0000000087280000)
 Metaspace       used 20534K, capacity 21144K, committed 21296K, reserved 1069056K
  class space    used 2406K, capacity 2658K, committed 2688K, reserved 1048576K
}
Event: 4.485 GC heap before
{Heap before GC invocations=9 (full 1):
 PSYoungGen      total 143872K, used 120853K [0x00000000d6180000, 0x00000000e7d80000, 0x0000000100000000)
  eden space 130560K, 92% used [0x00000000d6180000,0x00000000dd785500,0x00000000de100000)
  from space 13312K, 0% used [0x00000000de100000,0x00000000de100000,0x00000000dee00000)
  to   space 14848K, 0% used [0x00000000e6f00000,0x00000000e6f00000,0x00000000e7d80000)
 ParOldGen       total 80384K, used 24303K [0x0000000082400000, 0x0000000087280000, 0x00000000d6180000)
  object space 80384K, 30% used [0x0000000082400000,0x0000000083bbbf50,0x0000000087280000)
 Metaspace       used 34321K, capacity 35342K, committed 35456K, reserved 1079296K
  class space    used 4301K, capacity 4624K, committed 4736K, reserved 1048576K
Event: 4.496 GC heap after
Heap after GC invocations=9 (full 1):
 PSYoungGen      total 210944K, used 14826K [0x00000000d6180000, 0x00000000e7d80000, 0x0000000100000000)
  eden space 196096K, 0% used [0x00000000d6180000,0x00000000d6180000,0x00000000e2100000)
  from space 14848K, 99% used [0x00000000e6f00000,0x00000000e7d7a810,0x00000000e7d80000)
  to   space 16896K, 0% used [0x00000000e5c80000,0x00000000e5c80000,0x00000000e6d00000)
 ParOldGen       total 80384K, used 24538K [0x0000000082400000, 0x0000000087280000, 0x00000000d6180000)
  object space 80384K, 30% used [0x0000000082400000,0x0000000083bf6a60,0x0000000087280000)
 Metaspace       used 34321K, capacity 35342K, committed 35456K, reserved 1079296K
  class space    used 4301K, capacity 4624K, committed 4736K, reserved 1048576K
}
Event: 4.496 GC heap before
{Heap before GC invocations=10 (full 2):
 PSYoungGen      total 210944K, used 14826K [0x00000000d6180000, 0x00000000e7d80000, 0x0000000100000000)
  eden space 196096K, 0% used [0x00000000d6180000,0x00000000d6180000,0x00000000e2100000)
  from space 14848K, 99% used [0x00000000e6f00000,0x00000000e7d7a810,0x00000000e7d80000)
  to   space 16896K, 0% used [0x00000000e5c80000,0x00000000e5c80000,0x00000000e6d00000)
 ParOldGen       total 80384K, used 24538K [0x0000000082400000, 0x0000000087280000, 0x00000000d6180000)
  object space 80384K, 30% used [0x0000000082400000,0x0000000083bf6a60,0x0000000087280000)
 Metaspace       used 34321K, capacity 35342K, committed 35456K, reserved 1079296K
  class space    used 4301K, capacity 4624K, committed 4736K, reserved 1048576K
Event: 4.535 GC heap after
Heap after GC invocations=10 (full 2):
 PSYoungGen      total 210944K, used 0K [0x00000000d6180000, 0x00000000e7d80000, 0x0000000100000000)
  eden space 196096K, 0% used [0x00000000d6180000,0x00000000d6180000,0x00000000e2100000)
  from space 14848K, 0% used [0x00000000e6f00000,0x00000000e6f00000,0x00000000e7d80000)
  to   space 16896K, 0% used [0x00000000e5c80000,0x00000000e5c80000,0x00000000e6d00000)
 ParOldGen       total 80384K, used 36550K [0x0000000082400000, 0x0000000087280000, 0x00000000d6180000)
  object space 80384K, 45% used [0x0000000082400000,0x00000000847b1980,0x0000000087280000)
 Metaspace       used 34321K, capacity 35342K, committed 35456K, reserved 1079296K
  class space    used 4301K, capacity 4624K, committed 4736K, reserved 1048576K
}

Deoptimization events (10 events):
Event: 5.411 Thread 0x000000001ef9c000 Uncommon trap: reason=class_check action=maybe_recompile pc=0x0000000003840338 method=java.util.stream.ReferencePipeline$2$1.begin(J)V @ 7
Event: 5.415 Thread 0x000000001ef9c000 Uncommon trap: reason=unstable_if action=reinterpret pc=0x0000000003840690 method=java.util.stream.StreamOpFlag.getMask(I)I @ 1
Event: 5.415 Thread 0x000000001ef9c000 Uncommon trap: reason=class_check action=maybe_recompile pc=0x0000000003840338 method=java.util.stream.ReferencePipeline$2$1.begin(J)V @ 7
Event: 5.420 Thread 0x000000001ef9c000 Uncommon trap: reason=bimorphic action=maybe_recompile pc=0x000000000383ab90 method=java.util.stream.Sink$ChainedReference.cancellationRequested()Z @ 4
Event: 5.420 Thread 0x000000001ef9c000 Uncommon trap: reason=bimorphic action=maybe_recompile pc=0x000000000383ab90 method=java.util.stream.Sink$ChainedReference.cancellationRequested()Z @ 4
Event: 5.423 Thread 0x000000001ef9c000 Uncommon trap: reason=class_check action=maybe_recompile pc=0x0000000003840338 method=java.util.stream.ReferencePipeline$2$1.begin(J)V @ 7
Event: 5.423 Thread 0x000000001ef9c000 Uncommon trap: reason=class_check action=maybe_recompile pc=0x0000000003840338 method=java.util.stream.ReferencePipeline$2$1.begin(J)V @ 7
Event: 5.548 Thread 0x000000001ef9c000 Uncommon trap: reason=unstable_if action=reinterpret pc=0x000000000378dfbc method=org.springframework.util.ReflectionUtils.lambda$getUniqueDeclaredMethods$3(Ljava/util/List;Ljava/lang/reflect/Method;)V @ 73
Event: 5.691 Thread 0x000000001ef9c000 Uncommon trap: reason=unstable_if action=reinterpret pc=0x0000000003794760 method=org.springframework.asm.MethodVisitor.visitMethodInsn(ILjava/lang/String;Ljava/lang/String;Ljava/lang/String;Z)V @ 50
Event: 5.718 Thread 0x000000001ef9c000 Uncommon trap: reason=unstable_if action=reinterpret pc=0x0000000002cda65c method=java.util.LinkedList.node(I)Ljava/util/LinkedList$Node; @ 49

Internal exceptions (10 events):
Event: 4.203 Thread 0x000000001ef9c000 Exception <a 'java/lang/NoSuchMethodError': org.slf4j.impl.StaticMDCBinder.getSingleton()Lorg/slf4j/impl/StaticMDCBinder;> (0x00000000da958f78) thrown at [C:\re\workspace\8-2-build-windows-amd64-cygwin\jdk8u131\8869\hotspot\src\share\vm\interpreter\linkRe
Event: 4.305 Thread 0x000000001ef9c000 Exception <a 'java/lang/ClassNotFoundException': java/lang/ObjectCustomizer> (0x00000000dbb52618) thrown at [C:\re\workspace\8-2-build-windows-amd64-cygwin\jdk8u131\8869\hotspot\src\share\vm\classfile\systemDictionary.cpp, line 210]
Event: 4.307 Thread 0x000000001ef9c000 Exception <a 'java/lang/ClassNotFoundException': org/springframework/context/annotation/ConfigurationClassPostProcessorCustomizer> (0x00000000dbb706b8) thrown at [C:\re\workspace\8-2-build-windows-amd64-cygwin\jdk8u131\8869\hotspot\src\share\vm\classfile\
Event: 4.312 Thread 0x000000001ef9c000 Exception <a 'java/lang/ClassNotFoundException': org/springframework/beans/factory/support/BeanDefinitionRegistryPostProcessorCustomizer> (0x00000000dbbcb968) thrown at [C:\re\workspace\8-2-build-windows-amd64-cygwin\jdk8u131\8869\hotspot\src\share\vm\cla
Event: 4.313 Thread 0x000000001ef9c000 Exception <a 'java/lang/ClassNotFoundException': org/springframework/core/PriorityOrderedCustomizer> (0x00000000dbcc10d8) thrown at [C:\re\workspace\8-2-build-windows-amd64-cygwin\jdk8u131\8869\hotspot\src\share\vm\classfile\systemDictionary.cpp, line 210
Event: 4.313 Thread 0x000000001ef9c000 Exception <a 'java/lang/ClassNotFoundException': org/springframework/context/ResourceLoaderAwareCustomizer> (0x00000000dbcd4aa8) thrown at [C:\re\workspace\8-2-build-windows-amd64-cygwin\jdk8u131\8869\hotspot\src\share\vm\classfile\systemDictionary.cpp, l
Event: 4.313 Thread 0x000000001ef9c000 Exception <a 'java/lang/ClassNotFoundException': org/springframework/beans/factory/BeanClassLoaderAwareCustomizer> (0x00000000dbceb248) thrown at [C:\re\workspace\8-2-build-windows-amd64-cygwin\jdk8u131\8869\hotspot\src\share\vm\classfile\systemDictionary
Event: 4.314 Thread 0x000000001ef9c000 Exception <a 'java/lang/ClassNotFoundException': org/springframework/context/EnvironmentAwareCustomizer> (0x00000000dbcff440) thrown at [C:\re\workspace\8-2-build-windows-amd64-cygwin\jdk8u131\8869\hotspot\src\share\vm\classfile\systemDictionary.cpp, line
Event: 4.446 Thread 0x00000000200ed800 Exception <a 'java/lang/IncompatibleClassChangeError': Found class java.lang.Object, but interface was expected> (0x00000000dd14ef08) thrown at [C:\re\workspace\8-2-build-windows-amd64-cygwin\jdk8u131\8869\hotspot\src\share\vm\interpreter\linkResolver.cpp
Event: 5.404 Thread 0x000000001ef9c000 Exception <a 'java/lang/NoSuchMethodError': java.lang.Object.lambda$of$0([Ljava/lang/Object;)Ljava/util/Iterator;> (0x00000000df90c568) thrown at [C:\re\workspace\8-2-build-windows-amd64-cygwin\jdk8u131\8869\hotspot\src\share\vm\interpreter\linkResolver.c

Events (10 events):
Event: 5.727 loading class com/fasterxml/jackson/dataformat/cbor$CBORFactory
Event: 5.727 loading class com/fasterxml/jackson/dataformat/cbor$CBORFactory done
Event: 5.727 loading class com/google/gson/Gson
Event: 5.727 loading class com/google/gson/Gson done
Event: 5.727 loading class com/google/gson$Gson
Event: 5.727 loading class com/google/gson$Gson done
Event: 5.727 loading class javax/json/bind/Jsonb
Event: 5.727 loading class javax/json/bind/Jsonb done
Event: 5.727 loading class javax/json/bind$Jsonb
Event: 5.727 loading class javax/json/bind$Jsonb done


Dynamic libraries:
0x00007ff6b79a0000 - 0x00007ff6b79d7000 	C:\Program Files\Java\jdk1.8.0_131\bin\java.exe
0x00007ffb902b0000 - 0x00007ffb9049d000 	C:\WINDOWS\SYSTEM32\ntdll.dll
0x00007ffb8fc40000 - 0x00007ffb8fcf3000 	C:\WINDOWS\System32\KERNEL32.DLL
0x00007ffb8cb50000 - 0x00007ffb8cde3000 	C:\WINDOWS\System32\KERNELBASE.dll
0x00007ffb8d650000 - 0x00007ffb8d6f3000 	C:\WINDOWS\System32\ADVAPI32.dll
0x00007ffb8e4a0000 - 0x00007ffb8e53e000 	C:\WINDOWS\System32\msvcrt.dll
0x00007ffb8fd00000 - 0x00007ffb8fd9e000 	C:\WINDOWS\System32\sechost.dll
0x00007ffb8e000000 - 0x00007ffb8e122000 	C:\WINDOWS\System32\RPCRT4.dll
0x00007ffb8e300000 - 0x00007ffb8e497000 	C:\WINDOWS\System32\USER32.dll
0x00007ffb8c380000 - 0x00007ffb8c3a0000 	C:\WINDOWS\System32\win32u.dll
0x00007ffb8e130000 - 0x00007ffb8e159000 	C:\WINDOWS\System32\GDI32.dll
0x00007ffb8cdf0000 - 0x00007ffb8cf8a000 	C:\WINDOWS\System32\gdi32full.dll
0x00007ffb8d170000 - 0x00007ffb8d210000 	C:\WINDOWS\System32\msvcp_win.dll
0x00007ffb8d210000 - 0x00007ffb8d30c000 	C:\WINDOWS\System32\ucrtbase.dll
0x00007ffb7b6a0000 - 0x00007ffb7b919000 	C:\WINDOWS\WinSxS\amd64_microsoft.windows.common-controls_6595b64144ccf1df_6.0.17763.316_none_05b53be2071f46b6\COMCTL32.dll
0x00007ffb8dc50000 - 0x00007ffb8df7d000 	C:\WINDOWS\System32\combase.dll
0x00007ffb8d360000 - 0x00007ffb8d3de000 	C:\WINDOWS\System32\bcryptPrimitives.dll
0x00007ffb90250000 - 0x00007ffb9027e000 	C:\WINDOWS\System32\IMM32.DLL
0x000000006ea20000 - 0x000000006eaf2000 	C:\Program Files\Java\jdk1.8.0_131\jre\bin\msvcr100.dll
0x000000006e180000 - 0x000000006ea1c000 	C:\Program Files\Java\jdk1.8.0_131\jre\bin\server\jvm.dll
0x00007ffb90080000 - 0x00007ffb90088000 	C:\WINDOWS\System32\PSAPI.DLL
0x00007ffb89e80000 - 0x00007ffb89e89000 	C:\WINDOWS\SYSTEM32\WSOCK32.dll
0x00007ffb825b0000 - 0x00007ffb825ba000 	C:\WINDOWS\SYSTEM32\VERSION.dll
0x00007ffb89d80000 - 0x00007ffb89da4000 	C:\WINDOWS\SYSTEM32\WINMM.dll
0x00007ffb8e290000 - 0x00007ffb8e2fd000 	C:\WINDOWS\System32\WS2_32.dll
0x00007ffb89db0000 - 0x00007ffb89ddd000 	C:\WINDOWS\SYSTEM32\WINMMBASE.dll
0x00007ffb8d310000 - 0x00007ffb8d35a000 	C:\WINDOWS\System32\cfgmgr32.dll
0x000000006e170000 - 0x000000006e17f000 	C:\Program Files\Java\jdk1.8.0_131\jre\bin\verify.dll
0x000000006e140000 - 0x000000006e169000 	C:\Program Files\Java\jdk1.8.0_131\jre\bin\java.dll
0x000000006e120000 - 0x000000006e136000 	C:\Program Files\Java\jdk1.8.0_131\jre\bin\zip.dll
0x00007ffb8e6b0000 - 0x00007ffb8fb9f000 	C:\WINDOWS\System32\SHELL32.dll
0x00007ffb8db90000 - 0x00007ffb8dc38000 	C:\WINDOWS\System32\shcore.dll
0x00007ffb8c3a0000 - 0x00007ffb8caea000 	C:\WINDOWS\System32\windows.storage.dll
0x00007ffb8c350000 - 0x00007ffb8c374000 	C:\WINDOWS\System32\profapi.dll
0x00007ffb8c2d0000 - 0x00007ffb8c32d000 	C:\WINDOWS\System32\powrprof.dll
0x00007ffb8e5a0000 - 0x00007ffb8e5f2000 	C:\WINDOWS\System32\shlwapi.dll
0x00007ffb8c330000 - 0x00007ffb8c341000 	C:\WINDOWS\System32\kernel.appcore.dll
0x00007ffb8d4c0000 - 0x00007ffb8d4d7000 	C:\WINDOWS\System32\cryptsp.dll
0x00007ffb8b700000 - 0x00007ffb8b733000 	C:\WINDOWS\system32\rsaenh.dll
0x00007ffb8d490000 - 0x00007ffb8d4b6000 	C:\WINDOWS\System32\bcrypt.dll
0x00007ffb8c1b0000 - 0x00007ffb8c1d8000 	C:\WINDOWS\SYSTEM32\USERENV.dll
0x00007ffb8bd10000 - 0x00007ffb8bd1c000 	C:\WINDOWS\SYSTEM32\CRYPTBASE.dll
0x000000006e100000 - 0x000000006e11a000 	C:\Program Files\Java\jdk1.8.0_131\jre\bin\net.dll
0x00007ffb8bb40000 - 0x00007ffb8bba7000 	C:\WINDOWS\system32\mswsock.dll
0x00007ffb8b8a0000 - 0x00007ffb8b8dd000 	C:\WINDOWS\SYSTEM32\IPHLPAPI.DLL
0x00007ffb8d700000 - 0x00007ffb8d708000 	C:\WINDOWS\System32\NSI.dll
0x00007ffb825d0000 - 0x00007ffb825e6000 	C:\WINDOWS\SYSTEM32\dhcpcsvc6.DLL
0x00007ffb82e30000 - 0x00007ffb82e4c000 	C:\WINDOWS\SYSTEM32\dhcpcsvc.DLL
0x00007ffb8b8e0000 - 0x00007ffb8b9a6000 	C:\WINDOWS\SYSTEM32\DNSAPI.dll
0x000000006e0e0000 - 0x000000006e0f1000 	C:\Program Files\Java\jdk1.8.0_131\jre\bin\nio.dll
0x00007ffb875f0000 - 0x00007ffb875fa000 	Z:\jansi-1.17.1-2067519696699376260.dll
0x00007ffb875e0000 - 0x00007ffb875ea000 	Z:\jansi-1.17.1-5870381037073592344.dll
0x000000006e0d0000 - 0x000000006e0dd000 	C:\Program Files\Java\jdk1.8.0_131\jre\bin\management.dll
0x00007ffb73250000 - 0x00007ffb73266000 	C:\WINDOWS\system32\napinsp.dll
0x00007ffb73230000 - 0x00007ffb7324a000 	C:\WINDOWS\system32\pnrpnsp.dll
0x00007ffb717c0000 - 0x00007ffb717ce000 	C:\WINDOWS\System32\winrnr.dll
0x00007ffb88570000 - 0x00007ffb8858b000 	C:\WINDOWS\system32\NLAapi.dll
0x00007ffb84810000 - 0x00007ffb84825000 	C:\WINDOWS\system32\wshbth.dll
0x00007ffb7b680000 - 0x00007ffb7b68a000 	C:\Windows\System32\rasadhlp.dll
0x00007ffb7d100000 - 0x00007ffb7d179000 	C:\WINDOWS\System32\fwpuclnt.dll

VM Arguments:
jvm_args: -Dmaven.multiModuleProjectDirectory=C:\Users\Asus\Downloads\team05-master\backend 
java_command: org.apache.maven.wrapper.MavenWrapperMain spring-boot:run
java_class_path (initial): C:\Users\Asus\Downloads\team05-master\backend\.mvn\wrapper\maven-wrapper.jar
Launcher Type: SUN_STANDARD

Environment Variables:
JAVA_HOME=C:\Program Files\Java\jdk1.8.0_131
PATH=C:\Program Files\Java\jdk1.8.0_131\bin;C:\ProgramData\Oracle\Java\javapath;C:\Windows\system32;C:\Windows;C:\Windows\System32\Wbem;C:\Windows\System32\WindowsPowerShell\v1.0\;C:\Windows\System32\OpenSSH\;C:\Program Files (x86)\NVIDIA Corporation\PhysX\Common;C:\Program Files\nodejs\;;C:\WINDOWS\system32;C:\WINDOWS;C:\WINDOWS\System32\Wbem;C:\WINDOWS\System32\WindowsPowerShell\v1.0\;C:\WINDOWS\System32\OpenSSH\;C:\Program Files\Java\jdk1.8.0_131\bin;C:\Users\Asus\AppData\Local\Programs\Microsoft VS Code\bin
USERNAME=Asus
OS=Windows_NT
PROCESSOR_IDENTIFIER=Intel64 Family 6 Model 158 Stepping 10, GenuineIntel



---------------  S Y S T E M  ---------------

OS: Windows 10.0 , 64 bit Build 17763 (10.0.17763.292)

CPU:total 12 (initial active 12) (6 cores per cpu, 2 threads per core) family 6 model 158 stepping 10, cmov, cx8, fxsr, mmx, sse, sse2, sse3, ssse3, sse4.1, sse4.2, popcnt, avx, avx2, aes, clmul, erms, 3dnowpref, lzcnt, ht, tsc, tscinvbit, bmi1, bmi2, adx

Memory: 4k page, physical 8239356k(2140324k free), swap 8239356k(6552k free)

vm_info: Java HotSpot(TM) 64-Bit Server VM (25.131-b11) for windows-amd64 JRE (1.8.0_131-b11), built on Mar 15 2017 01:23:53 by "java_re" with MS VC++ 10.0 (VS2010)

time: Thu Mar 07 20:28:39 2019
elapsed time: 5 seconds (0d 0h 0m 5s)

