#
# There is insufficient memory for the Java Runtime Environment to continue.
# Native memory allocation (malloc) failed to allocate 1083216 bytes for Chunk::new
# Possible reasons:
#   The system is out of physical RAM or swap space
#   In 32 bit mode, the process size limit was hit
# Possible solutions:
#   Reduce memory load on the system
#   Increase physical memory or swap space
#   Check if swap backing store is full
#   Use 64 bit Java on a 64 bit OS
#   Decrease Java heap size (-Xmx/-Xms)
#   Decrease number of Java threads
#   Decrease Java thread stack sizes (-Xss)
#   Set larger code cache with -XX:ReservedCodeCacheSize=
# This output file may be truncated or incomplete.
#
#  Out of Memory Error (allocation.cpp:390), pid=6444, tid=0x0000000000001c50
#
# JRE version: Java(TM) SE Runtime Environment (8.0_131-b11) (build 1.8.0_131-b11)
# Java VM: Java HotSpot(TM) 64-Bit Server VM (25.131-b11 mixed mode windows-amd64 compressed oops)
# Failed to write core dump. Minidumps are not enabled by default on client versions of Windows
#

---------------  T H R E A D  ---------------

Current thread (0x00000000193d1000):  JavaThread "C2 CompilerThread2" daemon [_thread_in_native, id=7248, stack(0x000000001acb0000,0x000000001adb0000)]

Stack: [0x000000001acb0000,0x000000001adb0000]
[error occurred during error reporting (printing stack bounds), id 0xc0000005]

Native frames: (J=compiled Java code, j=interpreted, Vv=VM code, C=native code)


Current CompileTask:
C2:   4381 5577   !   4       org.springframework.util.ReflectionUtils::doWithMethods (176 bytes)


---------------  P R O C E S S  ---------------

Java Threads: ( => current thread )
  0x0000000019472800 JavaThread "Service Thread" daemon [_thread_blocked, id=5324, stack(0x000000001aeb0000,0x000000001afb0000)]
  0x00000000193d2000 JavaThread "C1 CompilerThread3" daemon [_thread_in_native, id=5048, stack(0x000000001adb0000,0x000000001aeb0000)]
=>0x00000000193d1000 JavaThread "C2 CompilerThread2" daemon [_thread_in_native, id=7248, stack(0x000000001acb0000,0x000000001adb0000)]
  0x00000000193cb000 JavaThread "C2 CompilerThread1" daemon [_thread_in_native, id=1548, stack(0x000000001abb0000,0x000000001acb0000)]
  0x00000000193ca000 JavaThread "C2 CompilerThread0" daemon [_thread_in_native, id=2184, stack(0x000000001aab0000,0x000000001abb0000)]
  0x00000000193c6800 JavaThread "Monitor Ctrl-Break" daemon [_thread_in_native, id=396, stack(0x000000001a9b0000,0x000000001aab0000)]
  0x0000000019353000 JavaThread "Attach Listener" daemon [_thread_blocked, id=9692, stack(0x000000001a8b0000,0x000000001a9b0000)]
  0x0000000019352000 JavaThread "Signal Dispatcher" daemon [_thread_blocked, id=4564, stack(0x000000001a7b0000,0x000000001a8b0000)]
  0x0000000019343000 JavaThread "Finalizer" daemon [_thread_blocked, id=6248, stack(0x000000001a5b0000,0x000000001a6b0000)]
  0x0000000017c6c800 JavaThread "Reference Handler" daemon [_thread_blocked, id=2324, stack(0x000000001a4b0000,0x000000001a5b0000)]
  0x000000000270d800 JavaThread "main" [_thread_in_vm, id=5872, stack(0x00000000027f0000,0x00000000028f0000)]

Other Threads:
  0x00000000029ec800 VMThread [stack: 0x000000001a3b0000,0x000000001a4b0000] [id=5768]
  0x000000001949d000 WatcherThread [stack: 0x000000001afb0000,0x000000001b0b0000] [id=8720]

VM state:not at safepoint (normal execution)

VM Mutex/Monitor currently owned by a thread: None

Heap:
 PSYoungGen      total 175104K, used 93978K [0x00000000d6180000, 0x00000000e4580000, 0x0000000100000000)
  eden space 163840K, 50% used [0x00000000d6180000,0x00000000db24a3b0,0x00000000e0180000)
  from space 11264K, 99% used [0x00000000e0180000,0x00000000e0c7c628,0x00000000e0c80000)
  to   space 13824K, 0% used [0x00000000e3800000,0x00000000e3800000,0x00000000e4580000)
 ParOldGen       total 86016K, used 16242K [0x0000000082400000, 0x0000000087800000, 0x00000000d6180000)
  object space 86016K, 18% used [0x0000000082400000,0x00000000833dcac0,0x0000000087800000)
 Metaspace       used 48026K, capacity 50158K, committed 50392K, reserved 1093632K
  class space    used 6239K, capacity 6610K, committed 6616K, reserved 1048576K

Card table byte_map: [0x0000000011f20000,0x0000000012310000] byte_map_base: 0x0000000011b0e000

Marking Bits: (ParMarkBitMap*) 0x0000000065c7c720
 Begin Bits: [0x0000000012fb0000, 0x0000000014f20000)
 End Bits:   [0x0000000014f20000, 0x0000000016e90000)

Polling page: 0x0000000000ea0000

CodeCache: size=245760Kb used=19934Kb max_used=19934Kb free=225825Kb
 bounds [0x0000000002b60000, 0x0000000003ef0000, 0x0000000011b60000]
 total_blobs=6220 nmethods=5711 adapters=421
 compilation: enabled

Compilation events (10 events):
Event: 4.376 Thread 0x00000000193d2000 nmethod 5728 0x0000000003ed4950 code [0x0000000003ed4ae0, 0x0000000003ed4f68]
Event: 4.376 Thread 0x00000000193d2000 5732       1       java.beans.GenericBeanInfo::getMethodDescriptors (5 bytes)
Event: 4.376 Thread 0x00000000193d2000 nmethod 5732 0x0000000003ed5150 code [0x0000000003ed52a0, 0x0000000003ed53b0]
Event: 4.376 Thread 0x00000000193d2000 5733       1       java.beans.GenericBeanInfo::getEventSetDescriptors (5 bytes)
Event: 4.376 Thread 0x00000000193d2000 nmethod 5733 0x0000000003ed5410 code [0x0000000003ed5560, 0x0000000003ed5670]
Event: 4.376 Thread 0x00000000193d2000 5734       1       java.beans.GenericBeanInfo::getDefaultEventIndex (5 bytes)
Event: 4.376 Thread 0x00000000193d2000 nmethod 5734 0x0000000003ed56d0 code [0x0000000003ed5820, 0x0000000003ed5930]
Event: 4.376 Thread 0x00000000193d2000 5735       1       java.beans.GenericBeanInfo::getDefaultPropertyIndex (5 bytes)
Event: 4.376 Thread 0x00000000193d2000 nmethod 5735 0x0000000003ed5990 code [0x0000000003ed5ae0, 0x0000000003ed5bf0]
Event: 4.377 Thread 0x00000000193d2000 5736   !   3       org.springframework.beans.factory.support.AbstractAutowireCapableBeanFactory::applyPropertyValues (459 bytes)

GC Heap History (10 events):
Event: 1.644 GC heap before
{Heap before GC invocations=7 (full 1):
 PSYoungGen      total 70656K, used 65536K [0x00000000d6180000, 0x00000000df380000, 0x0000000100000000)
  eden space 65536K, 100% used [0x00000000d6180000,0x00000000da180000,0x00000000da180000)
  from space 5120K, 0% used [0x00000000da180000,0x00000000da180000,0x00000000da680000)
  to   space 9216K, 0% used [0x00000000dea80000,0x00000000dea80000,0x00000000df380000)
 ParOldGen       total 56832K, used 8625K [0x0000000082400000, 0x0000000085b80000, 0x00000000d6180000)
  object space 56832K, 15% used [0x0000000082400000,0x0000000082c6c6e8,0x0000000085b80000)
 Metaspace       used 24146K, capacity 24946K, committed 25088K, reserved 1071104K
  class space    used 3090K, capacity 3278K, committed 3328K, reserved 1048576K
Event: 1.648 GC heap after
Heap after GC invocations=7 (full 1):
 PSYoungGen      total 110592K, used 4774K [0x00000000d6180000, 0x00000000def80000, 0x0000000100000000)
  eden space 105472K, 0% used [0x00000000d6180000,0x00000000d6180000,0x00000000dc880000)
  from space 5120K, 93% used [0x00000000dea80000,0x00000000def29a60,0x00000000def80000)
  to   space 8704K, 0% used [0x00000000dde80000,0x00000000dde80000,0x00000000de700000)
 ParOldGen       total 56832K, used 8697K [0x0000000082400000, 0x0000000085b80000, 0x00000000d6180000)
  object space 56832K, 15% used [0x0000000082400000,0x0000000082c7e6f8,0x0000000085b80000)
 Metaspace       used 24146K, capacity 24946K, committed 25088K, reserved 1071104K
  class space    used 3090K, capacity 3278K, committed 3328K, reserved 1048576K
}
Event: 2.619 GC heap before
{Heap before GC invocations=8 (full 1):
 PSYoungGen      total 110592K, used 110246K [0x00000000d6180000, 0x00000000def80000, 0x0000000100000000)
  eden space 105472K, 100% used [0x00000000d6180000,0x00000000dc880000,0x00000000dc880000)
  from space 5120K, 93% used [0x00000000dea80000,0x00000000def29a60,0x00000000def80000)
  to   space 8704K, 0% used [0x00000000dde80000,0x00000000dde80000,0x00000000de700000)
 ParOldGen       total 56832K, used 8697K [0x0000000082400000, 0x0000000085b80000, 0x00000000d6180000)
  object space 56832K, 15% used [0x0000000082400000,0x0000000082c7e6f8,0x0000000085b80000)
 Metaspace       used 31150K, capacity 32400K, committed 32640K, reserved 1077248K
  class space    used 3949K, capacity 4223K, committed 4224K, reserved 1048576K
Event: 2.626 GC heap after
Heap after GC invocations=8 (full 1):
 PSYoungGen      total 136704K, used 8675K [0x00000000d6180000, 0x00000000e1680000, 0x0000000100000000)
  eden space 128000K, 0% used [0x00000000d6180000,0x00000000d6180000,0x00000000dde80000)
  from space 8704K, 99% used [0x00000000dde80000,0x00000000de6f8ff0,0x00000000de700000)
  to   space 10240K, 0% used [0x00000000e0c80000,0x00000000e0c80000,0x00000000e1680000)
 ParOldGen       total 56832K, used 9700K [0x0000000082400000, 0x0000000085b80000, 0x00000000d6180000)
  object space 56832K, 17% used [0x0000000082400000,0x0000000082d79348,0x0000000085b80000)
 Metaspace       used 31150K, capacity 32400K, committed 32640K, reserved 1077248K
  class space    used 3949K, capacity 4223K, committed 4224K, reserved 1048576K
}
Event: 2.870 GC heap before
{Heap before GC invocations=9 (full 1):
 PSYoungGen      total 136704K, used 50845K [0x00000000d6180000, 0x00000000e1680000, 0x0000000100000000)
  eden space 128000K, 32% used [0x00000000d6180000,0x00000000d8aae5d0,0x00000000dde80000)
  from space 8704K, 99% used [0x00000000dde80000,0x00000000de6f8ff0,0x00000000de700000)
  to   space 10240K, 0% used [0x00000000e0c80000,0x00000000e0c80000,0x00000000e1680000)
 ParOldGen       total 56832K, used 9700K [0x0000000082400000, 0x0000000085b80000, 0x00000000d6180000)
  object space 56832K, 17% used [0x0000000082400000,0x0000000082d79348,0x0000000085b80000)
 Metaspace       used 34007K, capacity 35352K, committed 35416K, reserved 1079296K
  class space    used 4395K, capacity 4671K, committed 4696K, reserved 1048576K
Event: 2.875 GC heap after
Heap after GC invocations=9 (full 1):
 PSYoungGen      total 174080K, used 8830K [0x00000000d6180000, 0x00000000e3b80000, 0x0000000100000000)
  eden space 163840K, 0% used [0x00000000d6180000,0x00000000d6180000,0x00000000e0180000)
  from space 10240K, 86% used [0x00000000e0c80000,0x00000000e151f9e8,0x00000000e1680000)
  to   space 11264K, 0% used [0x00000000e0180000,0x00000000e0180000,0x00000000e0c80000)
 ParOldGen       total 56832K, used 9708K [0x0000000082400000, 0x0000000085b80000, 0x00000000d6180000)
  object space 56832K, 17% used [0x0000000082400000,0x0000000082d7b348,0x0000000085b80000)
 Metaspace       used 34007K, capacity 35352K, committed 35416K, reserved 1079296K
  class space    used 4395K, capacity 4671K, committed 4696K, reserved 1048576K
}
Event: 2.875 GC heap before
{Heap before GC invocations=10 (full 2):
 PSYoungGen      total 174080K, used 8830K [0x00000000d6180000, 0x00000000e3b80000, 0x0000000100000000)
  eden space 163840K, 0% used [0x00000000d6180000,0x00000000d6180000,0x00000000e0180000)
  from space 10240K, 86% used [0x00000000e0c80000,0x00000000e151f9e8,0x00000000e1680000)
  to   space 11264K, 0% used [0x00000000e0180000,0x00000000e0180000,0x00000000e0c80000)
 ParOldGen       total 56832K, used 9708K [0x0000000082400000, 0x0000000085b80000, 0x00000000d6180000)
  object space 56832K, 17% used [0x0000000082400000,0x0000000082d7b348,0x0000000085b80000)
 Metaspace       used 34007K, capacity 35352K, committed 35416K, reserved 1079296K
  class space    used 4395K, capacity 4671K, committed 4696K, reserved 1048576K
Event: 2.922 GC heap after
Heap after GC invocations=10 (full 2):
 PSYoungGen      total 174080K, used 0K [0x00000000d6180000, 0x00000000e3b80000, 0x0000000100000000)
  eden space 163840K, 0% used [0x00000000d6180000,0x00000000d6180000,0x00000000e0180000)
  from space 10240K, 0% used [0x00000000e0c80000,0x00000000e0c80000,0x00000000e1680000)
  to   space 11264K, 0% used [0x00000000e0180000,0x00000000e0180000,0x00000000e0c80000)
 ParOldGen       total 86016K, used 13480K [0x0000000082400000, 0x0000000087800000, 0x00000000d6180000)
  object space 86016K, 15% used [0x0000000082400000,0x000000008312a1b0,0x0000000087800000)
 Metaspace       used 34007K, capacity 35352K, committed 35416K, reserved 1079296K
  class space    used 4395K, capacity 4671K, committed 4696K, reserved 1048576K
}
Event: 3.887 GC heap before
{Heap before GC invocations=11 (full 2):
 PSYoungGen      total 174080K, used 163840K [0x00000000d6180000, 0x00000000e3b80000, 0x0000000100000000)
  eden space 163840K, 100% used [0x00000000d6180000,0x00000000e0180000,0x00000000e0180000)
  from space 10240K, 0% used [0x00000000e0c80000,0x00000000e0c80000,0x00000000e1680000)
  to   space 11264K, 0% used [0x00000000e0180000,0x00000000e0180000,0x00000000e0c80000)
 ParOldGen       total 86016K, used 13480K [0x0000000082400000, 0x0000000087800000, 0x00000000d6180000)
  object space 86016K, 15% used [0x0000000082400000,0x000000008312a1b0,0x0000000087800000)
 Metaspace       used 45002K, capacity 46656K, committed 46936K, reserved 1089536K
  class space    used 5884K, capacity 6199K, committed 6232K, reserved 1048576K
Event: 3.897 GC heap after
Heap after GC invocations=11 (full 2):
 PSYoungGen      total 175104K, used 11249K [0x00000000d6180000, 0x00000000e4580000, 0x0000000100000000)
  eden space 163840K, 0% used [0x00000000d6180000,0x00000000d6180000,0x00000000e0180000)
  from space 11264K, 99% used [0x00000000e0180000,0x00000000e0c7c628,0x00000000e0c80000)
  to   space 13824K, 0% used [0x00000000e3800000,0x00000000e3800000,0x00000000e4580000)
 ParOldGen       total 86016K, used 16242K [0x0000000082400000, 0x0000000087800000, 0x00000000d6180000)
  object space 86016K, 18% used [0x0000000082400000,0x00000000833dcac0,0x0000000087800000)
 Metaspace       used 45002K, capacity 46656K, committed 46936K, reserved 1089536K
  class space    used 5884K, capacity 6199K, committed 6232K, reserved 1048576K
}

Deoptimization events (10 events):
Event: 3.771 Thread 0x000000000270d800 Uncommon trap: reason=unstable_if action=reinterpret pc=0x0000000003206ac8 method=org.springframework.util.ConcurrentReferenceHashMap$Segment.findInChain(Lorg/springframework/util/ConcurrentReferenceHashMap$Reference;Ljava/lang/Object;I)Lorg/springframewo
Event: 3.771 Thread 0x000000000270d800 Uncommon trap: reason=unstable_if action=reinterpret pc=0x0000000003461294 method=org.springframework.util.ConcurrentReferenceHashMap$Segment.findInChain(Lorg/springframework/util/ConcurrentReferenceHashMap$Reference;Ljava/lang/Object;I)Lorg/springframewo
Event: 3.805 Thread 0x000000000270d800 Uncommon trap: reason=unstable_if action=reinterpret pc=0x00000000037cec0c method=java.util.concurrent.ConcurrentHashMap.putVal(Ljava/lang/Object;Ljava/lang/Object;Z)Ljava/lang/Object; @ 331
Event: 3.806 Thread 0x000000000270d800 Uncommon trap: reason=unstable_if action=reinterpret pc=0x0000000003a1e8e4 method=java.util.concurrent.ConcurrentHashMap.get(Ljava/lang/Object;)Ljava/lang/Object; @ 86
Event: 3.870 Thread 0x000000000270d800 Uncommon trap: reason=unstable_if action=reinterpret pc=0x000000000305c888 method=org.springframework.util.ConcurrentReferenceHashMap$Segment.restructureIfNecessary(Z)V @ 33
Event: 3.918 Thread 0x000000000270d800 Uncommon trap: reason=unstable_if action=reinterpret pc=0x0000000003486898 method=org.springframework.util.ConcurrentReferenceHashMap$Segment.findInChain(Lorg/springframework/util/ConcurrentReferenceHashMap$Reference;Ljava/lang/Object;I)Lorg/springframewo
Event: 3.919 Thread 0x000000000270d800 Uncommon trap: reason=unstable_if action=reinterpret pc=0x0000000003433000 method=org.springframework.util.ConcurrentReferenceHashMap$Segment.findInChain(Lorg/springframework/util/ConcurrentReferenceHashMap$Reference;Ljava/lang/Object;I)Lorg/springframewo
Event: 3.919 Thread 0x000000000270d800 Uncommon trap: reason=unstable_if action=reinterpret pc=0x000000000344c4bc method=org.springframework.util.ConcurrentReferenceHashMap$Segment.findInChain(Lorg/springframework/util/ConcurrentReferenceHashMap$Reference;Ljava/lang/Object;I)Lorg/springframewo
Event: 3.974 Thread 0x000000000270d800 Uncommon trap: reason=bimorphic action=maybe_recompile pc=0x00000000037b483c method=java.util.regex.Pattern$Branch.match(Ljava/util/regex/Matcher;ILjava/lang/CharSequence;)Z @ 32
Event: 3.975 Thread 0x000000000270d800 Uncommon trap: reason=unstable_if action=reinterpret pc=0x00000000037b47d0 method=java.util.regex.Pattern$Branch.match(Ljava/util/regex/Matcher;ILjava/lang/CharSequence;)Z @ 35

Internal exceptions (10 events):
Event: 4.372 Thread 0x000000000270d800 Exception <a 'java/lang/ClassNotFoundException': org/springframework/boot/autoconfigure/jdbc/JdbcTemplateAutoConfigurationCustomizer> (0x00000000daff21d8) thrown at [C:\re\workspace\8-2-build-windows-amd64-cygwin\jdk8u131\8869\hotspot\src\share\vm\classfi
Event: 4.372 Thread 0x000000000270d800 Exception <a 'java/lang/ClassNotFoundException': org/springframework/boot/autoconfigure/jdbc/JdbcTemplateAutoConfiguration$$EnhancerBySpringCGLIB$$dff8f649Customizer> (0x00000000db022a40) thrown at [C:\re\workspace\8-2-build-windows-amd64-cygwin\jdk8u131\
Event: 4.373 Thread 0x000000000270d800 Exception <a 'java/lang/ClassNotFoundException': org/springframework/context/annotation/ConfigurationClassEnhancer$EnhancedConfigurationCustomizer> (0x00000000db051430) thrown at [C:\re\workspace\8-2-build-windows-amd64-cygwin\jdk8u131\8869\hotspot\src\sh
Event: 4.375 Thread 0x000000000270d800 Exception <a 'java/lang/ClassNotFoundException': java/lang/ObjectCustomizer> (0x00000000db087420) thrown at [C:\re\workspace\8-2-build-windows-amd64-cygwin\jdk8u131\8869\hotspot\src\share\vm\classfile\systemDictionary.cpp, line 210]
Event: 4.375 Thread 0x000000000270d800 Exception <a 'java/lang/ClassNotFoundException': org/springframework/boot/autoconfigure/jdbc/DataSourceTransactionManagerAutoConfiguration$DataSourceTransactionManagerConfigurationCustomizer> (0x00000000db0c2850) thrown at [C:\re\workspace\8-2-build-windo
Event: 4.376 Thread 0x000000000270d800 Exception <a 'java/lang/ClassNotFoundException': org/springframework/boot/autoconfigure/jdbc/DataSourceTransactionManagerAutoConfiguration$DataSourceTransactionManagerConfiguration$$EnhancerBySpringCGLIB$$6d1559c8Customizer> (0x00000000db107518) thrown at
Event: 4.376 Thread 0x000000000270d800 Exception <a 'java/lang/ClassNotFoundException': org/springframework/context/annotation/ConfigurationClassEnhancer$EnhancedConfigurationCustomizer> (0x00000000db138c98) thrown at [C:\re\workspace\8-2-build-windows-amd64-cygwin\jdk8u131\8869\hotspot\src\sh
Event: 4.377 Thread 0x000000000270d800 Exception <a 'java/lang/ClassNotFoundException': java/lang/ObjectCustomizer> (0x00000000db1499e0) thrown at [C:\re\workspace\8-2-build-windows-amd64-cygwin\jdk8u131\8869\hotspot\src\share\vm\classfile\systemDictionary.cpp, line 210]
Event: 4.378 Thread 0x000000000270d800 Exception <a 'java/lang/ClassNotFoundException': org/springframework/boot/autoconfigure/jdbc/DataSourceTransactionManagerAutoConfigurationCustomizer> (0x00000000db1775a8) thrown at [C:\re\workspace\8-2-build-windows-amd64-cygwin\jdk8u131\8869\hotspot\src\
Event: 4.378 Thread 0x000000000270d800 Exception <a 'java/lang/ClassNotFoundException': org/springframework/boot/autoconfigure/jdbc/DataSourceTransactionManagerAutoConfiguration$$EnhancerBySpringCGLIB$$d0ebb1aaCustomizer> (0x00000000db1ad250) thrown at [C:\re\workspace\8-2-build-windows-amd64-

Events (10 events):
Event: 4.378 loading class org/springframework/boot/autoconfigure/jdbc/DataSourceTransactionManagerAutoConfiguration$$EnhancerBySpringCGLIB$$d0ebb1aaCustomizer
Event: 4.378 loading class org/springframework/boot/autoconfigure/jdbc/DataSourceTransactionManagerAutoConfiguration$$EnhancerBySpringCGLIB$$d0ebb1aaCustomizer done
Event: 4.378 loading class org/springframework/boot/autoconfigure/jdbc/DataSourceTransactionManagerAutoConfiguration$$EnhancerBySpringCGLIB$$d0ebb1aaCustomizer
Event: 4.378 loading class org/springframework/boot/autoconfigure/jdbc/DataSourceTransactionManagerAutoConfiguration$$EnhancerBySpringCGLIB$$d0ebb1aaCustomizer done
Event: 4.378 loading class org/springframework/boot/autoconfigure/jdbc/DataSourceTransactionManagerAutoConfiguration$$EnhancerBySpringCGLIB$$d0ebb1aaCustomizer
Event: 4.378 loading class org/springframework/boot/autoconfigure/jdbc/DataSourceTransactionManagerAutoConfiguration$$EnhancerBySpringCGLIB$$d0ebb1aaCustomizer done
Event: 4.378 loading class org/springframework/context/annotation/ConfigurationClassEnhancer$EnhancedConfigurationCustomizer
Event: 4.378 loading class org/springframework/context/annotation/ConfigurationClassEnhancer$EnhancedConfigurationCustomizer done
Event: 4.379 loading class org/springframework/context/annotation/ConfigurationClassEnhancer$EnhancedConfigurationCustomizer
Event: 4.379 loading class org/springframework/context/annotation/ConfigurationClassEnhancer$EnhancedConfigurationCustomizer done


Dynamic libraries:
0x00007ff794cb0000 - 0x00007ff794ce7000 	C:\Program Files\Java\jdk1.8.0_131\bin\java.exe
0x00007ff95c9f0000 - 0x00007ff95cbdd000 	C:\WINDOWS\SYSTEM32\ntdll.dll
0x00007ff959c20000 - 0x00007ff959cd3000 	C:\WINDOWS\System32\KERNEL32.DLL
0x00007ff959380000 - 0x00007ff959613000 	C:\WINDOWS\System32\KERNELBASE.dll
0x00007ff95c910000 - 0x00007ff95c9b3000 	C:\WINDOWS\System32\ADVAPI32.dll
0x00007ff959e20000 - 0x00007ff959ebe000 	C:\WINDOWS\System32\msvcrt.dll
0x00007ff95b130000 - 0x00007ff95b1ce000 	C:\WINDOWS\System32\sechost.dll
0x00007ff95b1e0000 - 0x00007ff95b302000 	C:\WINDOWS\System32\RPCRT4.dll
0x00007ff95a120000 - 0x00007ff95a2b7000 	C:\WINDOWS\System32\USER32.dll
0x00007ff959330000 - 0x00007ff959350000 	C:\WINDOWS\System32\win32u.dll
0x00007ff95ae70000 - 0x00007ff95ae99000 	C:\WINDOWS\System32\GDI32.dll
0x00007ff959720000 - 0x00007ff9598ba000 	C:\WINDOWS\System32\gdi32full.dll
0x00007ff958ac0000 - 0x00007ff958b60000 	C:\WINDOWS\System32\msvcp_win.dll
0x00007ff959620000 - 0x00007ff95971c000 	C:\WINDOWS\System32\ucrtbase.dll
0x00007ff946580000 - 0x00007ff9467f9000 	C:\WINDOWS\WinSxS\amd64_microsoft.windows.common-controls_6595b64144ccf1df_6.0.17763.316_none_05b53be2071f46b6\COMCTL32.dll
0x00007ff95aae0000 - 0x00007ff95ae0d000 	C:\WINDOWS\System32\combase.dll
0x00007ff959ba0000 - 0x00007ff959c1e000 	C:\WINDOWS\System32\bcryptPrimitives.dll
0x00007ff95a020000 - 0x00007ff95a04e000 	C:\WINDOWS\System32\IMM32.DLL
0x0000000065d00000 - 0x0000000065dd2000 	C:\Program Files\Java\jdk1.8.0_131\jre\bin\msvcr100.dll
0x0000000065460000 - 0x0000000065cfc000 	C:\Program Files\Java\jdk1.8.0_131\jre\bin\server\jvm.dll
0x00007ff95aa70000 - 0x00007ff95aa78000 	C:\WINDOWS\System32\PSAPI.DLL
0x00007ff9551e0000 - 0x00007ff9551e9000 	C:\WINDOWS\SYSTEM32\WSOCK32.dll
0x00007ff9550f0000 - 0x00007ff955114000 	C:\WINDOWS\SYSTEM32\WINMM.dll
0x00007ff95aa00000 - 0x00007ff95aa6d000 	C:\WINDOWS\System32\WS2_32.dll
0x00007ff94e950000 - 0x00007ff94e95a000 	C:\WINDOWS\SYSTEM32\VERSION.dll
0x00007ff9550c0000 - 0x00007ff9550ed000 	C:\WINDOWS\SYSTEM32\winmmbase.dll
0x00007ff959b50000 - 0x00007ff959b9a000 	C:\WINDOWS\System32\cfgmgr32.dll
0x0000000065450000 - 0x000000006545f000 	C:\Program Files\Java\jdk1.8.0_131\jre\bin\verify.dll
0x0000000065420000 - 0x0000000065449000 	C:\Program Files\Java\jdk1.8.0_131\jre\bin\java.dll
0x0000000065380000 - 0x00000000653a3000 	C:\Program Files\Java\jdk1.8.0_131\jre\bin\instrument.dll
0x0000000065400000 - 0x0000000065416000 	C:\Program Files\Java\jdk1.8.0_131\jre\bin\zip.dll
0x00007ff95b370000 - 0x00007ff95c85f000 	C:\WINDOWS\System32\SHELL32.dll
0x00007ff95a950000 - 0x00007ff95a9f8000 	C:\WINDOWS\System32\shcore.dll
0x00007ff958bc0000 - 0x00007ff95930a000 	C:\WINDOWS\System32\windows.storage.dll
0x00007ff958a70000 - 0x00007ff958a94000 	C:\WINDOWS\System32\profapi.dll
0x00007ff9589f0000 - 0x00007ff958a4d000 	C:\WINDOWS\System32\powrprof.dll
0x00007ff95a740000 - 0x00007ff95a792000 	C:\WINDOWS\System32\shlwapi.dll
0x00007ff958a50000 - 0x00007ff958a61000 	C:\WINDOWS\System32\kernel.appcore.dll
0x00007ff959310000 - 0x00007ff959327000 	C:\WINDOWS\System32\cryptsp.dll
0x00007ff951c20000 - 0x00007ff951c3a000 	C:\Program Files\JetBrains\IntelliJ IDEA Community Edition 2018.3.3\bin\breakgen64.dll
0x00000000653e0000 - 0x00000000653fa000 	C:\Program Files\Java\jdk1.8.0_131\jre\bin\net.dll
0x00007ff958280000 - 0x00007ff9582e7000 	C:\WINDOWS\system32\mswsock.dll
0x00000000653c0000 - 0x00000000653d1000 	C:\Program Files\Java\jdk1.8.0_131\jre\bin\nio.dll
0x00000000653b0000 - 0x00000000653bd000 	C:\Program Files\Java\jdk1.8.0_131\jre\bin\management.dll
0x00007ff932b60000 - 0x00007ff932b76000 	C:\WINDOWS\system32\napinsp.dll
0x00007ff932b40000 - 0x00007ff932b5a000 	C:\WINDOWS\system32\pnrpnsp.dll
0x00007ff958020000 - 0x00007ff9580e6000 	C:\WINDOWS\SYSTEM32\DNSAPI.dll
0x00007ff959ce0000 - 0x00007ff959ce8000 	C:\WINDOWS\System32\NSI.dll
0x00007ff957fe0000 - 0x00007ff95801d000 	C:\WINDOWS\SYSTEM32\IPHLPAPI.DLL
0x00007ff93c930000 - 0x00007ff93c93e000 	C:\WINDOWS\System32\winrnr.dll
0x00007ff955080000 - 0x00007ff95509b000 	C:\WINDOWS\system32\NLAapi.dll
0x00007ff94ed20000 - 0x00007ff94ed35000 	C:\WINDOWS\system32\wshbth.dll
0x00007ff948f50000 - 0x00007ff948f5a000 	C:\Windows\System32\rasadhlp.dll
0x00007ff949890000 - 0x00007ff949909000 	C:\WINDOWS\System32\fwpuclnt.dll
0x00007ff959350000 - 0x00007ff959376000 	C:\WINDOWS\System32\bcrypt.dll
0x00007ff957e40000 - 0x00007ff957e73000 	C:\WINDOWS\system32\rsaenh.dll
0x00007ff958920000 - 0x00007ff958948000 	C:\WINDOWS\SYSTEM32\USERENV.dll
0x00007ff958450000 - 0x00007ff95845c000 	C:\WINDOWS\SYSTEM32\CRYPTBASE.dll
0x00007ff94e990000 - 0x00007ff94e9a6000 	C:\WINDOWS\SYSTEM32\dhcpcsvc6.DLL
0x00007ff94e9d0000 - 0x00007ff94e9ec000 	C:\WINDOWS\SYSTEM32\dhcpcsvc.DLL

VM Arguments:
jvm_args: -ea -Didea.test.cyclic.buffer.size=1048576 -javaagent:C:\Program Files\JetBrains\IntelliJ IDEA Community Edition 2018.3.3\lib\idea_rt.jar=51866:C:\Program Files\JetBrains\IntelliJ IDEA Community Edition 2018.3.3\bin -Dfile.encoding=UTF-8 
java_command: com.intellij.rt.execution.junit.JUnitStarter -ideVersion5 @w@Z:\idea_working_dirs_junit.tmp @Z:\idea_junit.tmp -socket51865
java_class_path (initial): C:\Program Files\JetBrains\IntelliJ IDEA Community Edition 2018.3.3\lib\idea_rt.jar;C:\Program Files\JetBrains\IntelliJ IDEA Community Edition 2018.3.3\plugins\junit\lib\junit-rt.jar;C:\Program Files\JetBrains\IntelliJ IDEA Community Edition 2018.3.3\plugins\junit\lib\junit5-rt.jar;C:\Program Files\Java\jdk1.8.0_131\jre\lib\charsets.jar;C:\Program Files\Java\jdk1.8.0_131\jre\lib\deploy.jar;C:\Program Files\Java\jdk1.8.0_131\jre\lib\ext\access-bridge-64.jar;C:\Program Files\Java\jdk1.8.0_131\jre\lib\ext\cldrdata.jar;C:\Program Files\Java\jdk1.8.0_131\jre\lib\ext\dnsns.jar;C:\Program Files\Java\jdk1.8.0_131\jre\lib\ext\jaccess.jar;C:\Program Files\Java\jdk1.8.0_131\jre\lib\ext\jfxrt.jar;C:\Program Files\Java\jdk1.8.0_131\jre\lib\ext\localedata.jar;C:\Program Files\Java\jdk1.8.0_131\jre\lib\ext\nashorn.jar;C:\Program Files\Java\jdk1.8.0_131\jre\lib\ext\sunec.jar;C:\Program Files\Java\jdk1.8.0_131\jre\lib\ext\sunjce_provider.jar;C:\Program Files\Java\jdk1.8.0_131\jre\lib\ext\sunmscapi.jar;C:\Program Files\Java\jdk1.8.0_131\jre\lib\ext\sunpkcs11.jar;C:\Program Files\Java\jdk1.8.0_131\jre\lib\ext\zipfs.jar;C:\Program Files\Java\jdk1.8.0_131\jre\lib\javaws.jar;C:\Program Files\Java\jdk1.8.0_131\jre\lib\jce.jar;C:\Program Files\Java\jdk1.8.0_131\jre\lib\jfr.jar;C:\Program Files\Java\jdk1.8.0_131\jre\lib\jfxswt.jar;C:\Program Files\Java\jdk1.8.0_131\jre\lib\jsse.jar;C:\Program Files\Java\jdk1.8.0_131\jre\lib\management-agent.jar;C:\Program Files\Java\jdk1.8.0_131\jre\lib\plugin.jar;C:\Program Files\Java\jdk1.8.0_131\jre\lib\resources.jar;C:\Program Files\Java\jdk1.8.0_131\jre\lib\rt.jar;C:\Users\Asus\Downloads\team05-master\backend\target\test-classes;C:\Users\Asus\Downloads\team05-master\backend\target\classes;C:\Users\Asus\.m2\repository\org\springframework\boot\spring-boot-starter-actuator\2.0.7.RELEASE\spring-boot-starter-actuator-2.0.7.RELEASE.jar;C:\Users\Asus\.m2\repository\org\springframework\boot\spring-boot-starter\2.0.7.RELEASE\spring-
Launcher Type: SUN_STANDARD

Environment Variables:
JAVA_HOME=C:\Program Files\Java\jdk1.8.0_131
PATH=C:\Program Files\Java\jdk1.8.0_131\bin;C:\ProgramData\Oracle\Java\javapath;C:\Windows\system32;C:\Windows;C:\Windows\System32\Wbem;C:\Windows\System32\WindowsPowerShell\v1.0\;C:\Windows\System32\OpenSSH\;C:\Program Files (x86)\NVIDIA Corporation\PhysX\Common;C:\Program Files\nodejs\;;C:\WINDOWS\system32;C:\WINDOWS;C:\WINDOWS\System32\Wbem;C:\WINDOWS\System32\WindowsPowerShell\v1.0\;C:\WINDOWS\System32\OpenSSH\;C:\Program Files\Java\jdk1.8.0_131\bin;C:\Users\Asus\AppData\Local\Programs\Microsoft VS Code\bin
USERNAME=Asus
OS=Windows_NT
PROCESSOR_IDENTIFIER=Intel64 Family 6 Model 158 Stepping 10, GenuineIntel



---------------  S Y S T E M  ---------------

OS: Windows 10.0 , 64 bit Build 17763 (10.0.17763.292)

CPU:total 12 (initial active 12) (6 cores per cpu, 2 threads per core) family 6 model 158 stepping 10, cmov, cx8, fxsr, mmx, sse, sse2, sse3, ssse3, sse4.1, sse4.2, popcnt, avx, avx2, aes, clmul, erms, 3dnowpref, lzcnt, ht, tsc, tscinvbit, bmi1, bmi2, adx

Memory: 4k page, physical 8239356k(2693568k free), swap 8239356k(5212k free)

vm_info: Java HotSpot(TM) 64-Bit Server VM (25.131-b11) for windows-amd64 JRE (1.8.0_131-b11), built on Mar 15 2017 01:23:53 by "java_re" with MS VC++ 10.0 (VS2010)

time: Sat Mar 02 23:02:38 2019
elapsed time: 4 seconds (0d 0h 0m 4s)

