#
# There is insufficient memory for the Java Runtime Environment to continue.
# Native memory allocation (malloc) failed to allocate 1919136 bytes for Chunk::new
# Possible reasons:
#   The system is out of physical RAM or swap space
#   In 32 bit mode, the process size limit was hit
# Possible solutions:
#   Reduce memory load on the system
#   Increase physical memory or swap space
#   Check if swap backing store is full
#   Use 64 bit Java on a 64 bit OS
#   Decrease Java heap size (-Xmx/-Xms)
#   Decrease number of Java threads
#   Decrease Java thread stack sizes (-Xss)
#   Set larger code cache with -XX:ReservedCodeCacheSize=
# This output file may be truncated or incomplete.
#
#  Out of Memory Error (allocation.cpp:390), pid=8648, tid=0x0000000000000b70
#
# JRE version: Java(TM) SE Runtime Environment (8.0_131-b11) (build 1.8.0_131-b11)
# Java VM: Java HotSpot(TM) 64-Bit Server VM (25.131-b11 mixed mode windows-amd64 compressed oops)
# Failed to write core dump. Minidumps are not enabled by default on client versions of Windows
#

---------------  T H R E A D  ---------------

Current thread (0x000000001909d800):  JavaThread "C2 CompilerThread0" daemon [_thread_in_native, id=2928, stack(0x000000001a700000,0x000000001a800000)]

Stack: [0x000000001a700000,0x000000001a800000]
[error occurred during error reporting (printing stack bounds), id 0xc0000005]

Native frames: (J=compiled Java code, j=interpreted, Vv=VM code, C=native code)


Current CompileTask:
C2:   3293 4229       4       java.net.URLClassLoader$1::run (5 bytes)


---------------  P R O C E S S  ---------------

Java Threads: ( => current thread )
  0x000000001c66a800 JavaThread "background-preinit" [_thread_in_native, id=8240, stack(0x0000000020a30000,0x0000000020b30000)]
  0x000000001f3c7000 JavaThread "main" [_thread_in_native, id=12764, stack(0x00000000202f0000,0x00000000203f0000)]
  0x0000000019131800 JavaThread "Service Thread" daemon [_thread_blocked, id=14124, stack(0x000000001ab00000,0x000000001ac00000)]
  0x00000000190aa000 JavaThread "C1 CompilerThread3" daemon [_thread_in_vm, id=4856, stack(0x000000001aa00000,0x000000001ab00000)]
  0x00000000190a9800 JavaThread "C2 CompilerThread2" daemon [_thread_in_native, id=3664, stack(0x000000001a900000,0x000000001aa00000)]
  0x00000000190a4800 JavaThread "C2 CompilerThread1" daemon [_thread_in_native, id=13696, stack(0x000000001a800000,0x000000001a900000)]
=>0x000000001909d800 JavaThread "C2 CompilerThread0" daemon [_thread_in_native, id=2928, stack(0x000000001a700000,0x000000001a800000)]
  0x0000000019099000 JavaThread "Attach Listener" daemon [_thread_blocked, id=6104, stack(0x000000001a600000,0x000000001a700000)]
  0x0000000019098000 JavaThread "Signal Dispatcher" daemon [_thread_blocked, id=3112, stack(0x000000001a500000,0x000000001a600000)]
  0x00000000028ba000 JavaThread "Finalizer" daemon [_thread_blocked, id=7264, stack(0x000000001a300000,0x000000001a400000)]
  0x00000000028b9000 JavaThread "Reference Handler" daemon [_thread_blocked, id=7556, stack(0x000000001a200000,0x000000001a300000)]
  0x00000000026bd800 JavaThread "main" [_thread_blocked, id=6556, stack(0x00000000026c0000,0x00000000027c0000)]

Other Threads:
  0x0000000019072800 VMThread [stack: 0x000000001a100000,0x000000001a200000] [id=11100]
  0x0000000019167000 WatcherThread [stack: 0x000000001ac00000,0x000000001ad00000] [id=12184]

VM state:not at safepoint (normal execution)

VM Mutex/Monitor currently owned by a thread: None

Heap:
 PSYoungGen      total 143872K, used 116758K [0x00000000d6180000, 0x00000000e7d80000, 0x0000000100000000)
  eden space 130560K, 89% used [0x00000000d6180000,0x00000000dd3858a0,0x00000000de100000)
  from space 13312K, 0% used [0x00000000de100000,0x00000000de100000,0x00000000dee00000)
  to   space 14848K, 0% used [0x00000000e6f00000,0x00000000e6f00000,0x00000000e7d80000)
 ParOldGen       total 81408K, used 24743K [0x0000000082400000, 0x0000000087380000, 0x00000000d6180000)
  object space 81408K, 30% used [0x0000000082400000,0x0000000083c29fc0,0x0000000087380000)
 Metaspace       used 33561K, capacity 34676K, committed 34816K, reserved 1079296K
  class space    used 4220K, capacity 4555K, committed 4608K, reserved 1048576K

Card table byte_map: [0x0000000011c80000,0x0000000012070000] byte_map_base: 0x000000001186e000

Marking Bits: (ParMarkBitMap*) 0x00000000691fc720
 Begin Bits: [0x0000000012d10000, 0x0000000014c80000)
 End Bits:   [0x0000000014c80000, 0x0000000016bf0000)

Polling page: 0x00000000003d0000

CodeCache: size=245760Kb used=13844Kb max_used=14477Kb free=231915Kb
 bounds [0x00000000028c0000, 0x0000000003720000, 0x00000000118c0000]
 total_blobs=4503 nmethods=4082 adapters=333
 compilation: enabled

Compilation events (10 events):
Event: 3.288 Thread 0x00000000190aa000 nmethod 4522 0x0000000002e86650 code [0x0000000002e86980, 0x0000000002e884e8]
Event: 3.288 Thread 0x00000000190aa000 4524       3       org.springframework.context.annotation.ConfigurationClassParser$SourceClass::hashCode (13 bytes)
Event: 3.288 Thread 0x00000000190aa000 nmethod 4524 0x0000000002c580d0 code [0x0000000002c58240, 0x0000000002c58518]
Event: 3.288 Thread 0x00000000190aa000 4523       3       org.springframework.util.CollectionUtils::isEmpty (19 bytes)
Event: 3.288 Thread 0x00000000190aa000 nmethod 4523 0x0000000003007a50 code [0x0000000003007bc0, 0x0000000003007e48]
Event: 3.288 Thread 0x00000000190aa000 4525       3       org.springframework.context.support.GenericApplicationContext::getClassLoader (29 bytes)
Event: 3.288 Thread 0x00000000190aa000 nmethod 4525 0x0000000002be9510 code [0x0000000002be96a0, 0x0000000002be9a18]
Event: 3.288 Thread 0x00000000190aa000 4526       3       org.springframework.core.io.AbstractResource::<init> (5 bytes)
Event: 3.288 Thread 0x00000000190aa000 nmethod 4526 0x0000000002cbe610 code [0x0000000002cbe760, 0x0000000002cbe910]
Event: 3.289 Thread 0x00000000190aa000 4527   !   3       org.springframework.core.annotation.AnnotationUtils::retrieveAnnotationAttributes (181 bytes)

GC Heap History (10 events):
Event: 1.306 GC heap before
{Heap before GC invocations=4 (full 0):
 PSYoungGen      total 37888K, used 37856K [0x00000000d6180000, 0x00000000dab80000, 0x0000000100000000)
  eden space 32768K, 100% used [0x00000000d6180000,0x00000000d8180000,0x00000000d8180000)
  from space 5120K, 99% used [0x00000000d8180000,0x00000000d8678020,0x00000000d8680000)
  to   space 5120K, 0% used [0x00000000da680000,0x00000000da680000,0x00000000dab80000)
 ParOldGen       total 86016K, used 5585K [0x0000000082400000, 0x0000000087800000, 0x00000000d6180000)
  object space 86016K, 6% used [0x0000000082400000,0x00000000829745d8,0x0000000087800000)
 Metaspace       used 15646K, capacity 15878K, committed 16128K, reserved 1062912K
  class space    used 1902K, capacity 2013K, committed 2048K, reserved 1048576K
Event: 1.312 GC heap after
Heap after GC invocations=4 (full 0):
 PSYoungGen      total 70656K, used 5088K [0x00000000d6180000, 0x00000000dab80000, 0x0000000100000000)
  eden space 65536K, 0% used [0x00000000d6180000,0x00000000d6180000,0x00000000da180000)
  from space 5120K, 99% used [0x00000000da680000,0x00000000dab78040,0x00000000dab80000)
  to   space 5120K, 0% used [0x00000000da180000,0x00000000da180000,0x00000000da680000)
 ParOldGen       total 86016K, used 8813K [0x0000000082400000, 0x0000000087800000, 0x00000000d6180000)
  object space 86016K, 10% used [0x0000000082400000,0x0000000082c9b6e0,0x0000000087800000)
 Metaspace       used 15646K, capacity 15878K, committed 16128K, reserved 1062912K
  class space    used 1902K, capacity 2013K, committed 2048K, reserved 1048576K
}
Event: 1.630 GC heap before
{Heap before GC invocations=5 (full 0):
 PSYoungGen      total 70656K, used 70624K [0x00000000d6180000, 0x00000000dab80000, 0x0000000100000000)
  eden space 65536K, 100% used [0x00000000d6180000,0x00000000da180000,0x00000000da180000)
  from space 5120K, 99% used [0x00000000da680000,0x00000000dab78040,0x00000000dab80000)
  to   space 5120K, 0% used [0x00000000da180000,0x00000000da180000,0x00000000da680000)
 ParOldGen       total 86016K, used 8813K [0x0000000082400000, 0x0000000087800000, 0x00000000d6180000)
  object space 86016K, 10% used [0x0000000082400000,0x0000000082c9b6e0,0x0000000087800000)
 Metaspace       used 16039K, capacity 16382K, committed 16768K, reserved 1064960K
  class space    used 1924K, capacity 2049K, committed 2176K, reserved 1048576K
Event: 1.639 GC heap after
Heap after GC invocations=5 (full 0):
 PSYoungGen      total 70656K, used 5088K [0x00000000d6180000, 0x00000000dfa80000, 0x0000000100000000)
  eden space 65536K, 0% used [0x00000000d6180000,0x00000000d6180000,0x00000000da180000)
  from space 5120K, 99% used [0x00000000da180000,0x00000000da678040,0x00000000da680000)
  to   space 12800K, 0% used [0x00000000dee00000,0x00000000dee00000,0x00000000dfa80000)
 ParOldGen       total 86016K, used 15810K [0x0000000082400000, 0x0000000087800000, 0x00000000d6180000)
  object space 86016K, 18% used [0x0000000082400000,0x0000000083370800,0x0000000087800000)
 Metaspace       used 16039K, capacity 16382K, committed 16768K, reserved 1064960K
  class space    used 1924K, capacity 2049K, committed 2176K, reserved 1048576K
}
Event: 2.062 GC heap before
{Heap before GC invocations=6 (full 0):
 PSYoungGen      total 70656K, used 70624K [0x00000000d6180000, 0x00000000dfa80000, 0x0000000100000000)
  eden space 65536K, 100% used [0x00000000d6180000,0x00000000da180000,0x00000000da180000)
  from space 5120K, 99% used [0x00000000da180000,0x00000000da678040,0x00000000da680000)
  to   space 12800K, 0% used [0x00000000dee00000,0x00000000dee00000,0x00000000dfa80000)
 ParOldGen       total 86016K, used 15810K [0x0000000082400000, 0x0000000087800000, 0x00000000d6180000)
  object space 86016K, 18% used [0x0000000082400000,0x0000000083370800,0x0000000087800000)
 Metaspace       used 17321K, capacity 17710K, committed 17920K, reserved 1064960K
  class space    used 2035K, capacity 2189K, committed 2304K, reserved 1048576K
Event: 2.072 GC heap after
Heap after GC invocations=6 (full 0):
 PSYoungGen      total 143360K, used 10040K [0x00000000d6180000, 0x00000000dfb80000, 0x0000000100000000)
  eden space 130560K, 0% used [0x00000000d6180000,0x00000000d6180000,0x00000000de100000)
  from space 12800K, 78% used [0x00000000dee00000,0x00000000df7ce138,0x00000000dfa80000)
  to   space 13312K, 0% used [0x00000000de100000,0x00000000de100000,0x00000000dee00000)
 ParOldGen       total 86016K, used 15818K [0x0000000082400000, 0x0000000087800000, 0x00000000d6180000)
  object space 86016K, 18% used [0x0000000082400000,0x0000000083372800,0x0000000087800000)
 Metaspace       used 17321K, capacity 17710K, committed 17920K, reserved 1064960K
  class space    used 2035K, capacity 2189K, committed 2304K, reserved 1048576K
}
Event: 2.643 GC heap before
{Heap before GC invocations=7 (full 0):
 PSYoungGen      total 143360K, used 91236K [0x00000000d6180000, 0x00000000dfb80000, 0x0000000100000000)
  eden space 130560K, 62% used [0x00000000d6180000,0x00000000db0cb0a8,0x00000000de100000)
  from space 12800K, 78% used [0x00000000dee00000,0x00000000df7ce138,0x00000000dfa80000)
  to   space 13312K, 0% used [0x00000000de100000,0x00000000de100000,0x00000000dee00000)
 ParOldGen       total 86016K, used 15818K [0x0000000082400000, 0x0000000087800000, 0x00000000d6180000)
  object space 86016K, 18% used [0x0000000082400000,0x0000000083372800,0x0000000087800000)
 Metaspace       used 20496K, capacity 21144K, committed 21296K, reserved 1069056K
  class space    used 2407K, capacity 2658K, committed 2688K, reserved 1048576K
Event: 2.655 GC heap after
Heap after GC invocations=7 (full 0):
 PSYoungGen      total 143872K, used 13187K [0x00000000d6180000, 0x00000000e7d80000, 0x0000000100000000)
  eden space 130560K, 0% used [0x00000000d6180000,0x00000000d6180000,0x00000000de100000)
  from space 13312K, 99% used [0x00000000de100000,0x00000000dede0c70,0x00000000dee00000)
  to   space 14848K, 0% used [0x00000000e6f00000,0x00000000e6f00000,0x00000000e7d80000)
 ParOldGen       total 86016K, used 17748K [0x0000000082400000, 0x0000000087800000, 0x00000000d6180000)
  object space 86016K, 20% used [0x0000000082400000,0x00000000835550c0,0x0000000087800000)
 Metaspace       used 20496K, capacity 21144K, committed 21296K, reserved 1069056K
  class space    used 2407K, capacity 2658K, committed 2688K, reserved 1048576K
}
Event: 2.655 GC heap before
{Heap before GC invocations=8 (full 1):
 PSYoungGen      total 143872K, used 13187K [0x00000000d6180000, 0x00000000e7d80000, 0x0000000100000000)
  eden space 130560K, 0% used [0x00000000d6180000,0x00000000d6180000,0x00000000de100000)
  from space 13312K, 99% used [0x00000000de100000,0x00000000dede0c70,0x00000000dee00000)
  to   space 14848K, 0% used [0x00000000e6f00000,0x00000000e6f00000,0x00000000e7d80000)
 ParOldGen       total 86016K, used 17748K [0x0000000082400000, 0x0000000087800000, 0x00000000d6180000)
  object space 86016K, 20% used [0x0000000082400000,0x00000000835550c0,0x0000000087800000)
 Metaspace       used 20496K, capacity 21144K, committed 21296K, reserved 1069056K
  class space    used 2407K, capacity 2658K, committed 2688K, reserved 1048576K
Event: 2.710 GC heap after
Heap after GC invocations=8 (full 1):
 PSYoungGen      total 143872K, used 0K [0x00000000d6180000, 0x00000000e7d80000, 0x0000000100000000)
  eden space 130560K, 0% used [0x00000000d6180000,0x00000000d6180000,0x00000000de100000)
  from space 13312K, 0% used [0x00000000de100000,0x00000000de100000,0x00000000dee00000)
  to   space 14848K, 0% used [0x00000000e6f00000,0x00000000e6f00000,0x00000000e7d80000)
 ParOldGen       total 81408K, used 24743K [0x0000000082400000, 0x0000000087380000, 0x00000000d6180000)
  object space 81408K, 30% used [0x0000000082400000,0x0000000083c29fc0,0x0000000087380000)
 Metaspace       used 20496K, capacity 21144K, committed 21296K, reserved 1069056K
  class space    used 2407K, capacity 2658K, committed 2688K, reserved 1048576K
}

Deoptimization events (10 events):
Event: 3.064 Thread 0x000000001c66a800 Uncommon trap: reason=bimorphic action=maybe_recompile pc=0x0000000003344018 method=java.util.LinkedHashMap.afterNodeInsertion(Z)V @ 15
Event: 3.064 Thread 0x000000001c66a800 Uncommon trap: reason=bimorphic action=maybe_recompile pc=0x0000000003344018 method=java.util.LinkedHashMap.afterNodeInsertion(Z)V @ 15
Event: 3.064 Thread 0x000000001c66a800 Uncommon trap: reason=bimorphic action=maybe_recompile pc=0x0000000003344018 method=java.util.LinkedHashMap.afterNodeInsertion(Z)V @ 15
Event: 3.084 Thread 0x000000001f3c7000 Uncommon trap: reason=bimorphic action=maybe_recompile pc=0x00000000033558b4 method=java.util.HashMap.putVal(ILjava/lang/Object;Ljava/lang/Object;ZZ)Ljava/lang/Object; @ 253
Event: 3.084 Thread 0x000000001f3c7000 Uncommon trap: reason=bimorphic action=maybe_recompile pc=0x00000000033558b4 method=java.util.HashMap.putVal(ILjava/lang/Object;Ljava/lang/Object;ZZ)Ljava/lang/Object; @ 253
Event: 3.084 Thread 0x000000001f3c7000 Uncommon trap: reason=bimorphic action=maybe_recompile pc=0x00000000033558b4 method=java.util.HashMap.putVal(ILjava/lang/Object;Ljava/lang/Object;ZZ)Ljava/lang/Object; @ 253
Event: 3.084 Thread 0x000000001f3c7000 Uncommon trap: reason=bimorphic action=maybe_recompile pc=0x00000000033558b4 method=java.util.HashMap.putVal(ILjava/lang/Object;Ljava/lang/Object;ZZ)Ljava/lang/Object; @ 253
Event: 3.090 Thread 0x000000001f3c7000 Uncommon trap: reason=unstable_if action=reinterpret pc=0x00000000033955dc method=java.util.StringTokenizer.setMaxDelimCodePoint()V @ 71
Event: 3.271 Thread 0x000000001c66a800 Uncommon trap: reason=unstable_if action=reinterpret pc=0x00000000029ee3e8 method=jdk.internal.org.objectweb.asm.Type.getArgumentsAndReturnSizes(Ljava/lang/String;)I @ 47
Event: 3.274 Thread 0x000000001f3c7000 Uncommon trap: reason=unstable_if action=reinterpret pc=0x0000000002f430b0 method=java.util.ArrayList.remove(Ljava/lang/Object;)Z @ 59

Internal exceptions (10 events):
Event: 2.914 Thread 0x000000001f3c7000 Exception <a 'java/lang/NoSuchMethodError': java.lang.Object.lambda$chars$0()Ljava/util/Spliterator$OfInt;> (0x00000000d8369d70) thrown at [C:\re\workspace\8-2-build-windows-amd64-cygwin\jdk8u131\8869\hotspot\src\share\vm\interpreter\linkResolver.cpp, lin
Event: 3.048 Thread 0x000000001f3c7000 Exception <a 'java/lang/NoSuchMethodError': org.slf4j.impl.StaticMDCBinder.getSingleton()Lorg/slf4j/impl/StaticMDCBinder;> (0x00000000daa04330) thrown at [C:\re\workspace\8-2-build-windows-amd64-cygwin\jdk8u131\8869\hotspot\src\share\vm\interpreter\linkRe
Event: 3.140 Thread 0x000000001f3c7000 Exception <a 'java/lang/ClassNotFoundException': java/lang/ObjectCustomizer> (0x00000000dbb0b1e0) thrown at [C:\re\workspace\8-2-build-windows-amd64-cygwin\jdk8u131\8869\hotspot\src\share\vm\classfile\systemDictionary.cpp, line 210]
Event: 3.142 Thread 0x000000001f3c7000 Exception <a 'java/lang/ClassNotFoundException': org/springframework/context/annotation/ConfigurationClassPostProcessorCustomizer> (0x00000000dbc02cb0) thrown at [C:\re\workspace\8-2-build-windows-amd64-cygwin\jdk8u131\8869\hotspot\src\share\vm\classfile\
Event: 3.147 Thread 0x000000001f3c7000 Exception <a 'java/lang/ClassNotFoundException': org/springframework/beans/factory/support/BeanDefinitionRegistryPostProcessorCustomizer> (0x00000000dbc5ccd0) thrown at [C:\re\workspace\8-2-build-windows-amd64-cygwin\jdk8u131\8869\hotspot\src\share\vm\cla
Event: 3.147 Thread 0x000000001f3c7000 Exception <a 'java/lang/ClassNotFoundException': org/springframework/core/PriorityOrderedCustomizer> (0x00000000dbc6fb80) thrown at [C:\re\workspace\8-2-build-windows-amd64-cygwin\jdk8u131\8869\hotspot\src\share\vm\classfile\systemDictionary.cpp, line 210
Event: 3.148 Thread 0x000000001f3c7000 Exception <a 'java/lang/ClassNotFoundException': org/springframework/context/ResourceLoaderAwareCustomizer> (0x00000000dbc83550) thrown at [C:\re\workspace\8-2-build-windows-amd64-cygwin\jdk8u131\8869\hotspot\src\share\vm\classfile\systemDictionary.cpp, l
Event: 3.148 Thread 0x000000001f3c7000 Exception <a 'java/lang/ClassNotFoundException': org/springframework/beans/factory/BeanClassLoaderAwareCustomizer> (0x00000000dbc99cf0) thrown at [C:\re\workspace\8-2-build-windows-amd64-cygwin\jdk8u131\8869\hotspot\src\share\vm\classfile\systemDictionary
Event: 3.149 Thread 0x000000001f3c7000 Exception <a 'java/lang/ClassNotFoundException': org/springframework/context/EnvironmentAwareCustomizer> (0x00000000dbcadee8) thrown at [C:\re\workspace\8-2-build-windows-amd64-cygwin\jdk8u131\8869\hotspot\src\share\vm\classfile\systemDictionary.cpp, line
Event: 3.275 Thread 0x000000001c66a800 Exception <a 'java/lang/IncompatibleClassChangeError': Found class java.lang.Object, but interface was expected> (0x00000000dd04ccf8) thrown at [C:\re\workspace\8-2-build-windows-amd64-cygwin\jdk8u131\8869\hotspot\src\share\vm\interpreter\linkResolver.cpp

Events (10 events):
Event: 3.287 loading class java/util/ResourceBundle$Control$1
Event: 3.287 loading class java/util/ResourceBundle$Control$1 done
Event: 3.288 loading class java/util/PropertyResourceBundle
Event: 3.288 loading class java/util/PropertyResourceBundle done
Event: 3.288 loading class org/apache/catalina/mbeans/LocalStrings_en
Event: 3.288 loading class org/apache/catalina/mbeans/LocalStrings_en done
Event: 3.288 loading class org/apache/catalina/mbeans/LocalStrings_en_US
Event: 3.288 loading class org/apache/catalina/mbeans/LocalStrings_en_US done
Event: 3.289 loading class org/apache/catalina/mbeans/MBeanUtils
Event: 3.289 loading class org/apache/catalina/mbeans/MBeanUtils done


Dynamic libraries:
0x00007ff74e7e0000 - 0x00007ff74e817000 	C:\Program Files\Java\jdk1.8.0_131\bin\java.exe
0x00007ffdfbef0000 - 0x00007ffdfc0dd000 	C:\WINDOWS\SYSTEM32\ntdll.dll
0x00007ffdf9390000 - 0x00007ffdf9443000 	C:\WINDOWS\System32\KERNEL32.DLL
0x00007ffdf8d10000 - 0x00007ffdf8fa3000 	C:\WINDOWS\System32\KERNELBASE.dll
0x00007ffdf9a90000 - 0x00007ffdf9b33000 	C:\WINDOWS\System32\ADVAPI32.dll
0x00007ffdf9790000 - 0x00007ffdf982e000 	C:\WINDOWS\System32\msvcrt.dll
0x00007ffdfa040000 - 0x00007ffdfa0de000 	C:\WINDOWS\System32\sechost.dll
0x00007ffdf9130000 - 0x00007ffdf9252000 	C:\WINDOWS\System32\RPCRT4.dll
0x00007ffdf9450000 - 0x00007ffdf95e7000 	C:\WINDOWS\System32\USER32.dll
0x00007ffdf8fb0000 - 0x00007ffdf8fd0000 	C:\WINDOWS\System32\win32u.dll
0x00007ffdfbe90000 - 0x00007ffdfbeb9000 	C:\WINDOWS\System32\GDI32.dll
0x00007ffdf7fc0000 - 0x00007ffdf815a000 	C:\WINDOWS\System32\gdi32full.dll
0x00007ffdf9000000 - 0x00007ffdf90a0000 	C:\WINDOWS\System32\msvcp_win.dll
0x00007ffdf8c10000 - 0x00007ffdf8d0c000 	C:\WINDOWS\System32\ucrtbase.dll
0x00007ffde5430000 - 0x00007ffde56a9000 	C:\WINDOWS\WinSxS\amd64_microsoft.windows.common-controls_6595b64144ccf1df_6.0.17763.316_none_05b53be2071f46b6\COMCTL32.dll
0x00007ffdf9c60000 - 0x00007ffdf9f8d000 	C:\WINDOWS\System32\combase.dll
0x00007ffdf90a0000 - 0x00007ffdf911e000 	C:\WINDOWS\System32\bcryptPrimitives.dll
0x00007ffdf9bd0000 - 0x00007ffdf9bfe000 	C:\WINDOWS\System32\IMM32.DLL
0x0000000069280000 - 0x0000000069352000 	C:\Program Files\Java\jdk1.8.0_131\jre\bin\msvcr100.dll
0x00000000689e0000 - 0x000000006927c000 	C:\Program Files\Java\jdk1.8.0_131\jre\bin\server\jvm.dll
0x00007ffdf9120000 - 0x00007ffdf9128000 	C:\WINDOWS\System32\PSAPI.DLL
0x00007ffdf05e0000 - 0x00007ffdf05ea000 	C:\WINDOWS\SYSTEM32\VERSION.dll
0x00007ffdf3fa0000 - 0x00007ffdf3fa9000 	C:\WINDOWS\SYSTEM32\WSOCK32.dll
0x00007ffdf58d0000 - 0x00007ffdf58f4000 	C:\WINDOWS\SYSTEM32\WINMM.dll
0x00007ffdf9650000 - 0x00007ffdf96bd000 	C:\WINDOWS\System32\WS2_32.dll
0x00007ffdf57a0000 - 0x00007ffdf57cd000 	C:\WINDOWS\SYSTEM32\winmmbase.dll
0x00007ffdf8160000 - 0x00007ffdf81aa000 	C:\WINDOWS\System32\cfgmgr32.dll
0x00000000689d0000 - 0x00000000689df000 	C:\Program Files\Java\jdk1.8.0_131\jre\bin\verify.dll
0x00000000689a0000 - 0x00000000689c9000 	C:\Program Files\Java\jdk1.8.0_131\jre\bin\java.dll
0x0000000068980000 - 0x0000000068996000 	C:\Program Files\Java\jdk1.8.0_131\jre\bin\zip.dll
0x00007ffdfa340000 - 0x00007ffdfb82f000 	C:\WINDOWS\System32\SHELL32.dll
0x00007ffdf9830000 - 0x00007ffdf98d8000 	C:\WINDOWS\System32\shcore.dll
0x00007ffdf84c0000 - 0x00007ffdf8c0a000 	C:\WINDOWS\System32\windows.storage.dll
0x00007ffdf7f10000 - 0x00007ffdf7f34000 	C:\WINDOWS\System32\profapi.dll
0x00007ffdf7f60000 - 0x00007ffdf7fbd000 	C:\WINDOWS\System32\powrprof.dll
0x00007ffdf9c00000 - 0x00007ffdf9c52000 	C:\WINDOWS\System32\shlwapi.dll
0x00007ffdf7f40000 - 0x00007ffdf7f51000 	C:\WINDOWS\System32\kernel.appcore.dll
0x00007ffdf8440000 - 0x00007ffdf8457000 	C:\WINDOWS\System32\cryptsp.dll
0x00007ffdf7340000 - 0x00007ffdf7373000 	C:\WINDOWS\system32\rsaenh.dll
0x00007ffdf8fd0000 - 0x00007ffdf8ff6000 	C:\WINDOWS\System32\bcrypt.dll
0x00007ffdf7e20000 - 0x00007ffdf7e48000 	C:\WINDOWS\SYSTEM32\USERENV.dll
0x00007ffdf7950000 - 0x00007ffdf795c000 	C:\WINDOWS\SYSTEM32\CRYPTBASE.dll
0x0000000068960000 - 0x000000006897a000 	C:\Program Files\Java\jdk1.8.0_131\jre\bin\net.dll
0x00007ffdf7780000 - 0x00007ffdf77e7000 	C:\WINDOWS\system32\mswsock.dll
0x00007ffdf74e0000 - 0x00007ffdf751d000 	C:\WINDOWS\SYSTEM32\IPHLPAPI.DLL
0x00007ffdf9b40000 - 0x00007ffdf9b48000 	C:\WINDOWS\System32\NSI.dll
0x00007ffded140000 - 0x00007ffded156000 	C:\WINDOWS\SYSTEM32\dhcpcsvc6.DLL
0x00007ffdf04d0000 - 0x00007ffdf04ec000 	C:\WINDOWS\SYSTEM32\dhcpcsvc.DLL
0x00007ffdf7520000 - 0x00007ffdf75e6000 	C:\WINDOWS\SYSTEM32\DNSAPI.dll
0x0000000068940000 - 0x0000000068951000 	C:\Program Files\Java\jdk1.8.0_131\jre\bin\nio.dll
0x00007ffdf0950000 - 0x00007ffdf095a000 	Z:\jansi-1.17.1-6049133298703475315.dll
0x00007ffdf0840000 - 0x00007ffdf084a000 	Z:\jansi-1.17.1-5281101314243692255.dll
0x0000000068930000 - 0x000000006893d000 	C:\Program Files\Java\jdk1.8.0_131\jre\bin\management.dll
0x00007ffdf3200000 - 0x00007ffdf3216000 	C:\WINDOWS\system32\napinsp.dll
0x00007ffdf31e0000 - 0x00007ffdf31fa000 	C:\WINDOWS\system32\pnrpnsp.dll
0x00007ffdf31d0000 - 0x00007ffdf31de000 	C:\WINDOWS\System32\winrnr.dll
0x00007ffdf41c0000 - 0x00007ffdf41db000 	C:\WINDOWS\system32\NLAapi.dll
0x00007ffdf04f0000 - 0x00007ffdf0505000 	C:\WINDOWS\system32\wshbth.dll
0x00007ffdea650000 - 0x00007ffdea65a000 	C:\Windows\System32\rasadhlp.dll
0x00007ffde9560000 - 0x00007ffde95d9000 	C:\WINDOWS\System32\fwpuclnt.dll

VM Arguments:
jvm_args: -Dmaven.multiModuleProjectDirectory=C:\Users\Asus\Downloads\team05-master\backend 
java_command: org.apache.maven.wrapper.MavenWrapperMain spring-boot:run
java_class_path (initial): C:\Users\Asus\Downloads\team05-master\backend\.mvn\wrapper\maven-wrapper.jar
Launcher Type: SUN_STANDARD

Environment Variables:
JAVA_HOME=C:\Program Files\Java\jdk1.8.0_131
PATH=C:\Program Files\Java\jdk1.8.0_131\bin;C:\ProgramData\Oracle\Java\javapath;C:\Windows\system32;C:\Windows;C:\Windows\System32\Wbem;C:\Windows\System32\WindowsPowerShell\v1.0\;C:\Windows\System32\OpenSSH\;C:\Program Files (x86)\NVIDIA Corporation\PhysX\Common;C:\Program Files\nodejs\;;C:\WINDOWS\system32;C:\WINDOWS;C:\WINDOWS\System32\Wbem;C:\WINDOWS\System32\WindowsPowerShell\v1.0\;C:\WINDOWS\System32\OpenSSH\;C:\Program Files\Java\jdk1.8.0_131\bin;C:\Users\Asus\AppData\Local\Programs\Microsoft VS Code\bin
USERNAME=Asus
OS=Windows_NT
PROCESSOR_IDENTIFIER=Intel64 Family 6 Model 158 Stepping 10, GenuineIntel



---------------  S Y S T E M  ---------------

OS: Windows 10.0 , 64 bit Build 17763 (10.0.17763.292)

CPU:total 12 (initial active 12) (6 cores per cpu, 2 threads per core) family 6 model 158 stepping 10, cmov, cx8, fxsr, mmx, sse, sse2, sse3, ssse3, sse4.1, sse4.2, popcnt, avx, avx2, aes, clmul, erms, 3dnowpref, lzcnt, ht, tsc, tscinvbit, bmi1, bmi2, adx

Memory: 4k page, physical 8239356k(1891752k free), swap 8239356k(5676k free)

vm_info: Java HotSpot(TM) 64-Bit Server VM (25.131-b11) for windows-amd64 JRE (1.8.0_131-b11), built on Mar 15 2017 01:23:53 by "java_re" with MS VC++ 10.0 (VS2010)

time: Thu Feb 21 20:58:04 2019
elapsed time: 3 seconds (0d 0h 0m 3s)

