#
# There is insufficient memory for the Java Runtime Environment to continue.
# Native memory allocation (malloc) failed to allocate 976336 bytes for Chunk::new
# Possible reasons:
#   The system is out of physical RAM or swap space
#   In 32 bit mode, the process size limit was hit
# Possible solutions:
#   Reduce memory load on the system
#   Increase physical memory or swap space
#   Check if swap backing store is full
#   Use 64 bit Java on a 64 bit OS
#   Decrease Java heap size (-Xmx/-Xms)
#   Decrease number of Java threads
#   Decrease Java thread stack sizes (-Xss)
#   Set larger code cache with -XX:ReservedCodeCacheSize=
# This output file may be truncated or incomplete.
#
#  Out of Memory Error (allocation.cpp:390), pid=9596, tid=0x00000000000028b8
#
# JRE version: Java(TM) SE Runtime Environment (8.0_131-b11) (build 1.8.0_131-b11)
# Java VM: Java HotSpot(TM) 64-Bit Server VM (25.131-b11 mixed mode windows-amd64 compressed oops)
# Failed to write core dump. Minidumps are not enabled by default on client versions of Windows
#

---------------  T H R E A D  ---------------

Current thread (0x0000000019735800):  JavaThread "C2 CompilerThread1" daemon [_thread_in_native, id=10424, stack(0x000000001ae80000,0x000000001af80000)]

Stack: [0x000000001ae80000,0x000000001af80000]
[error occurred during error reporting (printing stack bounds), id 0xc0000005]

Native frames: (J=compiled Java code, j=interpreted, Vv=VM code, C=native code)


Current CompileTask:
C2:   3891 4316       4       java.net.URLClassLoader$1::run (5 bytes)


---------------  P R O C E S S  ---------------

Java Threads: ( => current thread )
  0x000000001c683000 JavaThread "background-preinit" [_thread_in_vm, id=9724, stack(0x000000001f800000,0x000000001f900000)]
  0x000000001cb2b000 JavaThread "main" [_thread_in_Java, id=10176, stack(0x000000001e460000,0x000000001e560000)]
  0x00000000197c9800 JavaThread "Service Thread" daemon [_thread_blocked, id=5880, stack(0x000000001b180000,0x000000001b280000)]
  0x000000001973b000 JavaThread "C1 CompilerThread3" daemon [_thread_in_native, id=4680, stack(0x000000001b080000,0x000000001b180000)]
  0x000000001973a800 JavaThread "C2 CompilerThread2" daemon [_thread_in_native, id=4428, stack(0x000000001af80000,0x000000001b080000)]
=>0x0000000019735800 JavaThread "C2 CompilerThread1" daemon [_thread_in_native, id=10424, stack(0x000000001ae80000,0x000000001af80000)]
  0x000000001972e800 JavaThread "C2 CompilerThread0" daemon [_thread_in_native, id=7320, stack(0x000000001ad80000,0x000000001ae80000)]
  0x0000000019729800 JavaThread "Attach Listener" daemon [_thread_blocked, id=2632, stack(0x000000001ac80000,0x000000001ad80000)]
  0x0000000019728000 JavaThread "Signal Dispatcher" daemon [_thread_blocked, id=3084, stack(0x000000001ab80000,0x000000001ac80000)]
  0x0000000002e3a800 JavaThread "Finalizer" daemon [_thread_blocked, id=3420, stack(0x000000001a980000,0x000000001aa80000)]
  0x0000000002e39000 JavaThread "Reference Handler" daemon [_thread_blocked, id=8420, stack(0x000000001a880000,0x000000001a980000)]
  0x0000000002f3d800 JavaThread "main" [_thread_blocked, id=8728, stack(0x0000000002c30000,0x0000000002d30000)]

Other Threads:
  0x0000000019702800 VMThread [stack: 0x000000001a780000,0x000000001a880000] [id=7904]
  0x00000000197f7000 WatcherThread [stack: 0x000000001b280000,0x000000001b380000] [id=9440]

VM state:not at safepoint (normal execution)

VM Mutex/Monitor currently owned by a thread: None

Heap:
 PSYoungGen      total 143872K, used 98838K [0x00000000d6180000, 0x00000000e7d80000, 0x0000000100000000)
  eden space 130560K, 75% used [0x00000000d6180000,0x00000000dc205830,0x00000000de100000)
  from space 13312K, 0% used [0x00000000de100000,0x00000000de100000,0x00000000dee00000)
  to   space 14848K, 0% used [0x00000000e6f00000,0x00000000e6f00000,0x00000000e7d80000)
 ParOldGen       total 82432K, used 24623K [0x0000000082400000, 0x0000000087480000, 0x00000000d6180000)
  object space 82432K, 29% used [0x0000000082400000,0x0000000083c0bd98,0x0000000087480000)
 Metaspace       used 31637K, capacity 32606K, committed 32768K, reserved 1077248K
  class space    used 3961K, capacity 4260K, committed 4352K, reserved 1048576K

Card table byte_map: [0x0000000012300000,0x00000000126f0000] byte_map_base: 0x0000000011eee000

Marking Bits: (ParMarkBitMap*) 0x000000006e99c720
 Begin Bits: [0x0000000013390000, 0x0000000015300000)
 End Bits:   [0x0000000015300000, 0x0000000017270000)

Polling page: 0x0000000000ef0000

CodeCache: size=245760Kb used=14618Kb max_used=14622Kb free=231141Kb
 bounds [0x0000000002f40000, 0x0000000003d90000, 0x0000000011f40000]
 total_blobs=4672 nmethods=4256 adapters=328
 compilation: enabled

Compilation events (10 events):
Event: 3.872 Thread 0x000000001972e800 4338       4       java.nio.DirectLongBufferU::get (16 bytes)
Event: 3.872 Thread 0x000000001972e800 nmethod 4338 0x0000000003d73b10 code [0x0000000003d73c40, 0x0000000003d73cd8]
Event: 3.873 Thread 0x000000001972e800 4339       4       java.nio.DirectLongBufferU::put (18 bytes)
Event: 3.873 Thread 0x000000001972e800 nmethod 4339 0x0000000003d73810 code [0x0000000003d73940, 0x0000000003d739d8]
Event: 3.876 Thread 0x000000001973b000 4340   !   3       com.sun.proxy.$Proxy2::annotationType (29 bytes)
Event: 3.876 Thread 0x000000001973b000 nmethod 4340 0x0000000003d88f50 code [0x0000000003d890e0, 0x0000000003d89518]
Event: 3.876 Thread 0x000000001973b000 4341   !   3       com.sun.proxy.$Proxy3::annotationType (29 bytes)
Event: 3.876 Thread 0x000000001973b000 nmethod 4341 0x0000000003d887d0 code [0x0000000003d88960, 0x0000000003d88d98]
Event: 3.887 Thread 0x000000001973b000 4342       3       java.util.LinkedList::node (65 bytes)
Event: 3.887 Thread 0x000000001973b000 nmethod 4342 0x0000000003d87fd0 code [0x0000000003d88140, 0x0000000003d88450]

GC Heap History (10 events):
Event: 1.826 GC heap before
{Heap before GC invocations=4 (full 0):
 PSYoungGen      total 37888K, used 37872K [0x00000000d6180000, 0x00000000dab80000, 0x0000000100000000)
  eden space 32768K, 100% used [0x00000000d6180000,0x00000000d8180000,0x00000000d8180000)
  from space 5120K, 99% used [0x00000000d8180000,0x00000000d867c030,0x00000000d8680000)
  to   space 5120K, 0% used [0x00000000da680000,0x00000000da680000,0x00000000dab80000)
 ParOldGen       total 86016K, used 5698K [0x0000000082400000, 0x0000000087800000, 0x00000000d6180000)
  object space 86016K, 6% used [0x0000000082400000,0x0000000082990978,0x0000000087800000)
 Metaspace       used 15689K, capacity 15942K, committed 16128K, reserved 1062912K
  class space    used 1908K, capacity 2013K, committed 2048K, reserved 1048576K
Event: 1.833 GC heap after
Heap after GC invocations=4 (full 0):
 PSYoungGen      total 70656K, used 5104K [0x00000000d6180000, 0x00000000dab80000, 0x0000000100000000)
  eden space 65536K, 0% used [0x00000000d6180000,0x00000000d6180000,0x00000000da180000)
  from space 5120K, 99% used [0x00000000da680000,0x00000000dab7c070,0x00000000dab80000)
  to   space 5120K, 0% used [0x00000000da180000,0x00000000da180000,0x00000000da680000)
 ParOldGen       total 86016K, used 9042K [0x0000000082400000, 0x0000000087800000, 0x00000000d6180000)
  object space 86016K, 10% used [0x0000000082400000,0x0000000082cd4970,0x0000000087800000)
 Metaspace       used 15689K, capacity 15942K, committed 16128K, reserved 1062912K
  class space    used 1908K, capacity 2013K, committed 2048K, reserved 1048576K
}
Event: 2.133 GC heap before
{Heap before GC invocations=5 (full 0):
 PSYoungGen      total 70656K, used 70640K [0x00000000d6180000, 0x00000000dab80000, 0x0000000100000000)
  eden space 65536K, 100% used [0x00000000d6180000,0x00000000da180000,0x00000000da180000)
  from space 5120K, 99% used [0x00000000da680000,0x00000000dab7c070,0x00000000dab80000)
  to   space 5120K, 0% used [0x00000000da180000,0x00000000da180000,0x00000000da680000)
 ParOldGen       total 86016K, used 9042K [0x0000000082400000, 0x0000000087800000, 0x00000000d6180000)
  object space 86016K, 10% used [0x0000000082400000,0x0000000082cd4970,0x0000000087800000)
 Metaspace       used 16020K, capacity 16318K, committed 16512K, reserved 1062912K
  class space    used 1926K, capacity 2049K, committed 2176K, reserved 1048576K
Event: 2.142 GC heap after
Heap after GC invocations=5 (full 0):
 PSYoungGen      total 70656K, used 5104K [0x00000000d6180000, 0x00000000dfa80000, 0x0000000100000000)
  eden space 65536K, 0% used [0x00000000d6180000,0x00000000d6180000,0x00000000da180000)
  from space 5120K, 99% used [0x00000000da180000,0x00000000da67c010,0x00000000da680000)
  to   space 12800K, 0% used [0x00000000dee00000,0x00000000dee00000,0x00000000dfa80000)
 ParOldGen       total 86016K, used 16170K [0x0000000082400000, 0x0000000087800000, 0x00000000d6180000)
  object space 86016K, 18% used [0x0000000082400000,0x00000000833caa88,0x0000000087800000)
 Metaspace       used 16020K, capacity 16318K, committed 16512K, reserved 1062912K
  class space    used 1926K, capacity 2049K, committed 2176K, reserved 1048576K
}
Event: 2.637 GC heap before
{Heap before GC invocations=6 (full 0):
 PSYoungGen      total 70656K, used 70640K [0x00000000d6180000, 0x00000000dfa80000, 0x0000000100000000)
  eden space 65536K, 100% used [0x00000000d6180000,0x00000000da180000,0x00000000da180000)
  from space 5120K, 99% used [0x00000000da180000,0x00000000da67c010,0x00000000da680000)
  to   space 12800K, 0% used [0x00000000dee00000,0x00000000dee00000,0x00000000dfa80000)
 ParOldGen       total 86016K, used 16170K [0x0000000082400000, 0x0000000087800000, 0x00000000d6180000)
  object space 86016K, 18% used [0x0000000082400000,0x00000000833caa88,0x0000000087800000)
 Metaspace       used 17391K, capacity 17858K, committed 18176K, reserved 1064960K
  class space    used 2039K, capacity 2193K, committed 2304K, reserved 1048576K
Event: 2.646 GC heap after
Heap after GC invocations=6 (full 0):
 PSYoungGen      total 143360K, used 10161K [0x00000000d6180000, 0x00000000dfb80000, 0x0000000100000000)
  eden space 130560K, 0% used [0x00000000d6180000,0x00000000d6180000,0x00000000de100000)
  from space 12800K, 79% used [0x00000000dee00000,0x00000000df7ec5f0,0x00000000dfa80000)
  to   space 13312K, 0% used [0x00000000de100000,0x00000000de100000,0x00000000dee00000)
 ParOldGen       total 86016K, used 16178K [0x0000000082400000, 0x0000000087800000, 0x00000000d6180000)
  object space 86016K, 18% used [0x0000000082400000,0x00000000833cca88,0x0000000087800000)
 Metaspace       used 17391K, capacity 17858K, committed 18176K, reserved 1064960K
  class space    used 2039K, capacity 2193K, committed 2304K, reserved 1048576K
}
Event: 3.321 GC heap before
{Heap before GC invocations=7 (full 0):
 PSYoungGen      total 143360K, used 90794K [0x00000000d6180000, 0x00000000dfb80000, 0x0000000100000000)
  eden space 130560K, 61% used [0x00000000d6180000,0x00000000db03e270,0x00000000de100000)
  from space 12800K, 79% used [0x00000000dee00000,0x00000000df7ec5f0,0x00000000dfa80000)
  to   space 13312K, 0% used [0x00000000de100000,0x00000000de100000,0x00000000dee00000)
 ParOldGen       total 86016K, used 16178K [0x0000000082400000, 0x0000000087800000, 0x00000000d6180000)
  object space 86016K, 18% used [0x0000000082400000,0x00000000833cca88,0x0000000087800000)
 Metaspace       used 20494K, capacity 21144K, committed 21296K, reserved 1069056K
  class space    used 2409K, capacity 2658K, committed 2688K, reserved 1048576K
Event: 3.334 GC heap after
Heap after GC invocations=7 (full 0):
 PSYoungGen      total 143872K, used 13082K [0x00000000d6180000, 0x00000000e7d80000, 0x0000000100000000)
  eden space 130560K, 0% used [0x00000000d6180000,0x00000000d6180000,0x00000000de100000)
  from space 13312K, 98% used [0x00000000de100000,0x00000000dedc6a18,0x00000000dee00000)
  to   space 14848K, 0% used [0x00000000e6f00000,0x00000000e6f00000,0x00000000e7d80000)
 ParOldGen       total 86016K, used 18144K [0x0000000082400000, 0x0000000087800000, 0x00000000d6180000)
  object space 86016K, 21% used [0x0000000082400000,0x00000000835b8358,0x0000000087800000)
 Metaspace       used 20494K, capacity 21144K, committed 21296K, reserved 1069056K
  class space    used 2409K, capacity 2658K, committed 2688K, reserved 1048576K
}
Event: 3.334 GC heap before
{Heap before GC invocations=8 (full 1):
 PSYoungGen      total 143872K, used 13082K [0x00000000d6180000, 0x00000000e7d80000, 0x0000000100000000)
  eden space 130560K, 0% used [0x00000000d6180000,0x00000000d6180000,0x00000000de100000)
  from space 13312K, 98% used [0x00000000de100000,0x00000000dedc6a18,0x00000000dee00000)
  to   space 14848K, 0% used [0x00000000e6f00000,0x00000000e6f00000,0x00000000e7d80000)
 ParOldGen       total 86016K, used 18144K [0x0000000082400000, 0x0000000087800000, 0x00000000d6180000)
  object space 86016K, 21% used [0x0000000082400000,0x00000000835b8358,0x0000000087800000)
 Metaspace       used 20494K, capacity 21144K, committed 21296K, reserved 1069056K
  class space    used 2409K, capacity 2658K, committed 2688K, reserved 1048576K
Event: 3.402 GC heap after
Heap after GC invocations=8 (full 1):
 PSYoungGen      total 143872K, used 0K [0x00000000d6180000, 0x00000000e7d80000, 0x0000000100000000)
  eden space 130560K, 0% used [0x00000000d6180000,0x00000000d6180000,0x00000000de100000)
  from space 13312K, 0% used [0x00000000de100000,0x00000000de100000,0x00000000dee00000)
  to   space 14848K, 0% used [0x00000000e6f00000,0x00000000e6f00000,0x00000000e7d80000)
 ParOldGen       total 82432K, used 24623K [0x0000000082400000, 0x0000000087480000, 0x00000000d6180000)
  object space 82432K, 29% used [0x0000000082400000,0x0000000083c0bd98,0x0000000087480000)
 Metaspace       used 20494K, capacity 21144K, committed 21296K, reserved 1069056K
  class space    used 2409K, capacity 2658K, committed 2688K, reserved 1048576K
}

Deoptimization events (10 events):
Event: 3.775 Thread 0x000000001c683000 Uncommon trap: reason=class_check action=maybe_recompile pc=0x00000000038a0f0c method=java.util.Collections$UnmodifiableMap.isEmpty()Z @ 4
Event: 3.775 Thread 0x000000001c683000 Uncommon trap: reason=bimorphic action=maybe_recompile pc=0x0000000003b2ca04 method=java.util.LinkedHashMap.afterNodeInsertion(Z)V @ 15
Event: 3.775 Thread 0x000000001c683000 Uncommon trap: reason=bimorphic action=maybe_recompile pc=0x0000000003b2ca04 method=java.util.LinkedHashMap.afterNodeInsertion(Z)V @ 15
Event: 3.775 Thread 0x000000001c683000 Uncommon trap: reason=class_check action=maybe_recompile pc=0x00000000038a0f0c method=java.util.Collections$UnmodifiableMap.isEmpty()Z @ 4
Event: 3.775 Thread 0x000000001c683000 Uncommon trap: reason=bimorphic action=maybe_recompile pc=0x0000000003b2ca04 method=java.util.LinkedHashMap.afterNodeInsertion(Z)V @ 15
Event: 3.799 Thread 0x000000001cb2b000 Uncommon trap: reason=bimorphic action=maybe_recompile pc=0x00000000036e4b3c method=java.util.HashMap.putVal(ILjava/lang/Object;Ljava/lang/Object;ZZ)Ljava/lang/Object; @ 253
Event: 3.799 Thread 0x000000001cb2b000 Uncommon trap: reason=bimorphic action=maybe_recompile pc=0x00000000036e4b3c method=java.util.HashMap.putVal(ILjava/lang/Object;Ljava/lang/Object;ZZ)Ljava/lang/Object; @ 253
Event: 3.799 Thread 0x000000001cb2b000 Uncommon trap: reason=bimorphic action=maybe_recompile pc=0x00000000036e4b3c method=java.util.HashMap.putVal(ILjava/lang/Object;Ljava/lang/Object;ZZ)Ljava/lang/Object; @ 253
Event: 3.799 Thread 0x000000001cb2b000 Uncommon trap: reason=bimorphic action=maybe_recompile pc=0x00000000036e4b3c method=java.util.HashMap.putVal(ILjava/lang/Object;Ljava/lang/Object;ZZ)Ljava/lang/Object; @ 253
Event: 3.805 Thread 0x000000001cb2b000 Uncommon trap: reason=unstable_if action=reinterpret pc=0x0000000003a3149c method=java.util.StringTokenizer.setMaxDelimCodePoint()V @ 71

Internal exceptions (10 events):
Event: 3.595 Thread 0x000000001cb2b000 Implicit null exception at 0x0000000003c85e1e to 0x0000000003c89045
Event: 3.611 Thread 0x000000001cb2b000 Exception <a 'java/lang/NoSuchMethodError': java.lang.Object.lambda$chars$0()Ljava/util/Spliterator$OfInt;> (0x00000000d829bcb0) thrown at [C:\re\workspace\8-2-build-windows-amd64-cygwin\jdk8u131\8869\hotspot\src\share\vm\interpreter\linkResolver.cpp, lin
Event: 3.760 Thread 0x000000001cb2b000 Exception <a 'java/lang/NoSuchMethodError': org.slf4j.impl.StaticMDCBinder.getSingleton()Lorg/slf4j/impl/StaticMDCBinder;> (0x00000000daa1d1a8) thrown at [C:\re\workspace\8-2-build-windows-amd64-cygwin\jdk8u131\8869\hotspot\src\share\vm\interpreter\linkRe
Event: 3.858 Thread 0x000000001cb2b000 Exception <a 'java/lang/ClassNotFoundException': java/lang/ObjectCustomizer> (0x00000000dbc1ac18) thrown at [C:\re\workspace\8-2-build-windows-amd64-cygwin\jdk8u131\8869\hotspot\src\share\vm\classfile\systemDictionary.cpp, line 210]
Event: 3.860 Thread 0x000000001cb2b000 Exception <a 'java/lang/ClassNotFoundException': org/springframework/context/annotation/ConfigurationClassPostProcessorCustomizer> (0x00000000dbc38cb8) thrown at [C:\re\workspace\8-2-build-windows-amd64-cygwin\jdk8u131\8869\hotspot\src\share\vm\classfile\
Event: 3.864 Thread 0x000000001cb2b000 Exception <a 'java/lang/ClassNotFoundException': org/springframework/beans/factory/support/BeanDefinitionRegistryPostProcessorCustomizer> (0x00000000dbc92cd8) thrown at [C:\re\workspace\8-2-build-windows-amd64-cygwin\jdk8u131\8869\hotspot\src\share\vm\cla
Event: 3.865 Thread 0x000000001cb2b000 Exception <a 'java/lang/ClassNotFoundException': org/springframework/core/PriorityOrderedCustomizer> (0x00000000dbca5a98) thrown at [C:\re\workspace\8-2-build-windows-amd64-cygwin\jdk8u131\8869\hotspot\src\share\vm\classfile\systemDictionary.cpp, line 210
Event: 3.865 Thread 0x000000001cb2b000 Exception <a 'java/lang/ClassNotFoundException': org/springframework/context/ResourceLoaderAwareCustomizer> (0x00000000dbcb9468) thrown at [C:\re\workspace\8-2-build-windows-amd64-cygwin\jdk8u131\8869\hotspot\src\share\vm\classfile\systemDictionary.cpp, l
Event: 3.865 Thread 0x000000001cb2b000 Exception <a 'java/lang/ClassNotFoundException': org/springframework/beans/factory/BeanClassLoaderAwareCustomizer> (0x00000000dbda9708) thrown at [C:\re\workspace\8-2-build-windows-amd64-cygwin\jdk8u131\8869\hotspot\src\share\vm\classfile\systemDictionary
Event: 3.866 Thread 0x000000001cb2b000 Exception <a 'java/lang/ClassNotFoundException': org/springframework/context/EnvironmentAwareCustomizer> (0x00000000dbdbd900) thrown at [C:\re\workspace\8-2-build-windows-amd64-cygwin\jdk8u131\8869\hotspot\src\share\vm\classfile\systemDictionary.cpp, line

Events (10 events):
Event: 3.886 loading class org/springframework/context/annotation/ComponentScanAnnotationParser$1
Event: 3.886 loading class org/springframework/context/annotation/ComponentScanAnnotationParser$1 done
Event: 3.886 loading class com/fasterxml/jackson/databind/node/JsonNodeFactory
Event: 3.886 loading class com/fasterxml/jackson/databind/node/JsonNodeFactory done
Event: 3.887 loading class com/fasterxml/jackson/databind/node/JsonNodeCreator
Event: 3.887 loading class com/fasterxml/jackson/databind/node/JsonNodeCreator done
Event: 3.887 loading class org/springframework/web/context/support/ServletContextResource
Event: 3.887 loading class org/springframework/web/context/support/ServletContextResource done
Event: 3.887 loading class com/fasterxml/jackson/databind/node/POJONode
Event: 3.887 loading class com/fasterxml/jackson/databind/node/POJONode done


Dynamic libraries:
0x00007ff6b79a0000 - 0x00007ff6b79d7000 	C:\Program Files\Java\jdk1.8.0_131\bin\java.exe
0x00007ffb902b0000 - 0x00007ffb9049d000 	C:\WINDOWS\SYSTEM32\ntdll.dll
0x00007ffb8fc40000 - 0x00007ffb8fcf3000 	C:\WINDOWS\System32\KERNEL32.DLL
0x00007ffb8cb50000 - 0x00007ffb8cde3000 	C:\WINDOWS\System32\KERNELBASE.dll
0x00007ffb8d650000 - 0x00007ffb8d6f3000 	C:\WINDOWS\System32\ADVAPI32.dll
0x00007ffb8e4a0000 - 0x00007ffb8e53e000 	C:\WINDOWS\System32\msvcrt.dll
0x00007ffb8fd00000 - 0x00007ffb8fd9e000 	C:\WINDOWS\System32\sechost.dll
0x00007ffb8e000000 - 0x00007ffb8e122000 	C:\WINDOWS\System32\RPCRT4.dll
0x00007ffb8e300000 - 0x00007ffb8e497000 	C:\WINDOWS\System32\USER32.dll
0x00007ffb8c380000 - 0x00007ffb8c3a0000 	C:\WINDOWS\System32\win32u.dll
0x00007ffb8e130000 - 0x00007ffb8e159000 	C:\WINDOWS\System32\GDI32.dll
0x00007ffb8cdf0000 - 0x00007ffb8cf8a000 	C:\WINDOWS\System32\gdi32full.dll
0x00007ffb8d170000 - 0x00007ffb8d210000 	C:\WINDOWS\System32\msvcp_win.dll
0x00007ffb8d210000 - 0x00007ffb8d30c000 	C:\WINDOWS\System32\ucrtbase.dll
0x00007ffb7b6a0000 - 0x00007ffb7b919000 	C:\WINDOWS\WinSxS\amd64_microsoft.windows.common-controls_6595b64144ccf1df_6.0.17763.316_none_05b53be2071f46b6\COMCTL32.dll
0x00007ffb8dc50000 - 0x00007ffb8df7d000 	C:\WINDOWS\System32\combase.dll
0x00007ffb8d360000 - 0x00007ffb8d3de000 	C:\WINDOWS\System32\bcryptPrimitives.dll
0x00007ffb90250000 - 0x00007ffb9027e000 	C:\WINDOWS\System32\IMM32.DLL
0x000000006ea20000 - 0x000000006eaf2000 	C:\Program Files\Java\jdk1.8.0_131\jre\bin\msvcr100.dll
0x000000006e180000 - 0x000000006ea1c000 	C:\Program Files\Java\jdk1.8.0_131\jre\bin\server\jvm.dll
0x00007ffb90080000 - 0x00007ffb90088000 	C:\WINDOWS\System32\PSAPI.DLL
0x00007ffb89e80000 - 0x00007ffb89e89000 	C:\WINDOWS\SYSTEM32\WSOCK32.dll
0x00007ffb89d80000 - 0x00007ffb89da4000 	C:\WINDOWS\SYSTEM32\WINMM.dll
0x00007ffb825b0000 - 0x00007ffb825ba000 	C:\WINDOWS\SYSTEM32\VERSION.dll
0x00007ffb8e290000 - 0x00007ffb8e2fd000 	C:\WINDOWS\System32\WS2_32.dll
0x00007ffb89db0000 - 0x00007ffb89ddd000 	C:\WINDOWS\SYSTEM32\WINMMBASE.dll
0x00007ffb8d310000 - 0x00007ffb8d35a000 	C:\WINDOWS\System32\cfgmgr32.dll
0x000000006e170000 - 0x000000006e17f000 	C:\Program Files\Java\jdk1.8.0_131\jre\bin\verify.dll
0x000000006e140000 - 0x000000006e169000 	C:\Program Files\Java\jdk1.8.0_131\jre\bin\java.dll
0x000000006e120000 - 0x000000006e136000 	C:\Program Files\Java\jdk1.8.0_131\jre\bin\zip.dll
0x00007ffb8e6b0000 - 0x00007ffb8fb9f000 	C:\WINDOWS\System32\SHELL32.dll
0x00007ffb8db90000 - 0x00007ffb8dc38000 	C:\WINDOWS\System32\shcore.dll
0x00007ffb8c3a0000 - 0x00007ffb8caea000 	C:\WINDOWS\System32\windows.storage.dll
0x00007ffb8c350000 - 0x00007ffb8c374000 	C:\WINDOWS\System32\profapi.dll
0x00007ffb8c2d0000 - 0x00007ffb8c32d000 	C:\WINDOWS\System32\powrprof.dll
0x00007ffb8e5a0000 - 0x00007ffb8e5f2000 	C:\WINDOWS\System32\shlwapi.dll
0x00007ffb8c330000 - 0x00007ffb8c341000 	C:\WINDOWS\System32\kernel.appcore.dll
0x00007ffb8d4c0000 - 0x00007ffb8d4d7000 	C:\WINDOWS\System32\cryptsp.dll
0x00007ffb8b700000 - 0x00007ffb8b733000 	C:\WINDOWS\system32\rsaenh.dll
0x00007ffb8d490000 - 0x00007ffb8d4b6000 	C:\WINDOWS\System32\bcrypt.dll
0x00007ffb8c1b0000 - 0x00007ffb8c1d8000 	C:\WINDOWS\SYSTEM32\USERENV.dll
0x00007ffb8bd10000 - 0x00007ffb8bd1c000 	C:\WINDOWS\SYSTEM32\CRYPTBASE.dll
0x000000006e100000 - 0x000000006e11a000 	C:\Program Files\Java\jdk1.8.0_131\jre\bin\net.dll
0x00007ffb8bb40000 - 0x00007ffb8bba7000 	C:\WINDOWS\system32\mswsock.dll
0x00007ffb8b8a0000 - 0x00007ffb8b8dd000 	C:\WINDOWS\SYSTEM32\IPHLPAPI.DLL
0x00007ffb8d700000 - 0x00007ffb8d708000 	C:\WINDOWS\System32\NSI.dll
0x00007ffb825d0000 - 0x00007ffb825e6000 	C:\WINDOWS\SYSTEM32\dhcpcsvc6.DLL
0x00007ffb82e30000 - 0x00007ffb82e4c000 	C:\WINDOWS\SYSTEM32\dhcpcsvc.DLL
0x00007ffb8b8e0000 - 0x00007ffb8b9a6000 	C:\WINDOWS\SYSTEM32\DNSAPI.dll
0x000000006e0e0000 - 0x000000006e0f1000 	C:\Program Files\Java\jdk1.8.0_131\jre\bin\nio.dll
0x00007ffb883b0000 - 0x00007ffb883ba000 	Z:\jansi-1.17.1-2437928328126861459.dll
0x00007ffb875f0000 - 0x00007ffb875fa000 	Z:\jansi-1.17.1-4601233908195533578.dll
0x000000006e0d0000 - 0x000000006e0dd000 	C:\Program Files\Java\jdk1.8.0_131\jre\bin\management.dll
0x00007ffb73250000 - 0x00007ffb73266000 	C:\WINDOWS\system32\napinsp.dll
0x00007ffb73230000 - 0x00007ffb7324a000 	C:\WINDOWS\system32\pnrpnsp.dll
0x00007ffb717c0000 - 0x00007ffb717ce000 	C:\WINDOWS\System32\winrnr.dll
0x00007ffb88570000 - 0x00007ffb8858b000 	C:\WINDOWS\system32\NLAapi.dll
0x00007ffb84810000 - 0x00007ffb84825000 	C:\WINDOWS\system32\wshbth.dll
0x00007ffb7b680000 - 0x00007ffb7b68a000 	C:\Windows\System32\rasadhlp.dll
0x00007ffb7d100000 - 0x00007ffb7d179000 	C:\WINDOWS\System32\fwpuclnt.dll

VM Arguments:
jvm_args: -Dmaven.multiModuleProjectDirectory=C:\Users\Asus\Downloads\team05-master\backend 
java_command: org.apache.maven.wrapper.MavenWrapperMain spring-boot:run
java_class_path (initial): C:\Users\Asus\Downloads\team05-master\backend\.mvn\wrapper\maven-wrapper.jar
Launcher Type: SUN_STANDARD

Environment Variables:
JAVA_HOME=C:\Program Files\Java\jdk1.8.0_131
PATH=C:\Program Files\Java\jdk1.8.0_131\bin;C:\ProgramData\Oracle\Java\javapath;C:\Windows\system32;C:\Windows;C:\Windows\System32\Wbem;C:\Windows\System32\WindowsPowerShell\v1.0\;C:\Windows\System32\OpenSSH\;C:\Program Files (x86)\NVIDIA Corporation\PhysX\Common;C:\Program Files\nodejs\;;C:\WINDOWS\system32;C:\WINDOWS;C:\WINDOWS\System32\Wbem;C:\WINDOWS\System32\WindowsPowerShell\v1.0\;C:\WINDOWS\System32\OpenSSH\;C:\Program Files\Java\jdk1.8.0_131\bin;C:\Users\Asus\AppData\Local\Programs\Microsoft VS Code\bin
USERNAME=Asus
OS=Windows_NT
PROCESSOR_IDENTIFIER=Intel64 Family 6 Model 158 Stepping 10, GenuineIntel



---------------  S Y S T E M  ---------------

OS: Windows 10.0 , 64 bit Build 17763 (10.0.17763.292)

CPU:total 12 (initial active 12) (6 cores per cpu, 2 threads per core) family 6 model 158 stepping 10, cmov, cx8, fxsr, mmx, sse, sse2, sse3, ssse3, sse4.1, sse4.2, popcnt, avx, avx2, aes, clmul, erms, 3dnowpref, lzcnt, ht, tsc, tscinvbit, bmi1, bmi2, adx

Memory: 4k page, physical 8239356k(2211140k free), swap 8239356k(5332k free)

vm_info: Java HotSpot(TM) 64-Bit Server VM (25.131-b11) for windows-amd64 JRE (1.8.0_131-b11), built on Mar 15 2017 01:23:53 by "java_re" with MS VC++ 10.0 (VS2010)

time: Thu Mar 07 20:29:06 2019
elapsed time: 3 seconds (0d 0h 0m 3s)

