#
# There is insufficient memory for the Java Runtime Environment to continue.
# Native memory allocation (malloc) failed to allocate 973184 bytes for Chunk::new
# Possible reasons:
#   The system is out of physical RAM or swap space
#   In 32 bit mode, the process size limit was hit
# Possible solutions:
#   Reduce memory load on the system
#   Increase physical memory or swap space
#   Check if swap backing store is full
#   Use 64 bit Java on a 64 bit OS
#   Decrease Java heap size (-Xmx/-Xms)
#   Decrease number of Java threads
#   Decrease Java thread stack sizes (-Xss)
#   Set larger code cache with -XX:ReservedCodeCacheSize=
# This output file may be truncated or incomplete.
#
#  Out of Memory Error (allocation.cpp:390), pid=3544, tid=0x0000000000001024
#
# JRE version: Java(TM) SE Runtime Environment (8.0_131-b11) (build 1.8.0_131-b11)
# Java VM: Java HotSpot(TM) 64-Bit Server VM (25.131-b11 mixed mode windows-amd64 compressed oops)
# Failed to write core dump. Minidumps are not enabled by default on client versions of Windows
#

---------------  T H R E A D  ---------------

Current thread (0x000000001941f000):  JavaThread "C2 CompilerThread1" daemon [_thread_in_native, id=4132, stack(0x000000001abf0000,0x000000001acf0000)]

Stack: [0x000000001abf0000,0x000000001acf0000]
[error occurred during error reporting (printing stack bounds), id 0xc0000005]

Native frames: (J=compiled Java code, j=interpreted, Vv=VM code, C=native code)


Current CompileTask:
C2:   4207 5171       4       java.lang.Class::privateGetMethodRecursive (130 bytes)


---------------  P R O C E S S  ---------------

Java Threads: ( => current thread )
  0x00000000194c3000 JavaThread "Service Thread" daemon [_thread_blocked, id=3240, stack(0x000000001aef0000,0x000000001aff0000)]
  0x0000000019421000 JavaThread "C1 CompilerThread3" daemon [_thread_in_native, id=11164, stack(0x000000001adf0000,0x000000001aef0000)]
  0x0000000019420000 JavaThread "C2 CompilerThread2" daemon [_thread_in_native, id=3088, stack(0x000000001acf0000,0x000000001adf0000)]
=>0x000000001941f000 JavaThread "C2 CompilerThread1" daemon [_thread_in_native, id=4132, stack(0x000000001abf0000,0x000000001acf0000)]
  0x0000000019419800 JavaThread "C2 CompilerThread0" daemon [_thread_in_native, id=9220, stack(0x000000001aaf0000,0x000000001abf0000)]
  0x000000001940d800 JavaThread "Monitor Ctrl-Break" daemon [_thread_in_native, id=5576, stack(0x000000001a9f0000,0x000000001aaf0000)]
  0x00000000193a3000 JavaThread "Attach Listener" daemon [_thread_blocked, id=5612, stack(0x000000001a8f0000,0x000000001a9f0000)]
  0x00000000193a2000 JavaThread "Signal Dispatcher" daemon [_thread_blocked, id=2308, stack(0x000000001a7f0000,0x000000001a8f0000)]
  0x0000000019393000 JavaThread "Finalizer" daemon [_thread_blocked, id=3076, stack(0x000000001a5f0000,0x000000001a6f0000)]
  0x0000000017ccc800 JavaThread "Reference Handler" daemon [_thread_blocked, id=264, stack(0x000000001a4f0000,0x000000001a5f0000)]
  0x000000000279d800 JavaThread "main" [_thread_in_vm, id=10456, stack(0x0000000002810000,0x0000000002910000)]

Other Threads:
  0x0000000002a0c800 VMThread [stack: 0x000000001a3f0000,0x000000001a4f0000] [id=8592]
  0x0000000019534000 WatcherThread [stack: 0x000000001aff0000,0x000000001b0f0000] [id=4428]

VM state:not at safepoint (normal execution)

VM Mutex/Monitor currently owned by a thread: None

Heap:
 PSYoungGen      total 169984K, used 107954K [0x00000000d6180000, 0x00000000e3c80000, 0x0000000100000000)
  eden space 159232K, 61% used [0x00000000d6180000,0x00000000dc06dd08,0x00000000dfd00000)
  from space 10752K, 99% used [0x00000000dfd00000,0x00000000e077ebe0,0x00000000e0780000)
  to   space 13312K, 0% used [0x00000000e2f80000,0x00000000e2f80000,0x00000000e3c80000)
 ParOldGen       total 89088K, used 16322K [0x0000000082400000, 0x0000000087b00000, 0x00000000d6180000)
  object space 89088K, 18% used [0x0000000082400000,0x00000000833f08a0,0x0000000087b00000)
 Metaspace       used 48501K, capacity 50656K, committed 50776K, reserved 1093632K
  class space    used 6316K, capacity 6687K, committed 6784K, reserved 1048576K

Card table byte_map: [0x0000000011f50000,0x0000000012340000] byte_map_base: 0x0000000011b3e000

Marking Bits: (ParMarkBitMap*) 0x0000000065c7c720
 Begin Bits: [0x0000000012fe0000, 0x0000000014f50000)
 End Bits:   [0x0000000014f50000, 0x0000000016ec0000)

Polling page: 0x00000000005e0000

CodeCache: size=245760Kb used=19387Kb max_used=19387Kb free=226372Kb
 bounds [0x0000000002b90000, 0x0000000003e90000, 0x0000000011b90000]
 total_blobs=6131 nmethods=5616 adapters=427
 compilation: enabled

Compilation events (10 events):
Event: 4.204 Thread 0x0000000019421000 nmethod 5629 0x0000000003e7c4d0 code [0x0000000003e7c620, 0x0000000003e7c7d0]
Event: 4.204 Thread 0x0000000019421000 5630       3       org.h2.expression.Parameter::getValue (5 bytes)
Event: 4.204 Thread 0x0000000019421000 nmethod 5630 0x0000000003e7c850 code [0x0000000003e7c9c0, 0x0000000003e7cbb0]
Event: 4.204 Thread 0x0000000019421000 5637       3       org.h2.value.Value::getHigherOrder (75 bytes)
Event: 4.205 Thread 0x0000000019421000 nmethod 5637 0x0000000003e7cc50 code [0x0000000003e7cf20, 0x0000000003e7e0d8]
Event: 4.205 Thread 0x0000000019421000 5631       3       org.h2.expression.Comparison::getValue (248 bytes)
Event: 4.205 Thread 0x0000000019421000 nmethod 5631 0x0000000003e7eb50 code [0x0000000003e7eec0, 0x0000000003e80b08]
Event: 4.206 Thread 0x0000000019421000 5632       3       org.h2.expression.Parameter::getType (32 bytes)
Event: 4.206 Thread 0x0000000019421000 nmethod 5632 0x0000000003e81690 code [0x0000000003e81800, 0x0000000003e81ae8]
Event: 4.206 Thread 0x0000000019421000 5633       3       org.h2.expression.Comparison::compareNotNull (270 bytes)

GC Heap History (10 events):
Event: 1.457 GC heap before
{Heap before GC invocations=7 (full 1):
 PSYoungGen      total 70656K, used 65536K [0x00000000d6180000, 0x00000000df280000, 0x0000000100000000)
  eden space 65536K, 100% used [0x00000000d6180000,0x00000000da180000,0x00000000da180000)
  from space 5120K, 0% used [0x00000000da180000,0x00000000da180000,0x00000000da680000)
  to   space 8704K, 0% used [0x00000000dea00000,0x00000000dea00000,0x00000000df280000)
 ParOldGen       total 57344K, used 8085K [0x0000000082400000, 0x0000000085c00000, 0x00000000d6180000)
  object space 57344K, 14% used [0x0000000082400000,0x0000000082be57f0,0x0000000085c00000)
 Metaspace       used 24091K, capacity 24922K, committed 25088K, reserved 1071104K
  class space    used 3103K, capacity 3312K, committed 3328K, reserved 1048576K
Event: 1.461 GC heap after
Heap after GC invocations=7 (full 1):
 PSYoungGen      total 108544K, used 4496K [0x00000000d6180000, 0x00000000dee80000, 0x0000000100000000)
  eden space 103936K, 0% used [0x00000000d6180000,0x00000000d6180000,0x00000000dc700000)
  from space 4608K, 97% used [0x00000000dea00000,0x00000000dee640c8,0x00000000dee80000)
  to   space 8704K, 0% used [0x00000000ddd80000,0x00000000ddd80000,0x00000000de600000)
 ParOldGen       total 57344K, used 8158K [0x0000000082400000, 0x0000000085c00000, 0x00000000d6180000)
  object space 57344K, 14% used [0x0000000082400000,0x0000000082bf7800,0x0000000085c00000)
 Metaspace       used 24091K, capacity 24922K, committed 25088K, reserved 1071104K
  class space    used 3103K, capacity 3312K, committed 3328K, reserved 1048576K
}
Event: 2.390 GC heap before
{Heap before GC invocations=8 (full 1):
 PSYoungGen      total 108544K, used 108432K [0x00000000d6180000, 0x00000000dee80000, 0x0000000100000000)
  eden space 103936K, 100% used [0x00000000d6180000,0x00000000dc700000,0x00000000dc700000)
  from space 4608K, 97% used [0x00000000dea00000,0x00000000dee640c8,0x00000000dee80000)
  to   space 8704K, 0% used [0x00000000ddd80000,0x00000000ddd80000,0x00000000de600000)
 ParOldGen       total 57344K, used 8158K [0x0000000082400000, 0x0000000085c00000, 0x00000000d6180000)
  object space 57344K, 14% used [0x0000000082400000,0x0000000082bf7800,0x0000000085c00000)
 Metaspace       used 30968K, capacity 32298K, committed 32512K, reserved 1077248K
  class space    used 3950K, capacity 4228K, committed 4352K, reserved 1048576K
Event: 2.398 GC heap after
Heap after GC invocations=8 (full 1):
 PSYoungGen      total 135680K, used 8694K [0x00000000d6180000, 0x00000000e1180000, 0x0000000100000000)
  eden space 126976K, 0% used [0x00000000d6180000,0x00000000d6180000,0x00000000ddd80000)
  from space 8704K, 99% used [0x00000000ddd80000,0x00000000de5fda28,0x00000000de600000)
  to   space 10240K, 0% used [0x00000000e0780000,0x00000000e0780000,0x00000000e1180000)
 ParOldGen       total 57344K, used 8734K [0x0000000082400000, 0x0000000085c00000, 0x00000000d6180000)
  object space 57344K, 15% used [0x0000000082400000,0x0000000082c87b20,0x0000000085c00000)
 Metaspace       used 30968K, capacity 32298K, committed 32512K, reserved 1077248K
  class space    used 3950K, capacity 4228K, committed 4352K, reserved 1048576K
}
Event: 2.632 GC heap before
{Heap before GC invocations=9 (full 1):
 PSYoungGen      total 135680K, used 49974K [0x00000000d6180000, 0x00000000e1180000, 0x0000000100000000)
  eden space 126976K, 32% used [0x00000000d6180000,0x00000000d89d01a8,0x00000000ddd80000)
  from space 8704K, 99% used [0x00000000ddd80000,0x00000000de5fda28,0x00000000de600000)
  to   space 10240K, 0% used [0x00000000e0780000,0x00000000e0780000,0x00000000e1180000)
 ParOldGen       total 57344K, used 8734K [0x0000000082400000, 0x0000000085c00000, 0x00000000d6180000)
  object space 57344K, 15% used [0x0000000082400000,0x0000000082c87b20,0x0000000085c00000)
 Metaspace       used 33996K, capacity 35286K, committed 35416K, reserved 1079296K
  class space    used 4408K, capacity 4660K, committed 4736K, reserved 1048576K
Event: 2.637 GC heap after
Heap after GC invocations=9 (full 1):
 PSYoungGen      total 169472K, used 8720K [0x00000000d6180000, 0x00000000e3500000, 0x0000000100000000)
  eden space 159232K, 0% used [0x00000000d6180000,0x00000000d6180000,0x00000000dfd00000)
  from space 10240K, 85% used [0x00000000e0780000,0x00000000e10040b8,0x00000000e1180000)
  to   space 10752K, 0% used [0x00000000dfd00000,0x00000000dfd00000,0x00000000e0780000)
 ParOldGen       total 57344K, used 8742K [0x0000000082400000, 0x0000000085c00000, 0x00000000d6180000)
  object space 57344K, 15% used [0x0000000082400000,0x0000000082c89b20,0x0000000085c00000)
 Metaspace       used 33996K, capacity 35286K, committed 35416K, reserved 1079296K
  class space    used 4408K, capacity 4660K, committed 4736K, reserved 1048576K
}
Event: 2.637 GC heap before
{Heap before GC invocations=10 (full 2):
 PSYoungGen      total 169472K, used 8720K [0x00000000d6180000, 0x00000000e3500000, 0x0000000100000000)
  eden space 159232K, 0% used [0x00000000d6180000,0x00000000d6180000,0x00000000dfd00000)
  from space 10240K, 85% used [0x00000000e0780000,0x00000000e10040b8,0x00000000e1180000)
  to   space 10752K, 0% used [0x00000000dfd00000,0x00000000dfd00000,0x00000000e0780000)
 ParOldGen       total 57344K, used 8742K [0x0000000082400000, 0x0000000085c00000, 0x00000000d6180000)
  object space 57344K, 15% used [0x0000000082400000,0x0000000082c89b20,0x0000000085c00000)
 Metaspace       used 33996K, capacity 35286K, committed 35416K, reserved 1079296K
  class space    used 4408K, capacity 4660K, committed 4736K, reserved 1048576K
Event: 2.691 GC heap after
Heap after GC invocations=10 (full 2):
 PSYoungGen      total 169472K, used 0K [0x00000000d6180000, 0x00000000e3500000, 0x0000000100000000)
  eden space 159232K, 0% used [0x00000000d6180000,0x00000000d6180000,0x00000000dfd00000)
  from space 10240K, 0% used [0x00000000e0780000,0x00000000e0780000,0x00000000e1180000)
  to   space 10752K, 0% used [0x00000000dfd00000,0x00000000dfd00000,0x00000000e0780000)
 ParOldGen       total 89088K, used 13456K [0x0000000082400000, 0x0000000087b00000, 0x00000000d6180000)
  object space 89088K, 15% used [0x0000000082400000,0x00000000831241b0,0x0000000087b00000)
 Metaspace       used 33996K, capacity 35286K, committed 35416K, reserved 1079296K
  class space    used 4408K, capacity 4660K, committed 4736K, reserved 1048576K
}
Event: 3.617 GC heap before
{Heap before GC invocations=11 (full 2):
 PSYoungGen      total 169472K, used 159232K [0x00000000d6180000, 0x00000000e3500000, 0x0000000100000000)
  eden space 159232K, 100% used [0x00000000d6180000,0x00000000dfd00000,0x00000000dfd00000)
  from space 10240K, 0% used [0x00000000e0780000,0x00000000e0780000,0x00000000e1180000)
  to   space 10752K, 0% used [0x00000000dfd00000,0x00000000dfd00000,0x00000000e0780000)
 ParOldGen       total 89088K, used 13456K [0x0000000082400000, 0x0000000087b00000, 0x00000000d6180000)
  object space 89088K, 15% used [0x0000000082400000,0x00000000831241b0,0x0000000087b00000)
 Metaspace       used 44617K, capacity 46234K, committed 46296K, reserved 1089536K
  class space    used 5836K, capacity 6128K, committed 6144K, reserved 1048576K
Event: 3.630 GC heap after
Heap after GC invocations=11 (full 2):
 PSYoungGen      total 169984K, used 10746K [0x00000000d6180000, 0x00000000e3c80000, 0x0000000100000000)
  eden space 159232K, 0% used [0x00000000d6180000,0x00000000d6180000,0x00000000dfd00000)
  from space 10752K, 99% used [0x00000000dfd00000,0x00000000e077ebe0,0x00000000e0780000)
  to   space 13312K, 0% used [0x00000000e2f80000,0x00000000e2f80000,0x00000000e3c80000)
 ParOldGen       total 89088K, used 16322K [0x0000000082400000, 0x0000000087b00000, 0x00000000d6180000)
  object space 89088K, 18% used [0x0000000082400000,0x00000000833f08a0,0x0000000087b00000)
 Metaspace       used 44617K, capacity 46234K, committed 46296K, reserved 1089536K
  class space    used 5836K, capacity 6128K, committed 6144K, reserved 1048576K
}

Deoptimization events (10 events):
Event: 3.717 Thread 0x000000000279d800 Uncommon trap: reason=class_check action=maybe_recompile pc=0x00000000036f5ddc method=java.util.regex.Matcher.search(I)Z @ 86
Event: 3.763 Thread 0x000000000279d800 Uncommon trap: reason=class_check action=maybe_recompile pc=0x0000000003898a88 method=java.util.Collections$UnmodifiableCollection.contains(Ljava/lang/Object;)Z @ 5
Event: 3.764 Thread 0x000000000279d800 Uncommon trap: reason=class_check action=maybe_recompile pc=0x0000000003898a88 method=java.util.Collections$UnmodifiableCollection.contains(Ljava/lang/Object;)Z @ 5
Event: 4.088 Thread 0x000000000279d800 Uncommon trap: reason=unstable_if action=reinterpret pc=0x00000000036510b0 method=java.util.concurrent.ConcurrentHashMap.putVal(Ljava/lang/Object;Ljava/lang/Object;Z)Ljava/lang/Object; @ 331
Event: 4.089 Thread 0x000000000279d800 Uncommon trap: reason=unstable_if action=reinterpret pc=0x0000000003cfc170 method=java.util.concurrent.ConcurrentHashMap.get(Ljava/lang/Object;)Ljava/lang/Object; @ 86
Event: 4.089 Thread 0x000000000279d800 Uncommon trap: reason=unstable_if action=reinterpret pc=0x0000000003c5bce0 method=java.util.concurrent.ConcurrentHashMap.get(Ljava/lang/Object;)Ljava/lang/Object; @ 86
Event: 4.140 Thread 0x000000000279d800 Uncommon trap: reason=unstable_if action=reinterpret pc=0x0000000002cd7794 method=org.springframework.util.ConcurrentReferenceHashMap$Segment.clear()V @ 4
Event: 4.156 Thread 0x000000000279d800 Uncommon trap: reason=bimorphic action=maybe_recompile pc=0x0000000003c45090 method=java.util.ArrayList$ArrayListSpliterator.tryAdvance(Ljava/util/function/Consumer;)Z @ 48
Event: 4.161 Thread 0x000000000279d800 Uncommon trap: reason=unstable_if action=reinterpret pc=0x0000000003b0dce8 method=org.h2.util.ParserUtil.getSaveTokenType(Ljava/lang/String;Z)I @ 243
Event: 4.205 Thread 0x000000000279d800 Uncommon trap: reason=bimorphic action=maybe_recompile pc=0x0000000003c45090 method=java.util.ArrayList$ArrayListSpliterator.tryAdvance(Ljava/util/function/Consumer;)Z @ 48

Internal exceptions (10 events):
Event: 4.121 Thread 0x000000000279d800 Exception <a 'java/lang/ClassNotFoundException': java/lang/ObjectCustomizer> (0x00000000db43d9b0) thrown at [C:\re\workspace\8-2-build-windows-amd64-cygwin\jdk8u131\8869\hotspot\src\share\vm\classfile\systemDictionary.cpp, line 210]
Event: 4.121 Thread 0x000000000279d800 Exception <a 'java/lang/ClassNotFoundException': org/springframework/boot/test/autoconfigure/orm/jpa/TestEntityManagerAutoConfigurationCustomizer> (0x00000000db469790) thrown at [C:\re\workspace\8-2-build-windows-amd64-cygwin\jdk8u131\8869\hotspot\src\sha
Event: 4.121 Thread 0x000000000279d800 Exception <a 'java/lang/ClassNotFoundException': org/springframework/boot/test/autoconfigure/orm/jpa/TestEntityManagerAutoConfiguration$$EnhancerBySpringCGLIB$$b02ce960Customizer> (0x00000000db49e228) thrown at [C:\re\workspace\8-2-build-windows-amd64-cyg
Event: 4.122 Thread 0x000000000279d800 Exception <a 'java/lang/ClassNotFoundException': org/springframework/context/annotation/ConfigurationClassEnhancer$EnhancedConfigurationCustomizer> (0x00000000db4ce038) thrown at [C:\re\workspace\8-2-build-windows-amd64-cygwin\jdk8u131\8869\hotspot\src\sh
Event: 4.125 Thread 0x000000000279d800 Exception <a 'java/lang/ClassNotFoundException': java/lang/ObjectCustomizer> (0x00000000db53b228) thrown at [C:\re\workspace\8-2-build-windows-amd64-cygwin\jdk8u131\8869\hotspot\src\share\vm\classfile\systemDictionary.cpp, line 210]
Event: 4.125 Thread 0x000000000279d800 Exception <a 'java/lang/ClassNotFoundException': org/springframework/boot/test/autoconfigure/orm/jpa/TestEntityManagerCustomizer> (0x00000000db5615e0) thrown at [C:\re\workspace\8-2-build-windows-amd64-cygwin\jdk8u131\8869\hotspot\src\share\vm\classfile\s
Event: 4.157 Thread 0x000000000279d800 Exception <a 'java/lang/ClassNotFoundException': java/lang/ObjectCustomizer> (0x00000000db9be418) thrown at [C:\re\workspace\8-2-build-windows-amd64-cygwin\jdk8u131\8869\hotspot\src\share\vm\classfile\systemDictionary.cpp, line 210]
Event: 4.158 Thread 0x000000000279d800 Exception <a 'java/lang/ClassNotFoundException': com/sut/se/g05/entity/TypeproductCustomizer> (0x00000000db9d9a98) thrown at [C:\re\workspace\8-2-build-windows-amd64-cygwin\jdk8u131\8869\hotspot\src\share\vm\classfile\systemDictionary.cpp, line 210]
Event: 4.205 Thread 0x000000000279d800 Exception <a 'java/lang/ClassNotFoundException': java/lang/ObjectCustomizer> (0x00000000dbfadc48) thrown at [C:\re\workspace\8-2-build-windows-amd64-cygwin\jdk8u131\8869\hotspot\src\share\vm\classfile\systemDictionary.cpp, line 210]
Event: 4.206 Thread 0x000000000279d800 Exception <a 'java/lang/ClassNotFoundException': com/sut/se/g05/entity/ProvinceCustomizer> (0x00000000dbfc7e28) thrown at [C:\re\workspace\8-2-build-windows-amd64-cygwin\jdk8u131\8869\hotspot\src\share\vm\classfile\systemDictionary.cpp, line 210]

Events (10 events):
Event: 4.205 loading class java/lang/ObjectCustomizer
Event: 4.205 loading class java/lang/ObjectCustomizer done
Event: 4.205 loading class java/lang/ObjectCustomizer
Event: 4.205 loading class java/lang/ObjectCustomizer done
Event: 4.205 loading class com/sut/se/g05/entity/ProvinceCustomizer
Event: 4.205 loading class com/sut/se/g05/entity/ProvinceCustomizer done
Event: 4.206 loading class com/sut/se/g05/entity/ProvinceCustomizer
Event: 4.206 loading class com/sut/se/g05/entity/ProvinceCustomizer done
Event: 4.206 loading class com/sut/se/g05/entity/ProvinceCustomizer
Event: 4.206 loading class com/sut/se/g05/entity/ProvinceCustomizer done


Dynamic libraries:
0x00007ff794cb0000 - 0x00007ff794ce7000 	C:\Program Files\Java\jdk1.8.0_131\bin\java.exe
0x00007ff95c9f0000 - 0x00007ff95cbdd000 	C:\WINDOWS\SYSTEM32\ntdll.dll
0x00007ff959c20000 - 0x00007ff959cd3000 	C:\WINDOWS\System32\KERNEL32.DLL
0x00007ff959380000 - 0x00007ff959613000 	C:\WINDOWS\System32\KERNELBASE.dll
0x00007ff95c910000 - 0x00007ff95c9b3000 	C:\WINDOWS\System32\ADVAPI32.dll
0x00007ff959e20000 - 0x00007ff959ebe000 	C:\WINDOWS\System32\msvcrt.dll
0x00007ff95b130000 - 0x00007ff95b1ce000 	C:\WINDOWS\System32\sechost.dll
0x00007ff95b1e0000 - 0x00007ff95b302000 	C:\WINDOWS\System32\RPCRT4.dll
0x00007ff95a120000 - 0x00007ff95a2b7000 	C:\WINDOWS\System32\USER32.dll
0x00007ff959330000 - 0x00007ff959350000 	C:\WINDOWS\System32\win32u.dll
0x00007ff95ae70000 - 0x00007ff95ae99000 	C:\WINDOWS\System32\GDI32.dll
0x00007ff959720000 - 0x00007ff9598ba000 	C:\WINDOWS\System32\gdi32full.dll
0x00007ff958ac0000 - 0x00007ff958b60000 	C:\WINDOWS\System32\msvcp_win.dll
0x00007ff959620000 - 0x00007ff95971c000 	C:\WINDOWS\System32\ucrtbase.dll
0x00007ff946580000 - 0x00007ff9467f9000 	C:\WINDOWS\WinSxS\amd64_microsoft.windows.common-controls_6595b64144ccf1df_6.0.17763.316_none_05b53be2071f46b6\COMCTL32.dll
0x00007ff95aae0000 - 0x00007ff95ae0d000 	C:\WINDOWS\System32\combase.dll
0x00007ff959ba0000 - 0x00007ff959c1e000 	C:\WINDOWS\System32\bcryptPrimitives.dll
0x00007ff95a020000 - 0x00007ff95a04e000 	C:\WINDOWS\System32\IMM32.DLL
0x0000000065d00000 - 0x0000000065dd2000 	C:\Program Files\Java\jdk1.8.0_131\jre\bin\msvcr100.dll
0x0000000065460000 - 0x0000000065cfc000 	C:\Program Files\Java\jdk1.8.0_131\jre\bin\server\jvm.dll
0x00007ff95aa70000 - 0x00007ff95aa78000 	C:\WINDOWS\System32\PSAPI.DLL
0x00007ff9551e0000 - 0x00007ff9551e9000 	C:\WINDOWS\SYSTEM32\WSOCK32.dll
0x00007ff9550f0000 - 0x00007ff955114000 	C:\WINDOWS\SYSTEM32\WINMM.dll
0x00007ff94e950000 - 0x00007ff94e95a000 	C:\WINDOWS\SYSTEM32\VERSION.dll
0x00007ff95aa00000 - 0x00007ff95aa6d000 	C:\WINDOWS\System32\WS2_32.dll
0x00007ff9550c0000 - 0x00007ff9550ed000 	C:\WINDOWS\SYSTEM32\WINMMBASE.dll
0x00007ff959b50000 - 0x00007ff959b9a000 	C:\WINDOWS\System32\cfgmgr32.dll
0x0000000065450000 - 0x000000006545f000 	C:\Program Files\Java\jdk1.8.0_131\jre\bin\verify.dll
0x0000000065420000 - 0x0000000065449000 	C:\Program Files\Java\jdk1.8.0_131\jre\bin\java.dll
0x0000000065380000 - 0x00000000653a3000 	C:\Program Files\Java\jdk1.8.0_131\jre\bin\instrument.dll
0x0000000065400000 - 0x0000000065416000 	C:\Program Files\Java\jdk1.8.0_131\jre\bin\zip.dll
0x00007ff95b370000 - 0x00007ff95c85f000 	C:\WINDOWS\System32\SHELL32.dll
0x00007ff95a950000 - 0x00007ff95a9f8000 	C:\WINDOWS\System32\shcore.dll
0x00007ff958bc0000 - 0x00007ff95930a000 	C:\WINDOWS\System32\windows.storage.dll
0x00007ff958a70000 - 0x00007ff958a94000 	C:\WINDOWS\System32\profapi.dll
0x00007ff9589f0000 - 0x00007ff958a4d000 	C:\WINDOWS\System32\powrprof.dll
0x00007ff95a740000 - 0x00007ff95a792000 	C:\WINDOWS\System32\shlwapi.dll
0x00007ff958a50000 - 0x00007ff958a61000 	C:\WINDOWS\System32\kernel.appcore.dll
0x00007ff959310000 - 0x00007ff959327000 	C:\WINDOWS\System32\cryptsp.dll
0x00007ff951c20000 - 0x00007ff951c3a000 	C:\Program Files\JetBrains\IntelliJ IDEA Community Edition 2018.3.3\bin\breakgen64.dll
0x00000000653e0000 - 0x00000000653fa000 	C:\Program Files\Java\jdk1.8.0_131\jre\bin\net.dll
0x00007ff958280000 - 0x00007ff9582e7000 	C:\WINDOWS\system32\mswsock.dll
0x00000000653c0000 - 0x00000000653d1000 	C:\Program Files\Java\jdk1.8.0_131\jre\bin\nio.dll
0x00000000653b0000 - 0x00000000653bd000 	C:\Program Files\Java\jdk1.8.0_131\jre\bin\management.dll
0x00007ff932b60000 - 0x00007ff932b76000 	C:\WINDOWS\system32\napinsp.dll
0x00007ff932b40000 - 0x00007ff932b5a000 	C:\WINDOWS\system32\pnrpnsp.dll
0x00007ff958020000 - 0x00007ff9580e6000 	C:\WINDOWS\SYSTEM32\DNSAPI.dll
0x00007ff959ce0000 - 0x00007ff959ce8000 	C:\WINDOWS\System32\NSI.dll
0x00007ff957fe0000 - 0x00007ff95801d000 	C:\WINDOWS\SYSTEM32\IPHLPAPI.DLL
0x00007ff93c930000 - 0x00007ff93c93e000 	C:\WINDOWS\System32\winrnr.dll
0x00007ff955080000 - 0x00007ff95509b000 	C:\WINDOWS\system32\NLAapi.dll
0x00007ff94ed20000 - 0x00007ff94ed35000 	C:\WINDOWS\system32\wshbth.dll
0x00007ff948f50000 - 0x00007ff948f5a000 	C:\Windows\System32\rasadhlp.dll
0x00007ff949890000 - 0x00007ff949909000 	C:\WINDOWS\System32\fwpuclnt.dll
0x00007ff959350000 - 0x00007ff959376000 	C:\WINDOWS\System32\bcrypt.dll
0x00007ff957e40000 - 0x00007ff957e73000 	C:\WINDOWS\system32\rsaenh.dll
0x00007ff958920000 - 0x00007ff958948000 	C:\WINDOWS\SYSTEM32\USERENV.dll
0x00007ff958450000 - 0x00007ff95845c000 	C:\WINDOWS\SYSTEM32\CRYPTBASE.dll
0x00007ff94e990000 - 0x00007ff94e9a6000 	C:\WINDOWS\SYSTEM32\dhcpcsvc6.DLL
0x00007ff94e9d0000 - 0x00007ff94e9ec000 	C:\WINDOWS\SYSTEM32\dhcpcsvc.DLL

VM Arguments:
jvm_args: -ea -Didea.test.cyclic.buffer.size=1048576 -javaagent:C:\Program Files\JetBrains\IntelliJ IDEA Community Edition 2018.3.3\lib\idea_rt.jar=51846:C:\Program Files\JetBrains\IntelliJ IDEA Community Edition 2018.3.3\bin -Dfile.encoding=UTF-8 
java_command: com.intellij.rt.execution.junit.JUnitStarter -ideVersion5 -junit4 com.sut.se.g05.InformationempTest
java_class_path (initial): C:\Program Files\JetBrains\IntelliJ IDEA Community Edition 2018.3.3\lib\idea_rt.jar;C:\Program Files\JetBrains\IntelliJ IDEA Community Edition 2018.3.3\plugins\junit\lib\junit-rt.jar;C:\Program Files\JetBrains\IntelliJ IDEA Community Edition 2018.3.3\plugins\junit\lib\junit5-rt.jar;C:\Program Files\Java\jdk1.8.0_131\jre\lib\charsets.jar;C:\Program Files\Java\jdk1.8.0_131\jre\lib\deploy.jar;C:\Program Files\Java\jdk1.8.0_131\jre\lib\ext\access-bridge-64.jar;C:\Program Files\Java\jdk1.8.0_131\jre\lib\ext\cldrdata.jar;C:\Program Files\Java\jdk1.8.0_131\jre\lib\ext\dnsns.jar;C:\Program Files\Java\jdk1.8.0_131\jre\lib\ext\jaccess.jar;C:\Program Files\Java\jdk1.8.0_131\jre\lib\ext\jfxrt.jar;C:\Program Files\Java\jdk1.8.0_131\jre\lib\ext\localedata.jar;C:\Program Files\Java\jdk1.8.0_131\jre\lib\ext\nashorn.jar;C:\Program Files\Java\jdk1.8.0_131\jre\lib\ext\sunec.jar;C:\Program Files\Java\jdk1.8.0_131\jre\lib\ext\sunjce_provider.jar;C:\Program Files\Java\jdk1.8.0_131\jre\lib\ext\sunmscapi.jar;C:\Program Files\Java\jdk1.8.0_131\jre\lib\ext\sunpkcs11.jar;C:\Program Files\Java\jdk1.8.0_131\jre\lib\ext\zipfs.jar;C:\Program Files\Java\jdk1.8.0_131\jre\lib\javaws.jar;C:\Program Files\Java\jdk1.8.0_131\jre\lib\jce.jar;C:\Program Files\Java\jdk1.8.0_131\jre\lib\jfr.jar;C:\Program Files\Java\jdk1.8.0_131\jre\lib\jfxswt.jar;C:\Program Files\Java\jdk1.8.0_131\jre\lib\jsse.jar;C:\Program Files\Java\jdk1.8.0_131\jre\lib\management-agent.jar;C:\Program Files\Java\jdk1.8.0_131\jre\lib\plugin.jar;C:\Program Files\Java\jdk1.8.0_131\jre\lib\resources.jar;C:\Program Files\Java\jdk1.8.0_131\jre\lib\rt.jar;C:\Users\Asus\Downloads\team05-master\backend\target\test-classes;C:\Users\Asus\Downloads\team05-master\backend\target\classes;C:\Users\Asus\.m2\repository\org\springframework\boot\spring-boot-starter-actuator\2.0.7.RELEASE\spring-boot-starter-actuator-2.0.7.RELEASE.jar;C:\Users\Asus\.m2\repository\org\springframework\boot\spring-boot-starter\2.0.7.RELEASE\spring-
Launcher Type: SUN_STANDARD

Environment Variables:
JAVA_HOME=C:\Program Files\Java\jdk1.8.0_131
PATH=C:\Program Files\Java\jdk1.8.0_131\bin;C:\ProgramData\Oracle\Java\javapath;C:\Windows\system32;C:\Windows;C:\Windows\System32\Wbem;C:\Windows\System32\WindowsPowerShell\v1.0\;C:\Windows\System32\OpenSSH\;C:\Program Files (x86)\NVIDIA Corporation\PhysX\Common;C:\Program Files\nodejs\;;C:\WINDOWS\system32;C:\WINDOWS;C:\WINDOWS\System32\Wbem;C:\WINDOWS\System32\WindowsPowerShell\v1.0\;C:\WINDOWS\System32\OpenSSH\;C:\Program Files\Java\jdk1.8.0_131\bin;C:\Users\Asus\AppData\Local\Programs\Microsoft VS Code\bin
USERNAME=Asus
OS=Windows_NT
PROCESSOR_IDENTIFIER=Intel64 Family 6 Model 158 Stepping 10, GenuineIntel



---------------  S Y S T E M  ---------------

OS: Windows 10.0 , 64 bit Build 17763 (10.0.17763.292)

CPU:total 12 (initial active 12) (6 cores per cpu, 2 threads per core) family 6 model 158 stepping 10, cmov, cx8, fxsr, mmx, sse, sse2, sse3, ssse3, sse4.1, sse4.2, popcnt, avx, avx2, aes, clmul, erms, 3dnowpref, lzcnt, ht, tsc, tscinvbit, bmi1, bmi2, adx

Memory: 4k page, physical 8239356k(2729224k free), swap 8239356k(9692k free)

vm_info: Java HotSpot(TM) 64-Bit Server VM (25.131-b11) for windows-amd64 JRE (1.8.0_131-b11), built on Mar 15 2017 01:23:53 by "java_re" with MS VC++ 10.0 (VS2010)

time: Sat Mar 02 23:02:16 2019
elapsed time: 4 seconds (0d 0h 0m 4s)

