#
# There is insufficient memory for the Java Runtime Environment to continue.
# Native memory allocation (malloc) failed to allocate 926816 bytes for Chunk::new
# Possible reasons:
#   The system is out of physical RAM or swap space
#   In 32 bit mode, the process size limit was hit
# Possible solutions:
#   Reduce memory load on the system
#   Increase physical memory or swap space
#   Check if swap backing store is full
#   Use 64 bit Java on a 64 bit OS
#   Decrease Java heap size (-Xmx/-Xms)
#   Decrease number of Java threads
#   Decrease Java thread stack sizes (-Xss)
#   Set larger code cache with -XX:ReservedCodeCacheSize=
# This output file may be truncated or incomplete.
#
#  Out of Memory Error (allocation.cpp:390), pid=9344, tid=0x0000000000002308
#
# JRE version: Java(TM) SE Runtime Environment (8.0_131-b11) (build 1.8.0_131-b11)
# Java VM: Java HotSpot(TM) 64-Bit Server VM (25.131-b11 mixed mode windows-amd64 compressed oops)
# Failed to write core dump. Minidumps are not enabled by default on client versions of Windows
#

---------------  T H R E A D  ---------------

Current thread (0x0000000019221000):  JavaThread "C2 CompilerThread2" daemon [_thread_in_native, id=8968, stack(0x000000001ab00000,0x000000001ac00000)]

Stack: [0x000000001ab00000,0x000000001ac00000]
[error occurred during error reporting (printing stack bounds), id 0xc0000005]

Native frames: (J=compiled Java code, j=interpreted, Vv=VM code, C=native code)


Current CompileTask:
C2:   4194 4991       4       org.springframework.core.ResolvableType::forType (115 bytes)


---------------  P R O C E S S  ---------------

Java Threads: ( => current thread )
  0x00000000192c2800 JavaThread "Service Thread" daemon [_thread_blocked, id=8208, stack(0x000000001ad00000,0x000000001ae00000)]
  0x0000000019222000 JavaThread "C1 CompilerThread3" daemon [_thread_in_native, id=7600, stack(0x000000001ac00000,0x000000001ad00000)]
=>0x0000000019221000 JavaThread "C2 CompilerThread2" daemon [_thread_in_native, id=8968, stack(0x000000001ab00000,0x000000001ac00000)]
  0x000000001921b000 JavaThread "C2 CompilerThread1" daemon [_thread_in_native, id=11664, stack(0x000000001aa00000,0x000000001ab00000)]
  0x000000001921a000 JavaThread "C2 CompilerThread0" daemon [_thread_blocked, id=10056, stack(0x000000001a900000,0x000000001aa00000)]
  0x0000000019216800 JavaThread "Monitor Ctrl-Break" daemon [_thread_in_native, id=7808, stack(0x000000001a800000,0x000000001a900000)]
  0x00000000191a3000 JavaThread "Attach Listener" daemon [_thread_blocked, id=10148, stack(0x000000001a700000,0x000000001a800000)]
  0x00000000191a2000 JavaThread "Signal Dispatcher" daemon [_thread_blocked, id=11160, stack(0x000000001a600000,0x000000001a700000)]
  0x0000000019193000 JavaThread "Finalizer" daemon [_thread_blocked, id=8000, stack(0x000000001a400000,0x000000001a500000)]
  0x0000000017aac800 JavaThread "Reference Handler" daemon [_thread_blocked, id=11096, stack(0x000000001a300000,0x000000001a400000)]
  0x000000000060d800 JavaThread "main" [_thread_in_vm, id=6968, stack(0x00000000025c0000,0x00000000026c0000)]

Other Threads:
  0x00000000027bc800 VMThread [stack: 0x000000001a200000,0x000000001a300000] [id=3416]
  0x0000000019315800 WatcherThread [stack: 0x000000001ae00000,0x000000001af00000] [id=11724]

VM state:not at safepoint (normal execution)

VM Mutex/Monitor currently owned by a thread: None

Heap:
 PSYoungGen      total 174080K, used 163840K [0x00000000d6180000, 0x00000000e3d00000, 0x0000000100000000)
  eden space 163840K, 100% used [0x00000000d6180000,0x00000000e0180000,0x00000000e0180000)
  from space 10240K, 0% used [0x00000000e0c80000,0x00000000e0c80000,0x00000000e1680000)
  to   space 11264K, 0% used [0x00000000e0180000,0x00000000e0180000,0x00000000e0c80000)
 ParOldGen       total 57344K, used 13538K [0x0000000082400000, 0x0000000085c00000, 0x00000000d6180000)
  object space 57344K, 23% used [0x0000000082400000,0x00000000831388d0,0x0000000085c00000)
 Metaspace       used 44927K, capacity 46572K, committed 46680K, reserved 1089536K
  class space    used 5869K, capacity 6181K, committed 6232K, reserved 1048576K

Card table byte_map: [0x0000000011d60000,0x0000000012150000] byte_map_base: 0x000000001194e000

Marking Bits: (ParMarkBitMap*) 0x0000000065c7c720
 Begin Bits: [0x0000000012df0000, 0x0000000014d60000)
 End Bits:   [0x0000000014d60000, 0x0000000016cd0000)

Polling page: 0x0000000000be0000

CodeCache: size=245760Kb used=17154Kb max_used=17158Kb free=228605Kb
 bounds [0x00000000029a0000, 0x0000000003a70000, 0x00000000119a0000]
 total_blobs=5494 nmethods=4990 adapters=416
 compilation: enabled

Compilation events (10 events):
Event: 4.180 Thread 0x0000000019222000 4999       3       java.util.stream.IntPipeline$4$1::accept (23 bytes)
Event: 4.180 Thread 0x0000000019222000 nmethod 4999 0x0000000003a5bdd0 code [0x0000000003a5bf40, 0x0000000003a5c238]
Event: 4.180 Thread 0x0000000019222000 5000       3       org.springframework.data.util.ParameterizedTypeInformation$$Lambda$195/2061440682::apply (17 bytes)
Event: 4.181 Thread 0x000000001921a000 nmethod 4998 0x0000000003a574d0 code [0x0000000003a57620, 0x0000000003a57978]
Event: 4.181 Thread 0x0000000019222000 nmethod 5000 0x0000000003a56d50 code [0x0000000003a56ee0, 0x0000000003a57218]
Event: 4.184 Thread 0x0000000019222000 5002   !   3       sun.reflect.GeneratedMethodAccessor26::invoke (63 bytes)
Event: 4.185 Thread 0x0000000019222000 nmethod 5002 0x0000000003a5cbd0 code [0x0000000003a5cdc0, 0x0000000003a5d4d8]
Event: 4.185 Thread 0x0000000019222000 5003       3       java.lang.invoke.CallSite::maybeReBoxElements (24 bytes)
Event: 4.186 Thread 0x0000000019222000 nmethod 5003 0x0000000003a58a90 code [0x0000000003a58c40, 0x0000000003a592e8]
Event: 4.190 Thread 0x0000000019222000 5004       3       java.beans.Introspector::getTargetEventInfo (1082 bytes)

GC Heap History (10 events):
Event: 1.555 GC heap before
{Heap before GC invocations=6 (full 1):
 PSYoungGen      total 70656K, used 5088K [0x00000000d6180000, 0x00000000df380000, 0x0000000100000000)
  eden space 65536K, 0% used [0x00000000d6180000,0x00000000d6180000,0x00000000da180000)
  from space 5120K, 99% used [0x00000000da180000,0x00000000da678020,0x00000000da680000)
  to   space 9216K, 0% used [0x00000000dea80000,0x00000000dea80000,0x00000000df380000)
 ParOldGen       total 86016K, used 4631K [0x0000000082400000, 0x0000000087800000, 0x00000000d6180000)
  object space 86016K, 5% used [0x0000000082400000,0x0000000082885e58,0x0000000087800000)
 Metaspace       used 20434K, capacity 21146K, committed 21248K, reserved 1067008K
  class space    used 2596K, capacity 2778K, committed 2816K, reserved 1048576K
Event: 1.577 GC heap after
Heap after GC invocations=6 (full 1):
 PSYoungGen      total 70656K, used 0K [0x00000000d6180000, 0x00000000df380000, 0x0000000100000000)
  eden space 65536K, 0% used [0x00000000d6180000,0x00000000d6180000,0x00000000da180000)
  from space 5120K, 0% used [0x00000000da180000,0x00000000da180000,0x00000000da680000)
  to   space 9216K, 0% used [0x00000000dea80000,0x00000000dea80000,0x00000000df380000)
 ParOldGen       total 57344K, used 8637K [0x0000000082400000, 0x0000000085c00000, 0x00000000d6180000)
  object space 57344K, 15% used [0x0000000082400000,0x0000000082c6f510,0x0000000085c00000)
 Metaspace       used 20434K, capacity 21146K, committed 21248K, reserved 1067008K
  class space    used 2596K, capacity 2778K, committed 2816K, reserved 1048576K
}
Event: 1.794 GC heap before
{Heap before GC invocations=7 (full 1):
 PSYoungGen      total 70656K, used 65536K [0x00000000d6180000, 0x00000000df380000, 0x0000000100000000)
  eden space 65536K, 100% used [0x00000000d6180000,0x00000000da180000,0x00000000da180000)
  from space 5120K, 0% used [0x00000000da180000,0x00000000da180000,0x00000000da680000)
  to   space 9216K, 0% used [0x00000000dea80000,0x00000000dea80000,0x00000000df380000)
 ParOldGen       total 57344K, used 8637K [0x0000000082400000, 0x0000000085c00000, 0x00000000d6180000)
  object space 57344K, 15% used [0x0000000082400000,0x0000000082c6f510,0x0000000085c00000)
 Metaspace       used 24137K, capacity 24968K, committed 25088K, reserved 1071104K
  class space    used 3091K, capacity 3281K, committed 3328K, reserved 1048576K
Event: 1.798 GC heap after
Heap after GC invocations=7 (full 1):
 PSYoungGen      total 110592K, used 4816K [0x00000000d6180000, 0x00000000def80000, 0x0000000100000000)
  eden space 105472K, 0% used [0x00000000d6180000,0x00000000d6180000,0x00000000dc880000)
  from space 5120K, 94% used [0x00000000dea80000,0x00000000def34078,0x00000000def80000)
  to   space 8704K, 0% used [0x00000000dde80000,0x00000000dde80000,0x00000000de700000)
 ParOldGen       total 57344K, used 8645K [0x0000000082400000, 0x0000000085c00000, 0x00000000d6180000)
  object space 57344K, 15% used [0x0000000082400000,0x0000000082c71510,0x0000000085c00000)
 Metaspace       used 24137K, capacity 24968K, committed 25088K, reserved 1071104K
  class space    used 3091K, capacity 3281K, committed 3328K, reserved 1048576K
}
Event: 2.822 GC heap before
{Heap before GC invocations=8 (full 1):
 PSYoungGen      total 110592K, used 110288K [0x00000000d6180000, 0x00000000def80000, 0x0000000100000000)
  eden space 105472K, 100% used [0x00000000d6180000,0x00000000dc880000,0x00000000dc880000)
  from space 5120K, 94% used [0x00000000dea80000,0x00000000def34078,0x00000000def80000)
  to   space 8704K, 0% used [0x00000000dde80000,0x00000000dde80000,0x00000000de700000)
 ParOldGen       total 57344K, used 8645K [0x0000000082400000, 0x0000000085c00000, 0x00000000d6180000)
  object space 57344K, 15% used [0x0000000082400000,0x0000000082c71510,0x0000000085c00000)
 Metaspace       used 31139K, capacity 32428K, committed 32768K, reserved 1077248K
  class space    used 3949K, capacity 4225K, committed 4352K, reserved 1048576K
Event: 2.829 GC heap after
Heap after GC invocations=8 (full 1):
 PSYoungGen      total 136704K, used 8677K [0x00000000d6180000, 0x00000000e1680000, 0x0000000100000000)
  eden space 128000K, 0% used [0x00000000d6180000,0x00000000d6180000,0x00000000dde80000)
  from space 8704K, 99% used [0x00000000dde80000,0x00000000de6f9668,0x00000000de700000)
  to   space 10240K, 0% used [0x00000000e0c80000,0x00000000e0c80000,0x00000000e1680000)
 ParOldGen       total 57344K, used 9769K [0x0000000082400000, 0x0000000085c00000, 0x00000000d6180000)
  object space 57344K, 17% used [0x0000000082400000,0x0000000082d8a750,0x0000000085c00000)
 Metaspace       used 31139K, capacity 32428K, committed 32768K, reserved 1077248K
  class space    used 3949K, capacity 4225K, committed 4352K, reserved 1048576K
}
Event: 3.077 GC heap before
{Heap before GC invocations=9 (full 1):
 PSYoungGen      total 136704K, used 51723K [0x00000000d6180000, 0x00000000e1680000, 0x0000000100000000)
  eden space 128000K, 33% used [0x00000000d6180000,0x00000000d8b89648,0x00000000dde80000)
  from space 8704K, 99% used [0x00000000dde80000,0x00000000de6f9668,0x00000000de700000)
  to   space 10240K, 0% used [0x00000000e0c80000,0x00000000e0c80000,0x00000000e1680000)
 ParOldGen       total 57344K, used 9769K [0x0000000082400000, 0x0000000085c00000, 0x00000000d6180000)
  object space 57344K, 17% used [0x0000000082400000,0x0000000082d8a750,0x0000000085c00000)
 Metaspace       used 34023K, capacity 35356K, committed 35416K, reserved 1079296K
  class space    used 4399K, capacity 4671K, committed 4696K, reserved 1048576K
Event: 3.083 GC heap after
Heap after GC invocations=9 (full 1):
 PSYoungGen      total 174080K, used 8870K [0x00000000d6180000, 0x00000000e3d00000, 0x0000000100000000)
  eden space 163840K, 0% used [0x00000000d6180000,0x00000000d6180000,0x00000000e0180000)
  from space 10240K, 86% used [0x00000000e0c80000,0x00000000e1529928,0x00000000e1680000)
  to   space 11264K, 0% used [0x00000000e0180000,0x00000000e0180000,0x00000000e0c80000)
 ParOldGen       total 57344K, used 9777K [0x0000000082400000, 0x0000000085c00000, 0x00000000d6180000)
  object space 57344K, 17% used [0x0000000082400000,0x0000000082d8c750,0x0000000085c00000)
 Metaspace       used 34023K, capacity 35356K, committed 35416K, reserved 1079296K
  class space    used 4399K, capacity 4671K, committed 4696K, reserved 1048576K
}
Event: 3.083 GC heap before
{Heap before GC invocations=10 (full 2):
 PSYoungGen      total 174080K, used 8870K [0x00000000d6180000, 0x00000000e3d00000, 0x0000000100000000)
  eden space 163840K, 0% used [0x00000000d6180000,0x00000000d6180000,0x00000000e0180000)
  from space 10240K, 86% used [0x00000000e0c80000,0x00000000e1529928,0x00000000e1680000)
  to   space 11264K, 0% used [0x00000000e0180000,0x00000000e0180000,0x00000000e0c80000)
 ParOldGen       total 57344K, used 9777K [0x0000000082400000, 0x0000000085c00000, 0x00000000d6180000)
  object space 57344K, 17% used [0x0000000082400000,0x0000000082d8c750,0x0000000085c00000)
 Metaspace       used 34023K, capacity 35356K, committed 35416K, reserved 1079296K
  class space    used 4399K, capacity 4671K, committed 4696K, reserved 1048576K
Event: 3.126 GC heap after
Heap after GC invocations=10 (full 2):
 PSYoungGen      total 174080K, used 0K [0x00000000d6180000, 0x00000000e3d00000, 0x0000000100000000)
  eden space 163840K, 0% used [0x00000000d6180000,0x00000000d6180000,0x00000000e0180000)
  from space 10240K, 0% used [0x00000000e0c80000,0x00000000e0c80000,0x00000000e1680000)
  to   space 11264K, 0% used [0x00000000e0180000,0x00000000e0180000,0x00000000e0c80000)
 ParOldGen       total 57344K, used 13538K [0x0000000082400000, 0x0000000085c00000, 0x00000000d6180000)
  object space 57344K, 23% used [0x0000000082400000,0x00000000831388d0,0x0000000085c00000)
 Metaspace       used 34023K, capacity 35356K, committed 35416K, reserved 1079296K
  class space    used 4399K, capacity 4671K, committed 4696K, reserved 1048576K
}

Deoptimization events (10 events):
Event: 3.953 Thread 0x000000000060d800 Uncommon trap: reason=class_check action=maybe_recompile pc=0x000000000346c468 method=java.util.concurrent.ConcurrentHashMap.containsKey(Ljava/lang/Object;)Z @ 2
Event: 3.953 Thread 0x000000000060d800 Uncommon trap: reason=class_check action=maybe_recompile pc=0x000000000346c468 method=java.util.concurrent.ConcurrentHashMap.containsKey(Ljava/lang/Object;)Z @ 2
Event: 4.013 Thread 0x000000000060d800 Uncommon trap: reason=unstable_if action=reinterpret pc=0x00000000038f4540 method=org.jboss.logging.Log4j2Logger.translate(Lorg/jboss/logging/Logger$Level;)Lorg/apache/logging/log4j/Level; @ 15
Event: 4.039 Thread 0x000000000060d800 Uncommon trap: reason=null_check action=make_not_entrant pc=0x00000000034e5160 method=org.springframework.util.ClassUtils.isAssignable(Ljava/lang/Class;Ljava/lang/Class;)Z @ 14
Event: 4.043 Thread 0x000000000060d800 Uncommon trap: reason=unstable_if action=reinterpret pc=0x0000000003531508 method=java.util.concurrent.ConcurrentHashMap.get(Ljava/lang/Object;)Ljava/lang/Object; @ 152
Event: 4.053 Thread 0x000000000060d800 Uncommon trap: reason=class_check action=maybe_recompile pc=0x00000000032770ac method=sun.reflect.generics.reflectiveObjects.TypeVariableImpl.hashCode()I @ 4
Event: 4.053 Thread 0x000000000060d800 Uncommon trap: reason=class_check action=maybe_recompile pc=0x00000000032770ac method=sun.reflect.generics.reflectiveObjects.TypeVariableImpl.hashCode()I @ 4
Event: 4.053 Thread 0x000000000060d800 Uncommon trap: reason=unstable_if action=reinterpret pc=0x00000000032b05a4 method=org.springframework.util.ConcurrentReferenceHashMap$Segment.findInChain(Lorg/springframework/util/ConcurrentReferenceHashMap$Reference;Ljava/lang/Object;I)Lorg/springframewo
Event: 4.053 Thread 0x000000000060d800 Uncommon trap: reason=unstable_if action=reinterpret pc=0x00000000032490d4 method=org.springframework.util.ConcurrentReferenceHashMap$Segment.findInChain(Lorg/springframework/util/ConcurrentReferenceHashMap$Reference;Ljava/lang/Object;I)Lorg/springframewo
Event: 4.178 Thread 0x000000000060d800 Uncommon trap: reason=unstable_if action=reinterpret pc=0x0000000002eb0e48 method=org.springframework.util.ConcurrentReferenceHashMap$Segment.restructureIfNecessary(Z)V @ 33

Internal exceptions (10 events):
Event: 4.074 Thread 0x000000000060d800 Exception <a 'java/lang/ClassNotFoundException': org/springframework/beans/factory/config/AbstractFactoryBeanCustomizer> (0x00000000df3ced28) thrown at [C:\re\workspace\8-2-build-windows-amd64-cygwin\jdk8u131\8869\hotspot\src\share\vm\classfile\systemDict
Event: 4.075 Thread 0x000000000060d800 Exception <a 'java/lang/ClassNotFoundException': org/springframework/data/jpa/repository/config/JpaMetamodelMappingContextFactoryBeanCustomizer> (0x00000000df400bf8) thrown at [C:\re\workspace\8-2-build-windows-amd64-cygwin\jdk8u131\8869\hotspot\src\share
Event: 4.075 Thread 0x000000000060d800 Exception <a 'java/lang/ClassNotFoundException': org/springframework/context/ApplicationContextAwareCustomizer> (0x00000000df429800) thrown at [C:\re\workspace\8-2-build-windows-amd64-cygwin\jdk8u131\8869\hotspot\src\share\vm\classfile\systemDictionary.cp
Event: 4.076 Thread 0x000000000060d800 Exception <a 'java/lang/ClassNotFoundException': org/springframework/beans/factory/FactoryBeanCustomizer> (0x00000000df446580) thrown at [C:\re\workspace\8-2-build-windows-amd64-cygwin\jdk8u131\8869\hotspot\src\share\vm\classfile\systemDictionary.cpp, lin
Event: 4.076 Thread 0x000000000060d800 Exception <a 'java/lang/ClassNotFoundException': org/springframework/beans/factory/BeanClassLoaderAwareCustomizer> (0x00000000df467ff8) thrown at [C:\re\workspace\8-2-build-windows-amd64-cygwin\jdk8u131\8869\hotspot\src\share\vm\classfile\systemDictionary
Event: 4.077 Thread 0x000000000060d800 Exception <a 'java/lang/ClassNotFoundException': org/springframework/beans/factory/BeanFactoryAwareCustomizer> (0x00000000df486278) thrown at [C:\re\workspace\8-2-build-windows-amd64-cygwin\jdk8u131\8869\hotspot\src\share\vm\classfile\systemDictionary.cpp
Event: 4.077 Thread 0x000000000060d800 Exception <a 'java/lang/ClassNotFoundException': org/springframework/beans/factory/InitializingBeanCustomizer> (0x00000000df4a4a50) thrown at [C:\re\workspace\8-2-build-windows-amd64-cygwin\jdk8u131\8869\hotspot\src\share\vm\classfile\systemDictionary.cpp
Event: 4.078 Thread 0x000000000060d800 Exception <a 'java/lang/ClassNotFoundException': org/springframework/beans/factory/DisposableBeanCustomizer> (0x00000000df4c1018) thrown at [C:\re\workspace\8-2-build-windows-amd64-cygwin\jdk8u131\8869\hotspot\src\share\vm\classfile\systemDictionary.cpp, 
Event: 4.190 Thread 0x000000000060d800 Exception <a 'java/lang/ClassNotFoundException': java/lang/ObjectCustomizer> (0x00000000e000b178) thrown at [C:\re\workspace\8-2-build-windows-amd64-cygwin\jdk8u131\8869\hotspot\src\share\vm\classfile\systemDictionary.cpp, line 210]
Event: 4.190 Thread 0x000000000060d800 Exception <a 'java/lang/ClassNotFoundException': com/sut/se/g05/entity/BankempCustomizer> (0x00000000e0024d28) thrown at [C:\re\workspace\8-2-build-windows-amd64-cygwin\jdk8u131\8869\hotspot\src\share\vm\classfile\systemDictionary.cpp, line 210]

Events (10 events):
Event: 4.190 loading class com/sut/se/g05/entity/BankempCustomizer
Event: 4.190 loading class com/sut/se/g05/entity/BankempCustomizer done
Event: 4.190 loading class org/springframework/data/mapping/context/AbstractMappingContext$PersistentPropertyCreator
Event: 4.190 loading class org/springframework/data/mapping/context/AbstractMappingContext$PersistentPropertyCreator done
Event: 4.191 loading class org/springframework/data/mapping/context/AbstractMappingContext$PersistentPropertyFilter
Event: 4.191 loading class org/springframework/data/mapping/context/AbstractMappingContext$PersistentPropertyFilter done
Event: 4.192 loading class org/springframework/data/mapping/context/AbstractMappingContext$PersistentPropertyFilter$PropertyMatch
Event: 4.192 loading class org/springframework/data/mapping/context/AbstractMappingContext$PersistentPropertyFilter$PropertyMatch done
Event: 4.193 loading class org/springframework/data/mapping/context/AbstractMappingContext$PersistentPropertyFilter$PropertyMatch
Event: 4.193 loading class org/springframework/data/mapping/context/AbstractMappingContext$PersistentPropertyFilter$PropertyMatch done


Dynamic libraries:
0x00007ff794cb0000 - 0x00007ff794ce7000 	C:\Program Files\Java\jdk1.8.0_131\bin\java.exe
0x00007ff95c9f0000 - 0x00007ff95cbdd000 	C:\WINDOWS\SYSTEM32\ntdll.dll
0x00007ff959c20000 - 0x00007ff959cd3000 	C:\WINDOWS\System32\KERNEL32.DLL
0x00007ff959380000 - 0x00007ff959613000 	C:\WINDOWS\System32\KERNELBASE.dll
0x00007ff95c910000 - 0x00007ff95c9b3000 	C:\WINDOWS\System32\ADVAPI32.dll
0x00007ff959e20000 - 0x00007ff959ebe000 	C:\WINDOWS\System32\msvcrt.dll
0x00007ff95b130000 - 0x00007ff95b1ce000 	C:\WINDOWS\System32\sechost.dll
0x00007ff95b1e0000 - 0x00007ff95b302000 	C:\WINDOWS\System32\RPCRT4.dll
0x00007ff95a120000 - 0x00007ff95a2b7000 	C:\WINDOWS\System32\USER32.dll
0x00007ff959330000 - 0x00007ff959350000 	C:\WINDOWS\System32\win32u.dll
0x00007ff95ae70000 - 0x00007ff95ae99000 	C:\WINDOWS\System32\GDI32.dll
0x00007ff959720000 - 0x00007ff9598ba000 	C:\WINDOWS\System32\gdi32full.dll
0x00007ff958ac0000 - 0x00007ff958b60000 	C:\WINDOWS\System32\msvcp_win.dll
0x00007ff959620000 - 0x00007ff95971c000 	C:\WINDOWS\System32\ucrtbase.dll
0x00007ff946580000 - 0x00007ff9467f9000 	C:\WINDOWS\WinSxS\amd64_microsoft.windows.common-controls_6595b64144ccf1df_6.0.17763.316_none_05b53be2071f46b6\COMCTL32.dll
0x00007ff95aae0000 - 0x00007ff95ae0d000 	C:\WINDOWS\System32\combase.dll
0x00007ff959ba0000 - 0x00007ff959c1e000 	C:\WINDOWS\System32\bcryptPrimitives.dll
0x00007ff95a020000 - 0x00007ff95a04e000 	C:\WINDOWS\System32\IMM32.DLL
0x0000000065d00000 - 0x0000000065dd2000 	C:\Program Files\Java\jdk1.8.0_131\jre\bin\msvcr100.dll
0x0000000065460000 - 0x0000000065cfc000 	C:\Program Files\Java\jdk1.8.0_131\jre\bin\server\jvm.dll
0x00007ff95aa70000 - 0x00007ff95aa78000 	C:\WINDOWS\System32\PSAPI.DLL
0x00007ff9551e0000 - 0x00007ff9551e9000 	C:\WINDOWS\SYSTEM32\WSOCK32.dll
0x00007ff9550f0000 - 0x00007ff955114000 	C:\WINDOWS\SYSTEM32\WINMM.dll
0x00007ff95aa00000 - 0x00007ff95aa6d000 	C:\WINDOWS\System32\WS2_32.dll
0x00007ff94e950000 - 0x00007ff94e95a000 	C:\WINDOWS\SYSTEM32\VERSION.dll
0x00007ff9550c0000 - 0x00007ff9550ed000 	C:\WINDOWS\SYSTEM32\winmmbase.dll
0x00007ff959b50000 - 0x00007ff959b9a000 	C:\WINDOWS\System32\cfgmgr32.dll
0x0000000065450000 - 0x000000006545f000 	C:\Program Files\Java\jdk1.8.0_131\jre\bin\verify.dll
0x0000000065420000 - 0x0000000065449000 	C:\Program Files\Java\jdk1.8.0_131\jre\bin\java.dll
0x0000000065380000 - 0x00000000653a3000 	C:\Program Files\Java\jdk1.8.0_131\jre\bin\instrument.dll
0x0000000065400000 - 0x0000000065416000 	C:\Program Files\Java\jdk1.8.0_131\jre\bin\zip.dll
0x00007ff95b370000 - 0x00007ff95c85f000 	C:\WINDOWS\System32\SHELL32.dll
0x00007ff95a950000 - 0x00007ff95a9f8000 	C:\WINDOWS\System32\shcore.dll
0x00007ff958bc0000 - 0x00007ff95930a000 	C:\WINDOWS\System32\windows.storage.dll
0x00007ff958a70000 - 0x00007ff958a94000 	C:\WINDOWS\System32\profapi.dll
0x00007ff9589f0000 - 0x00007ff958a4d000 	C:\WINDOWS\System32\powrprof.dll
0x00007ff95a740000 - 0x00007ff95a792000 	C:\WINDOWS\System32\shlwapi.dll
0x00007ff958a50000 - 0x00007ff958a61000 	C:\WINDOWS\System32\kernel.appcore.dll
0x00007ff959310000 - 0x00007ff959327000 	C:\WINDOWS\System32\cryptsp.dll
0x00007ff951c20000 - 0x00007ff951c3a000 	C:\Program Files\JetBrains\IntelliJ IDEA Community Edition 2018.3.3\bin\breakgen64.dll
0x00000000653e0000 - 0x00000000653fa000 	C:\Program Files\Java\jdk1.8.0_131\jre\bin\net.dll
0x00007ff958280000 - 0x00007ff9582e7000 	C:\WINDOWS\system32\mswsock.dll
0x00000000653c0000 - 0x00000000653d1000 	C:\Program Files\Java\jdk1.8.0_131\jre\bin\nio.dll
0x00000000653b0000 - 0x00000000653bd000 	C:\Program Files\Java\jdk1.8.0_131\jre\bin\management.dll
0x00007ff932b60000 - 0x00007ff932b76000 	C:\WINDOWS\system32\napinsp.dll
0x00007ff932b40000 - 0x00007ff932b5a000 	C:\WINDOWS\system32\pnrpnsp.dll
0x00007ff958020000 - 0x00007ff9580e6000 	C:\WINDOWS\SYSTEM32\DNSAPI.dll
0x00007ff959ce0000 - 0x00007ff959ce8000 	C:\WINDOWS\System32\NSI.dll
0x00007ff957fe0000 - 0x00007ff95801d000 	C:\WINDOWS\SYSTEM32\IPHLPAPI.DLL
0x00007ff93c930000 - 0x00007ff93c93e000 	C:\WINDOWS\System32\winrnr.dll
0x00007ff955080000 - 0x00007ff95509b000 	C:\WINDOWS\system32\NLAapi.dll
0x00007ff94ed20000 - 0x00007ff94ed35000 	C:\WINDOWS\system32\wshbth.dll
0x00007ff948f50000 - 0x00007ff948f5a000 	C:\Windows\System32\rasadhlp.dll
0x00007ff949890000 - 0x00007ff949909000 	C:\WINDOWS\System32\fwpuclnt.dll
0x00007ff959350000 - 0x00007ff959376000 	C:\WINDOWS\System32\bcrypt.dll
0x00007ff957e40000 - 0x00007ff957e73000 	C:\WINDOWS\system32\rsaenh.dll
0x00007ff958920000 - 0x00007ff958948000 	C:\WINDOWS\SYSTEM32\USERENV.dll
0x00007ff958450000 - 0x00007ff95845c000 	C:\WINDOWS\SYSTEM32\CRYPTBASE.dll
0x00007ff94e990000 - 0x00007ff94e9a6000 	C:\WINDOWS\SYSTEM32\dhcpcsvc6.DLL
0x00007ff94e9d0000 - 0x00007ff94e9ec000 	C:\WINDOWS\SYSTEM32\dhcpcsvc.DLL

VM Arguments:
jvm_args: -ea -Didea.test.cyclic.buffer.size=1048576 -javaagent:C:\Program Files\JetBrains\IntelliJ IDEA Community Edition 2018.3.3\lib\idea_rt.jar=51886:C:\Program Files\JetBrains\IntelliJ IDEA Community Edition 2018.3.3\bin -Dfile.encoding=UTF-8 
java_command: com.intellij.rt.execution.junit.JUnitStarter -ideVersion5 @w@Z:\idea_working_dirs_junit.tmp @Z:\idea_junit.tmp -socket51885
java_class_path (initial): C:\Program Files\JetBrains\IntelliJ IDEA Community Edition 2018.3.3\lib\idea_rt.jar;C:\Program Files\JetBrains\IntelliJ IDEA Community Edition 2018.3.3\plugins\junit\lib\junit-rt.jar;C:\Program Files\JetBrains\IntelliJ IDEA Community Edition 2018.3.3\plugins\junit\lib\junit5-rt.jar;C:\Program Files\Java\jdk1.8.0_131\jre\lib\charsets.jar;C:\Program Files\Java\jdk1.8.0_131\jre\lib\deploy.jar;C:\Program Files\Java\jdk1.8.0_131\jre\lib\ext\access-bridge-64.jar;C:\Program Files\Java\jdk1.8.0_131\jre\lib\ext\cldrdata.jar;C:\Program Files\Java\jdk1.8.0_131\jre\lib\ext\dnsns.jar;C:\Program Files\Java\jdk1.8.0_131\jre\lib\ext\jaccess.jar;C:\Program Files\Java\jdk1.8.0_131\jre\lib\ext\jfxrt.jar;C:\Program Files\Java\jdk1.8.0_131\jre\lib\ext\localedata.jar;C:\Program Files\Java\jdk1.8.0_131\jre\lib\ext\nashorn.jar;C:\Program Files\Java\jdk1.8.0_131\jre\lib\ext\sunec.jar;C:\Program Files\Java\jdk1.8.0_131\jre\lib\ext\sunjce_provider.jar;C:\Program Files\Java\jdk1.8.0_131\jre\lib\ext\sunmscapi.jar;C:\Program Files\Java\jdk1.8.0_131\jre\lib\ext\sunpkcs11.jar;C:\Program Files\Java\jdk1.8.0_131\jre\lib\ext\zipfs.jar;C:\Program Files\Java\jdk1.8.0_131\jre\lib\javaws.jar;C:\Program Files\Java\jdk1.8.0_131\jre\lib\jce.jar;C:\Program Files\Java\jdk1.8.0_131\jre\lib\jfr.jar;C:\Program Files\Java\jdk1.8.0_131\jre\lib\jfxswt.jar;C:\Program Files\Java\jdk1.8.0_131\jre\lib\jsse.jar;C:\Program Files\Java\jdk1.8.0_131\jre\lib\management-agent.jar;C:\Program Files\Java\jdk1.8.0_131\jre\lib\plugin.jar;C:\Program Files\Java\jdk1.8.0_131\jre\lib\resources.jar;C:\Program Files\Java\jdk1.8.0_131\jre\lib\rt.jar;C:\Users\Asus\Downloads\team05-master\backend\target\test-classes;C:\Users\Asus\Downloads\team05-master\backend\target\classes;C:\Users\Asus\.m2\repository\org\springframework\boot\spring-boot-starter-actuator\2.0.7.RELEASE\spring-boot-starter-actuator-2.0.7.RELEASE.jar;C:\Users\Asus\.m2\repository\org\springframework\boot\spring-boot-starter\2.0.7.RELEASE\spring-
Launcher Type: SUN_STANDARD

Environment Variables:
JAVA_HOME=C:\Program Files\Java\jdk1.8.0_131
PATH=C:\Program Files\Java\jdk1.8.0_131\bin;C:\ProgramData\Oracle\Java\javapath;C:\Windows\system32;C:\Windows;C:\Windows\System32\Wbem;C:\Windows\System32\WindowsPowerShell\v1.0\;C:\Windows\System32\OpenSSH\;C:\Program Files (x86)\NVIDIA Corporation\PhysX\Common;C:\Program Files\nodejs\;;C:\WINDOWS\system32;C:\WINDOWS;C:\WINDOWS\System32\Wbem;C:\WINDOWS\System32\WindowsPowerShell\v1.0\;C:\WINDOWS\System32\OpenSSH\;C:\Program Files\Java\jdk1.8.0_131\bin;C:\Users\Asus\AppData\Local\Programs\Microsoft VS Code\bin
USERNAME=Asus
OS=Windows_NT
PROCESSOR_IDENTIFIER=Intel64 Family 6 Model 158 Stepping 10, GenuineIntel



---------------  S Y S T E M  ---------------

OS: Windows 10.0 , 64 bit Build 17763 (10.0.17763.292)

CPU:total 12 (initial active 12) (6 cores per cpu, 2 threads per core) family 6 model 158 stepping 10, cmov, cx8, fxsr, mmx, sse, sse2, sse3, ssse3, sse4.1, sse4.2, popcnt, avx, avx2, aes, clmul, erms, 3dnowpref, lzcnt, ht, tsc, tscinvbit, bmi1, bmi2, adx

Memory: 4k page, physical 8239356k(2697116k free), swap 8239356k(5332k free)

vm_info: Java HotSpot(TM) 64-Bit Server VM (25.131-b11) for windows-amd64 JRE (1.8.0_131-b11), built on Mar 15 2017 01:23:53 by "java_re" with MS VC++ 10.0 (VS2010)

time: Sat Mar 02 23:03:06 2019
elapsed time: 4 seconds (0d 0h 0m 4s)

