#
# There is insufficient memory for the Java Runtime Environment to continue.
# Native memory allocation (malloc) failed to allocate 555696 bytes for Chunk::new
# Possible reasons:
#   The system is out of physical RAM or swap space
#   In 32 bit mode, the process size limit was hit
# Possible solutions:
#   Reduce memory load on the system
#   Increase physical memory or swap space
#   Check if swap backing store is full
#   Use 64 bit Java on a 64 bit OS
#   Decrease Java heap size (-Xmx/-Xms)
#   Decrease number of Java threads
#   Decrease Java thread stack sizes (-Xss)
#   Set larger code cache with -XX:ReservedCodeCacheSize=
# This output file may be truncated or incomplete.
#
#  Out of Memory Error (allocation.cpp:390), pid=10412, tid=0x00000000000026fc
#
# JRE version: Java(TM) SE Runtime Environment (8.0_131-b11) (build 1.8.0_131-b11)
# Java VM: Java HotSpot(TM) 64-Bit Server VM (25.131-b11 mixed mode windows-amd64 compressed oops)
# Failed to write core dump. Minidumps are not enabled by default on client versions of Windows
#

---------------  T H R E A D  ---------------

Current thread (0x00000000199ba800):  JavaThread "C2 CompilerThread0" daemon [_thread_in_native, id=9980, stack(0x000000001b0b0000,0x000000001b1b0000)]

Stack: [0x000000001b0b0000,0x000000001b1b0000]
[error occurred during error reporting (printing stack bounds), id 0xc0000005]

Native frames: (J=compiled Java code, j=interpreted, Vv=VM code, C=native code)


Current CompileTask:
C2:   2967 3513   !   4       java.net.URL::<init> (543 bytes)


---------------  P R O C E S S  ---------------

Java Threads: ( => current thread )
  0x0000000019a64000 JavaThread "Service Thread" daemon [_thread_blocked, id=8024, stack(0x000000001b4b0000,0x000000001b5b0000)]
  0x00000000199c3000 JavaThread "C1 CompilerThread3" daemon [_thread_blocked, id=7608, stack(0x000000001b3b0000,0x000000001b4b0000)]
  0x00000000199c2000 JavaThread "C2 CompilerThread2" daemon [_thread_blocked, id=3224, stack(0x000000001b2b0000,0x000000001b3b0000)]
  0x00000000199c1000 JavaThread "C2 CompilerThread1" daemon [_thread_blocked, id=4132, stack(0x000000001b1b0000,0x000000001b2b0000)]
=>0x00000000199ba800 JavaThread "C2 CompilerThread0" daemon [_thread_in_native, id=9980, stack(0x000000001b0b0000,0x000000001b1b0000)]
  0x00000000199be800 JavaThread "Monitor Ctrl-Break" daemon [_thread_in_native, id=9256, stack(0x000000001afb0000,0x000000001b0b0000)]
  0x0000000019947800 JavaThread "Attach Listener" daemon [_thread_blocked, id=10456, stack(0x000000001aeb0000,0x000000001afb0000)]
  0x0000000019946800 JavaThread "Signal Dispatcher" daemon [_thread_blocked, id=10880, stack(0x000000001adb0000,0x000000001aeb0000)]
  0x0000000019933800 JavaThread "Finalizer" daemon [_thread_blocked, id=9220, stack(0x000000001abb0000,0x000000001acb0000)]
  0x000000001826d800 JavaThread "Reference Handler" daemon [_thread_blocked, id=5612, stack(0x000000001aab0000,0x000000001abb0000)]
  0x0000000002d8d800 JavaThread "main" [_thread_in_Java, id=8164, stack(0x0000000002d90000,0x0000000002e90000)]

Other Threads:
  0x0000000002f8d000 VMThread [stack: 0x000000001a9b0000,0x000000001aab0000] [id=2308]
  0x0000000019aa4800 WatcherThread [stack: 0x000000001b5b0000,0x000000001b6b0000] [id=5628]

VM state:not at safepoint (normal execution)

VM Mutex/Monitor currently owned by a thread: None

Heap:
 PSYoungGen      total 183296K, used 33623K [0x00000000d6180000, 0x00000000e4100000, 0x0000000100000000)
  eden space 172544K, 19% used [0x00000000d6180000,0x00000000d8255d78,0x00000000e0a00000)
  from space 10752K, 0% used [0x00000000e1500000,0x00000000e1500000,0x00000000e1f80000)
  to   space 11264K, 0% used [0x00000000e0a00000,0x00000000e0a00000,0x00000000e1500000)
 ParOldGen       total 83456K, used 13389K [0x0000000082400000, 0x0000000087580000, 0x00000000d6180000)
  object space 83456K, 16% used [0x0000000082400000,0x00000000831136a8,0x0000000087580000)
 Metaspace       used 37226K, capacity 38634K, committed 38744K, reserved 1085440K
  class space    used 4915K, capacity 5190K, committed 5208K, reserved 1048576K

Card table byte_map: [0x0000000012520000,0x0000000012910000] byte_map_base: 0x000000001210e000

Marking Bits: (ParMarkBitMap*) 0x0000000065c7c720
 Begin Bits: [0x00000000135b0000, 0x0000000015520000)
 End Bits:   [0x0000000015520000, 0x0000000017490000)

Polling page: 0x0000000001300000

CodeCache: size=245760Kb used=13128Kb max_used=13128Kb free=232631Kb
 bounds [0x0000000003160000, 0x0000000003e40000, 0x0000000012160000]
 total_blobs=3970 nmethods=3512 adapters=370
 compilation: enabled

Compilation events (10 events):
Event: 2.925 Thread 0x00000000199c3000 nmethod 3501 0x0000000003e04950 code [0x0000000003e04aa0, 0x0000000003e04bb0]
Event: 2.925 Thread 0x00000000199c3000 3503       1       org.h2.expression.ExpressionVisitor::getType (5 bytes)
Event: 2.925 Thread 0x00000000199c3000 nmethod 3503 0x0000000003e38790 code [0x0000000003e388e0, 0x0000000003e389f0]
Event: 2.925 Thread 0x00000000199c3000 3509       1       org.h2.value.ValueInt::getInt (5 bytes)
Event: 2.925 Thread 0x00000000199c3000 nmethod 3509 0x0000000003e38a50 code [0x0000000003e38ba0, 0x0000000003e38cb0]
Event: 2.936 Thread 0x00000000199c3000 3511       3       org.jboss.logging.Log4j2Logger::translate (27 bytes)
Event: 2.936 Thread 0x00000000199c3000 nmethod 3511 0x0000000003e39390 code [0x0000000003e39500, 0x0000000003e39728]
Event: 2.938 Thread 0x00000000199c3000 3512       1       java.util.Collections::emptyIterator (4 bytes)
Event: 2.938 Thread 0x00000000199c3000 nmethod 3512 0x0000000003e397d0 code [0x0000000003e39920, 0x0000000003e39a10]
Event: 2.941 Thread 0x00000000199ba800 3513   !   4       java.net.URL::<init> (543 bytes)

GC Heap History (10 events):
Event: 1.452 GC heap before
{Heap before GC invocations=6 (full 1):
 PSYoungGen      total 70656K, used 5113K [0x00000000d6180000, 0x00000000df380000, 0x0000000100000000)
  eden space 65536K, 0% used [0x00000000d6180000,0x00000000d6180000,0x00000000da180000)
  from space 5120K, 99% used [0x00000000da180000,0x00000000da67e730,0x00000000da680000)
  to   space 9216K, 0% used [0x00000000dea80000,0x00000000dea80000,0x00000000df380000)
 ParOldGen       total 86016K, used 4783K [0x0000000082400000, 0x0000000087800000, 0x00000000d6180000)
  object space 86016K, 5% used [0x0000000082400000,0x00000000828abe78,0x0000000087800000)
 Metaspace       used 20465K, capacity 21150K, committed 21248K, reserved 1067008K
  class space    used 2590K, capacity 2778K, committed 2816K, reserved 1048576K
Event: 1.473 GC heap after
Heap after GC invocations=6 (full 1):
 PSYoungGen      total 70656K, used 0K [0x00000000d6180000, 0x00000000df380000, 0x0000000100000000)
  eden space 65536K, 0% used [0x00000000d6180000,0x00000000d6180000,0x00000000da180000)
  from space 5120K, 0% used [0x00000000da180000,0x00000000da180000,0x00000000da680000)
  to   space 9216K, 0% used [0x00000000dea80000,0x00000000dea80000,0x00000000df380000)
 ParOldGen       total 56320K, used 8667K [0x0000000082400000, 0x0000000085b00000, 0x00000000d6180000)
  object space 56320K, 15% used [0x0000000082400000,0x0000000082c76d70,0x0000000085b00000)
 Metaspace       used 20465K, capacity 21150K, committed 21248K, reserved 1067008K
  class space    used 2590K, capacity 2778K, committed 2816K, reserved 1048576K
}
Event: 1.634 GC heap before
{Heap before GC invocations=7 (full 1):
 PSYoungGen      total 70656K, used 65536K [0x00000000d6180000, 0x00000000df380000, 0x0000000100000000)
  eden space 65536K, 100% used [0x00000000d6180000,0x00000000da180000,0x00000000da180000)
  from space 5120K, 0% used [0x00000000da180000,0x00000000da180000,0x00000000da680000)
  to   space 9216K, 0% used [0x00000000dea80000,0x00000000dea80000,0x00000000df380000)
 ParOldGen       total 56320K, used 8667K [0x0000000082400000, 0x0000000085b00000, 0x00000000d6180000)
  object space 56320K, 15% used [0x0000000082400000,0x0000000082c76d70,0x0000000085b00000)
 Metaspace       used 24023K, capacity 24886K, committed 25088K, reserved 1071104K
  class space    used 3070K, capacity 3278K, committed 3328K, reserved 1048576K
Event: 1.638 GC heap after
Heap after GC invocations=7 (full 1):
 PSYoungGen      total 113152K, used 4732K [0x00000000d6180000, 0x00000000def80000, 0x0000000100000000)
  eden space 108032K, 0% used [0x00000000d6180000,0x00000000d6180000,0x00000000dcb00000)
  from space 5120K, 92% used [0x00000000dea80000,0x00000000def1f270,0x00000000def80000)
  to   space 8704K, 0% used [0x00000000dde80000,0x00000000dde80000,0x00000000de700000)
 ParOldGen       total 56320K, used 8675K [0x0000000082400000, 0x0000000085b00000, 0x00000000d6180000)
  object space 56320K, 15% used [0x0000000082400000,0x0000000082c78d70,0x0000000085b00000)
 Metaspace       used 24023K, capacity 24886K, committed 25088K, reserved 1071104K
  class space    used 3070K, capacity 3278K, committed 3328K, reserved 1048576K
}
Event: 2.482 GC heap before
{Heap before GC invocations=8 (full 1):
 PSYoungGen      total 113152K, used 112764K [0x00000000d6180000, 0x00000000def80000, 0x0000000100000000)
  eden space 108032K, 100% used [0x00000000d6180000,0x00000000dcb00000,0x00000000dcb00000)
  from space 5120K, 92% used [0x00000000dea80000,0x00000000def1f270,0x00000000def80000)
  to   space 8704K, 0% used [0x00000000dde80000,0x00000000dde80000,0x00000000de700000)
 ParOldGen       total 56320K, used 8675K [0x0000000082400000, 0x0000000085b00000, 0x00000000d6180000)
  object space 56320K, 15% used [0x0000000082400000,0x0000000082c78d70,0x0000000085b00000)
 Metaspace       used 31230K, capacity 32560K, committed 32768K, reserved 1077248K
  class space    used 3960K, capacity 4239K, committed 4352K, reserved 1048576K
Event: 2.489 GC heap after
Heap after GC invocations=8 (full 1):
 PSYoungGen      total 136704K, used 8702K [0x00000000d6180000, 0x00000000e1f80000, 0x0000000100000000)
  eden space 128000K, 0% used [0x00000000d6180000,0x00000000d6180000,0x00000000dde80000)
  from space 8704K, 99% used [0x00000000dde80000,0x00000000de6ff9c8,0x00000000de700000)
  to   space 10752K, 0% used [0x00000000e1500000,0x00000000e1500000,0x00000000e1f80000)
 ParOldGen       total 56320K, used 9965K [0x0000000082400000, 0x0000000085b00000, 0x00000000d6180000)
  object space 56320K, 17% used [0x0000000082400000,0x0000000082dbb760,0x0000000085b00000)
 Metaspace       used 31230K, capacity 32560K, committed 32768K, reserved 1077248K
  class space    used 3960K, capacity 4239K, committed 4352K, reserved 1048576K
}
Event: 2.711 GC heap before
{Heap before GC invocations=9 (full 1):
 PSYoungGen      total 136704K, used 47024K [0x00000000d6180000, 0x00000000e1f80000, 0x0000000100000000)
  eden space 128000K, 29% used [0x00000000d6180000,0x00000000d86ec900,0x00000000dde80000)
  from space 8704K, 99% used [0x00000000dde80000,0x00000000de6ff9c8,0x00000000de700000)
  to   space 10752K, 0% used [0x00000000e1500000,0x00000000e1500000,0x00000000e1f80000)
 ParOldGen       total 56320K, used 9965K [0x0000000082400000, 0x0000000085b00000, 0x00000000d6180000)
  object space 56320K, 17% used [0x0000000082400000,0x0000000082dbb760,0x0000000085b00000)
 Metaspace       used 33961K, capacity 35324K, committed 35416K, reserved 1079296K
  class space    used 4380K, capacity 4639K, committed 4696K, reserved 1048576K
Event: 2.717 GC heap after
Heap after GC invocations=9 (full 1):
 PSYoungGen      total 183296K, used 8714K [0x00000000d6180000, 0x00000000e4100000, 0x0000000100000000)
  eden space 172544K, 0% used [0x00000000d6180000,0x00000000d6180000,0x00000000e0a00000)
  from space 10752K, 81% used [0x00000000e1500000,0x00000000e1d82bf8,0x00000000e1f80000)
  to   space 11264K, 0% used [0x00000000e0a00000,0x00000000e0a00000,0x00000000e1500000)
 ParOldGen       total 56320K, used 9973K [0x0000000082400000, 0x0000000085b00000, 0x00000000d6180000)
  object space 56320K, 17% used [0x0000000082400000,0x0000000082dbd760,0x0000000085b00000)
 Metaspace       used 33961K, capacity 35324K, committed 35416K, reserved 1079296K
  class space    used 4380K, capacity 4639K, committed 4696K, reserved 1048576K
}
Event: 2.717 GC heap before
{Heap before GC invocations=10 (full 2):
 PSYoungGen      total 183296K, used 8714K [0x00000000d6180000, 0x00000000e4100000, 0x0000000100000000)
  eden space 172544K, 0% used [0x00000000d6180000,0x00000000d6180000,0x00000000e0a00000)
  from space 10752K, 81% used [0x00000000e1500000,0x00000000e1d82bf8,0x00000000e1f80000)
  to   space 11264K, 0% used [0x00000000e0a00000,0x00000000e0a00000,0x00000000e1500000)
 ParOldGen       total 56320K, used 9973K [0x0000000082400000, 0x0000000085b00000, 0x00000000d6180000)
  object space 56320K, 17% used [0x0000000082400000,0x0000000082dbd760,0x0000000085b00000)
 Metaspace       used 33961K, capacity 35324K, committed 35416K, reserved 1079296K
  class space    used 4380K, capacity 4639K, committed 4696K, reserved 1048576K
Event: 2.756 GC heap after
Heap after GC invocations=10 (full 2):
 PSYoungGen      total 183296K, used 0K [0x00000000d6180000, 0x00000000e4100000, 0x0000000100000000)
  eden space 172544K, 0% used [0x00000000d6180000,0x00000000d6180000,0x00000000e0a00000)
  from space 10752K, 0% used [0x00000000e1500000,0x00000000e1500000,0x00000000e1f80000)
  to   space 11264K, 0% used [0x00000000e0a00000,0x00000000e0a00000,0x00000000e1500000)
 ParOldGen       total 83456K, used 13389K [0x0000000082400000, 0x0000000087580000, 0x00000000d6180000)
  object space 83456K, 16% used [0x0000000082400000,0x00000000831136a8,0x0000000087580000)
 Metaspace       used 33961K, capacity 35324K, committed 35416K, reserved 1079296K
  class space    used 4380K, capacity 4639K, committed 4696K, reserved 1048576K
}

Deoptimization events (10 events):
Event: 2.594 Thread 0x0000000002d8d800 Uncommon trap: reason=unstable_if action=reinterpret pc=0x000000000367a5a0 method=java.util.zip.ZipCoder.getBytes(Ljava/lang/String;)[B @ 32
Event: 2.594 Thread 0x0000000002d8d800 Uncommon trap: reason=unstable_if action=reinterpret pc=0x0000000003656c88 method=java.util.zip.ZipCoder.getBytes(Ljava/lang/String;)[B @ 32
Event: 2.594 Thread 0x0000000002d8d800 Uncommon trap: reason=unstable_if action=reinterpret pc=0x000000000390f9e8 method=java.net.URL.<init>(Ljava/net/URL;Ljava/lang/String;Ljava/net/URLStreamHandler;)V @ 57
Event: 2.594 Thread 0x0000000002d8d800 Uncommon trap: reason=unstable_if action=reinterpret pc=0x0000000003733b58 method=java.net.URLStreamHandler.parseURL(Ljava/net/URL;Ljava/lang/String;II)V @ 57
Event: 2.594 Thread 0x0000000002d8d800 Uncommon trap: reason=unstable_if action=reinterpret pc=0x0000000003979e84 method=java.io.WinNTFileSystem.resolve(Ljava/lang/String;Ljava/lang/String;)Ljava/lang/String; @ 19
Event: 2.708 Thread 0x0000000002d8d800 Uncommon trap: reason=unstable_if action=reinterpret pc=0x000000000384a7c4 method=java.lang.ClassLoader.getClassLoadingLock(Ljava/lang/String;)Ljava/lang/Object; @ 6
Event: 2.758 Thread 0x0000000002d8d800 Uncommon trap: reason=class_check action=maybe_recompile pc=0x00000000038014bc method=java.util.regex.Pattern$Curly.match0(Ljava/util/regex/Matcher;IILjava/lang/CharSequence;)Z @ 170
Event: 2.886 Thread 0x0000000002d8d800 Uncommon trap: reason=class_check action=maybe_recompile pc=0x00000000038014bc method=java.util.regex.Pattern$Curly.match0(Ljava/util/regex/Matcher;IILjava/lang/CharSequence;)Z @ 170
Event: 2.886 Thread 0x0000000002d8d800 Uncommon trap: reason=class_check action=maybe_recompile pc=0x00000000038014bc method=java.util.regex.Pattern$Curly.match0(Ljava/util/regex/Matcher;IILjava/lang/CharSequence;)Z @ 170
Event: 2.886 Thread 0x0000000002d8d800 Uncommon trap: reason=class_check action=maybe_recompile pc=0x00000000038014bc method=java.util.regex.Pattern$Curly.match0(Ljava/util/regex/Matcher;IILjava/lang/CharSequence;)Z @ 170

Internal exceptions (10 events):
Event: 2.575 Thread 0x0000000002d8d800 Exception <a 'java/lang/ClassNotFoundException': org/springframework/context/ResourceLoaderAwareCustomizer> (0x00000000d6eed9b8) thrown at [C:\re\workspace\8-2-build-windows-amd64-cygwin\jdk8u131\8869\hotspot\src\share\vm\classfile\systemDictionary.cpp, l
Event: 2.575 Thread 0x0000000002d8d800 Exception <a 'java/lang/ClassNotFoundException': org/springframework/context/weaving/LoadTimeWeaverAwareCustomizer> (0x00000000d6f0d320) thrown at [C:\re\workspace\8-2-build-windows-amd64-cygwin\jdk8u131\8869\hotspot\src\share\vm\classfile\systemDictionar
Event: 2.575 Thread 0x0000000002d8d800 Exception <a 'java/lang/ClassNotFoundException': org/springframework/beans/factory/FactoryBeanCustomizer> (0x00000000d6f29d40) thrown at [C:\re\workspace\8-2-build-windows-amd64-cygwin\jdk8u131\8869\hotspot\src\share\vm\classfile\systemDictionary.cpp, lin
Event: 2.576 Thread 0x0000000002d8d800 Exception <a 'java/lang/ClassNotFoundException': org/springframework/beans/factory/BeanClassLoaderAwareCustomizer> (0x00000000d6f4c338) thrown at [C:\re\workspace\8-2-build-windows-amd64-cygwin\jdk8u131\8869\hotspot\src\share\vm\classfile\systemDictionary
Event: 2.576 Thread 0x0000000002d8d800 Exception <a 'java/lang/ClassNotFoundException': org/springframework/beans/factory/BeanFactoryAwareCustomizer> (0x00000000d6f6a6e0) thrown at [C:\re\workspace\8-2-build-windows-amd64-cygwin\jdk8u131\8869\hotspot\src\share\vm\classfile\systemDictionary.cpp
Event: 2.576 Thread 0x0000000002d8d800 Exception <a 'java/lang/ClassNotFoundException': org/springframework/beans/factory/BeanNameAwareCustomizer> (0x00000000d6f87b80) thrown at [C:\re\workspace\8-2-build-windows-amd64-cygwin\jdk8u131\8869\hotspot\src\share\vm\classfile\systemDictionary.cpp, l
Event: 2.577 Thread 0x0000000002d8d800 Exception <a 'java/lang/ClassNotFoundException': org/springframework/beans/factory/InitializingBeanCustomizer> (0x00000000d6fa5e50) thrown at [C:\re\workspace\8-2-build-windows-amd64-cygwin\jdk8u131\8869\hotspot\src\share\vm\classfile\systemDictionary.cpp
Event: 2.577 Thread 0x0000000002d8d800 Exception <a 'java/lang/ClassNotFoundException': org/springframework/beans/factory/DisposableBeanCustomizer> (0x00000000d6fc2608) thrown at [C:\re\workspace\8-2-build-windows-amd64-cygwin\jdk8u131\8869\hotspot\src\share\vm\classfile\systemDictionary.cpp, 
Event: 2.577 Thread 0x0000000002d8d800 Exception <a 'java/lang/ClassNotFoundException': org/springframework/orm/jpa/EntityManagerFactoryInfoCustomizer> (0x00000000d6fe0b68) thrown at [C:\re\workspace\8-2-build-windows-amd64-cygwin\jdk8u131\8869\hotspot\src\share\vm\classfile\systemDictionary.c
Event: 2.578 Thread 0x0000000002d8d800 Exception <a 'java/lang/ClassNotFoundException': org/springframework/dao/support/PersistenceExceptionTranslatorCustomizer> (0x00000000d700e8f8) thrown at [C:\re\workspace\8-2-build-windows-amd64-cygwin\jdk8u131\8869\hotspot\src\share\vm\classfile\systemDi

Events (10 events):
Event: 2.965 loading class org/hibernate/cfg/annotations/reflection/AttributeConverterDefinitionCollector
Event: 2.965 loading class org/hibernate/cfg/annotations/reflection/AttributeConverterDefinitionCollector done
Event: 2.966 loading class org/hibernate/boot/spi/JpaOrmXmlPersistenceUnitDefaultAware$JpaOrmXmlPersistenceUnitDefaults
Event: 2.966 loading class org/hibernate/boot/spi/JpaOrmXmlPersistenceUnitDefaultAware$JpaOrmXmlPersistenceUnitDefaults done
Event: 2.966 loading class org/hibernate/boot/model/source/internal/annotations/AnnotationMetadataSourceProcessorImpl$AttributeConverterManager
Event: 2.966 loading class org/hibernate/boot/model/source/internal/annotations/AnnotationMetadataSourceProcessorImpl$AttributeConverterManager done
Event: 2.966 loading class com/sut/se/g05/entity/Bankemp
Event: 2.966 loading class com/sut/se/g05/entity/Bankemp done
Event: 2.966 loading class org/hibernate/annotations/common/reflection/java/generics/IdentityTypeEnvironment
Event: 2.966 loading class org/hibernate/annotations/common/reflection/java/generics/IdentityTypeEnvironment done


Dynamic libraries:
0x00007ff794cb0000 - 0x00007ff794ce7000 	C:\Program Files\Java\jdk1.8.0_131\bin\java.exe
0x00007ff95c9f0000 - 0x00007ff95cbdd000 	C:\WINDOWS\SYSTEM32\ntdll.dll
0x00007ff959c20000 - 0x00007ff959cd3000 	C:\WINDOWS\System32\KERNEL32.DLL
0x00007ff959380000 - 0x00007ff959613000 	C:\WINDOWS\System32\KERNELBASE.dll
0x00007ff95c910000 - 0x00007ff95c9b3000 	C:\WINDOWS\System32\ADVAPI32.dll
0x00007ff959e20000 - 0x00007ff959ebe000 	C:\WINDOWS\System32\msvcrt.dll
0x00007ff95b130000 - 0x00007ff95b1ce000 	C:\WINDOWS\System32\sechost.dll
0x00007ff95b1e0000 - 0x00007ff95b302000 	C:\WINDOWS\System32\RPCRT4.dll
0x00007ff95a120000 - 0x00007ff95a2b7000 	C:\WINDOWS\System32\USER32.dll
0x00007ff959330000 - 0x00007ff959350000 	C:\WINDOWS\System32\win32u.dll
0x00007ff95ae70000 - 0x00007ff95ae99000 	C:\WINDOWS\System32\GDI32.dll
0x00007ff959720000 - 0x00007ff9598ba000 	C:\WINDOWS\System32\gdi32full.dll
0x00007ff958ac0000 - 0x00007ff958b60000 	C:\WINDOWS\System32\msvcp_win.dll
0x00007ff959620000 - 0x00007ff95971c000 	C:\WINDOWS\System32\ucrtbase.dll
0x00007ff946580000 - 0x00007ff9467f9000 	C:\WINDOWS\WinSxS\amd64_microsoft.windows.common-controls_6595b64144ccf1df_6.0.17763.316_none_05b53be2071f46b6\COMCTL32.dll
0x00007ff95aae0000 - 0x00007ff95ae0d000 	C:\WINDOWS\System32\combase.dll
0x00007ff959ba0000 - 0x00007ff959c1e000 	C:\WINDOWS\System32\bcryptPrimitives.dll
0x00007ff95a020000 - 0x00007ff95a04e000 	C:\WINDOWS\System32\IMM32.DLL
0x0000000065d00000 - 0x0000000065dd2000 	C:\Program Files\Java\jdk1.8.0_131\jre\bin\msvcr100.dll
0x0000000065460000 - 0x0000000065cfc000 	C:\Program Files\Java\jdk1.8.0_131\jre\bin\server\jvm.dll
0x00007ff95aa70000 - 0x00007ff95aa78000 	C:\WINDOWS\System32\PSAPI.DLL
0x00007ff9550f0000 - 0x00007ff955114000 	C:\WINDOWS\SYSTEM32\WINMM.dll
0x00007ff94e950000 - 0x00007ff94e95a000 	C:\WINDOWS\SYSTEM32\VERSION.dll
0x00007ff9551e0000 - 0x00007ff9551e9000 	C:\WINDOWS\SYSTEM32\WSOCK32.dll
0x00007ff95aa00000 - 0x00007ff95aa6d000 	C:\WINDOWS\System32\WS2_32.dll
0x00007ff9550c0000 - 0x00007ff9550ed000 	C:\WINDOWS\SYSTEM32\WINMMBASE.dll
0x00007ff959b50000 - 0x00007ff959b9a000 	C:\WINDOWS\System32\cfgmgr32.dll
0x0000000065450000 - 0x000000006545f000 	C:\Program Files\Java\jdk1.8.0_131\jre\bin\verify.dll
0x0000000065420000 - 0x0000000065449000 	C:\Program Files\Java\jdk1.8.0_131\jre\bin\java.dll
0x0000000065380000 - 0x00000000653a3000 	C:\Program Files\Java\jdk1.8.0_131\jre\bin\instrument.dll
0x0000000065400000 - 0x0000000065416000 	C:\Program Files\Java\jdk1.8.0_131\jre\bin\zip.dll
0x00007ff95b370000 - 0x00007ff95c85f000 	C:\WINDOWS\System32\SHELL32.dll
0x00007ff95a950000 - 0x00007ff95a9f8000 	C:\WINDOWS\System32\shcore.dll
0x00007ff958bc0000 - 0x00007ff95930a000 	C:\WINDOWS\System32\windows.storage.dll
0x00007ff958a70000 - 0x00007ff958a94000 	C:\WINDOWS\System32\profapi.dll
0x00007ff9589f0000 - 0x00007ff958a4d000 	C:\WINDOWS\System32\powrprof.dll
0x00007ff95a740000 - 0x00007ff95a792000 	C:\WINDOWS\System32\shlwapi.dll
0x00007ff958a50000 - 0x00007ff958a61000 	C:\WINDOWS\System32\kernel.appcore.dll
0x00007ff959310000 - 0x00007ff959327000 	C:\WINDOWS\System32\cryptsp.dll
0x00007ff951c20000 - 0x00007ff951c3a000 	C:\Program Files\JetBrains\IntelliJ IDEA Community Edition 2018.3.3\bin\breakgen64.dll
0x00000000653e0000 - 0x00000000653fa000 	C:\Program Files\Java\jdk1.8.0_131\jre\bin\net.dll
0x00007ff958280000 - 0x00007ff9582e7000 	C:\WINDOWS\system32\mswsock.dll
0x00000000653c0000 - 0x00000000653d1000 	C:\Program Files\Java\jdk1.8.0_131\jre\bin\nio.dll
0x00000000653b0000 - 0x00000000653bd000 	C:\Program Files\Java\jdk1.8.0_131\jre\bin\management.dll
0x00007ff932b60000 - 0x00007ff932b76000 	C:\WINDOWS\system32\napinsp.dll
0x00007ff932b40000 - 0x00007ff932b5a000 	C:\WINDOWS\system32\pnrpnsp.dll
0x00007ff958020000 - 0x00007ff9580e6000 	C:\WINDOWS\SYSTEM32\DNSAPI.dll
0x00007ff959ce0000 - 0x00007ff959ce8000 	C:\WINDOWS\System32\NSI.dll
0x00007ff957fe0000 - 0x00007ff95801d000 	C:\WINDOWS\SYSTEM32\IPHLPAPI.DLL
0x00007ff93c930000 - 0x00007ff93c93e000 	C:\WINDOWS\System32\winrnr.dll
0x00007ff955080000 - 0x00007ff95509b000 	C:\WINDOWS\system32\NLAapi.dll
0x00007ff94ed20000 - 0x00007ff94ed35000 	C:\WINDOWS\system32\wshbth.dll
0x00007ff948f50000 - 0x00007ff948f5a000 	C:\Windows\System32\rasadhlp.dll
0x00007ff949890000 - 0x00007ff949909000 	C:\WINDOWS\System32\fwpuclnt.dll
0x00007ff959350000 - 0x00007ff959376000 	C:\WINDOWS\System32\bcrypt.dll
0x00007ff957e40000 - 0x00007ff957e73000 	C:\WINDOWS\system32\rsaenh.dll
0x00007ff958920000 - 0x00007ff958948000 	C:\WINDOWS\SYSTEM32\USERENV.dll
0x00007ff958450000 - 0x00007ff95845c000 	C:\WINDOWS\SYSTEM32\CRYPTBASE.dll
0x00007ff94e990000 - 0x00007ff94e9a6000 	C:\WINDOWS\SYSTEM32\dhcpcsvc6.DLL
0x00007ff94e9d0000 - 0x00007ff94e9ec000 	C:\WINDOWS\SYSTEM32\dhcpcsvc.DLL

VM Arguments:
jvm_args: -ea -Didea.test.cyclic.buffer.size=1048576 -javaagent:C:\Program Files\JetBrains\IntelliJ IDEA Community Edition 2018.3.3\lib\idea_rt.jar=51920:C:\Program Files\JetBrains\IntelliJ IDEA Community Edition 2018.3.3\bin -Dfile.encoding=UTF-8 
java_command: com.intellij.rt.execution.junit.JUnitStarter -ideVersion5 @w@Z:\idea_working_dirs_junit.tmp @Z:\idea_junit.tmp -socket51919
java_class_path (initial): C:\Program Files\JetBrains\IntelliJ IDEA Community Edition 2018.3.3\lib\idea_rt.jar;C:\Program Files\JetBrains\IntelliJ IDEA Community Edition 2018.3.3\plugins\junit\lib\junit-rt.jar;C:\Program Files\JetBrains\IntelliJ IDEA Community Edition 2018.3.3\plugins\junit\lib\junit5-rt.jar;C:\Program Files\Java\jdk1.8.0_131\jre\lib\charsets.jar;C:\Program Files\Java\jdk1.8.0_131\jre\lib\deploy.jar;C:\Program Files\Java\jdk1.8.0_131\jre\lib\ext\access-bridge-64.jar;C:\Program Files\Java\jdk1.8.0_131\jre\lib\ext\cldrdata.jar;C:\Program Files\Java\jdk1.8.0_131\jre\lib\ext\dnsns.jar;C:\Program Files\Java\jdk1.8.0_131\jre\lib\ext\jaccess.jar;C:\Program Files\Java\jdk1.8.0_131\jre\lib\ext\jfxrt.jar;C:\Program Files\Java\jdk1.8.0_131\jre\lib\ext\localedata.jar;C:\Program Files\Java\jdk1.8.0_131\jre\lib\ext\nashorn.jar;C:\Program Files\Java\jdk1.8.0_131\jre\lib\ext\sunec.jar;C:\Program Files\Java\jdk1.8.0_131\jre\lib\ext\sunjce_provider.jar;C:\Program Files\Java\jdk1.8.0_131\jre\lib\ext\sunmscapi.jar;C:\Program Files\Java\jdk1.8.0_131\jre\lib\ext\sunpkcs11.jar;C:\Program Files\Java\jdk1.8.0_131\jre\lib\ext\zipfs.jar;C:\Program Files\Java\jdk1.8.0_131\jre\lib\javaws.jar;C:\Program Files\Java\jdk1.8.0_131\jre\lib\jce.jar;C:\Program Files\Java\jdk1.8.0_131\jre\lib\jfr.jar;C:\Program Files\Java\jdk1.8.0_131\jre\lib\jfxswt.jar;C:\Program Files\Java\jdk1.8.0_131\jre\lib\jsse.jar;C:\Program Files\Java\jdk1.8.0_131\jre\lib\management-agent.jar;C:\Program Files\Java\jdk1.8.0_131\jre\lib\plugin.jar;C:\Program Files\Java\jdk1.8.0_131\jre\lib\resources.jar;C:\Program Files\Java\jdk1.8.0_131\jre\lib\rt.jar;C:\Users\Asus\Downloads\team05-master\backend\target\test-classes;C:\Users\Asus\Downloads\team05-master\backend\target\classes;C:\Users\Asus\.m2\repository\org\springframework\boot\spring-boot-starter-actuator\2.0.7.RELEASE\spring-boot-starter-actuator-2.0.7.RELEASE.jar;C:\Users\Asus\.m2\repository\org\springframework\boot\spring-boot-starter\2.0.7.RELEASE\spring-
Launcher Type: SUN_STANDARD

Environment Variables:
JAVA_HOME=C:\Program Files\Java\jdk1.8.0_131
PATH=C:\Program Files\Java\jdk1.8.0_131\bin;C:\ProgramData\Oracle\Java\javapath;C:\Windows\system32;C:\Windows;C:\Windows\System32\Wbem;C:\Windows\System32\WindowsPowerShell\v1.0\;C:\Windows\System32\OpenSSH\;C:\Program Files (x86)\NVIDIA Corporation\PhysX\Common;C:\Program Files\nodejs\;;C:\WINDOWS\system32;C:\WINDOWS;C:\WINDOWS\System32\Wbem;C:\WINDOWS\System32\WindowsPowerShell\v1.0\;C:\WINDOWS\System32\OpenSSH\;C:\Program Files\Java\jdk1.8.0_131\bin;C:\Users\Asus\AppData\Local\Programs\Microsoft VS Code\bin
USERNAME=Asus
OS=Windows_NT
PROCESSOR_IDENTIFIER=Intel64 Family 6 Model 158 Stepping 10, GenuineIntel



---------------  S Y S T E M  ---------------

OS: Windows 10.0 , 64 bit Build 17763 (10.0.17763.292)

CPU:total 12 (initial active 12) (6 cores per cpu, 2 threads per core) family 6 model 158 stepping 10, cmov, cx8, fxsr, mmx, sse, sse2, sse3, ssse3, sse4.1, sse4.2, popcnt, avx, avx2, aes, clmul, erms, 3dnowpref, lzcnt, ht, tsc, tscinvbit, bmi1, bmi2, adx

Memory: 4k page, physical 8239356k(2737408k free), swap 8239356k(5068k free)

vm_info: Java HotSpot(TM) 64-Bit Server VM (25.131-b11) for windows-amd64 JRE (1.8.0_131-b11), built on Mar 15 2017 01:23:53 by "java_re" with MS VC++ 10.0 (VS2010)

time: Sat Mar 02 23:03:49 2019
elapsed time: 2 seconds (0d 0h 0m 2s)

