#
# There is insufficient memory for the Java Runtime Environment to continue.
# Native memory allocation (malloc) failed to allocate 787696 bytes for Chunk::new
# Possible reasons:
#   The system is out of physical RAM or swap space
#   In 32 bit mode, the process size limit was hit
# Possible solutions:
#   Reduce memory load on the system
#   Increase physical memory or swap space
#   Check if swap backing store is full
#   Use 64 bit Java on a 64 bit OS
#   Decrease Java heap size (-Xmx/-Xms)
#   Decrease number of Java threads
#   Decrease Java thread stack sizes (-Xss)
#   Set larger code cache with -XX:ReservedCodeCacheSize=
# This output file may be truncated or incomplete.
#
#  Out of Memory Error (allocation.cpp:390), pid=1112, tid=0x0000000000002698
#
# JRE version: Java(TM) SE Runtime Environment (8.0_131-b11) (build 1.8.0_131-b11)
# Java VM: Java HotSpot(TM) 64-Bit Server VM (25.131-b11 mixed mode windows-amd64 compressed oops)
# Failed to write core dump. Minidumps are not enabled by default on client versions of Windows
#

---------------  T H R E A D  ---------------

Current thread (0x0000000019d8b000):  JavaThread "C2 CompilerThread0" daemon [_thread_in_native, id=9880, stack(0x000000001b460000,0x000000001b560000)]

Stack: [0x000000001b460000,0x000000001b560000]
[error occurred during error reporting (printing stack bounds), id 0xc0000005]

Native frames: (J=compiled Java code, j=interpreted, Vv=VM code, C=native code)


Current CompileTask:
C2:   3207 3519       4       java.net.URLStreamHandler::parseURL (1193 bytes)


---------------  P R O C E S S  ---------------

Java Threads: ( => current thread )
  0x0000000019e32800 JavaThread "Service Thread" daemon [_thread_blocked, id=10456, stack(0x000000001b860000,0x000000001b960000)]
  0x0000000019d91000 JavaThread "C1 CompilerThread3" daemon [_thread_in_native, id=4024, stack(0x000000001b760000,0x000000001b860000)]
  0x0000000019d8c000 JavaThread "C2 CompilerThread2" daemon [_thread_in_native, id=6368, stack(0x000000001b660000,0x000000001b760000)]
  0x0000000019d90000 JavaThread "C2 CompilerThread1" daemon [_thread_in_native, id=944, stack(0x000000001b560000,0x000000001b660000)]
=>0x0000000019d8b000 JavaThread "C2 CompilerThread0" daemon [_thread_in_native, id=9880, stack(0x000000001b460000,0x000000001b560000)]
  0x0000000019d87800 JavaThread "Monitor Ctrl-Break" daemon [_thread_in_native, id=8408, stack(0x000000001b360000,0x000000001b460000)]
  0x0000000019d15000 JavaThread "Attach Listener" daemon [_thread_blocked, id=8668, stack(0x000000001b260000,0x000000001b360000)]
  0x0000000019d14000 JavaThread "Signal Dispatcher" daemon [_thread_blocked, id=10900, stack(0x000000001b160000,0x000000001b260000)]
  0x0000000019d03000 JavaThread "Finalizer" daemon [_thread_blocked, id=5880, stack(0x000000001af60000,0x000000001b060000)]
  0x000000001862d000 JavaThread "Reference Handler" daemon [_thread_blocked, id=9256, stack(0x000000001ae60000,0x000000001af60000)]
  0x000000000313d800 JavaThread "main" [_thread_in_Java, id=2184, stack(0x0000000003140000,0x0000000003240000)]

Other Threads:
  0x000000000341c800 VMThread [stack: 0x000000001ad60000,0x000000001ae60000] [id=6932]
  0x0000000019e8b000 WatcherThread [stack: 0x000000001b960000,0x000000001ba60000] [id=7608]

VM state:not at safepoint (normal execution)

VM Mutex/Monitor currently owned by a thread: None

Heap:
 PSYoungGen      total 70656K, used 45467K [0x00000000d6180000, 0x00000000dab80000, 0x0000000100000000)
  eden space 65536K, 69% used [0x00000000d6180000,0x00000000d8de6f48,0x00000000da180000)
  from space 5120K, 0% used [0x00000000da180000,0x00000000da180000,0x00000000da680000)
  to   space 5120K, 0% used [0x00000000da680000,0x00000000da680000,0x00000000dab80000)
 ParOldGen       total 56832K, used 12250K [0x0000000082400000, 0x0000000085b80000, 0x00000000d6180000)
  object space 56832K, 21% used [0x0000000082400000,0x0000000082ff6a10,0x0000000085b80000)
 Metaspace       used 38259K, capacity 39668K, committed 40024K, reserved 1083392K
  class space    used 5059K, capacity 5359K, committed 5464K, reserved 1048576K

Card table byte_map: [0x00000000128e0000,0x0000000012cd0000] byte_map_base: 0x00000000124ce000

Marking Bits: (ParMarkBitMap*) 0x0000000065c7c720
 Begin Bits: [0x0000000013970000, 0x00000000158e0000)
 End Bits:   [0x00000000158e0000, 0x0000000017850000)

Polling page: 0x0000000001210000

CodeCache: size=245760Kb used=13277Kb max_used=13277Kb free=232482Kb
 bounds [0x0000000003520000, 0x0000000004220000, 0x0000000012520000]
 total_blobs=4093 nmethods=3622 adapters=383
 compilation: enabled

Compilation events (10 events):
Event: 3.205 Thread 0x0000000019d91000 nmethod 3615 0x0000000004214110 code [0x00000000042142e0, 0x0000000004214a48]
Event: 3.205 Thread 0x0000000019d91000 3616       1       org.hibernate.cfg.annotations.EntityBinder::getSecondaryTables (5 bytes)
Event: 3.205 Thread 0x0000000019d91000 nmethod 3616 0x0000000004214d10 code [0x0000000004214e60, 0x0000000004214f70]
Event: 3.205 Thread 0x0000000019d91000 3618       3       java.lang.Enum::equals (11 bytes)
Event: 3.205 Thread 0x0000000019d91000 nmethod 3618 0x0000000004214fd0 code [0x0000000004215120, 0x00000000042152d0]
Event: 3.205 Thread 0x0000000019d91000 3617       3       org.hibernate.annotations.common.reflection.java.JavaXAnnotatedElement::hashCode (8 bytes)
Event: 3.206 Thread 0x0000000019d91000 nmethod 3617 0x0000000004215350 code [0x00000000042154c0, 0x00000000042156e8]
Event: 3.206 Thread 0x0000000019d91000 3619       3       java.lang.reflect.Field::getGenericType (20 bytes)
Event: 3.206 Thread 0x0000000019d91000 nmethod 3619 0x0000000004216c90 code [0x0000000004216e60, 0x00000000042176f8]
Event: 3.206 Thread 0x0000000019d91000 3620       3       org.hibernate.annotations.common.reflection.ReflectionUtil::isProperty (78 bytes)

GC Heap History (10 events):
Event: 1.659 GC heap before
{Heap before GC invocations=7 (full 1):
 PSYoungGen      total 70656K, used 65536K [0x00000000d6180000, 0x00000000dab80000, 0x0000000100000000)
  eden space 65536K, 100% used [0x00000000d6180000,0x00000000da180000,0x00000000da180000)
  from space 5120K, 0% used [0x00000000da180000,0x00000000da180000,0x00000000da680000)
  to   space 5120K, 0% used [0x00000000da680000,0x00000000da680000,0x00000000dab80000)
 ParOldGen       total 56832K, used 8772K [0x0000000082400000, 0x0000000085b80000, 0x00000000d6180000)
  object space 56832K, 15% used [0x0000000082400000,0x0000000082c912c0,0x0000000085b80000)
 Metaspace       used 24075K, capacity 24882K, committed 25088K, reserved 1071104K
  class space    used 3079K, capacity 3278K, committed 3328K, reserved 1048576K
Event: 1.662 GC heap after
Heap after GC invocations=7 (full 1):
 PSYoungGen      total 70656K, used 4756K [0x00000000d6180000, 0x00000000dab80000, 0x0000000100000000)
  eden space 65536K, 0% used [0x00000000d6180000,0x00000000d6180000,0x00000000da180000)
  from space 5120K, 92% used [0x00000000da680000,0x00000000dab25230,0x00000000dab80000)
  to   space 5120K, 0% used [0x00000000da180000,0x00000000da180000,0x00000000da680000)
 ParOldGen       total 56832K, used 8844K [0x0000000082400000, 0x0000000085b80000, 0x00000000d6180000)
  object space 56832K, 15% used [0x0000000082400000,0x0000000082ca32d0,0x0000000085b80000)
 Metaspace       used 24075K, capacity 24882K, committed 25088K, reserved 1071104K
  class space    used 3079K, capacity 3278K, committed 3328K, reserved 1048576K
}
Event: 2.174 GC heap before
{Heap before GC invocations=8 (full 1):
 PSYoungGen      total 70656K, used 70292K [0x00000000d6180000, 0x00000000dab80000, 0x0000000100000000)
  eden space 65536K, 100% used [0x00000000d6180000,0x00000000da180000,0x00000000da180000)
  from space 5120K, 92% used [0x00000000da680000,0x00000000dab25230,0x00000000dab80000)
  to   space 5120K, 0% used [0x00000000da180000,0x00000000da180000,0x00000000da680000)
 ParOldGen       total 56832K, used 8844K [0x0000000082400000, 0x0000000085b80000, 0x00000000d6180000)
  object space 56832K, 15% used [0x0000000082400000,0x0000000082ca32d0,0x0000000085b80000)
 Metaspace       used 27827K, capacity 29036K, committed 29184K, reserved 1075200K
  class space    used 3575K, capacity 3819K, committed 3840K, reserved 1048576K
Event: 2.178 GC heap after
Heap after GC invocations=8 (full 1):
 PSYoungGen      total 70656K, used 5090K [0x00000000d6180000, 0x00000000dab80000, 0x0000000100000000)
  eden space 65536K, 0% used [0x00000000d6180000,0x00000000d6180000,0x00000000da180000)
  from space 5120K, 99% used [0x00000000da180000,0x00000000da6789e8,0x00000000da680000)
  to   space 5120K, 0% used [0x00000000da680000,0x00000000da680000,0x00000000dab80000)
 ParOldGen       total 56832K, used 10109K [0x0000000082400000, 0x0000000085b80000, 0x00000000d6180000)
  object space 56832K, 17% used [0x0000000082400000,0x0000000082ddf548,0x0000000085b80000)
 Metaspace       used 27827K, capacity 29036K, committed 29184K, reserved 1075200K
  class space    used 3575K, capacity 3819K, committed 3840K, reserved 1048576K
}
Event: 2.767 GC heap before
{Heap before GC invocations=9 (full 1):
 PSYoungGen      total 70656K, used 70626K [0x00000000d6180000, 0x00000000dab80000, 0x0000000100000000)
  eden space 65536K, 100% used [0x00000000d6180000,0x00000000da180000,0x00000000da180000)
  from space 5120K, 99% used [0x00000000da180000,0x00000000da6789e8,0x00000000da680000)
  to   space 5120K, 0% used [0x00000000da680000,0x00000000da680000,0x00000000dab80000)
 ParOldGen       total 56832K, used 10109K [0x0000000082400000, 0x0000000085b80000, 0x00000000d6180000)
  object space 56832K, 17% used [0x0000000082400000,0x0000000082ddf548,0x0000000085b80000)
 Metaspace       used 33181K, capacity 34526K, committed 34816K, reserved 1079296K
  class space    used 4239K, capacity 4508K, committed 4608K, reserved 1048576K
Event: 2.773 GC heap after
Heap after GC invocations=9 (full 1):
 PSYoungGen      total 70656K, used 5109K [0x00000000d6180000, 0x00000000dab80000, 0x0000000100000000)
  eden space 65536K, 0% used [0x00000000d6180000,0x00000000d6180000,0x00000000da180000)
  from space 5120K, 99% used [0x00000000da680000,0x00000000dab7d708,0x00000000dab80000)
  to   space 5120K, 0% used [0x00000000da180000,0x00000000da180000,0x00000000da680000)
 ParOldGen       total 56832K, used 14537K [0x0000000082400000, 0x0000000085b80000, 0x00000000d6180000)
  object space 56832K, 25% used [0x0000000082400000,0x0000000083232608,0x0000000085b80000)
 Metaspace       used 33181K, capacity 34526K, committed 34816K, reserved 1079296K
  class space    used 4239K, capacity 4508K, committed 4608K, reserved 1048576K
}
Event: 2.838 GC heap before
{Heap before GC invocations=10 (full 1):
 PSYoungGen      total 70656K, used 18110K [0x00000000d6180000, 0x00000000dab80000, 0x0000000100000000)
  eden space 65536K, 19% used [0x00000000d6180000,0x00000000d6e32358,0x00000000da180000)
  from space 5120K, 99% used [0x00000000da680000,0x00000000dab7d708,0x00000000dab80000)
  to   space 5120K, 0% used [0x00000000da180000,0x00000000da180000,0x00000000da680000)
 ParOldGen       total 56832K, used 14537K [0x0000000082400000, 0x0000000085b80000, 0x00000000d6180000)
  object space 56832K, 25% used [0x0000000082400000,0x0000000083232608,0x0000000085b80000)
 Metaspace       used 33977K, capacity 35312K, committed 35416K, reserved 1079296K
  class space    used 4386K, capacity 4639K, committed 4696K, reserved 1048576K
Event: 2.842 GC heap after
Heap after GC invocations=10 (full 1):
 PSYoungGen      total 70656K, used 4936K [0x00000000d6180000, 0x00000000dab80000, 0x0000000100000000)
  eden space 65536K, 0% used [0x00000000d6180000,0x00000000d6180000,0x00000000da180000)
  from space 5120K, 96% used [0x00000000da180000,0x00000000da6521d8,0x00000000da680000)
  to   space 5120K, 0% used [0x00000000da680000,0x00000000da680000,0x00000000dab80000)
 ParOldGen       total 56832K, used 15887K [0x0000000082400000, 0x0000000085b80000, 0x00000000d6180000)
  object space 56832K, 27% used [0x0000000082400000,0x0000000083383d20,0x0000000085b80000)
 Metaspace       used 33977K, capacity 35312K, committed 35416K, reserved 1079296K
  class space    used 4386K, capacity 4639K, committed 4696K, reserved 1048576K
}
Event: 2.842 GC heap before
{Heap before GC invocations=11 (full 2):
 PSYoungGen      total 70656K, used 4936K [0x00000000d6180000, 0x00000000dab80000, 0x0000000100000000)
  eden space 65536K, 0% used [0x00000000d6180000,0x00000000d6180000,0x00000000da180000)
  from space 5120K, 96% used [0x00000000da180000,0x00000000da6521d8,0x00000000da680000)
  to   space 5120K, 0% used [0x00000000da680000,0x00000000da680000,0x00000000dab80000)
 ParOldGen       total 56832K, used 15887K [0x0000000082400000, 0x0000000085b80000, 0x00000000d6180000)
  object space 56832K, 27% used [0x0000000082400000,0x0000000083383d20,0x0000000085b80000)
 Metaspace       used 33977K, capacity 35312K, committed 35416K, reserved 1079296K
  class space    used 4386K, capacity 4639K, committed 4696K, reserved 1048576K
Event: 2.883 GC heap after
Heap after GC invocations=11 (full 2):
 PSYoungGen      total 70656K, used 0K [0x00000000d6180000, 0x00000000dab80000, 0x0000000100000000)
  eden space 65536K, 0% used [0x00000000d6180000,0x00000000d6180000,0x00000000da180000)
  from space 5120K, 0% used [0x00000000da180000,0x00000000da180000,0x00000000da680000)
  to   space 5120K, 0% used [0x00000000da680000,0x00000000da680000,0x00000000dab80000)
 ParOldGen       total 56832K, used 12250K [0x0000000082400000, 0x0000000085b80000, 0x00000000d6180000)
  object space 56832K, 21% used [0x0000000082400000,0x0000000082ff6a10,0x0000000085b80000)
 Metaspace       used 33977K, capacity 35312K, committed 35416K, reserved 1079296K
  class space    used 4386K, capacity 4639K, committed 4696K, reserved 1048576K
}

Deoptimization events (10 events):
Event: 2.715 Thread 0x000000000313d800 Uncommon trap: reason=unstable_if action=reinterpret pc=0x0000000003a123b0 method=java.util.zip.ZipCoder.getBytes(Ljava/lang/String;)[B @ 32
Event: 2.715 Thread 0x000000000313d800 Uncommon trap: reason=unstable_if action=reinterpret pc=0x00000000039f9f88 method=java.util.zip.ZipCoder.getBytes(Ljava/lang/String;)[B @ 32
Event: 2.715 Thread 0x000000000313d800 Uncommon trap: reason=unstable_if action=reinterpret pc=0x0000000003cc0568 method=java.net.URL.<init>(Ljava/net/URL;Ljava/lang/String;Ljava/net/URLStreamHandler;)V @ 57
Event: 2.715 Thread 0x000000000313d800 Uncommon trap: reason=unstable_if action=reinterpret pc=0x0000000003b0f8a0 method=java.net.URLStreamHandler.parseURL(Ljava/net/URL;Ljava/lang/String;II)V @ 57
Event: 2.715 Thread 0x000000000313d800 Uncommon trap: reason=unstable_if action=reinterpret pc=0x0000000003c043c4 method=java.io.WinNTFileSystem.resolve(Ljava/lang/String;Ljava/lang/String;)Ljava/lang/String; @ 19
Event: 2.832 Thread 0x000000000313d800 Uncommon trap: reason=unstable_if action=reinterpret pc=0x0000000003c0a184 method=java.lang.ClassLoader.getClassLoadingLock(Ljava/lang/String;)Ljava/lang/Object; @ 6
Event: 2.837 Thread 0x000000000313d800 Uncommon trap: reason=class_check action=maybe_recompile pc=0x0000000003bc477c method=java.util.regex.Pattern$Curly.match0(Ljava/util/regex/Matcher;IILjava/lang/CharSequence;)Z @ 170
Event: 3.016 Thread 0x000000000313d800 Uncommon trap: reason=class_check action=maybe_recompile pc=0x0000000003bc477c method=java.util.regex.Pattern$Curly.match0(Ljava/util/regex/Matcher;IILjava/lang/CharSequence;)Z @ 170
Event: 3.016 Thread 0x000000000313d800 Uncommon trap: reason=class_check action=maybe_recompile pc=0x0000000003bc477c method=java.util.regex.Pattern$Curly.match0(Ljava/util/regex/Matcher;IILjava/lang/CharSequence;)Z @ 170
Event: 3.016 Thread 0x000000000313d800 Uncommon trap: reason=class_check action=maybe_recompile pc=0x0000000003bc477c method=java.util.regex.Pattern$Curly.match0(Ljava/util/regex/Matcher;IILjava/lang/CharSequence;)Z @ 170

Internal exceptions (10 events):
Event: 2.696 Thread 0x000000000313d800 Exception <a 'java/lang/ClassNotFoundException': org/springframework/context/ResourceLoaderAwareCustomizer> (0x00000000d96c6760) thrown at [C:\re\workspace\8-2-build-windows-amd64-cygwin\jdk8u131\8869\hotspot\src\share\vm\classfile\systemDictionary.cpp, l
Event: 2.696 Thread 0x000000000313d800 Exception <a 'java/lang/ClassNotFoundException': org/springframework/context/weaving/LoadTimeWeaverAwareCustomizer> (0x00000000d96e60c8) thrown at [C:\re\workspace\8-2-build-windows-amd64-cygwin\jdk8u131\8869\hotspot\src\share\vm\classfile\systemDictionar
Event: 2.696 Thread 0x000000000313d800 Exception <a 'java/lang/ClassNotFoundException': org/springframework/beans/factory/FactoryBeanCustomizer> (0x00000000d9702ae8) thrown at [C:\re\workspace\8-2-build-windows-amd64-cygwin\jdk8u131\8869\hotspot\src\share\vm\classfile\systemDictionary.cpp, lin
Event: 2.697 Thread 0x000000000313d800 Exception <a 'java/lang/ClassNotFoundException': org/springframework/beans/factory/BeanClassLoaderAwareCustomizer> (0x00000000d9724560) thrown at [C:\re\workspace\8-2-build-windows-amd64-cygwin\jdk8u131\8869\hotspot\src\share\vm\classfile\systemDictionary
Event: 2.698 Thread 0x000000000313d800 Exception <a 'java/lang/ClassNotFoundException': org/springframework/beans/factory/BeanFactoryAwareCustomizer> (0x00000000d9742800) thrown at [C:\re\workspace\8-2-build-windows-amd64-cygwin\jdk8u131\8869\hotspot\src\share\vm\classfile\systemDictionary.cpp
Event: 2.698 Thread 0x000000000313d800 Exception <a 'java/lang/ClassNotFoundException': org/springframework/beans/factory/BeanNameAwareCustomizer> (0x00000000d975fca0) thrown at [C:\re\workspace\8-2-build-windows-amd64-cygwin\jdk8u131\8869\hotspot\src\share\vm\classfile\systemDictionary.cpp, l
Event: 2.698 Thread 0x000000000313d800 Exception <a 'java/lang/ClassNotFoundException': org/springframework/beans/factory/InitializingBeanCustomizer> (0x00000000d977df70) thrown at [C:\re\workspace\8-2-build-windows-amd64-cygwin\jdk8u131\8869\hotspot\src\share\vm\classfile\systemDictionary.cpp
Event: 2.699 Thread 0x000000000313d800 Exception <a 'java/lang/ClassNotFoundException': org/springframework/beans/factory/DisposableBeanCustomizer> (0x00000000d979a600) thrown at [C:\re\workspace\8-2-build-windows-amd64-cygwin\jdk8u131\8869\hotspot\src\share\vm\classfile\systemDictionary.cpp, 
Event: 2.699 Thread 0x000000000313d800 Exception <a 'java/lang/ClassNotFoundException': org/springframework/orm/jpa/EntityManagerFactoryInfoCustomizer> (0x00000000d97b8b60) thrown at [C:\re\workspace\8-2-build-windows-amd64-cygwin\jdk8u131\8869\hotspot\src\share\vm\classfile\systemDictionary.c
Event: 2.699 Thread 0x000000000313d800 Exception <a 'java/lang/ClassNotFoundException': org/springframework/dao/support/PersistenceExceptionTranslatorCustomizer> (0x00000000d97e68f0) thrown at [C:\re\workspace\8-2-build-windows-amd64-cygwin\jdk8u131\8869\hotspot\src\share\vm\classfile\systemDi

Events (10 events):
Event: 3.188 loading class com/fasterxml/jackson/annotation/JsonIgnore
Event: 3.188 loading class com/fasterxml/jackson/annotation/JsonIgnore done
Event: 3.188 loading class com/fasterxml/jackson/annotation/JacksonAnnotation
Event: 3.188 loading class com/fasterxml/jackson/annotation/JacksonAnnotation done
Event: 3.196 loading class org/hibernate/cfg/annotations/EntityBinder$EntityTableNamingStrategyHelper$1
Event: 3.196 loading class org/hibernate/cfg/annotations/EntityBinder$EntityTableNamingStrategyHelper$1 done
Event: 3.197 loading class org/hibernate/boot/model/naming/EntityNaming
Event: 3.197 loading class org/hibernate/boot/model/naming/EntityNaming done
Event: 3.197 loading class org/hibernate/cfg/annotations/EntityBinder$EntityTableNamingStrategyHelper$1$1
Event: 3.197 loading class org/hibernate/cfg/annotations/EntityBinder$EntityTableNamingStrategyHelper$1$1 done


Dynamic libraries:
0x00007ff794cb0000 - 0x00007ff794ce7000 	C:\Program Files\Java\jdk1.8.0_131\bin\java.exe
0x00007ff95c9f0000 - 0x00007ff95cbdd000 	C:\WINDOWS\SYSTEM32\ntdll.dll
0x00007ff959c20000 - 0x00007ff959cd3000 	C:\WINDOWS\System32\KERNEL32.DLL
0x00007ff959380000 - 0x00007ff959613000 	C:\WINDOWS\System32\KERNELBASE.dll
0x00007ff95c910000 - 0x00007ff95c9b3000 	C:\WINDOWS\System32\ADVAPI32.dll
0x00007ff959e20000 - 0x00007ff959ebe000 	C:\WINDOWS\System32\msvcrt.dll
0x00007ff95b130000 - 0x00007ff95b1ce000 	C:\WINDOWS\System32\sechost.dll
0x00007ff95b1e0000 - 0x00007ff95b302000 	C:\WINDOWS\System32\RPCRT4.dll
0x00007ff95a120000 - 0x00007ff95a2b7000 	C:\WINDOWS\System32\USER32.dll
0x00007ff959330000 - 0x00007ff959350000 	C:\WINDOWS\System32\win32u.dll
0x00007ff95ae70000 - 0x00007ff95ae99000 	C:\WINDOWS\System32\GDI32.dll
0x00007ff959720000 - 0x00007ff9598ba000 	C:\WINDOWS\System32\gdi32full.dll
0x00007ff958ac0000 - 0x00007ff958b60000 	C:\WINDOWS\System32\msvcp_win.dll
0x00007ff959620000 - 0x00007ff95971c000 	C:\WINDOWS\System32\ucrtbase.dll
0x00007ff946580000 - 0x00007ff9467f9000 	C:\WINDOWS\WinSxS\amd64_microsoft.windows.common-controls_6595b64144ccf1df_6.0.17763.316_none_05b53be2071f46b6\COMCTL32.dll
0x00007ff95aae0000 - 0x00007ff95ae0d000 	C:\WINDOWS\System32\combase.dll
0x00007ff959ba0000 - 0x00007ff959c1e000 	C:\WINDOWS\System32\bcryptPrimitives.dll
0x00007ff95a020000 - 0x00007ff95a04e000 	C:\WINDOWS\System32\IMM32.DLL
0x0000000065d00000 - 0x0000000065dd2000 	C:\Program Files\Java\jdk1.8.0_131\jre\bin\msvcr100.dll
0x0000000065460000 - 0x0000000065cfc000 	C:\Program Files\Java\jdk1.8.0_131\jre\bin\server\jvm.dll
0x00007ff95aa70000 - 0x00007ff95aa78000 	C:\WINDOWS\System32\PSAPI.DLL
0x00007ff9551e0000 - 0x00007ff9551e9000 	C:\WINDOWS\SYSTEM32\WSOCK32.dll
0x00007ff9550f0000 - 0x00007ff955114000 	C:\WINDOWS\SYSTEM32\WINMM.dll
0x00007ff94e950000 - 0x00007ff94e95a000 	C:\WINDOWS\SYSTEM32\VERSION.dll
0x00007ff95aa00000 - 0x00007ff95aa6d000 	C:\WINDOWS\System32\WS2_32.dll
0x00007ff9550c0000 - 0x00007ff9550ed000 	C:\WINDOWS\SYSTEM32\WINMMBASE.dll
0x00007ff959b50000 - 0x00007ff959b9a000 	C:\WINDOWS\System32\cfgmgr32.dll
0x0000000065450000 - 0x000000006545f000 	C:\Program Files\Java\jdk1.8.0_131\jre\bin\verify.dll
0x0000000065420000 - 0x0000000065449000 	C:\Program Files\Java\jdk1.8.0_131\jre\bin\java.dll
0x0000000065380000 - 0x00000000653a3000 	C:\Program Files\Java\jdk1.8.0_131\jre\bin\instrument.dll
0x0000000065400000 - 0x0000000065416000 	C:\Program Files\Java\jdk1.8.0_131\jre\bin\zip.dll
0x00007ff95b370000 - 0x00007ff95c85f000 	C:\WINDOWS\System32\SHELL32.dll
0x00007ff95a950000 - 0x00007ff95a9f8000 	C:\WINDOWS\System32\shcore.dll
0x00007ff958bc0000 - 0x00007ff95930a000 	C:\WINDOWS\System32\windows.storage.dll
0x00007ff958a70000 - 0x00007ff958a94000 	C:\WINDOWS\System32\profapi.dll
0x00007ff9589f0000 - 0x00007ff958a4d000 	C:\WINDOWS\System32\powrprof.dll
0x00007ff95a740000 - 0x00007ff95a792000 	C:\WINDOWS\System32\shlwapi.dll
0x00007ff958a50000 - 0x00007ff958a61000 	C:\WINDOWS\System32\kernel.appcore.dll
0x00007ff959310000 - 0x00007ff959327000 	C:\WINDOWS\System32\cryptsp.dll
0x00007ff951c20000 - 0x00007ff951c3a000 	C:\Program Files\JetBrains\IntelliJ IDEA Community Edition 2018.3.3\bin\breakgen64.dll
0x00000000653e0000 - 0x00000000653fa000 	C:\Program Files\Java\jdk1.8.0_131\jre\bin\net.dll
0x00007ff958280000 - 0x00007ff9582e7000 	C:\WINDOWS\system32\mswsock.dll
0x00000000653c0000 - 0x00000000653d1000 	C:\Program Files\Java\jdk1.8.0_131\jre\bin\nio.dll
0x00000000653b0000 - 0x00000000653bd000 	C:\Program Files\Java\jdk1.8.0_131\jre\bin\management.dll
0x00007ff932b60000 - 0x00007ff932b76000 	C:\WINDOWS\system32\napinsp.dll
0x00007ff932b40000 - 0x00007ff932b5a000 	C:\WINDOWS\system32\pnrpnsp.dll
0x00007ff958020000 - 0x00007ff9580e6000 	C:\WINDOWS\SYSTEM32\DNSAPI.dll
0x00007ff959ce0000 - 0x00007ff959ce8000 	C:\WINDOWS\System32\NSI.dll
0x00007ff957fe0000 - 0x00007ff95801d000 	C:\WINDOWS\SYSTEM32\IPHLPAPI.DLL
0x00007ff93c930000 - 0x00007ff93c93e000 	C:\WINDOWS\System32\winrnr.dll
0x00007ff955080000 - 0x00007ff95509b000 	C:\WINDOWS\system32\NLAapi.dll
0x00007ff94ed20000 - 0x00007ff94ed35000 	C:\WINDOWS\system32\wshbth.dll
0x00007ff948f50000 - 0x00007ff948f5a000 	C:\Windows\System32\rasadhlp.dll
0x00007ff949890000 - 0x00007ff949909000 	C:\WINDOWS\System32\fwpuclnt.dll
0x00007ff959350000 - 0x00007ff959376000 	C:\WINDOWS\System32\bcrypt.dll
0x00007ff957e40000 - 0x00007ff957e73000 	C:\WINDOWS\system32\rsaenh.dll
0x00007ff958920000 - 0x00007ff958948000 	C:\WINDOWS\SYSTEM32\USERENV.dll
0x00007ff958450000 - 0x00007ff95845c000 	C:\WINDOWS\SYSTEM32\CRYPTBASE.dll
0x00007ff94e990000 - 0x00007ff94e9a6000 	C:\WINDOWS\SYSTEM32\dhcpcsvc6.DLL
0x00007ff94e9d0000 - 0x00007ff94e9ec000 	C:\WINDOWS\SYSTEM32\dhcpcsvc.DLL

VM Arguments:
jvm_args: -ea -Didea.test.cyclic.buffer.size=1048576 -javaagent:C:\Program Files\JetBrains\IntelliJ IDEA Community Edition 2018.3.3\lib\idea_rt.jar=52135:C:\Program Files\JetBrains\IntelliJ IDEA Community Edition 2018.3.3\bin -Dfile.encoding=UTF-8 
java_command: com.intellij.rt.execution.junit.JUnitStarter -ideVersion5 @w@Z:\idea_working_dirs_junit.tmp @Z:\idea_junit.tmp -socket52134
java_class_path (initial): C:\Program Files\JetBrains\IntelliJ IDEA Community Edition 2018.3.3\lib\idea_rt.jar;C:\Program Files\JetBrains\IntelliJ IDEA Community Edition 2018.3.3\plugins\junit\lib\junit-rt.jar;C:\Program Files\JetBrains\IntelliJ IDEA Community Edition 2018.3.3\plugins\junit\lib\junit5-rt.jar;C:\Program Files\Java\jdk1.8.0_131\jre\lib\charsets.jar;C:\Program Files\Java\jdk1.8.0_131\jre\lib\deploy.jar;C:\Program Files\Java\jdk1.8.0_131\jre\lib\ext\access-bridge-64.jar;C:\Program Files\Java\jdk1.8.0_131\jre\lib\ext\cldrdata.jar;C:\Program Files\Java\jdk1.8.0_131\jre\lib\ext\dnsns.jar;C:\Program Files\Java\jdk1.8.0_131\jre\lib\ext\jaccess.jar;C:\Program Files\Java\jdk1.8.0_131\jre\lib\ext\jfxrt.jar;C:\Program Files\Java\jdk1.8.0_131\jre\lib\ext\localedata.jar;C:\Program Files\Java\jdk1.8.0_131\jre\lib\ext\nashorn.jar;C:\Program Files\Java\jdk1.8.0_131\jre\lib\ext\sunec.jar;C:\Program Files\Java\jdk1.8.0_131\jre\lib\ext\sunjce_provider.jar;C:\Program Files\Java\jdk1.8.0_131\jre\lib\ext\sunmscapi.jar;C:\Program Files\Java\jdk1.8.0_131\jre\lib\ext\sunpkcs11.jar;C:\Program Files\Java\jdk1.8.0_131\jre\lib\ext\zipfs.jar;C:\Program Files\Java\jdk1.8.0_131\jre\lib\javaws.jar;C:\Program Files\Java\jdk1.8.0_131\jre\lib\jce.jar;C:\Program Files\Java\jdk1.8.0_131\jre\lib\jfr.jar;C:\Program Files\Java\jdk1.8.0_131\jre\lib\jfxswt.jar;C:\Program Files\Java\jdk1.8.0_131\jre\lib\jsse.jar;C:\Program Files\Java\jdk1.8.0_131\jre\lib\management-agent.jar;C:\Program Files\Java\jdk1.8.0_131\jre\lib\plugin.jar;C:\Program Files\Java\jdk1.8.0_131\jre\lib\resources.jar;C:\Program Files\Java\jdk1.8.0_131\jre\lib\rt.jar;C:\Users\Asus\Downloads\team05-master\backend\target\test-classes;C:\Users\Asus\Downloads\team05-master\backend\target\classes;C:\Users\Asus\.m2\repository\org\springframework\boot\spring-boot-starter-actuator\2.0.7.RELEASE\spring-boot-starter-actuator-2.0.7.RELEASE.jar;C:\Users\Asus\.m2\repository\org\springframework\boot\spring-boot-starter\2.0.7.RELEASE\spring-
Launcher Type: SUN_STANDARD

Environment Variables:
JAVA_HOME=C:\Program Files\Java\jdk1.8.0_131
PATH=C:\Program Files\Java\jdk1.8.0_131\bin;C:\ProgramData\Oracle\Java\javapath;C:\Windows\system32;C:\Windows;C:\Windows\System32\Wbem;C:\Windows\System32\WindowsPowerShell\v1.0\;C:\Windows\System32\OpenSSH\;C:\Program Files (x86)\NVIDIA Corporation\PhysX\Common;C:\Program Files\nodejs\;;C:\WINDOWS\system32;C:\WINDOWS;C:\WINDOWS\System32\Wbem;C:\WINDOWS\System32\WindowsPowerShell\v1.0\;C:\WINDOWS\System32\OpenSSH\;C:\Program Files\Java\jdk1.8.0_131\bin;C:\Users\Asus\AppData\Local\Programs\Microsoft VS Code\bin
USERNAME=Asus
OS=Windows_NT
PROCESSOR_IDENTIFIER=Intel64 Family 6 Model 158 Stepping 10, GenuineIntel



---------------  S Y S T E M  ---------------

OS: Windows 10.0 , 64 bit Build 17763 (10.0.17763.292)

CPU:total 12 (initial active 12) (6 cores per cpu, 2 threads per core) family 6 model 158 stepping 10, cmov, cx8, fxsr, mmx, sse, sse2, sse3, ssse3, sse4.1, sse4.2, popcnt, avx, avx2, aes, clmul, erms, 3dnowpref, lzcnt, ht, tsc, tscinvbit, bmi1, bmi2, adx

Memory: 4k page, physical 8239356k(2678644k free), swap 8239356k(5784k free)

vm_info: Java HotSpot(TM) 64-Bit Server VM (25.131-b11) for windows-amd64 JRE (1.8.0_131-b11), built on Mar 15 2017 01:23:53 by "java_re" with MS VC++ 10.0 (VS2010)

time: Sat Mar 02 23:10:04 2019
elapsed time: 3 seconds (0d 0h 0m 3s)

