#
# There is insufficient memory for the Java Runtime Environment to continue.
# Native memory allocation (malloc) failed to allocate 463808 bytes for Chunk::new
# Possible reasons:
#   The system is out of physical RAM or swap space
#   In 32 bit mode, the process size limit was hit
# Possible solutions:
#   Reduce memory load on the system
#   Increase physical memory or swap space
#   Check if swap backing store is full
#   Use 64 bit Java on a 64 bit OS
#   Decrease Java heap size (-Xmx/-Xms)
#   Decrease number of Java threads
#   Decrease Java thread stack sizes (-Xss)
#   Set larger code cache with -XX:ReservedCodeCacheSize=
# This output file may be truncated or incomplete.
#
#  Out of Memory Error (allocation.cpp:390), pid=6192, tid=0x0000000000002280
#
# JRE version: Java(TM) SE Runtime Environment (8.0_131-b11) (build 1.8.0_131-b11)
# Java VM: Java HotSpot(TM) 64-Bit Server VM (25.131-b11 mixed mode windows-amd64 compressed oops)
# Failed to write core dump. Minidumps are not enabled by default on client versions of Windows
#

---------------  T H R E A D  ---------------

Current thread (0x0000000019ec1000):  JavaThread "C2 CompilerThread2" daemon [_thread_in_native, id=8832, stack(0x000000001b790000,0x000000001b890000)]

Stack: [0x000000001b790000,0x000000001b890000]
[error occurred during error reporting (printing stack bounds), id 0xc0000005]

Native frames: (J=compiled Java code, j=interpreted, Vv=VM code, C=native code)


Current CompileTask:
C2:   2032 2596   !   4       java.net.URLClassLoader$1::run (63 bytes)


---------------  P R O C E S S  ---------------

Java Threads: ( => current thread )
  0x0000000019f67800 JavaThread "Service Thread" daemon [_thread_blocked, id=4484, stack(0x000000001b990000,0x000000001ba90000)]
  0x0000000019ec2000 JavaThread "C1 CompilerThread3" daemon [_thread_blocked, id=7268, stack(0x000000001b890000,0x000000001b990000)]
=>0x0000000019ec1000 JavaThread "C2 CompilerThread2" daemon [_thread_in_native, id=8832, stack(0x000000001b790000,0x000000001b890000)]
  0x0000000019ebb000 JavaThread "C2 CompilerThread1" daemon [_thread_in_native, id=11424, stack(0x000000001b690000,0x000000001b790000)]
  0x0000000019eba000 JavaThread "C2 CompilerThread0" daemon [_thread_in_native, id=4676, stack(0x000000001b590000,0x000000001b690000)]
  0x0000000019eb6800 JavaThread "Monitor Ctrl-Break" daemon [_thread_in_native, id=3460, stack(0x000000001b490000,0x000000001b590000)]
  0x0000000019e43000 JavaThread "Attach Listener" daemon [_thread_blocked, id=6884, stack(0x000000001b390000,0x000000001b490000)]
  0x0000000019e42000 JavaThread "Signal Dispatcher" daemon [_thread_blocked, id=2908, stack(0x000000001b290000,0x000000001b390000)]
  0x0000000019e33000 JavaThread "Finalizer" daemon [_thread_blocked, id=11180, stack(0x000000001b090000,0x000000001b190000)]
  0x000000001875c800 JavaThread "Reference Handler" daemon [_thread_blocked, id=9444, stack(0x000000001af90000,0x000000001b090000)]
  0x0000000000ffd800 JavaThread "main" [_thread_in_native, id=4796, stack(0x0000000003260000,0x0000000003360000)]

Other Threads:
  0x000000000354c800 VMThread [stack: 0x000000001ae90000,0x000000001af90000] [id=2480]
  0x0000000019f90800 WatcherThread [stack: 0x000000001ba90000,0x000000001bb90000] [id=4320]

VM state:not at safepoint (normal execution)

VM Mutex/Monitor currently owned by a thread: None

Heap:
 PSYoungGen      total 136192K, used 14762K [0x00000000d6180000, 0x00000000e4700000, 0x0000000100000000)
  eden space 131072K, 7% used [0x00000000d6180000,0x00000000d6aefa30,0x00000000de180000)
  from space 5120K, 99% used [0x00000000de180000,0x00000000de67b0c0,0x00000000de680000)
  to   space 11264K, 0% used [0x00000000e3c00000,0x00000000e3c00000,0x00000000e4700000)
 ParOldGen       total 56832K, used 11998K [0x0000000082400000, 0x0000000085b80000, 0x00000000d6180000)
  object space 56832K, 21% used [0x0000000082400000,0x0000000082fb7930,0x0000000085b80000)
 Metaspace       used 28091K, capacity 29358K, committed 29568K, reserved 1075200K
  class space    used 3641K, capacity 3888K, committed 3968K, reserved 1048576K

Card table byte_map: [0x0000000012a10000,0x0000000012e00000] byte_map_base: 0x00000000125fe000

Marking Bits: (ParMarkBitMap*) 0x0000000065c7c720
 Begin Bits: [0x0000000013aa0000, 0x0000000015a10000)
 End Bits:   [0x0000000015a10000, 0x0000000017980000)

Polling page: 0x00000000013f0000

CodeCache: size=245760Kb used=10033Kb max_used=10033Kb free=235726Kb
 bounds [0x0000000003650000, 0x0000000004030000, 0x0000000012650000]
 total_blobs=3233 nmethods=2831 adapters=314
 compilation: enabled

Compilation events (10 events):
Event: 1.983 Thread 0x0000000019ec2000 2839       3       sun.misc.FDBigInteger::trimLeadingZeros (57 bytes)
Event: 1.983 Thread 0x0000000019ec2000 nmethod 2839 0x000000000401ea90 code [0x000000000401ec00, 0x000000000401ef30]
Event: 1.991 Thread 0x0000000019ec2000 2841       3       java.lang.Integer::reverseBytes (26 bytes)
Event: 1.991 Thread 0x0000000019ec2000 nmethod 2841 0x000000000401f410 code [0x000000000401f560, 0x000000000401f6b0]
Event: 1.991 Thread 0x0000000019ec2000 2842       3       java.util.Properties::getProperty (46 bytes)
Event: 1.991 Thread 0x0000000019ec2000 nmethod 2842 0x000000000401f710 code [0x000000000401f8a0, 0x000000000401fdb8]
Event: 1.992 Thread 0x0000000019ec2000 2844       3       sun.security.provider.SHA::implCompress (491 bytes)
Event: 1.992 Thread 0x0000000019ec2000 nmethod 2844 0x000000000401fed0 code [0x00000000040200c0, 0x00000000040209a8]
Event: 1.992 Thread 0x0000000019ec2000 2845       1       java.lang.StringCoding$StringEncoder::requestedCharsetName (5 bytes)
Event: 1.992 Thread 0x0000000019ec2000 nmethod 2845 0x0000000004021210 code [0x0000000004021360, 0x0000000004021470]

GC Heap History (10 events):
Event: 0.751 GC heap before
{Heap before GC invocations=2 (full 0):
 PSYoungGen      total 37888K, used 36797K [0x00000000d6180000, 0x00000000dab80000, 0x0000000100000000)
  eden space 32768K, 100% used [0x00000000d6180000,0x00000000d8180000,0x00000000d8180000)
  from space 5120K, 78% used [0x00000000d8180000,0x00000000d856f6d8,0x00000000d8680000)
  to   space 5120K, 0% used [0x00000000da680000,0x00000000da680000,0x00000000dab80000)
 ParOldGen       total 86016K, used 16K [0x0000000082400000, 0x0000000087800000, 0x00000000d6180000)
  object space 86016K, 0% used [0x0000000082400000,0x0000000082404000,0x0000000087800000)
 Metaspace       used 11136K, capacity 11420K, committed 11776K, reserved 1058816K
  class space    used 1362K, capacity 1426K, committed 1536K, reserved 1048576K
Event: 0.755 GC heap after
Heap after GC invocations=2 (full 0):
 PSYoungGen      total 70656K, used 4467K [0x00000000d6180000, 0x00000000dab80000, 0x0000000100000000)
  eden space 65536K, 0% used [0x00000000d6180000,0x00000000d6180000,0x00000000da180000)
  from space 5120K, 87% used [0x00000000da680000,0x00000000daadce20,0x00000000dab80000)
  to   space 5120K, 0% used [0x00000000da180000,0x00000000da180000,0x00000000da680000)
 ParOldGen       total 86016K, used 24K [0x0000000082400000, 0x0000000087800000, 0x00000000d6180000)
  object space 86016K, 0% used [0x0000000082400000,0x0000000082406000,0x0000000087800000)
 Metaspace       used 11136K, capacity 11420K, committed 11776K, reserved 1058816K
  class space    used 1362K, capacity 1426K, committed 1536K, reserved 1048576K
}
Event: 1.097 GC heap before
{Heap before GC invocations=3 (full 0):
 PSYoungGen      total 70656K, used 70003K [0x00000000d6180000, 0x00000000dab80000, 0x0000000100000000)
  eden space 65536K, 100% used [0x00000000d6180000,0x00000000da180000,0x00000000da180000)
  from space 5120K, 87% used [0x00000000da680000,0x00000000daadce20,0x00000000dab80000)
  to   space 5120K, 0% used [0x00000000da180000,0x00000000da180000,0x00000000da680000)
 ParOldGen       total 86016K, used 24K [0x0000000082400000, 0x0000000087800000, 0x00000000d6180000)
  object space 86016K, 0% used [0x0000000082400000,0x0000000082406000,0x0000000087800000)
 Metaspace       used 16861K, capacity 17352K, committed 17536K, reserved 1064960K
  class space    used 2220K, capacity 2369K, committed 2432K, reserved 1048576K
Event: 1.103 GC heap after
Heap after GC invocations=3 (full 0):
 PSYoungGen      total 70656K, used 5102K [0x00000000d6180000, 0x00000000deb80000, 0x0000000100000000)
  eden space 65536K, 0% used [0x00000000d6180000,0x00000000d6180000,0x00000000da180000)
  from space 5120K, 99% used [0x00000000da180000,0x00000000da67bbc0,0x00000000da680000)
  to   space 5120K, 0% used [0x00000000de680000,0x00000000de680000,0x00000000deb80000)
 ParOldGen       total 86016K, used 2644K [0x0000000082400000, 0x0000000087800000, 0x00000000d6180000)
  object space 86016K, 3% used [0x0000000082400000,0x0000000082695248,0x0000000087800000)
 Metaspace       used 16861K, capacity 17352K, committed 17536K, reserved 1064960K
  class space    used 2220K, capacity 2369K, committed 2432K, reserved 1048576K
}
Event: 1.281 GC heap before
{Heap before GC invocations=4 (full 0):
 PSYoungGen      total 70656K, used 44991K [0x00000000d6180000, 0x00000000deb80000, 0x0000000100000000)
  eden space 65536K, 60% used [0x00000000d6180000,0x00000000d8874378,0x00000000da180000)
  from space 5120K, 99% used [0x00000000da180000,0x00000000da67bbc0,0x00000000da680000)
  to   space 5120K, 0% used [0x00000000de680000,0x00000000de680000,0x00000000deb80000)
 ParOldGen       total 86016K, used 2644K [0x0000000082400000, 0x0000000087800000, 0x00000000d6180000)
  object space 86016K, 3% used [0x0000000082400000,0x0000000082695248,0x0000000087800000)
 Metaspace       used 20537K, capacity 21212K, committed 21248K, reserved 1067008K
  class space    used 2631K, capacity 2807K, committed 2816K, reserved 1048576K
Event: 1.288 GC heap after
Heap after GC invocations=4 (full 0):
 PSYoungGen      total 136192K, used 5088K [0x00000000d6180000, 0x00000000deb80000, 0x0000000100000000)
  eden space 131072K, 0% used [0x00000000d6180000,0x00000000d6180000,0x00000000de180000)
  from space 5120K, 99% used [0x00000000de680000,0x00000000deb78020,0x00000000deb80000)
  to   space 5120K, 0% used [0x00000000de180000,0x00000000de180000,0x00000000de680000)
 ParOldGen       total 86016K, used 5890K [0x0000000082400000, 0x0000000087800000, 0x00000000d6180000)
  object space 86016K, 6% used [0x0000000082400000,0x00000000829c0ab8,0x0000000087800000)
 Metaspace       used 20537K, capacity 21212K, committed 21248K, reserved 1067008K
  class space    used 2631K, capacity 2807K, committed 2816K, reserved 1048576K
}
Event: 1.288 GC heap before
{Heap before GC invocations=5 (full 1):
 PSYoungGen      total 136192K, used 5088K [0x00000000d6180000, 0x00000000deb80000, 0x0000000100000000)
  eden space 131072K, 0% used [0x00000000d6180000,0x00000000d6180000,0x00000000de180000)
  from space 5120K, 99% used [0x00000000de680000,0x00000000deb78020,0x00000000deb80000)
  to   space 5120K, 0% used [0x00000000de180000,0x00000000de180000,0x00000000de680000)
 ParOldGen       total 86016K, used 5890K [0x0000000082400000, 0x0000000087800000, 0x00000000d6180000)
  object space 86016K, 6% used [0x0000000082400000,0x00000000829c0ab8,0x0000000087800000)
 Metaspace       used 20537K, capacity 21212K, committed 21248K, reserved 1067008K
  class space    used 2631K, capacity 2807K, committed 2816K, reserved 1048576K
Event: 1.308 GC heap after
Heap after GC invocations=5 (full 1):
 PSYoungGen      total 136192K, used 0K [0x00000000d6180000, 0x00000000deb80000, 0x0000000100000000)
  eden space 131072K, 0% used [0x00000000d6180000,0x00000000d6180000,0x00000000de180000)
  from space 5120K, 0% used [0x00000000de680000,0x00000000de680000,0x00000000deb80000)
  to   space 5120K, 0% used [0x00000000de180000,0x00000000de180000,0x00000000de680000)
 ParOldGen       total 56832K, used 8203K [0x0000000082400000, 0x0000000085b80000, 0x00000000d6180000)
  object space 56832K, 14% used [0x0000000082400000,0x0000000082c02d50,0x0000000085b80000)
 Metaspace       used 20537K, capacity 21212K, committed 21248K, reserved 1067008K
  class space    used 2631K, capacity 2807K, committed 2816K, reserved 1048576K
}
Event: 1.921 GC heap before
{Heap before GC invocations=6 (full 1):
 PSYoungGen      total 136192K, used 131072K [0x00000000d6180000, 0x00000000deb80000, 0x0000000100000000)
  eden space 131072K, 100% used [0x00000000d6180000,0x00000000de180000,0x00000000de180000)
  from space 5120K, 0% used [0x00000000de680000,0x00000000de680000,0x00000000deb80000)
  to   space 5120K, 0% used [0x00000000de180000,0x00000000de180000,0x00000000de680000)
 ParOldGen       total 56832K, used 8203K [0x0000000082400000, 0x0000000085b80000, 0x00000000d6180000)
  object space 56832K, 14% used [0x0000000082400000,0x0000000082c02d50,0x0000000085b80000)
 Metaspace       used 27620K, capacity 28830K, committed 28928K, reserved 1075200K
  class space    used 3571K, capacity 3808K, committed 3840K, reserved 1048576K
Event: 1.929 GC heap after
Heap after GC invocations=6 (full 1):
 PSYoungGen      total 136192K, used 5100K [0x00000000d6180000, 0x00000000e4700000, 0x0000000100000000)
  eden space 131072K, 0% used [0x00000000d6180000,0x00000000d6180000,0x00000000de180000)
  from space 5120K, 99% used [0x00000000de180000,0x00000000de67b0c0,0x00000000de680000)
  to   space 11264K, 0% used [0x00000000e3c00000,0x00000000e3c00000,0x00000000e4700000)
 ParOldGen       total 56832K, used 11998K [0x0000000082400000, 0x0000000085b80000, 0x00000000d6180000)
  object space 56832K, 21% used [0x0000000082400000,0x0000000082fb7930,0x0000000085b80000)
 Metaspace       used 27620K, capacity 28830K, committed 28928K, reserved 1075200K
  class space    used 3571K, capacity 3808K, committed 3840K, reserved 1048576K
}

Deoptimization events (10 events):
Event: 1.764 Thread 0x0000000000ffd800 Uncommon trap: reason=array_check action=maybe_recompile pc=0x0000000003f32940 method=java.util.AbstractCollection.toArray([Ljava/lang/Object;)[Ljava/lang/Object; @ 119
Event: 1.768 Thread 0x0000000000ffd800 Uncommon trap: reason=array_check action=maybe_recompile pc=0x0000000003f32940 method=java.util.AbstractCollection.toArray([Ljava/lang/Object;)[Ljava/lang/Object; @ 119
Event: 1.771 Thread 0x0000000000ffd800 Uncommon trap: reason=array_check action=maybe_recompile pc=0x0000000003f32940 method=java.util.AbstractCollection.toArray([Ljava/lang/Object;)[Ljava/lang/Object; @ 119
Event: 1.790 Thread 0x0000000000ffd800 Uncommon trap: reason=unstable_if action=reinterpret pc=0x00000000038d3250 method=java.lang.AbstractStringBuilder.append(Ljava/lang/String;)Ljava/lang/AbstractStringBuilder; @ 1
Event: 1.790 Thread 0x0000000000ffd800 Uncommon trap: reason=unstable_if action=reinterpret pc=0x0000000003837a10 method=java.lang.AbstractStringBuilder.append(Ljava/lang/String;)Ljava/lang/AbstractStringBuilder; @ 1
Event: 1.839 Thread 0x0000000000ffd800 Uncommon trap: reason=unstable_if action=reinterpret pc=0x0000000003c3bb60 method=org.springframework.asm.MethodVisitor.visitMethodInsn(ILjava/lang/String;Ljava/lang/String;Ljava/lang/String;Z)V @ 50
Event: 1.855 Thread 0x0000000000ffd800 Uncommon trap: reason=unstable_if action=reinterpret pc=0x0000000003ecf5c4 method=java.util.LinkedList.node(I)Ljava/util/LinkedList$Node; @ 19
Event: 1.893 Thread 0x0000000000ffd800 Uncommon trap: reason=class_check action=maybe_recompile pc=0x0000000003e5e86c method=sun.reflect.generics.reflectiveObjects.TypeVariableImpl.hashCode()I @ 4
Event: 1.894 Thread 0x0000000000ffd800 Uncommon trap: reason=class_check action=maybe_recompile pc=0x0000000003e5e86c method=sun.reflect.generics.reflectiveObjects.TypeVariableImpl.hashCode()I @ 4
Event: 1.983 Thread 0x0000000000ffd800 Uncommon trap: reason=class_check action=maybe_recompile pc=0x0000000003b9cfd4 method=java.util.AbstractList$Itr.hasNext()Z @ 8

Internal exceptions (10 events):
Event: 1.961 Thread 0x0000000000ffd800 Exception <a 'java/lang/ClassNotFoundException': org/springframework/beans/factory/BeanClassLoaderAwareCustomizer> (0x00000000d6747a38) thrown at [C:\re\workspace\8-2-build-windows-amd64-cygwin\jdk8u131\8869\hotspot\src\share\vm\classfile\systemDictionary
Event: 1.961 Thread 0x0000000000ffd800 Exception <a 'java/lang/ClassNotFoundException': org/springframework/aop/framework/AopInfrastructureBeanCustomizer> (0x00000000d6766a70) thrown at [C:\re\workspace\8-2-build-windows-amd64-cygwin\jdk8u131\8869\hotspot\src\share\vm\classfile\systemDictionar
Event: 1.962 Thread 0x0000000000ffd800 Exception <a 'java/lang/ClassNotFoundException': java/lang/ObjectCustomizer> (0x00000000d677f338) thrown at [C:\re\workspace\8-2-build-windows-amd64-cygwin\jdk8u131\8869\hotspot\src\share\vm\classfile\systemDictionary.cpp, line 210]
Event: 1.963 Thread 0x0000000000ffd800 Exception <a 'java/lang/ClassNotFoundException': org/springframework/boot/autoconfigure/orm/jpa/DataSourceInitializedPublisherCustomizer> (0x00000000d67a8090) thrown at [C:\re\workspace\8-2-build-windows-amd64-cygwin\jdk8u131\8869\hotspot\src\share\vm\cla
Event: 1.963 Thread 0x0000000000ffd800 Exception <a 'java/lang/ClassNotFoundException': org/springframework/beans/factory/config/BeanPostProcessorCustomizer> (0x00000000d67ca9a0) thrown at [C:\re\workspace\8-2-build-windows-amd64-cygwin\jdk8u131\8869\hotspot\src\share\vm\classfile\systemDictio
Event: 1.971 Thread 0x0000000000ffd800 Exception <a 'java/lang/ClassNotFoundException': java/lang/ObjectCustomizer> (0x00000000d6864ea0) thrown at [C:\re\workspace\8-2-build-windows-amd64-cygwin\jdk8u131\8869\hotspot\src\share\vm\classfile\systemDictionary.cpp, line 210]
Event: 1.971 Thread 0x0000000000ffd800 Exception <a 'java/lang/ClassNotFoundException': org/springframework/boot/test/autoconfigure/jdbc/TestDatabaseAutoConfiguration$EmbeddedDataSourceFactoryBeanCustomizer> (0x00000000d68985b8) thrown at [C:\re\workspace\8-2-build-windows-amd64-cygwin\jdk8u13
Event: 1.972 Thread 0x0000000000ffd800 Exception <a 'java/lang/ClassNotFoundException': org/springframework/beans/factory/FactoryBeanCustomizer> (0x00000000d68c5340) thrown at [C:\re\workspace\8-2-build-windows-amd64-cygwin\jdk8u131\8869\hotspot\src\share\vm\classfile\systemDictionary.cpp, lin
Event: 1.973 Thread 0x0000000000ffd800 Exception <a 'java/lang/ClassNotFoundException': org/springframework/context/EnvironmentAwareCustomizer> (0x00000000d68e42a8) thrown at [C:\re\workspace\8-2-build-windows-amd64-cygwin\jdk8u131\8869\hotspot\src\share\vm\classfile\systemDictionary.cpp, line
Event: 1.973 Thread 0x0000000000ffd800 Exception <a 'java/lang/ClassNotFoundException': org/springframework/beans/factory/InitializingBeanCustomizer> (0x00000000d6902528) thrown at [C:\re\workspace\8-2-build-windows-amd64-cygwin\jdk8u131\8869\hotspot\src\share\vm\classfile\systemDictionary.cpp

Events (10 events):
Event: 1.990 loading class sun/security/provider/ByteArrayAccess
Event: 1.990 loading class sun/security/provider/ByteArrayAccess done
Event: 1.992 loading class java/net/NetworkInterface
Event: 1.993 loading class java/net/NetworkInterface done
Event: 1.993 loading class java/net/NetworkInterface$1
Event: 1.993 loading class java/net/NetworkInterface$1 done
Event: 1.993 loading class java/net/InterfaceAddress
Event: 1.993 loading class java/net/InterfaceAddress done
Event: 1.993 loading class java/net/DefaultInterface
Event: 1.993 loading class java/net/DefaultInterface done


Dynamic libraries:
0x00007ff794cb0000 - 0x00007ff794ce7000 	C:\Program Files\Java\jdk1.8.0_131\bin\java.exe
0x00007ff95c9f0000 - 0x00007ff95cbdd000 	C:\WINDOWS\SYSTEM32\ntdll.dll
0x00007ff959c20000 - 0x00007ff959cd3000 	C:\WINDOWS\System32\KERNEL32.DLL
0x00007ff959380000 - 0x00007ff959613000 	C:\WINDOWS\System32\KERNELBASE.dll
0x00007ff95c910000 - 0x00007ff95c9b3000 	C:\WINDOWS\System32\ADVAPI32.dll
0x00007ff959e20000 - 0x00007ff959ebe000 	C:\WINDOWS\System32\msvcrt.dll
0x00007ff95b130000 - 0x00007ff95b1ce000 	C:\WINDOWS\System32\sechost.dll
0x00007ff95b1e0000 - 0x00007ff95b302000 	C:\WINDOWS\System32\RPCRT4.dll
0x00007ff95a120000 - 0x00007ff95a2b7000 	C:\WINDOWS\System32\USER32.dll
0x00007ff959330000 - 0x00007ff959350000 	C:\WINDOWS\System32\win32u.dll
0x00007ff95ae70000 - 0x00007ff95ae99000 	C:\WINDOWS\System32\GDI32.dll
0x00007ff959720000 - 0x00007ff9598ba000 	C:\WINDOWS\System32\gdi32full.dll
0x00007ff958ac0000 - 0x00007ff958b60000 	C:\WINDOWS\System32\msvcp_win.dll
0x00007ff959620000 - 0x00007ff95971c000 	C:\WINDOWS\System32\ucrtbase.dll
0x00007ff946580000 - 0x00007ff9467f9000 	C:\WINDOWS\WinSxS\amd64_microsoft.windows.common-controls_6595b64144ccf1df_6.0.17763.316_none_05b53be2071f46b6\COMCTL32.dll
0x00007ff95aae0000 - 0x00007ff95ae0d000 	C:\WINDOWS\System32\combase.dll
0x00007ff959ba0000 - 0x00007ff959c1e000 	C:\WINDOWS\System32\bcryptPrimitives.dll
0x00007ff95a020000 - 0x00007ff95a04e000 	C:\WINDOWS\System32\IMM32.DLL
0x0000000065d00000 - 0x0000000065dd2000 	C:\Program Files\Java\jdk1.8.0_131\jre\bin\msvcr100.dll
0x0000000065460000 - 0x0000000065cfc000 	C:\Program Files\Java\jdk1.8.0_131\jre\bin\server\jvm.dll
0x00007ff95aa70000 - 0x00007ff95aa78000 	C:\WINDOWS\System32\PSAPI.DLL
0x00007ff9550f0000 - 0x00007ff955114000 	C:\WINDOWS\SYSTEM32\WINMM.dll
0x00007ff9551e0000 - 0x00007ff9551e9000 	C:\WINDOWS\SYSTEM32\WSOCK32.dll
0x00007ff94e950000 - 0x00007ff94e95a000 	C:\WINDOWS\SYSTEM32\VERSION.dll
0x00007ff95aa00000 - 0x00007ff95aa6d000 	C:\WINDOWS\System32\WS2_32.dll
0x00007ff9550c0000 - 0x00007ff9550ed000 	C:\WINDOWS\SYSTEM32\WINMMBASE.dll
0x00007ff959b50000 - 0x00007ff959b9a000 	C:\WINDOWS\System32\cfgmgr32.dll
0x0000000065450000 - 0x000000006545f000 	C:\Program Files\Java\jdk1.8.0_131\jre\bin\verify.dll
0x0000000065420000 - 0x0000000065449000 	C:\Program Files\Java\jdk1.8.0_131\jre\bin\java.dll
0x0000000065380000 - 0x00000000653a3000 	C:\Program Files\Java\jdk1.8.0_131\jre\bin\instrument.dll
0x0000000065400000 - 0x0000000065416000 	C:\Program Files\Java\jdk1.8.0_131\jre\bin\zip.dll
0x00007ff95b370000 - 0x00007ff95c85f000 	C:\WINDOWS\System32\SHELL32.dll
0x00007ff95a950000 - 0x00007ff95a9f8000 	C:\WINDOWS\System32\shcore.dll
0x00007ff958bc0000 - 0x00007ff95930a000 	C:\WINDOWS\System32\windows.storage.dll
0x00007ff958a70000 - 0x00007ff958a94000 	C:\WINDOWS\System32\profapi.dll
0x00007ff9589f0000 - 0x00007ff958a4d000 	C:\WINDOWS\System32\powrprof.dll
0x00007ff95a740000 - 0x00007ff95a792000 	C:\WINDOWS\System32\shlwapi.dll
0x00007ff958a50000 - 0x00007ff958a61000 	C:\WINDOWS\System32\kernel.appcore.dll
0x00007ff959310000 - 0x00007ff959327000 	C:\WINDOWS\System32\cryptsp.dll
0x00007ff951c20000 - 0x00007ff951c3a000 	C:\Program Files\JetBrains\IntelliJ IDEA Community Edition 2018.3.3\bin\breakgen64.dll
0x00000000653e0000 - 0x00000000653fa000 	C:\Program Files\Java\jdk1.8.0_131\jre\bin\net.dll
0x00007ff958280000 - 0x00007ff9582e7000 	C:\WINDOWS\system32\mswsock.dll
0x00000000653c0000 - 0x00000000653d1000 	C:\Program Files\Java\jdk1.8.0_131\jre\bin\nio.dll
0x00000000653b0000 - 0x00000000653bd000 	C:\Program Files\Java\jdk1.8.0_131\jre\bin\management.dll
0x00007ff932b60000 - 0x00007ff932b76000 	C:\WINDOWS\system32\napinsp.dll
0x00007ff932b40000 - 0x00007ff932b5a000 	C:\WINDOWS\system32\pnrpnsp.dll
0x00007ff958020000 - 0x00007ff9580e6000 	C:\WINDOWS\SYSTEM32\DNSAPI.dll
0x00007ff959ce0000 - 0x00007ff959ce8000 	C:\WINDOWS\System32\NSI.dll
0x00007ff957fe0000 - 0x00007ff95801d000 	C:\WINDOWS\SYSTEM32\IPHLPAPI.DLL
0x00007ff93c930000 - 0x00007ff93c93e000 	C:\WINDOWS\System32\winrnr.dll
0x00007ff955080000 - 0x00007ff95509b000 	C:\WINDOWS\system32\NLAapi.dll
0x00007ff94ed20000 - 0x00007ff94ed35000 	C:\WINDOWS\system32\wshbth.dll
0x00007ff948f50000 - 0x00007ff948f5a000 	C:\Windows\System32\rasadhlp.dll
0x00007ff949890000 - 0x00007ff949909000 	C:\WINDOWS\System32\fwpuclnt.dll
0x00007ff959350000 - 0x00007ff959376000 	C:\WINDOWS\System32\bcrypt.dll
0x00007ff957e40000 - 0x00007ff957e73000 	C:\WINDOWS\system32\rsaenh.dll
0x00007ff958920000 - 0x00007ff958948000 	C:\WINDOWS\SYSTEM32\USERENV.dll
0x00007ff958450000 - 0x00007ff95845c000 	C:\WINDOWS\SYSTEM32\CRYPTBASE.dll
0x00007ff94e990000 - 0x00007ff94e9a6000 	C:\WINDOWS\SYSTEM32\dhcpcsvc6.DLL
0x00007ff94e9d0000 - 0x00007ff94e9ec000 	C:\WINDOWS\SYSTEM32\dhcpcsvc.DLL

VM Arguments:
jvm_args: -ea -Didea.test.cyclic.buffer.size=1048576 -javaagent:C:\Program Files\JetBrains\IntelliJ IDEA Community Edition 2018.3.3\lib\idea_rt.jar=51907:C:\Program Files\JetBrains\IntelliJ IDEA Community Edition 2018.3.3\bin -Dfile.encoding=UTF-8 
java_command: com.intellij.rt.execution.junit.JUnitStarter -ideVersion5 -junit4 com.sut.se.g05.InformationempTest
java_class_path (initial): C:\Program Files\JetBrains\IntelliJ IDEA Community Edition 2018.3.3\lib\idea_rt.jar;C:\Program Files\JetBrains\IntelliJ IDEA Community Edition 2018.3.3\plugins\junit\lib\junit-rt.jar;C:\Program Files\JetBrains\IntelliJ IDEA Community Edition 2018.3.3\plugins\junit\lib\junit5-rt.jar;C:\Program Files\Java\jdk1.8.0_131\jre\lib\charsets.jar;C:\Program Files\Java\jdk1.8.0_131\jre\lib\deploy.jar;C:\Program Files\Java\jdk1.8.0_131\jre\lib\ext\access-bridge-64.jar;C:\Program Files\Java\jdk1.8.0_131\jre\lib\ext\cldrdata.jar;C:\Program Files\Java\jdk1.8.0_131\jre\lib\ext\dnsns.jar;C:\Program Files\Java\jdk1.8.0_131\jre\lib\ext\jaccess.jar;C:\Program Files\Java\jdk1.8.0_131\jre\lib\ext\jfxrt.jar;C:\Program Files\Java\jdk1.8.0_131\jre\lib\ext\localedata.jar;C:\Program Files\Java\jdk1.8.0_131\jre\lib\ext\nashorn.jar;C:\Program Files\Java\jdk1.8.0_131\jre\lib\ext\sunec.jar;C:\Program Files\Java\jdk1.8.0_131\jre\lib\ext\sunjce_provider.jar;C:\Program Files\Java\jdk1.8.0_131\jre\lib\ext\sunmscapi.jar;C:\Program Files\Java\jdk1.8.0_131\jre\lib\ext\sunpkcs11.jar;C:\Program Files\Java\jdk1.8.0_131\jre\lib\ext\zipfs.jar;C:\Program Files\Java\jdk1.8.0_131\jre\lib\javaws.jar;C:\Program Files\Java\jdk1.8.0_131\jre\lib\jce.jar;C:\Program Files\Java\jdk1.8.0_131\jre\lib\jfr.jar;C:\Program Files\Java\jdk1.8.0_131\jre\lib\jfxswt.jar;C:\Program Files\Java\jdk1.8.0_131\jre\lib\jsse.jar;C:\Program Files\Java\jdk1.8.0_131\jre\lib\management-agent.jar;C:\Program Files\Java\jdk1.8.0_131\jre\lib\plugin.jar;C:\Program Files\Java\jdk1.8.0_131\jre\lib\resources.jar;C:\Program Files\Java\jdk1.8.0_131\jre\lib\rt.jar;C:\Users\Asus\Downloads\team05-master\backend\target\test-classes;C:\Users\Asus\Downloads\team05-master\backend\target\classes;C:\Users\Asus\.m2\repository\org\springframework\boot\spring-boot-starter-actuator\2.0.7.RELEASE\spring-boot-starter-actuator-2.0.7.RELEASE.jar;C:\Users\Asus\.m2\repository\org\springframework\boot\spring-boot-starter\2.0.7.RELEASE\spring-
Launcher Type: SUN_STANDARD

Environment Variables:
JAVA_HOME=C:\Program Files\Java\jdk1.8.0_131
PATH=C:\Program Files\Java\jdk1.8.0_131\bin;C:\ProgramData\Oracle\Java\javapath;C:\Windows\system32;C:\Windows;C:\Windows\System32\Wbem;C:\Windows\System32\WindowsPowerShell\v1.0\;C:\Windows\System32\OpenSSH\;C:\Program Files (x86)\NVIDIA Corporation\PhysX\Common;C:\Program Files\nodejs\;;C:\WINDOWS\system32;C:\WINDOWS;C:\WINDOWS\System32\Wbem;C:\WINDOWS\System32\WindowsPowerShell\v1.0\;C:\WINDOWS\System32\OpenSSH\;C:\Program Files\Java\jdk1.8.0_131\bin;C:\Users\Asus\AppData\Local\Programs\Microsoft VS Code\bin
USERNAME=Asus
OS=Windows_NT
PROCESSOR_IDENTIFIER=Intel64 Family 6 Model 158 Stepping 10, GenuineIntel



---------------  S Y S T E M  ---------------

OS: Windows 10.0 , 64 bit Build 17763 (10.0.17763.292)

CPU:total 12 (initial active 12) (6 cores per cpu, 2 threads per core) family 6 model 158 stepping 10, cmov, cx8, fxsr, mmx, sse, sse2, sse3, ssse3, sse4.1, sse4.2, popcnt, avx, avx2, aes, clmul, erms, 3dnowpref, lzcnt, ht, tsc, tscinvbit, bmi1, bmi2, adx

Memory: 4k page, physical 8239356k(2723840k free), swap 8239356k(5320k free)

vm_info: Java HotSpot(TM) 64-Bit Server VM (25.131-b11) for windows-amd64 JRE (1.8.0_131-b11), built on Mar 15 2017 01:23:53 by "java_re" with MS VC++ 10.0 (VS2010)

time: Sat Mar 02 23:03:33 2019
elapsed time: 2 seconds (0d 0h 0m 2s)

