JvmtiExport can_access_local_variables 0
JvmtiExport can_hotswap_or_post_breakpoint 0
JvmtiExport can_post_on_exceptions 0
# 140 ciObject found
ciMethod java/lang/Object <init> ()V 4097 1 2902753 0 0
ciMethod java/lang/String <init> ([C)V 2097 1 24552 0 288
ciMethod java/lang/String length ()I 4097 1 865900 0 0
ciMethod java/lang/String getChars (II[CI)V 3105 1 5555 0 320
ciMethod java/lang/System arraycopy (Ljava/lang/Object;ILjava/lang/Object;II)V 5121 1 640 0 -1
ciMethod java/lang/Character isJavaIdentifierPart (C)Z 3377 1 675 0 -1
ciMethod java/lang/Character toUpperCase (C)C 4097 1 29316 0 0
ciMethod java/lang/Character toUpperCase (I)I 4097 1 29317 0 0
ciMethod java/lang/Character isSpaceChar (C)Z 0 0 1 0 -1
ciMethod java/lang/Math min (II)I 4097 1 141529 0 -1
ciMethod java/util/Arrays copyOf ([CI)[C 1185 1 55932 0 0
ciMethodData java/lang/Object <init> ()V 2 2902754 orig 264 88 50 234 112 0 0 0 0 128 4 36 23 0 0 0 0 32 1 0 0 0 0 0 0 0 0 0 0 0 0 0 0 0 0 0 0 0 0 0 0 0 0 0 0 0 0 0 0 0 0 0 0 0 0 0 0 0 0 0 0 0 0 0 0 0 0 0 0 0 0 0 0 0 0 0 0 0 0 0 0 77 68 79 32 101 120 116 114 97 32 100 97 116 97 32 108 111 99 107 0 0 0 0 0 0 0 0 0 0 0 0 0 0 0 0 0 0 0 0 0 0 0 0 0 0 0 0 0 0 0 0 0 0 0 0 0 0 0 0 0 0 0 0 0 0 0 0 0 0 0 0 0 0 0 0 0 0 0 0 0 0 0 0 0 0 0 0 0 0 0 0 0 0 0 0 0 0 0 0 0 0 0 0 0 1 0 0 0 0 0 0 0 1 0 0 0 0 0 0 0 1 0 0 0 0 0 0 0 0 0 0 0 0 0 0 0 0 2 0 0 17 71 98 1 1 0 0 0 0 0 0 0 0 0 0 0 2 0 0 0 0 0 3 0 1 0 0 0 0 0 0 0 255 255 255 255 0 0 0 0 0 0 0 0 data 0 oops 0
ciMethod java/lang/CharacterData toUpperCase (I)I 0 0 1 0 -1
ciMethod java/lang/CharacterData of (I)Ljava/lang/CharacterData; 262409 1 46898 0 160
ciMethod java/lang/CharacterDataLatin1 getProperties (I)I 4097 1 43910 0 0
ciMethod java/lang/CharacterDataLatin1 toUpperCase (I)I 4097 1 5638 0 160
ciMethodData java/lang/CharacterData of (I)Ljava/lang/CharacterData; 2 46898 orig 264 88 50 234 112 0 0 0 0 192 249 62 23 0 0 0 0 112 2 0 0 0 0 0 0 0 0 0 0 0 0 0 0 0 0 0 0 0 0 0 0 0 0 0 0 0 0 0 0 0 0 0 0 0 0 0 0 0 0 0 0 0 0 0 0 0 0 0 0 0 0 0 0 0 0 0 0 0 0 0 0 77 68 79 32 101 120 116 114 97 32 100 97 116 97 32 108 111 99 107 0 0 0 0 0 0 0 0 0 0 0 0 0 0 0 0 0 0 0 0 0 0 0 0 0 0 0 0 0 0 0 0 0 0 0 0 0 0 0 0 0 0 0 0 0 1 0 0 0 0 0 0 0 0 0 0 0 0 0 0 0 0 0 0 0 0 0 0 0 0 0 0 0 0 0 0 0 0 0 0 1 0 0 0 0 1 0 0 0 0 0 0 0 0 0 0 0 0 0 0 0 0 0 0 0 0 0 0 0 0 0 0 0 0 0 0 0 0 2 0 0 137 184 1 0 1 0 0 0 130 29 0 0 0 0 0 0 2 0 0 0 0 0 13 0 2 0 0 0 80 1 0 0 255 255 255 255 7 224 4 0 0 0 0 0 data 42 0x4e007 0x9 0x20 0x3709 0xf0008 0x24 0x0 0x130 0x9 0x130 0x0 0x130 0x0 0x130 0x0 0x130 0x0 0x130 0x0 0x130 0x0 0x130 0x0 0x130 0x0 0x130 0x0 0x130 0x0 0x130 0x0 0x130 0x0 0x130 0x0 0x130 0x0 0x130 0x0 0x130 0x0 0x130 oops 0
ciMethodData java/lang/CharacterDataLatin1 getProperties (I)I 2 43910 orig 264 88 50 234 112 0 0 0 0 128 0 63 23 0 0 0 0 40 1 0 0 0 0 0 0 0 0 0 0 0 0 0 0 0 0 0 0 0 0 0 0 0 0 0 0 0 0 0 0 0 0 0 0 0 0 0 0 0 0 0 0 0 0 0 0 0 0 0 0 0 0 0 0 0 0 0 0 0 0 0 0 77 68 79 32 101 120 116 114 97 32 100 97 116 97 32 108 111 99 107 0 0 0 0 0 0 0 0 0 0 0 0 0 0 0 0 0 0 0 0 0 0 0 0 0 0 0 0 0 0 0 0 0 0 0 0 0 0 0 0 0 0 0 0 0 0 0 0 0 0 0 0 0 0 0 0 0 0 0 0 0 0 0 0 0 0 0 0 0 0 0 0 0 0 0 0 0 0 0 0 0 0 0 0 0 1 0 0 0 0 0 0 0 1 0 0 0 0 0 0 0 1 0 0 0 0 0 0 0 0 0 0 0 0 0 0 0 0 2 0 0 49 76 5 0 1 0 0 0 0 0 0 0 0 0 0 0 2 0 0 0 0 0 3 0 1 0 0 0 0 0 0 0 255 255 255 255 0 0 0 0 0 0 0 0 data 0 oops 0
ciMethodData java/lang/String length ()I 2 865900 orig 264 88 50 234 112 0 0 0 0 24 60 36 23 0 0 0 0 32 1 0 0 0 0 0 0 0 0 0 0 0 0 0 0 0 0 0 0 0 0 0 0 0 0 0 0 0 0 0 0 0 0 0 0 0 0 0 0 0 0 0 0 0 0 0 0 0 0 0 0 0 0 0 0 0 0 0 0 0 0 0 0 77 68 79 32 101 120 116 114 97 32 100 97 116 97 32 108 111 99 107 0 0 0 0 0 0 0 0 0 0 0 0 0 0 0 0 0 0 0 0 0 0 0 0 0 0 0 0 0 0 0 0 0 0 0 0 0 0 0 0 0 0 0 0 0 0 0 0 0 0 0 0 0 0 0 0 0 0 0 0 0 0 0 0 0 0 0 0 0 0 0 0 0 0 0 0 0 0 0 0 0 0 0 0 0 1 0 0 0 0 0 0 0 0 0 0 0 0 0 0 0 1 0 0 0 0 0 0 0 0 0 0 0 0 0 0 0 0 2 0 0 97 163 105 0 1 0 0 0 0 0 0 0 0 0 0 0 2 0 0 0 0 0 3 0 1 0 0 0 0 0 0 0 255 255 255 255 0 0 0 0 0 0 0 0 data 0 oops 0
ciMethodData java/lang/Character toUpperCase (C)C 2 29316 orig 264 88 50 234 112 0 0 0 0 72 164 45 23 0 0 0 0 88 1 0 0 0 0 0 0 0 0 0 0 0 0 0 0 0 0 0 0 0 0 0 0 0 0 0 0 0 0 0 0 0 0 0 0 0 0 0 0 0 0 0 0 0 0 0 0 0 0 0 0 0 0 0 0 0 0 0 0 0 0 0 0 77 68 79 32 101 120 116 114 97 32 100 97 116 97 32 108 111 99 107 0 0 0 0 0 0 0 0 0 0 0 0 0 0 0 0 0 0 0 0 0 0 0 0 0 0 0 0 0 0 0 0 0 0 0 0 0 0 0 0 0 0 0 0 0 1 0 0 0 0 0 0 0 0 0 0 0 0 0 0 0 0 0 0 0 0 0 0 0 0 0 0 0 0 0 0 0 0 0 0 0 0 0 0 0 0 0 0 0 0 0 0 0 0 0 0 0 0 0 0 0 0 0 0 0 0 0 0 0 0 0 0 0 0 0 0 0 0 2 0 0 33 132 3 0 1 0 0 0 0 0 0 0 0 0 0 0 2 0 0 0 0 0 3 0 2 0 0 0 16 0 0 0 255 255 255 255 2 0 1 0 0 0 0 0 data 2 0x10002 0x7084 oops 0
ciMethodData java/lang/Character toUpperCase (I)I 2 29317 orig 264 88 50 234 112 0 0 0 0 224 164 45 23 0 0 0 0 136 1 0 0 0 0 0 0 0 0 0 0 0 0 0 0 0 0 0 0 0 0 0 0 0 0 0 0 0 0 0 0 0 0 0 0 0 0 0 0 0 0 0 0 0 0 0 0 0 0 0 0 0 0 0 0 0 0 0 0 0 0 0 0 77 68 79 32 101 120 116 114 97 32 100 97 116 97 32 108 111 99 107 0 0 0 0 0 0 0 0 0 0 0 0 0 0 0 0 0 0 0 0 0 0 0 0 0 0 0 0 0 0 0 0 0 0 0 0 0 0 0 0 0 0 0 0 0 0 0 0 0 0 0 0 0 0 0 0 0 0 0 0 0 0 0 0 0 0 0 0 0 0 0 0 0 0 0 0 0 0 0 0 0 0 0 0 0 0 0 0 0 0 0 0 0 0 0 0 0 0 0 0 0 0 0 0 0 0 0 0 0 0 0 0 0 0 0 0 0 0 2 0 0 41 132 3 0 1 0 0 0 0 0 0 0 0 0 0 0 2 0 0 0 0 0 3 0 2 0 0 0 64 0 0 0 255 255 255 255 2 0 1 0 0 0 0 0 data 8 0x10002 0x7085 0x50005 0x0 0x1f966e40 0x7085 0x0 0x0 oops 1 4 java/lang/CharacterDataLatin1
ciMethodData java/lang/CharacterDataLatin1 toUpperCase (I)I 2 5638 orig 264 88 50 234 112 0 0 0 0 32 9 63 23 0 0 0 0 248 1 0 0 112 0 0 0 0 0 0 0 0 0 0 0 0 0 0 0 0 0 0 0 0 0 0 0 0 0 0 0 0 0 0 0 0 0 0 0 0 0 0 0 0 0 0 0 0 0 0 0 0 0 0 0 0 0 0 0 0 0 0 0 77 68 79 32 101 120 116 114 97 32 100 97 116 97 32 108 111 99 107 0 0 0 0 0 0 0 0 0 0 0 0 0 0 0 0 0 0 0 0 0 0 0 0 0 0 0 0 0 0 0 0 0 0 0 0 0 0 0 0 0 0 0 0 0 0 0 0 0 0 0 0 0 0 0 0 0 0 0 0 0 0 0 0 0 0 0 0 0 0 0 0 0 0 0 0 0 0 0 0 0 0 0 0 0 0 0 0 0 0 0 0 0 0 0 0 0 0 0 0 0 0 0 0 0 0 0 0 0 0 0 0 0 0 0 0 0 0 2 0 0 49 160 0 0 1 0 0 0 0 0 0 0 0 0 0 0 2 0 0 0 0 0 10 0 2 0 0 0 168 0 0 0 255 255 255 255 5 0 4 0 0 0 0 0 data 21 0x40005 0x0 0x1f966e40 0x1406 0x0 0x0 0xc0007 0xf0 0x78 0x1316 0x150007 0x0 0x38 0x1316 0x250003 0x1316 0x38 0x2c0007 0x0 0x20 0x0 oops 1 2 java/lang/CharacterDataLatin1
ciMethodData java/util/Arrays copyOf ([CI)[C 2 55932 orig 264 88 50 234 112 0 0 0 0 16 4 54 23 0 0 0 0 112 1 0 0 0 0 0 0 0 0 0 0 0 0 0 0 0 0 0 0 0 0 0 0 0 0 0 0 0 0 0 0 0 0 0 0 0 0 0 0 0 0 0 0 0 0 0 0 0 0 0 0 0 0 0 0 0 0 0 0 0 0 0 0 77 68 79 32 101 120 116 114 97 32 100 97 116 97 32 108 111 99 107 0 0 0 0 0 0 0 0 0 0 0 0 0 0 0 0 0 0 0 0 0 0 0 0 0 0 0 0 0 0 0 0 0 0 0 0 0 0 0 0 0 0 0 0 0 0 0 0 0 0 0 0 0 0 0 0 0 0 0 0 0 0 0 0 0 0 0 0 0 0 0 0 0 0 0 0 0 0 0 0 0 0 0 0 0 0 0 0 0 0 0 0 0 0 0 0 0 0 0 0 0 0 0 0 0 0 0 0 0 0 0 0 0 0 0 0 0 148 0 0 0 65 207 6 0 1 0 0 0 0 0 0 0 0 0 0 0 2 0 0 0 0 0 7 0 2 0 0 0 32 0 0 0 255 255 255 255 2 0 11 0 0 0 0 0 data 4 0xb0002 0xd9e8 0xe0002 0xd9e8 oops 0
ciMethodData java/lang/String getChars (II[CI)V 2 5555 orig 264 88 50 234 112 0 0 0 0 192 65 36 23 0 0 0 0 8 2 0 0 128 0 0 0 0 0 0 0 0 0 0 0 0 0 0 0 0 0 0 0 0 0 0 0 0 0 0 0 0 0 0 0 0 0 0 0 0 0 0 0 0 0 0 0 0 0 0 0 0 0 0 0 0 0 0 0 0 0 0 0 77 68 79 32 101 120 116 114 97 32 100 97 116 97 32 108 111 99 107 0 0 0 0 0 0 0 0 0 0 0 0 0 0 0 0 0 0 0 0 0 0 0 0 0 0 0 0 0 0 0 0 0 0 0 0 0 0 0 0 0 0 0 0 0 0 0 0 0 0 0 0 0 0 0 0 0 0 0 0 0 0 0 0 0 0 0 0 0 0 0 0 0 0 0 0 0 0 0 0 0 0 0 0 0 25 0 0 0 0 0 0 0 0 0 0 0 0 0 0 0 1 0 0 0 0 0 0 0 0 0 0 0 0 0 0 0 132 1 0 0 121 161 0 0 1 0 0 0 0 0 0 0 0 0 0 0 2 0 0 0 0 0 9 0 2 0 0 0 160 0 0 0 255 255 255 255 7 0 1 0 0 0 0 0 data 20 0x10007 0x142f 0x30 0x0 0x90002 0x0 0x130007 0x142f 0x30 0x0 0x1b0002 0x0 0x210007 0x142f 0x30 0x0 0x2b0002 0x0 0x3a0002 0x142f oops 0
ciMethodData java/lang/String <init> ([C)V 2 24553 orig 264 88 50 234 112 0 0 0 0 104 48 36 23 0 0 0 0 112 1 0 0 0 0 0 0 0 0 0 0 0 0 0 0 0 0 0 0 0 0 0 0 0 0 0 0 0 0 0 0 0 0 0 0 0 0 0 0 0 0 0 0 0 0 0 0 0 0 0 0 0 0 0 0 0 0 0 0 0 0 0 0 77 68 79 32 101 120 116 114 97 32 100 97 116 97 32 108 111 99 107 0 0 0 0 0 0 0 0 0 0 0 0 0 0 0 0 0 0 0 0 0 0 0 0 0 0 0 0 0 0 0 0 0 0 0 0 0 0 0 0 0 0 0 0 0 0 0 0 0 0 0 0 0 0 0 0 0 0 0 0 0 0 0 0 0 0 0 0 0 0 0 0 0 0 0 0 0 0 0 0 0 0 0 0 0 0 0 0 0 0 0 0 0 0 0 0 0 0 0 0 0 0 0 0 0 0 0 0 0 0 0 0 0 0 0 0 0 6 1 0 0 25 247 2 0 1 0 0 0 0 0 0 0 0 0 0 0 2 0 0 0 0 0 7 0 2 0 0 0 32 0 0 0 255 255 255 255 2 0 1 0 0 0 0 0 data 4 0x10002 0x5ee3 0x80002 0x5ee3 oops 0
ciMethod org/h2/engine/Database getMode ()Lorg/h2/engine/Mode; 2449 1 306 0 0
ciMethod org/h2/command/Parser getSyntaxError ()Lorg/h2/message/DbException; 0 0 1 0 -1
ciMethod org/h2/command/Parser initialize (Ljava/lang/String;)V 1025 61145 525 0 -1
ciMethod org/h2/command/Parser checkRunOver (III)V 0 0 3395 0 0
ciMethodData org/h2/command/Parser initialize (Ljava/lang/String;)V 2 98197 orig 264 88 50 234 112 0 0 0 0 240 101 156 37 0 0 0 0 240 16 0 0 48 15 0 0 0 0 0 0 0 0 0 0 0 0 0 0 0 0 0 0 0 0 0 0 0 0 0 0 0 0 0 0 0 0 0 0 0 0 0 0 0 0 0 0 0 0 0 0 0 0 0 0 0 0 0 0 0 0 0 0 77 68 79 32 101 120 116 114 97 32 100 97 116 97 32 108 111 99 107 0 0 0 0 0 0 0 0 0 0 0 0 0 0 0 0 0 0 0 0 0 0 0 0 0 0 0 0 0 0 0 0 0 0 0 0 0 0 0 0 0 0 0 0 0 0 0 0 0 0 0 0 0 0 0 0 0 0 0 0 0 0 0 0 0 0 0 0 0 0 0 0 0 0 0 0 0 0 0 0 0 0 0 0 0 0 0 0 0 0 0 0 0 0 0 0 0 0 0 0 0 0 0 0 0 0 0 0 0 0 0 0 0 0 0 0 0 219 29 0 0 105 12 0 0 209 13 11 0 0 0 0 0 0 0 0 0 2 0 0 0 9 0 157 0 2 0 0 0 120 15 0 0 255 255 255 255 7 0 1 0 0 0 0 0 data 495 0x10007 0x18d 0x20 0x0 0x130005 0x5 0x1931b3e0 0x188 0x0 0x0 0x2a0005 0x5 0x1931b3e0 0x188 0x0 0x0 0x410007 0x18c 0xec8 0x154e2 0x4f0008 0xbe 0xfc 0xc68 0x0 0x9d8 0x0 0xb88 0x0 0xbe8 0x0 0x860 0x0 0x9c0 0x0 0x9d8 0x0 0xa08 0x19 0x9c0 0x19 0x9c0 0x0 0x9c0 0x0 0x9c0 0x25 0x9c0 0x0 0x788 0x14 0x9f0 0x0 0x600 0x2 0xc68 0x1 0xc68 0x4 0xc68 0x1 0xc68 0x1 0xc68 0x7 0xc68 0x1 0xc68 0x1 0xc68 0x1 0xc68 0x1 0xc68 0x0 0x9d8 0x0 0x9c0 0x0 0x9d8 0x3 0x9d8 0x0 0x9d8 0x8 0x9c0 0x0 0x9c0 0x5e 0xc68 0xe 0xc68 0x40 0xc68 0x14 0xc68 0x4e 0xc68 0x6 0xc68 0xa 0xc68 0x12 0xc68 0x1e 0xc68 0x0 0xc68 0x5 0xc68 0x2c 0xc68 0x24 0xc68 0x2d 0xc68 0x22 0xc68 0x11 0xc68 0x2 0xc68 0x22 0xc68 0x37 0xc68 0x33 0xc68 0x16 0xc68 0x2 0xc68 0x1 0xc68 0x4 0xc68 0xe 0xc68 0x2 0xc68 0x0 0xa50 0x0 0xc68 0x0 0x9c0 0x0 0xc68 0x3f 0xbd0 0x0 0xb18 0x20 0xc68 0xe 0xc68 0x14 0xc68 0xf 0xc68 0x2e 0xc68 0x1 0xc68 0xe 0xc68 0x4 0xc68 0x3b 0xc68 0x0 0xc68 0xb 0xc68 0x17 0xc68 0xa 0xc68 0x2c 0xc68 0x17 0xc68 0x1a 0xc68 0x0 0xc68 0x22 0xc68 0xf 0xc68 0x23 0xc68 0x7 0xc68 0xd 0xc68 0x0 0xc68 0x0 0xc68 0xb 0xc68 0x0 0xc68 0x0 0x9c0 0x0 0x9d8 0x0 0x9c0 0x0 0x9d8 0x1dc0007 0x0 0xb0 0x6c 0x1fd0002 0x6c 0x2060007 0xcd7 0x40 0x6c 0x2110007 0x6c 0x48 0x0 0x2230002 0xcd7 0x2260003 0xcd7 0xffffffffffffffb0 0x23a0003 0x6c 0x7f8 0x2450007 0x0 0xc0 0x0 0x2590007 0x0 0x7c0 0x0 0x2600007 0x0 0x7a0 0x0 0x2680007 0x0 0x38 0x0 0x26b0003 0x0 0x760 0x27d0002 0x0 0x2800003 0x0 0xffffffffffffff78 0x2860003 0x0 0x720 0x2910007 0x0 0xc0 0x0 0x2a50007 0x0 0x6e8 0x0 0x2ac0007 0x0 0x6c8 0x0 0x2b40007 0x0 0x38 0x0 0x2b70003 0x0 0x688 0x2c90002 0x0 0x2cc0003 0x0 0xffffffffffffff78 0x2d20003 0x0 0x648 0x2dd0007 0x0 0xf0 0x0 0x2e20007 0x0 0x40 0x0 0x2ed0007 0x0 0xb0 0x0 0x30e0002 0x0 0x3170007 0x0 0x40 0x0 0x3220007 0x0 0x48 0x0 0x3350002 0x0 0x3380003 0x0 0xffffffffffffffb0 0x34c0003 0x0 0x558 0x3520007 0x0 0x40 0x0 0x3580007 0x0 0x38 0x0 0x35e0003 0x0 0x500 0x3640003 0x0 0x4e8 0x36a0003 0xdbb 0x4d0 0x3710003 0x10e 0x4b8 0x3780003 0x3c9 0x4a0 0x3920007 0x0 0x488 0x0 0x39b0002 0x0 0x39e0003 0x0 0xffffffffffffffd0 0x3a50005 0x0 0x0 0x0 0x0 0x0 0x3ab0007 0x0 0x80 0x0 0x3cd0007 0x0 0x48 0x0 0x3d60002 0x0 0x3d90003 0x0 0xffffffffffffffd0 0x3e20003 0x0 0x3a8 0x3e80003 0x0 0x390 0x40a0007 0x0 0x58 0x0 0x4130002 0x0 0x4210002 0x0 0x4250003 0x0 0xffffffffffffffc0 0x42e0003 0x0 0x320 0x4470007 0x0 0x308 0x0 0x4500002 0x0 0x4530003 0x0 0xffffffffffffffd0 0x4590003 0xe64 0x2c0 0x4600005 0x0 0x0 0x0 0x0 0x0 0x4660007 0x0 0x38 0x0 0x46c0003 0x0 0x258 0x4720003 0x0 0x240 0x4790007 0x10a56 0x78 0x292a 0x4800007 0x0 0x58 0x292a 0x4870007 0x0 0x20 0x292a 0x49a0003 0x292a 0x1c8 0x4a10007 0x3bc3 0x58 0xce93 0x4a80007 0x0 0x38 0xce93 0x4ae0003 0xce93 0x170 0x4b50007 0x3596 0x58 0x62d 0x4bc0007 0x0 0x38 0x62d 0x4c20003 0x62d 0x118 0x4c90007 0x3596 0x100 0x0 0x4ce0002 0x0 0x4d10007 0x0 0x38 0x0 0x4d40003 0x0 0xb0 0x4d90002 0x0 0x4dc0007 0x0 0x88 0x0 0x4e60007 0x0 0x68 0x0 0x4eb0002 0x0 0x4f40007 0x0 0x20 0x0 0x5000003 0x0 0x18 0x5140003 0x154e2 0xfffffffffffff150 0x5290007 0xcd 0x30 0xbf 0x5320002 0xbf oops 2 6 java/lang/String 12 java/lang/String
ciMethodData org/h2/command/Parser checkRunOver (III)V 2 3395 orig 264 88 50 234 112 0 0 0 0 232 102 156 37 0 0 0 0 104 1 0 0 0 0 0 0 0 0 0 0 0 0 0 0 0 0 0 0 0 0 0 0 0 0 0 0 0 0 0 0 0 0 0 0 0 0 0 0 0 0 0 0 0 0 0 0 0 0 0 0 0 0 0 0 0 0 0 0 0 0 0 0 77 68 79 32 101 120 116 114 97 32 100 97 116 97 32 108 111 99 107 0 0 0 0 0 0 0 0 0 0 0 0 0 0 0 0 0 0 0 0 0 0 0 0 0 0 0 0 0 0 0 0 0 0 0 0 0 0 0 0 0 0 0 0 0 0 0 0 0 0 0 0 0 0 0 0 0 0 0 0 0 0 0 0 0 0 0 0 0 0 0 0 0 0 0 0 0 0 0 0 0 0 0 0 0 17 0 0 0 0 0 0 0 0 0 0 0 0 0 0 0 1 0 0 0 0 0 0 0 0 0 0 0 0 0 0 0 0 0 0 0 25 106 0 0 1 0 0 0 0 0 0 0 0 0 0 0 2 0 0 0 0 0 0 0 0 0 0 0 48 0 0 0 255 255 255 255 7 0 2 0 0 0 0 0 data 6 0x20007 0xd43 0x30 0x0 0xb0002 0x0 oops 0
instanceKlass org/h2/bnf/context/DbColumn
instanceKlass org/h2/util/Permutations
instanceKlass org/h2/table/TableFilter$MapColumnsVisitor
instanceKlass org/h2/bnf/context/DbTableOrView
instanceKlass org/h2/util/HashBase
instanceKlass org/h2/command/dml/SelectUnion$1
instanceKlass org/h2/bnf/context/DbSchema
instanceKlass org/apache/tomcat/PeriodicEventListener
instanceKlass org/apache/catalina/webresources/Cache$EvictionOrder
instanceKlass java/text/FieldPosition$Delegate
instanceKlass org/apache/tomcat/util/net/NioBlockingSelector$BlockPoller$RunnableRemove
instanceKlass org/apache/tomcat/util/net/NioBlockingSelector$KeyReference
instanceKlass org/apache/tomcat/util/http/FastHttpDateFormat
instanceKlass org/apache/tomcat/util/buf/HexUtils
instanceKlass org/springframework/boot/actuate/metrics/web/servlet/WebMvcTags
instanceKlass org/springframework/boot/actuate/metrics/web/servlet/WebMvcMetricsFilter$$Lambda$907
instanceKlass org/springframework/boot/actuate/trace/http/HttpExchangeTracer$FilteredTraceableResponse$$Lambda$906
instanceKlass org/springframework/boot/actuate/trace/http/HttpExchangeTracer$FilteredTraceableResponse$$Lambda$905
instanceKlass org/springframework/boot/actuate/trace/http/HttpExchangeTracer$FilteredTraceableResponse
instanceKlass org/springframework/boot/actuate/trace/http/HttpTrace$Response
instanceKlass org/springframework/boot/actuate/trace/http/HttpExchangeTracer$$Lambda$904
instanceKlass org/springframework/boot/actuate/trace/http/HttpExchangeTracer$$Lambda$903
instanceKlass org/springframework/boot/actuate/trace/http/HttpExchangeTracer$$Lambda$902
instanceKlass java/lang/invoke/LambdaForm$DMH
instanceKlass org/springframework/boot/actuate/trace/http/HttpExchangeTracer$$Lambda$901
instanceKlass org/springframework/boot/actuate/web/trace/servlet/HttpTraceFilter$$Lambda$900
instanceKlass org/springframework/boot/actuate/web/trace/servlet/HttpTraceFilter$$Lambda$899
instanceKlass org/springframework/boot/actuate/web/trace/servlet/TraceableHttpServletResponse
instanceKlass org/apache/tomcat/util/http/parser/MediaType
instanceKlass org/h2/server/web/ConnectionInfo
instanceKlass org/h2/server/web/PageParser
instanceKlass org/h2/bnf/context/DbContents
instanceKlass org/h2/server/web/WebSession
instanceKlass org/h2/util/MathUtils$1
instanceKlass org/h2/util/Tool
instanceKlass org/h2/server/web/WebApp
instanceKlass org/springframework/boot/actuate/trace/http/HttpExchangeTracer$FilteredTraceableRequest$$Lambda$898
instanceKlass org/springframework/boot/actuate/trace/http/HttpExchangeTracer$$Lambda$897
instanceKlass org/springframework/boot/actuate/trace/http/HttpExchangeTracer$$Lambda$896
instanceKlass org/springframework/boot/actuate/trace/http/HttpExchangeTracer$$Lambda$895
instanceKlass org/apache/tomcat/util/http/NamesEnumerator
instanceKlass org/springframework/boot/actuate/trace/http/HttpExchangeTracer$FilteredTraceableRequest$$Lambda$894
instanceKlass org/springframework/boot/actuate/trace/http/HttpExchangeTracer$FilteredTraceableRequest$$Lambda$893
instanceKlass org/springframework/boot/actuate/trace/http/HttpTrace$Request
instanceKlass java/time/Clock
instanceKlass org/springframework/boot/actuate/trace/http/HttpExchangeTracer$FilteredTraceableRequest
instanceKlass org/springframework/boot/actuate/web/trace/servlet/TraceableHttpServletRequest
instanceKlass org/springframework/context/i18n/SimpleLocaleContext
instanceKlass org/springframework/context/i18n/LocaleContextHolder
instanceKlass sun/util/locale/InternalLocaleBuilder$CaseInsensitiveChar
instanceKlass sun/util/locale/InternalLocaleBuilder
instanceKlass sun/util/locale/StringTokenIterator
instanceKlass sun/util/locale/ParseStatus
instanceKlass org/apache/tomcat/util/http/parser/AcceptLanguage
instanceKlass org/springframework/web/context/request/async/TimeoutDeferredResultProcessingInterceptor
instanceKlass org/springframework/web/context/request/async/TimeoutCallableProcessingInterceptor
instanceKlass org/springframework/web/context/request/async/AsyncWebRequest
instanceKlass org/springframework/web/context/request/async/WebAsyncUtils
instanceKlass org/apache/catalina/util/TLSUtil
instanceKlass org/apache/catalina/connector/ResponseFacade
instanceKlass org/apache/catalina/core/ApplicationFilterFactory$1
instanceKlass org/apache/catalina/core/ApplicationDispatcher
instanceKlass org/apache/catalina/AsyncDispatcher
instanceKlass org/apache/catalina/core/ApplicationFilterChain
instanceKlass org/apache/catalina/core/ApplicationFilterFactory
instanceKlass org/h2/util/NetUtils
instanceKlass org/h2/compress/CompressLZF
instanceKlass org/h2/store/fs/FileMemData
instanceKlass org/h2/store/fs/FilePath
instanceKlass org/h2/store/fs/FileUtils
instanceKlass org/h2/server/web/WebServer
instanceKlass org/h2/server/Service
instanceKlass org/apache/coyote/AbstractProcessor$1
instanceKlass javax/security/auth/message/config/AuthConfigFactory$1
instanceKlass javax/security/auth/message/config/AuthConfigFactory$2
instanceKlass javax/security/auth/message/config/AuthConfigFactory
instanceKlass org/apache/catalina/connector/RequestFacade
instanceKlass org/apache/catalina/util/SessionConfig
instanceKlass org/apache/tomcat/util/buf/UEncoder
instanceKlass org/apache/tomcat/util/collections/ConcurrentCache
instanceKlass org/apache/tomcat/util/http/parser/MediaTypeCache
instanceKlass org/apache/catalina/servlet4preview/http/ServletMapping
instanceKlass org/apache/catalina/core/ApplicationMapping
instanceKlass org/apache/catalina/mapper/MappingData
instanceKlass org/apache/catalina/util/ParameterMap
instanceKlass org/apache/tomcat/util/buf/ByteChunk$ByteInputChannel
instanceKlass org/apache/catalina/connector/Request$7
instanceKlass org/apache/catalina/connector/Request$6
instanceKlass org/apache/catalina/connector/Request$5
instanceKlass org/apache/catalina/connector/Request$4
instanceKlass org/apache/catalina/connector/Request$3
instanceKlass org/apache/catalina/connector/Request$2
instanceKlass org/apache/catalina/connector/Request$1
instanceKlass org/apache/catalina/connector/Request$SpecialAttributeAdapter
instanceKlass org/apache/tomcat/util/http/parser/Host
instanceKlass org/apache/coyote/http11/Constants
instanceKlass org/apache/tomcat/util/buf/Ascii
instanceKlass org/apache/tomcat/util/http/ValuesEnumerator
instanceKlass org/apache/coyote/http11/filters/GzipOutputFilter
instanceKlass org/apache/coyote/http11/filters/BufferedInputFilter
instanceKlass org/apache/coyote/http11/filters/VoidOutputFilter
instanceKlass org/apache/coyote/http11/filters/VoidInputFilter
instanceKlass org/apache/coyote/http11/filters/ChunkedOutputFilter
instanceKlass org/apache/coyote/http11/filters/ChunkedInputFilter
instanceKlass org/apache/coyote/http11/filters/IdentityOutputFilter
instanceKlass org/apache/coyote/http11/filters/IdentityInputFilter
instanceKlass org/apache/coyote/http11/Http11OutputBuffer$SocketOutputBuffer
instanceKlass org/apache/coyote/http11/Http11OutputBuffer
instanceKlass org/apache/coyote/http11/Http11InputBuffer$SocketInputBuffer
instanceKlass org/apache/coyote/http11/Http11InputBuffer$HeaderParseData
instanceKlass org/apache/coyote/http11/Http11InputBuffer
instanceKlass org/apache/tomcat/util/net/ApplicationBufferHandler
instanceKlass org/apache/tomcat/util/http/parser/HttpParser
instanceKlass org/apache/coyote/AsyncStateMachine
instanceKlass org/apache/coyote/Response
instanceKlass org/apache/tomcat/util/log/UserDataHelper
instanceKlass org/apache/tomcat/util/http/Parameters
instanceKlass org/apache/tomcat/util/http/ServerCookie
instanceKlass org/apache/tomcat/util/http/ServerCookies
instanceKlass org/apache/tomcat/util/http/MimeHeaderField
instanceKlass org/apache/tomcat/util/http/MimeHeaders
instanceKlass org/apache/tomcat/util/buf/MessageBytes$MessageBytesFactory
instanceKlass org/apache/tomcat/util/buf/MessageBytes
instanceKlass javax/servlet/http/HttpUpgradeHandler
instanceKlass org/apache/coyote/http11/OutputFilter
instanceKlass org/apache/coyote/http11/HttpOutputBuffer
instanceKlass org/apache/coyote/http11/InputFilter
instanceKlass org/apache/coyote/OutputBuffer
instanceKlass org/apache/coyote/InputBuffer
instanceKlass org/apache/coyote/AbstractProcessorLight
instanceKlass org/apache/coyote/ActionHook
instanceKlass org/apache/coyote/ContainerThreadMarker
instanceKlass sun/nio/ch/WindowsSelectorImpl$MapEntry
instanceKlass org/apache/tomcat/util/net/NioEndpoint$PollerEvent
instanceKlass java/util/concurrent/BlockingDeque
instanceKlass org/apache/tomcat/util/net/WriteBuffer
instanceKlass org/apache/tomcat/util/net/SocketWrapperBase$2
instanceKlass org/apache/tomcat/util/net/SocketWrapperBase$1
instanceKlass org/apache/tomcat/util/net/SendfileDataBase
instanceKlass org/apache/tomcat/util/net/SocketWrapperBase$CompletionCheck
instanceKlass org/apache/tomcat/util/net/SocketBufferHandler
instanceKlass com/sut/se/g05/DemoApplication$$Lambda$892
instanceKlass com/sut/se/g05/DemoApplication$$Lambda$891
instanceKlass com/sut/se/g05/DemoApplication$$Lambda$890
instanceKlass com/sut/se/g05/DemoApplication$$Lambda$889
instanceKlass com/sut/se/g05/DemoApplication$$Lambda$888
instanceKlass com/sut/se/g05/DemoApplication$$Lambda$887
instanceKlass com/sut/se/g05/DemoApplication$$Lambda$886
instanceKlass com/sut/se/g05/DemoApplication$$Lambda$885
instanceKlass com/sut/se/g05/DemoApplication$$Lambda$884
instanceKlass com/sut/se/g05/DemoApplication$$Lambda$883
instanceKlass com/sut/se/g05/DemoApplication$$Lambda$882
instanceKlass com/sut/se/g05/DemoApplication$$Lambda$881
instanceKlass com/sut/se/g05/DemoApplication$$Lambda$880
instanceKlass org/h2/util/DateTimeUtils
instanceKlass org/hibernate/internal/util/collections/ConcurrentReferenceHashMap$KeyReference
instanceKlass org/hibernate/proxy/AbstractLazyInitializer
instanceKlass com/sut/se/g05/DemoApplication$$Lambda$879
instanceKlass com/sut/se/g05/DemoApplication$$Lambda$878
instanceKlass com/sut/se/g05/DemoApplication$$Lambda$877
instanceKlass com/sut/se/g05/DemoApplication$$Lambda$876
instanceKlass com/sut/se/g05/DemoApplication$$Lambda$875
instanceKlass com/sut/se/g05/DemoApplication$$Lambda$874
instanceKlass com/sut/se/g05/DemoApplication$$Lambda$873
instanceKlass com/sut/se/g05/DemoApplication$$Lambda$872
instanceKlass org/h2/result/RowList
instanceKlass com/sut/se/g05/DemoApplication$$Lambda$871
instanceKlass com/sut/se/g05/DemoApplication$$Lambda$870
instanceKlass com/sut/se/g05/DemoApplication$$Lambda$869
instanceKlass com/sut/se/g05/DemoApplication$$Lambda$868
instanceKlass com/sut/se/g05/DemoApplication$$Lambda$867
instanceKlass com/sut/se/g05/DemoApplication$$Lambda$866
instanceKlass org/hibernate/loader/plan/exec/process/internal/HydratedEntityRegistration
instanceKlass org/hibernate/loader/plan/exec/process/internal/ResultSetProcessingContextImpl$1
instanceKlass org/hibernate/loader/plan/exec/process/spi/ResultSetProcessingContext$EntityReferenceProcessingState
instanceKlass org/hibernate/loader/plan/exec/process/internal/ResultSetProcessingContextImpl
instanceKlass org/hibernate/loader/plan/exec/internal/AbstractLoadPlanBasedLoader$1
instanceKlass org/hibernate/loader/plan/exec/internal/AbstractLoadPlanBasedLoader$SqlStatementWrapper
instanceKlass org/springframework/data/util/Optionals$$Lambda$865
instanceKlass org/springframework/data/util/Optionals$$Lambda$864
instanceKlass org/springframework/data/jpa/repository/support/DefaultQueryHints$$Lambda$863
instanceKlass org/springframework/data/jpa/repository/support/DefaultQueryHints
instanceKlass org/h2/index/BaseIndex$1
instanceKlass org/hibernate/validator/internal/engine/messageinterpolation/util/InterpolationHelper
instanceKlass com/sut/se/g05/DemoApplication$$Lambda$862
instanceKlass org/springframework/data/jpa/repository/query/AbstractJpaQuery$TupleConverter
instanceKlass org/springframework/data/repository/query/ResultProcessor$$Lambda$861
instanceKlass org/hibernate/hql/internal/HolderInstantiator$$Lambda$860
instanceKlass org/hibernate/hql/internal/HolderInstantiator$$Lambda$859
instanceKlass org/hibernate/hql/internal/HolderInstantiator$$Lambda$858
instanceKlass org/hibernate/hql/internal/HolderInstantiator
instanceKlass org/hibernate/engine/internal/TwoPhaseLoad
instanceKlass org/hibernate/type/descriptor/sql/BasicExtractor
instanceKlass org/hibernate/engine/spi/TypedValue$1
instanceKlass org/hibernate/engine/spi/TypedValue
instanceKlass org/springframework/data/jpa/repository/query/JpaQueryMethod$$Lambda$857
instanceKlass org/springframework/data/jpa/repository/query/Jpa21Utils
instanceKlass org/hibernate/query/spi/QueryParameterBindingValidator
instanceKlass org/hibernate/jpa/TypedParameterValue
instanceKlass org/springframework/data/jpa/repository/query/QueryParameterSetter$NamedOrIndexedQueryParameterSetter$$Lambda$856
instanceKlass org/springframework/data/jpa/repository/query/ParameterMetadataProvider$1
instanceKlass org/springframework/data/jpa/repository/query/ParameterBinder$$Lambda$855
instanceKlass org/springframework/orm/jpa/SharedEntityManagerCreator$DeferredQueryInvocationHandler
instanceKlass org/hibernate/query/criteria/internal/compile/CriteriaQueryTypeQueryAdapter
instanceKlass javax/persistence/Tuple
instanceKlass org/hibernate/query/criteria/internal/CriteriaQueryImpl$1$1$1
instanceKlass org/hibernate/query/internal/QueryParameterBindingImpl
instanceKlass org/hibernate/query/spi/QueryParameterListBinding
instanceKlass org/hibernate/query/spi/QueryParameterBinding
instanceKlass org/hibernate/query/internal/QueryParameterBindingsImpl
instanceKlass org/hibernate/query/spi/QueryParameterBindings
instanceKlass org/hibernate/engine/spi/RowSelection
instanceKlass org/hibernate/engine/query/spi/ReturnMetadata
instanceKlass org/hibernate/engine/query/spi/NamedParameterDescriptor
instanceKlass org/hibernate/engine/query/spi/OrdinalParameterDescriptor
instanceKlass org/hibernate/query/QueryParameter
instanceKlass org/hibernate/engine/query/spi/ParamLocationRecognizer$NamedParameterDescription
instanceKlass org/hibernate/engine/query/spi/ParameterParser
instanceKlass org/hibernate/engine/query/spi/ParamLocationRecognizer
instanceKlass org/hibernate/engine/query/spi/ParameterParser$Recognizer
instanceKlass org/hibernate/hql/internal/ast/ParameterTranslationsImpl$ParameterInfo
instanceKlass org/hibernate/hql/internal/ast/ParameterTranslationsImpl$1NamedParamTempHolder
instanceKlass org/hibernate/hql/internal/ast/ParameterTranslationsImpl
instanceKlass org/hibernate/hql/internal/ast/SqlGenerator$DefaultWriter
instanceKlass org/hibernate/hql/internal/ast/SqlGenerator$SqlWriter
instanceKlass org/hibernate/hql/internal/ast/util/JoinProcessor$1
instanceKlass org/hibernate/engine/internal/JoinSequence
instanceKlass org/hibernate/hql/internal/ast/util/SyntheticAndFactory
instanceKlass org/hibernate/engine/internal/JoinSequence$Selector
instanceKlass org/hibernate/hql/internal/ast/util/JoinProcessor
instanceKlass org/hibernate/hql/internal/NameGenerator
instanceKlass org/hibernate/hql/internal/ast/util/ASTIterator
instanceKlass org/hibernate/hql/internal/ast/util/ASTAppender
instanceKlass org/hibernate/hql/internal/ast/tree/AggregatedSelectExpression
instanceKlass org/hibernate/param/AbstractExplicitParameterSpecification
instanceKlass org/hibernate/param/ExplicitParameterSpecification
instanceKlass org/hibernate/hql/internal/ast/tree/ExpectedTypeAwareNode
instanceKlass org/hibernate/hql/internal/CollectionProperties
instanceKlass org/hibernate/persister/entity/Queryable$Declarer
instanceKlass org/hibernate/hql/internal/ast/tree/BinaryOperatorNode
instanceKlass org/hibernate/hql/internal/ast/tree/OperatorNode
instanceKlass org/hibernate/hql/internal/ast/util/ASTUtil$CollectingNodeVisitor
instanceKlass org/hibernate/hql/internal/ast/tree/CollectionPropertyReference
instanceKlass org/hibernate/hql/internal/ast/tree/FromElementType
instanceKlass org/hibernate/hql/internal/ast/TypeDiscriminatorMetadata
instanceKlass org/hibernate/hql/internal/ast/tree/FromElementFactory
instanceKlass org/hibernate/hql/internal/ast/tree/DotNode$1
instanceKlass org/hibernate/hql/internal/ast/tree/DotNode$IllegalCollectionDereferenceExceptionBuilder
instanceKlass org/hibernate/hql/internal/ast/tree/PathNode
instanceKlass org/hibernate/hql/internal/ast/tree/ResolvableNode
instanceKlass org/hibernate/hql/internal/ast/util/ASTUtil$IncludePredicate
instanceKlass org/hibernate/hql/internal/ast/util/ASTUtil$FilterPredicate
instanceKlass org/hibernate/hql/internal/ast/tree/SessionFactoryAwareNode
instanceKlass org/hibernate/hql/internal/ast/tree/SelectExpression
instanceKlass org/hibernate/hql/internal/ast/util/LiteralProcessor$DecimalFormatter
instanceKlass org/hibernate/hql/internal/ast/util/LiteralProcessor
instanceKlass org/hibernate/hql/internal/ast/util/SessionFactoryHelper
instanceKlass org/hibernate/hql/internal/ast/util/AliasGenerator
instanceKlass antlr/TreeParserSharedInputState
instanceKlass antlr/ASTNULLType
instanceKlass org/hibernate/hql/internal/ast/tree/RestrictableStatement
instanceKlass org/hibernate/hql/internal/ast/tree/Statement
instanceKlass org/hibernate/hql/internal/ast/tree/InitializeableNode
instanceKlass org/hibernate/hql/internal/ast/tree/ParameterContainer
instanceKlass org/hibernate/hql/internal/ast/tree/DisplayableNode
instanceKlass org/hibernate/param/ParameterSpecification
instanceKlass antlr/TreeParser
instanceKlass org/hibernate/hql/internal/antlr/HqlSqlTokenTypes
instanceKlass org/hibernate/engine/internal/ParameterBinder$NamedParameterSource
instanceKlass org/hibernate/hql/internal/ast/QueryTranslatorImpl$JavaConstantConverter
instanceKlass org/hibernate/hql/internal/ast/util/NodeTraverser
instanceKlass antlr/collections/impl/ASTArray
instanceKlass antlr/collections/ASTEnumeration
instanceKlass antlr/BaseAST
instanceKlass antlr/ASTPair
instanceKlass org/hibernate/hql/internal/ast/ErrorCounter
instanceKlass antlr/TokenQueue
instanceKlass antlr/TokenBuffer
instanceKlass antlr/ParserSharedInputState
instanceKlass antlr/ANTLRHashString
instanceKlass antlr/ANTLRStringBuffer
instanceKlass antlr/LexerSharedInputState
instanceKlass antlr/CharQueue
instanceKlass antlr/Token
instanceKlass antlr/InputBuffer
instanceKlass antlr/CharScanner
instanceKlass antlr/collections/impl/BitSet
instanceKlass antlr/ASTFactory
instanceKlass org/hibernate/hql/internal/ast/ParseErrorHandler
instanceKlass org/hibernate/hql/internal/ast/ErrorReporter
instanceKlass antlr/TokenStream
instanceKlass antlr/Parser
instanceKlass org/hibernate/hql/internal/antlr/HqlTokenTypes
instanceKlass org/hibernate/hql/internal/ast/util/ASTUtil
instanceKlass org/hibernate/hql/internal/antlr/SqlTokenTypes
instanceKlass org/hibernate/hql/internal/ast/util/ASTPrinter
instanceKlass org/hibernate/hql/internal/ast/exec/StatementExecutor
instanceKlass org/hibernate/hql/spi/ParameterTranslations
instanceKlass antlr/collections/AST
instanceKlass org/hibernate/hql/internal/ast/util/NodeTraverser$VisitationStrategy
instanceKlass org/hibernate/hql/internal/ast/QueryTranslatorImpl
instanceKlass org/hibernate/engine/query/spi/EntityGraphQueryHint
instanceKlass org/hibernate/hql/spi/FilterTranslator
instanceKlass org/hibernate/hql/internal/ast/ASTQueryTranslatorFactory
instanceKlass org/hibernate/hql/spi/QueryTranslator
instanceKlass org/hibernate/hql/internal/classic/ParserHelper
instanceKlass org/hibernate/hql/internal/QuerySplitter
instanceKlass org/hibernate/engine/query/spi/HQLQueryPlan
instanceKlass org/hibernate/engine/query/spi/QueryPlanCache$HQLQueryPlanKey
instanceKlass org/hibernate/query/Query$1
instanceKlass org/hibernate/Query$1
instanceKlass org/hibernate/query/internal/AbstractProducedQuery
instanceKlass org/hibernate/jpa/spi/HibernateEntityManagerImplementor$QueryOptions$ResultMetadataValidator
instanceKlass org/hibernate/query/criteria/internal/CriteriaQueryImpl$1$1
instanceKlass org/hibernate/query/criteria/internal/compile/CriteriaCompiler$2
instanceKlass org/hibernate/jpa/spi/HibernateEntityManagerImplementor$QueryOptions
instanceKlass org/hibernate/query/criteria/internal/CriteriaQueryImpl$1
instanceKlass org/hibernate/query/criteria/internal/compile/ExplicitParameterInfo
instanceKlass org/hibernate/query/criteria/internal/compile/CriteriaCompiler$1
instanceKlass org/hibernate/query/criteria/internal/compile/InterpretedParameterMetadata
instanceKlass org/hibernate/query/criteria/internal/compile/RenderingContext
instanceKlass org/hibernate/query/criteria/internal/compile/CriteriaCompiler
instanceKlass org/springframework/data/repository/query/ParametersParameterAccessor$$Lambda$854
instanceKlass org/springframework/data/repository/query/ParametersParameterAccessor$$Lambda$853
instanceKlass org/hibernate/loader/Loader$SqlStatementWrapper
instanceKlass org/hibernate/engine/jdbc/spi/JdbcWrapper
instanceKlass org/hibernate/dialect/pagination/LimitHelper
instanceKlass org/hibernate/engine/spi/QueryParameters
instanceKlass org/hibernate/event/spi/LoadEventListener$LoadType
instanceKlass org/hibernate/internal/SessionImpl$IdentifierLoadAccessImpl
instanceKlass org/hibernate/event/internal/DefaultMergeEventListener$2
instanceKlass org/hibernate/event/internal/MergeContext
instanceKlass org/hibernate/event/internal/DefaultMergeEventListener$1
instanceKlass com/sut/se/g05/DemoApplication$$Lambda$852
instanceKlass org/hibernate/engine/spi/BatchFetchQueue
instanceKlass org/hibernate/jdbc/Expectations$BasicExpectation
instanceKlass org/hibernate/jdbc/Expectations$1
instanceKlass org/hibernate/jdbc/Expectation
instanceKlass org/hibernate/jdbc/Expectations
instanceKlass javax/validation/ConstraintValidatorContext$ConstraintViolationBuilder
instanceKlass org/hibernate/validator/internal/engine/constraintvalidation/ConstraintValidatorContextImpl
instanceKlass org/hibernate/validator/constraintvalidation/HibernateConstraintValidatorContext
instanceKlass org/hibernate/validator/internal/engine/constraintvalidation/ConstraintValidatorManager$CacheKey
instanceKlass org/hibernate/collection/spi/PersistentCollection
instanceKlass org/hibernate/Hibernate
instanceKlass org/hibernate/validator/internal/engine/resolver/AbstractTraversableHolder
instanceKlass org/hibernate/validator/internal/engine/ValueContext$ValueState
instanceKlass org/hibernate/validator/internal/engine/ValueContext
instanceKlass org/hibernate/validator/internal/engine/path/NodeImpl
instanceKlass org/hibernate/validator/path/ContainerElementNode
instanceKlass org/hibernate/validator/path/PropertyNode
instanceKlass javax/validation/Path$ContainerElementNode
instanceKlass javax/validation/Path$CrossParameterNode
instanceKlass javax/validation/Path$ReturnValueNode
instanceKlass javax/validation/Path$ParameterNode
instanceKlass javax/validation/Path$BeanNode
instanceKlass javax/validation/Path$ConstructorNode
instanceKlass javax/validation/Path$MethodNode
instanceKlass javax/validation/Path$PropertyNode
instanceKlass org/hibernate/validator/internal/engine/path/PathImpl
instanceKlass org/hibernate/validator/internal/engine/ValidationContext$1
instanceKlass org/hibernate/validator/internal/engine/ValidationContext$ValidationContextBuilder
instanceKlass javax/validation/MessageInterpolator$Context
instanceKlass org/hibernate/validator/internal/engine/ValidationContext
instanceKlass org/hibernate/validator/internal/engine/resolver/CachingTraversableResolverForSingleValidation
instanceKlass org/hibernate/validator/internal/engine/resolver/TraverseAllTraversableResolver
instanceKlass org/hibernate/validator/internal/engine/ValidatorFactoryImpl$ValidatorFactoryScopedContext$Builder
instanceKlass org/hibernate/validator/internal/engine/ValidatorContextImpl
instanceKlass org/hibernate/cfg/beanvalidation/HibernateTraversableResolver
instanceKlass org/hibernate/secure/spi/PermissionCheckEntityInformation
instanceKlass org/hibernate/event/internal/DefaultFlushEntityEventListener$1DirtyCheckContextImpl
instanceKlass org/hibernate/engine/internal/EntityEntryContext$EntityEntryCrossRefImpl
instanceKlass org/hibernate/engine/internal/EntityEntryContext$EntityEntryCrossRef
instanceKlass org/hibernate/internal/util/collections/LazyIterator
instanceKlass org/hibernate/engine/internal/Nullability
instanceKlass org/hibernate/engine/spi/ExecutableList
instanceKlass org/hibernate/engine/internal/NonNullableTransientDependencies
instanceKlass org/hibernate/engine/internal/ForeignKeys$Nullifier
instanceKlass org/hibernate/action/internal/DelayedPostInsertIdentifier
instanceKlass org/hibernate/engine/internal/Versioning
instanceKlass org/hibernate/property/access/internal/PropertyAccessStrategyBackRefImpl$1
instanceKlass org/hibernate/property/access/internal/PropertyAccessStrategyBackRefImpl
instanceKlass org/hibernate/type/TypeHelper
instanceKlass org/hibernate/engine/internal/Cascade
instanceKlass org/hibernate/engine/internal/EntityEntryContext$ManagedEntityImpl
instanceKlass org/hibernate/engine/internal/AbstractEntityEntry$EnumState
instanceKlass org/hibernate/engine/spi/EntityEntryExtraState
instanceKlass org/hibernate/engine/internal/AbstractEntityEntry
instanceKlass org/hibernate/engine/spi/EntityKey
instanceKlass org/hibernate/id/IdentifierGeneratorHelper$BasicHolder
instanceKlass org/hibernate/id/IdentifierGeneratorHelper$2
instanceKlass org/hibernate/id/IdentifierGeneratorHelper$1
instanceKlass org/hibernate/id/IntegralDataTypeHolder
instanceKlass org/hibernate/id/IdentifierGeneratorHelper
instanceKlass com/zaxxer/hikari/pool/ProxyResultSet
instanceKlass org/h2/mvstore/DataUtils$MapEntry
instanceKlass org/h2/result/SimpleRow
instanceKlass org/hibernate/engine/jdbc/internal/ResultSetReturnImpl
instanceKlass org/hibernate/engine/jdbc/internal/StatementPreparerImpl$StatementPreparationTemplate
instanceKlass org/hibernate/engine/jdbc/internal/StatementPreparerImpl
instanceKlass org/hibernate/id/enhanced/PooledOptimizer$GenerationState
instanceKlass org/hibernate/id/enhanced/SequenceStructure$1
instanceKlass org/hibernate/engine/spi/SelfDirtinessTracker
instanceKlass org/hibernate/event/internal/DefaultPersistEventListener$1
instanceKlass org/hibernate/bytecode/enhance/spi/LazyPropertyInitializer$1
instanceKlass org/hibernate/engine/internal/ForeignKeys
instanceKlass org/springframework/data/repository/core/support/RepositoryComposition$RepositoryFragments$$Lambda$851
instanceKlass org/springframework/data/repository/core/support/RepositoryComposition$RepositoryFragments$$Lambda$850
instanceKlass org/springframework/data/repository/core/support/RepositoryComposition$RepositoryFragments$$Lambda$849
instanceKlass org/springframework/data/repository/core/support/RepositoryComposition$RepositoryFragments$$Lambda$848
instanceKlass org/springframework/data/repository/core/support/RepositoryComposition$RepositoryFragments$$Lambda$847
instanceKlass org/springframework/data/repository/core/support/RepositoryComposition$$Lambda$846
instanceKlass org/springframework/orm/jpa/vendor/HibernateJpaDialect$HibernateConnectionHandle
instanceKlass org/springframework/orm/jpa/vendor/HibernateJpaDialect$SessionTransactionData
instanceKlass org/springframework/transaction/support/ResourceHolderSupport
instanceKlass org/springframework/transaction/support/ResourceHolder
instanceKlass org/springframework/transaction/support/DelegatingTransactionDefinition
instanceKlass org/springframework/transaction/support/CallbackPreferringPlatformTransactionManager
instanceKlass org/springframework/beans/factory/annotation/BeanFactoryAnnotationUtils$$Lambda$845
instanceKlass org/springframework/beans/factory/annotation/BeanFactoryAnnotationUtils
instanceKlass org/springframework/data/repository/core/support/TransactionalRepositoryProxyPostProcessor$AbstractFallbackTransactionAttributeSource$DefaultCacheKey
instanceKlass org/springframework/transaction/interceptor/TransactionInterceptor$$Lambda$844
instanceKlass org/springframework/data/jpa/repository/EntityGraph
instanceKlass javax/persistence/QueryHint
instanceKlass org/springframework/data/jpa/repository/QueryHints
instanceKlass org/springframework/data/jpa/repository/Lock
instanceKlass org/springframework/data/jpa/repository/support/CrudMethodMetadataPostProcessor$DefaultCrudMethodMetadata
instanceKlass org/springframework/aop/framework/InterceptorAndDynamicMethodMatcher
instanceKlass org/springframework/aop/framework/ReflectiveMethodInvocation
instanceKlass org/springframework/aop/ProxyMethodInvocation
instanceKlass org/springframework/aop/ThrowsAdvice
instanceKlass org/springframework/aop/support/MethodMatchers
instanceKlass org/springframework/aop/framework/AdvisedSupport$MethodCacheKey
instanceKlass com/sut/se/g05/DemoApplication$$Lambda$843
instanceKlass org/springframework/boot/CommandLineRunner
instanceKlass org/apache/logging/log4j/message/ObjectMessage
instanceKlass org/springframework/util/StopWatch$TaskInfo
instanceKlass org/springframework/beans/CachedIntrospectionResults$$Lambda$842
instanceKlass org/springframework/beans/CachedIntrospectionResults$$Lambda$841
instanceKlass org/springframework/beans/CachedIntrospectionResults$$Lambda$840
instanceKlass org/springframework/boot/web/embedded/tomcat/TomcatWebServer$$Lambda$839
instanceKlass org/springframework/boot/web/embedded/tomcat/TomcatWebServer$$Lambda$838
instanceKlass org/springframework/boot/web/embedded/tomcat/TomcatWebServer$$Lambda$837
instanceKlass javax/servlet/SingleThreadModel
instanceKlass javax/servlet/annotation/MultipartConfig
instanceKlass org/apache/tomcat/util/threads/Constants
instanceKlass org/apache/tomcat/util/threads/TaskThread$WrappingRunnable
instanceKlass org/apache/tomcat/util/threads/ThreadPoolExecutor$RejectHandler
instanceKlass org/apache/tomcat/util/threads/TaskThreadFactory
instanceKlass java/nio/channels/spi/AbstractSelector$1
instanceKlass org/apache/tomcat/util/collections/SynchronizedQueue
instanceKlass org/apache/tomcat/util/net/NioBlockingSelector
instanceKlass sun/nio/ch/OptionKey
instanceKlass sun/nio/ch/SocketOptionRegistry$LazyInitialization
instanceKlass sun/nio/ch/SocketOptionRegistry$RegistryKey
instanceKlass sun/nio/ch/SocketOptionRegistry
instanceKlass jdk/net/SocketFlow
instanceKlass sun/net/ExtendedOptionsImpl$$Lambda$836
instanceKlass java/lang/invoke/LambdaForm$DMH
instanceKlass sun/net/ExtendedOptionsImpl
instanceKlass sun/nio/ch/ExtendedSocketOption$1
instanceKlass sun/nio/ch/ExtendedSocketOption
instanceKlass sun/nio/ch/SocketChannelImpl$DefaultOptionsHolder
instanceKlass java/net/StandardSocketOptions$StdSocketOption
instanceKlass java/net/SocketOption
instanceKlass java/net/StandardSocketOptions
instanceKlass sun/net/util/IPAddressUtil
instanceKlass sun/nio/ch/PipeImpl$Initializer$LoopbackConnector
instanceKlass sun/nio/ch/PipeImpl$Initializer
instanceKlass java/nio/channels/Pipe
instanceKlass sun/nio/ch/NativeObject
instanceKlass sun/nio/ch/PollArrayWrapper
instanceKlass sun/nio/ch/WindowsSelectorImpl$FinishLock
instanceKlass sun/nio/ch/WindowsSelectorImpl$StartLock
instanceKlass sun/nio/ch/WindowsSelectorImpl$SubSelector
instanceKlass java/nio/channels/SelectionKey
instanceKlass sun/nio/ch/Util$3
instanceKlass java/nio/channels/Selector
instanceKlass sun/net/NetHooks
instanceKlass java/net/PlainSocketImpl$1
instanceKlass java/net/AbstractPlainSocketImpl$1
instanceKlass java/net/SocketImpl
instanceKlass java/net/SocketOptions
instanceKlass java/net/SocksConsts
instanceKlass sun/nio/ch/Net$3
instanceKlass sun/nio/ch/Net$4
instanceKlass sun/nio/ch/Net$1
instanceKlass java/net/ProtocolFamily
instanceKlass sun/nio/ch/Net
instanceKlass java/net/InetSocketAddress$InetSocketAddressHolder
instanceKlass sun/nio/ch/SelChImpl
instanceKlass sun/nio/ch/DefaultSelectorProvider
instanceKlass java/nio/channels/spi/SelectorProvider$1
instanceKlass java/nio/channels/spi/SelectorProvider
instanceKlass org/springframework/context/support/LiveBeansView
instanceKlass org/springframework/context/support/LiveBeansViewMBean
instanceKlass org/springframework/boot/autoconfigure/condition/ConditionEvaluationReport$$Lambda$835
instanceKlass org/springframework/boot/autoconfigure/condition/ConditionEvaluationReport$$Lambda$834
instanceKlass java/lang/invoke/LambdaForm$MH
instanceKlass java/lang/invoke/LambdaForm$DMH
instanceKlass java/lang/invoke/LambdaForm$DMH
instanceKlass org/springframework/context/support/DefaultLifecycleProcessor$$Lambda$833
instanceKlass java/lang/invoke/LambdaForm$DMH
instanceKlass org/springframework/context/support/DefaultLifecycleProcessor
instanceKlass org/springframework/jmx/export/naming/SelfNaming
instanceKlass org/springframework/jmx/export/MBeanExporter$$Lambda$832
instanceKlass org/springframework/jmx/export/annotation/ManagedResource
instanceKlass org/springframework/jmx/export/MBeanExporter$$Lambda$831
instanceKlass org/springframework/jmx/export/MBeanExporter$$Lambda$830
instanceKlass org/springframework/boot/logging/LoggerConfiguration
instanceKlass org/springframework/context/event/EventListenerMethodProcessor$$Lambda$829
instanceKlass org/springframework/boot/actuate/autoconfigure/web/server/ManagementContextAutoConfiguration$DifferentManagementContextConfiguration
instanceKlass org/springframework/boot/actuate/autoconfigure/web/server/ManagementContextAutoConfiguration$CloseManagementContextListener
instanceKlass org/springframework/boot/actuate/endpoint/web/servlet/ControllerEndpointHandlerMapping$$Lambda$828
instanceKlass org/springframework/boot/actuate/endpoint/web/servlet/ControllerEndpointHandlerMapping$$Lambda$827
instanceKlass org/springframework/boot/actuate/endpoint/web/Link
instanceKlass org/springframework/boot/actuate/endpoint/web/servlet/AbstractWebMvcEndpointHandlerMapping$ServletSecurityContext
instanceKlass org/springframework/boot/actuate/endpoint/web/servlet/AbstractWebMvcEndpointHandlerMapping$ServletWebOperationAdapter
instanceKlass org/springframework/boot/actuate/endpoint/web/servlet/AbstractWebMvcEndpointHandlerMapping$$Lambda$826
instanceKlass org/springframework/boot/actuate/endpoint/InvocationContext
instanceKlass org/springframework/boot/actuate/endpoint/web/servlet/AbstractWebMvcEndpointHandlerMapping$OperationHandler
instanceKlass org/springframework/boot/actuate/endpoint/web/EndpointLinksResolver
instanceKlass org/springframework/boot/actuate/endpoint/web/servlet/AbstractWebMvcEndpointHandlerMapping$ServletWebOperation
instanceKlass org/springframework/boot/actuate/endpoint/web/EndpointMapping
instanceKlass org/springframework/web/multipart/MultipartHttpServletRequest
instanceKlass org/springframework/web/multipart/MultipartRequest
instanceKlass org/springframework/transaction/support/TransactionCallback
instanceKlass org/springframework/jdbc/core/namedparam/ParsedSql
instanceKlass org/springframework/jdbc/core/PreparedStatementCreatorFactory
instanceKlass org/springframework/jdbc/core/namedparam/SqlParameterSource
instanceKlass org/springframework/jdbc/support/rowset/SqlRowSet
instanceKlass org/springframework/jdbc/core/BatchPreparedStatementSetter
instanceKlass org/springframework/jdbc/core/ParameterizedPreparedStatementSetter
instanceKlass org/springframework/jdbc/core/RowCallbackHandler
instanceKlass org/springframework/jdbc/core/CallableStatementCallback
instanceKlass org/springframework/jdbc/support/KeyHolder
instanceKlass org/springframework/boot/autoconfigure/http/codec/CodecsAutoConfiguration$JacksonCodecConfiguration$$Lambda$825
instanceKlass org/springframework/data/rest/webmvc/RepositoryRestHandlerMapping$RepositoryCorsConfigurationAccessor
instanceKlass org/springframework/web/util/pattern/PathPatternParser
instanceKlass org/springframework/hateoas/mvc/ResourceProcessorHandlerMethodReturnValueHandler
instanceKlass org/springframework/hateoas/core/Relation
instanceKlass org/springframework/http/client/support/BasicAuthorizationInterceptor
instanceKlass org/springframework/web/client/ResponseErrorHandler
instanceKlass org/springframework/web/util/UriTemplateHandler
instanceKlass org/springframework/boot/actuate/metrics/web/client/MetricsClientHttpRequestInterceptor
instanceKlass org/springframework/http/client/ClientHttpRequestInterceptor
instanceKlass org/springframework/http/client/ClientHttpResponse
instanceKlass org/springframework/http/client/ClientHttpRequestFactory
instanceKlass org/springframework/boot/actuate/metrics/jdbc/DataSourcePoolMetrics$$Lambda$824
instanceKlass org/springframework/boot/actuate/metrics/jdbc/DataSourcePoolMetrics$$Lambda$823
